 [INFO   ] (2020-02-23 22:45:31) py-initexit             : -v flag specified on command line: extra verbose output
 [DEBUG  ] (2020-02-23 22:45:31) py-rc                   : reading rcfile wo_bg.rc ...
 [INFO   ] (2020-02-23 22:45:31) py-initexit             : DA Cycle rc-file (wo_bg.rc) loaded successfully
 [DEBUG  ] (2020-02-23 22:45:31) py-initexit             : DA Cycle settings have been validated succesfully
 [DEBUG  ] (2020-02-23 22:45:31) py-rc                   : reading rcfile da/rc/carbontracker_cosmo.rc ...
 [DEBUG  ] (2020-02-23 22:45:31) py-rc                   : Added rootdir to requested include: da/rc/NamingScheme.wp_Mar2011.rc
 [DEBUG  ] (2020-02-23 22:45:31) py-dasystem             : DA System Info rc-file (da/rc/carbontracker_cosmo.rc) loaded successfully
 [DEBUG  ] (2020-02-23 22:45:31) py-dasystem             : Data Assimilation System initialized: CarbonTracker CO2
 [INFO   ] (2020-02-23 22:45:31) py-observationoperator_cosmo : Observation Operator object initialized: ObservationOperator
 [INFO   ] (2020-02-23 22:45:31) py-obs                  : Observations object initialized: Observations baseclass
 [INFO   ] (2020-02-23 22:45:31) py-statevector_mean     : Statevector object initialized: Baseclass Statevector 
 [INFO   ] (2020-02-23 22:45:31) py-base_optimizer       : Optimizer object initialized: Optimizer baseclass
 [INFO   ] (2020-02-23 22:45:31) py-cosmo                : 

    ***************************************   Entering Pipeline     *************************************** 
  
 [INFO   ] (2020-02-23 22:45:31) py-pipeline             : 

    ***************************************   Initializing current cycle    *************************************** 
  
 [DEBUG  ] (2020-02-23 22:45:31) py-dasystem             : DA System Info settings have been validated succesfully
 [INFO   ] (2020-02-23 22:45:31) py-initexit             : First time step in filter sequence
 [INFO   ] (2020-02-23 22:45:31) py-general              : Creating new directory /scratch/snx3000/parsenov/wo_bg
 [INFO   ] (2020-02-23 22:45:31) py-general              : Creating new directory /scratch/snx3000/parsenov/wo_bg/exec
 [INFO   ] (2020-02-23 22:45:31) py-general              : Creating new directory /scratch/snx3000/parsenov/wo_bg/input
 [INFO   ] (2020-02-23 22:45:31) py-general              : Creating new directory /scratch/snx3000/parsenov/wo_bg/output/20190301
 [INFO   ] (2020-02-23 22:45:31) py-general              : Creating new directory /scratch/snx3000/parsenov/wo_bg/analysis
 [INFO   ] (2020-02-23 22:45:31) py-general              : Creating new directory /scratch/snx3000/parsenov/wo_bg/jobs
 [INFO   ] (2020-02-23 22:45:31) py-general              : Creating new directory /scratch/snx3000/parsenov/wo_bg/restart
 [INFO   ] (2020-02-23 22:45:31) py-initexit             : Succesfully created the file structure for the assimilation job
 [INFO   ] (2020-02-23 22:45:31) py-initexit             : Copied regions file to the analysis directory: /store/empa/em05/parsenov/CTDAS/ctdas-cosmo/da/analysis/cosmo_9_reg_mittel_4.nc
 [INFO   ] (2020-02-23 22:45:31) py-initexit             : Copied extended regions file to the analysis directory: /store/empa/em05/parsenov/CTDAS/ctdas-cosmo/da/analysis/cosmo_9_reg_mittel_4.nc
 [INFO   ] (2020-02-23 22:45:31) py-initexit             : ===============================================================
 [INFO   ] (2020-02-23 22:45:31) py-initexit             : DA Cycle start date is 2019-03-01 00:00
 [INFO   ] (2020-02-23 22:45:31) py-initexit             : DA Cycle end date is 2019-03-07 23:00
 [INFO   ] (2020-02-23 22:45:31) py-initexit             : DA Cycle final date is 2019-03-07 23:00
 [INFO   ] (2020-02-23 22:45:31) py-initexit             : DA Cycle cycle length is 7
 [INFO   ] (2020-02-23 22:45:31) py-initexit             : DA Cycle restart is False
 [INFO   ] (2020-02-23 22:45:31) py-initexit             : ===============================================================
 [DEBUG  ] (2020-02-23 22:45:32) py-statevector_mean     : A TransCom  map on 1x1 degree was read from file /store/empa/em05/parsenov/CTDAS/ctdas-cosmo/da/analysis/cosmo_9_reg_mittel_4.nc
 [DEBUG  ] (2020-02-23 22:45:32) py-statevector_mean     : A parameter map on 1x1 degree was read from file /store/empa/em05/parsenov/CTDAS/ctdas-cosmo/da/analysis/cosmo_9_reg_mittel_4.nc
 [DEBUG  ] (2020-02-23 22:45:32) py-statevector_mean     : A dictionary to map grids to states and vice versa was created
 [DEBUG  ] (2020-02-23 22:45:32) py-statevector_mean     : A matrix to map states to TransCom regions and vice versa was created
 [DEBUG  ] (2020-02-23 22:45:32) py-statevector_mean     : A species mask was created, only the following species are recognized in this system:
 [DEBUG  ] (2020-02-23 22:45:32) py-statevector_mean     :    ->    co2
 [INFO   ] (2020-02-23 22:45:32) py-pipeline             : 

    ***************************************   starting prepare_state    *************************************** 
  
 [DEBUG  ] (2020-02-23 22:45:32) py-statevector_mean     : Cholesky decomposition has succeeded 
 [INFO   ] (2020-02-23 22:45:32) py-statevector_mean     : Appr. degrees of freedom in covariance matrix is 3
 [DEBUG  ] (2020-02-23 22:45:32) py-statevector_mean     : 21 new ensemble members were added to the state vector # 1
 [DEBUG  ] (2020-02-23 22:45:32) py-statevector_mean     : Cholesky decomposition has succeeded 
 [INFO   ] (2020-02-23 22:45:32) py-statevector_mean     : Appr. degrees of freedom in covariance matrix is 3
 [DEBUG  ] (2020-02-23 22:45:32) py-statevector_mean     : 21 new ensemble members were added to the state vector # 2
 [DEBUG  ] (2020-02-23 22:45:32) py-statevector_mean     : Creating new StateVector output file (/scratch/snx3000/parsenov/wo_bg/restart/savestate_20190301.nc)
 [INFO   ] (2020-02-23 22:45:32) py-statevector_mean     : Successfully wrote the State Vector to file (/scratch/snx3000/parsenov/wo_bg/restart/savestate_20190301.nc) 
 [INFO   ] (2020-02-23 22:45:32) py-pipeline             : 

    ***************************************   starting sample_state    *************************************** 
  
 [INFO   ] (2020-02-23 22:45:32) py-pipeline             : Sampling model will be run over 2 cycles
 [INFO   ] (2020-02-23 22:45:32) py-pipeline             : 

    ***************************************   .....Ensemble Kalman Filter at lag 1
 [INFO   ] (2020-02-23 22:45:32) py-pipeline             : New simulation interval set : 
 [INFO   ] (2020-02-23 22:45:32) py-pipeline             :                   start date : 2019-03-01 00:00 
 [INFO   ] (2020-02-23 22:45:32) py-pipeline             :                   end   date : 2019-03-07 23:00 
 [INFO   ] (2020-02-23 22:45:32) py-pipeline             :                   file  stamp: 2019030100_2019030723 
 [DEBUG  ] (2020-02-23 22:45:35) py-observations_cosmo   : ObsPack dataset info read, proceeding with 22 netcdf files
 [DEBUG  ] (2020-02-23 22:45:35) py-observations_cosmo   : Added 7 observations from file (ALBS) to the Data list
 [DEBUG  ] (2020-02-23 22:45:35) py-observations_cosmo   : Added 7 observations from file (BNTG) to the Data list
 [DEBUG  ] (2020-02-23 22:45:35) py-observations_cosmo   : Added 7 observations from file (BRM) to the Data list
 [DEBUG  ] (2020-02-23 22:45:35) py-observations_cosmo   : Added 7 observations from file (CHRI) to the Data list
 [DEBUG  ] (2020-02-23 22:45:35) py-observations_cosmo   : Added 7 observations from file (DUE1) to the Data list
 [DEBUG  ] (2020-02-23 22:45:35) py-observations_cosmo   : Added 7 observations from file (ESMO) to the Data list
 [DEBUG  ] (2020-02-23 22:45:35) py-observations_cosmo   : Added 7 observations from file (FROB) to the Data list
 [DEBUG  ] (2020-02-23 22:45:35) py-observations_cosmo   : Added 7 observations from file (GIMM) to the Data list
 [DEBUG  ] (2020-02-23 22:45:35) py-observations_cosmo   : Added 7 observations from file (HAE) to the Data list
 [DEBUG  ] (2020-02-23 22:45:35) py-observations_cosmo   : Added 7 observations from file (LAEG) to the Data list
 [DEBUG  ] (2020-02-23 22:45:35) py-observations_cosmo   : Added 7 observations from file (MAGN) to the Data list
 [DEBUG  ] (2020-02-23 22:45:35) py-observations_cosmo   : Added 7 observations from file (PAYN) to the Data list
 [DEBUG  ] (2020-02-23 22:45:35) py-observations_cosmo   : Added 7 observations from file (RECK) to the Data list
 [DEBUG  ] (2020-02-23 22:45:35) py-observations_cosmo   : Added 7 observations from file (RIG) to the Data list
 [DEBUG  ] (2020-02-23 22:45:35) py-observations_cosmo   : Added 7 observations from file (SAVE) to the Data list
 [DEBUG  ] (2020-02-23 22:45:35) py-observations_cosmo   : Added 7 observations from file (SEMP) to the Data list
 [DEBUG  ] (2020-02-23 22:45:35) py-observations_cosmo   : Added 7 observations from file (SOTT) to the Data list
 [DEBUG  ] (2020-02-23 22:45:35) py-observations_cosmo   : Added 7 observations from file (SSAL) to the Data list
 [DEBUG  ] (2020-02-23 22:45:35) py-observations_cosmo   : Added 7 observations from file (TAEN) to the Data list
 [DEBUG  ] (2020-02-23 22:45:35) py-observations_cosmo   : Added 7 observations from file (ZHBR) to the Data list
 [DEBUG  ] (2020-02-23 22:45:35) py-observations_cosmo   : Added 7 observations from file (ZSCH) to the Data list
 [DEBUG  ] (2020-02-23 22:45:35) py-observations_cosmo   : Added 7 observations from file (ZUE) to the Data list
 [INFO   ] (2020-02-23 22:45:35) py-observations_cosmo   : Observations list now holds 154 values
 [DEBUG  ] (2020-02-23 22:45:35) py-rc                   : reading rcfile /store/empa/em05/parsenov/ch_obs/sites_weights_ctdas.rc ...
 [DEBUG  ] (2020-02-23 22:45:35) py-observations_cosmo   : Model-data mismatch rejection threshold: 3 
 [WARNING] (2020-02-23 22:45:35) py-observations_cosmo   : Model-data mismatch scaling factor     : 1.000000 
 [DEBUG  ] (2020-02-23 22:45:35) py-observations_cosmo   : Model-data mismatch site categories    : 8 
 [DEBUG  ] (2020-02-23 22:45:35) py-observations_cosmo   : Model-data mismatch active sites       : 22 
 [DEBUG  ] (2020-02-23 22:45:35) py-observations_cosmo   : Model-data mismatch moved sites        : 0 
 [DEBUG  ] (2020-02-23 22:45:35) py-observations_cosmo   : Creating new observations file for ObservationOperator (/scratch/snx3000/parsenov/wo_bg/input/sample_coordinates_2019030100_2019030723.nc)
 [DEBUG  ] (2020-02-23 22:45:35) py-observations_cosmo   : Successfully wrote data to obs file
 [INFO   ] (2020-02-23 22:45:35) py-observations_cosmo   : Sample input file for obs operator now in place [/scratch/snx3000/parsenov/wo_bg/input/sample_coordinates_2019030100_2019030723.nc]
 [DEBUG  ] (2020-02-23 22:45:35) py-observationoperator_cosmo : Creating new simulated observation file in ObservationOperator (/scratch/snx3000/parsenov/wo_bg/output/20190301/samples_simulated.2019030100_2019030723.nc)
 [INFO   ] (2020-02-23 22:45:35) py-observationoperator_cosmo : Starting COSMO
Starting chain for case wo_bg, using COSMO
Starting run with starttime 2019-03-01 00:00:00
Process "meteo" for chain "2019030100_0_168"
Process "icbc" for chain "2019030100_0_168"
Process "int2lm" for chain "2019030100_0_168"
Submitted batch job 20531511
Process "post_int2lm" for chain "2019030100_0_168"
Process "oae" for chain "2019030100_0_168"
Process "octe" for chain "2019030100_0_168"
Process "online_vprm" for chain "2019030100_0_168"
Process "cosmo" for chain "2019030100_0_168"
Submitted batch job 20532691
>>> finished chain for good or bad! <<<
 [INFO   ] (2020-02-24 02:42:27) py-observationoperator_cosmo : COSMO done!
 [INFO   ] (2020-02-24 02:42:47) py-observationoperator_cosmo : Starting parallel extraction \m/
IO Class CT_HDF not compiled, no HDF support!!!
IO Class CT_HDF not compiled, no HDF support!!!
 [INFO   ] (2020-02-24 02:50:36) py-observationoperator_cosmo : Written data for 1551830400.0
 [INFO   ] (2020-02-24 02:50:38) py-observationoperator_cosmo : Written data for 1551916800.0
 [INFO   ] (2020-02-24 02:50:38) py-observationoperator_cosmo : Written data for 1551398400.0
 [INFO   ] (2020-02-24 02:50:39) py-observationoperator_cosmo : Written data for 1551484800.0
 [INFO   ] (2020-02-24 02:50:40) py-observationoperator_cosmo : Written data for 1551571200.0
 [INFO   ] (2020-02-24 02:50:42) py-observationoperator_cosmo : Written data for 1551657600.0
 [INFO   ] (2020-02-24 02:50:45) py-observationoperator_cosmo : Written data for 1551744000.0
 [INFO   ] (2020-02-24 02:50:45) py-observationoperator_cosmo : Finished parallel extraction \m/
 [INFO   ] (2020-02-24 02:50:59) py-observationoperator_cosmo : ObservationOperator finished successfully, output file written (/scratch/snx3000/parsenov/wo_bg/output/20190301/samples_simulated.2019030100_2019030723.nc)
 [INFO   ] (2020-02-24 02:51:00) py-observations_cosmo   : Successfully read data from model sample file (/scratch/snx3000/parsenov/wo_bg/output/20190301/samples_simulated.2019030100_2019030723.nc)
 [DEBUG  ] (2020-02-24 02:51:00) py-observations_cosmo   : Added 154 simulated values to the Data list
 [DEBUG  ] (2020-02-24 02:51:00) py-pipeline             : Added samples from the observation operator to the assimilated obs list in the statevector
 [DEBUG  ] (2020-02-24 02:51:00) py-pipeline             : statevector now carries 154 samples
 [INFO   ] (2020-02-24 02:51:00) py-pipeline             : 

    ***************************************   .....Ensemble Kalman Filter at lag 2
 [INFO   ] (2020-02-24 02:51:00) py-pipeline             : New simulation interval set : 
 [INFO   ] (2020-02-24 02:51:00) py-pipeline             :                   start date : 2019-03-08 00:00 
 [INFO   ] (2020-02-24 02:51:00) py-pipeline             :                   end   date : 2019-03-14 23:00 
 [INFO   ] (2020-02-24 02:51:00) py-pipeline             :                   file  stamp: 2019030800_2019031423 
 [DEBUG  ] (2020-02-24 02:51:03) py-observations_cosmo   : ObsPack dataset info read, proceeding with 22 netcdf files
 [DEBUG  ] (2020-02-24 02:51:03) py-observations_cosmo   : Added 7 observations from file (ALBS) to the Data list
 [DEBUG  ] (2020-02-24 02:51:03) py-observations_cosmo   : Added 7 observations from file (BNTG) to the Data list
 [DEBUG  ] (2020-02-24 02:51:03) py-observations_cosmo   : Added 7 observations from file (BRM) to the Data list
 [DEBUG  ] (2020-02-24 02:51:03) py-observations_cosmo   : Added 7 observations from file (CHRI) to the Data list
 [DEBUG  ] (2020-02-24 02:51:03) py-observations_cosmo   : Added 7 observations from file (DUE1) to the Data list
 [DEBUG  ] (2020-02-24 02:51:03) py-observations_cosmo   : Added 7 observations from file (ESMO) to the Data list
 [DEBUG  ] (2020-02-24 02:51:03) py-observations_cosmo   : Added 7 observations from file (FROB) to the Data list
 [DEBUG  ] (2020-02-24 02:51:03) py-observations_cosmo   : Added 7 observations from file (GIMM) to the Data list
 [DEBUG  ] (2020-02-24 02:51:03) py-observations_cosmo   : Added 7 observations from file (HAE) to the Data list
 [DEBUG  ] (2020-02-24 02:51:03) py-observations_cosmo   : Added 7 observations from file (LAEG) to the Data list
 [DEBUG  ] (2020-02-24 02:51:03) py-observations_cosmo   : Added 7 observations from file (MAGN) to the Data list
 [DEBUG  ] (2020-02-24 02:51:03) py-observations_cosmo   : Added 7 observations from file (PAYN) to the Data list
 [DEBUG  ] (2020-02-24 02:51:03) py-observations_cosmo   : Added 7 observations from file (RECK) to the Data list
 [DEBUG  ] (2020-02-24 02:51:03) py-observations_cosmo   : Added 7 observations from file (RIG) to the Data list
 [DEBUG  ] (2020-02-24 02:51:03) py-observations_cosmo   : Added 7 observations from file (SAVE) to the Data list
 [DEBUG  ] (2020-02-24 02:51:03) py-observations_cosmo   : Added 7 observations from file (SEMP) to the Data list
 [DEBUG  ] (2020-02-24 02:51:03) py-observations_cosmo   : Added 7 observations from file (SOTT) to the Data list
 [DEBUG  ] (2020-02-24 02:51:03) py-observations_cosmo   : Added 7 observations from file (SSAL) to the Data list
 [DEBUG  ] (2020-02-24 02:51:03) py-observations_cosmo   : Added 7 observations from file (TAEN) to the Data list
 [DEBUG  ] (2020-02-24 02:51:03) py-observations_cosmo   : Added 7 observations from file (ZHBR) to the Data list
 [DEBUG  ] (2020-02-24 02:51:03) py-observations_cosmo   : Added 7 observations from file (ZSCH) to the Data list
 [DEBUG  ] (2020-02-24 02:51:03) py-observations_cosmo   : Added 7 observations from file (ZUE) to the Data list
 [INFO   ] (2020-02-24 02:51:03) py-observations_cosmo   : Observations list now holds 154 values
 [DEBUG  ] (2020-02-24 02:51:03) py-rc                   : reading rcfile /store/empa/em05/parsenov/ch_obs/sites_weights_ctdas.rc ...
 [DEBUG  ] (2020-02-24 02:51:03) py-observations_cosmo   : Model-data mismatch rejection threshold: 3 
 [WARNING] (2020-02-24 02:51:03) py-observations_cosmo   : Model-data mismatch scaling factor     : 1.000000 
 [DEBUG  ] (2020-02-24 02:51:03) py-observations_cosmo   : Model-data mismatch site categories    : 8 
 [DEBUG  ] (2020-02-24 02:51:03) py-observations_cosmo   : Model-data mismatch active sites       : 22 
 [DEBUG  ] (2020-02-24 02:51:03) py-observations_cosmo   : Model-data mismatch moved sites        : 0 
 [DEBUG  ] (2020-02-24 02:51:03) py-observations_cosmo   : Creating new observations file for ObservationOperator (/scratch/snx3000/parsenov/wo_bg/input/sample_coordinates_2019030800_2019031423.nc)
 [DEBUG  ] (2020-02-24 02:51:03) py-observations_cosmo   : Successfully wrote data to obs file
 [INFO   ] (2020-02-24 02:51:03) py-observations_cosmo   : Sample input file for obs operator now in place [/scratch/snx3000/parsenov/wo_bg/input/sample_coordinates_2019030800_2019031423.nc]
 [DEBUG  ] (2020-02-24 02:51:03) py-observationoperator_cosmo : Creating new simulated observation file in ObservationOperator (/scratch/snx3000/parsenov/wo_bg/output/20190301/samples_simulated.2019030800_2019031423.nc)
 [INFO   ] (2020-02-24 02:51:03) py-observationoperator_cosmo : Starting COSMO
Starting chain for case wo_bg, using COSMO
Starting run with starttime 2019-03-08 00:00:00
Process "meteo" for chain "2019030100_168_336"
Process "icbc" for chain "2019030100_168_336"
Process "int2lm" for chain "2019030100_168_336"
Submitted batch job 20534848
Process "post_int2lm" for chain "2019030100_168_336"
Process "oae" for chain "2019030100_168_336"
Process "octe" for chain "2019030100_168_336"
Process "online_vprm" for chain "2019030100_168_336"
Process "cosmo" for chain "2019030100_168_336"
Submitted batch job 20535299
>>> finished chain for good or bad! <<<
 [INFO   ] (2020-02-24 06:40:54) py-observationoperator_cosmo : COSMO done!
 [INFO   ] (2020-02-24 06:41:05) py-observationoperator_cosmo : Starting parallel extraction \m/
 [INFO   ] (2020-02-24 06:48:45) py-observationoperator_cosmo : Written data for 1552521600.0
 [INFO   ] (2020-02-24 06:48:48) py-observationoperator_cosmo : Written data for 1552003200.0
 [INFO   ] (2020-02-24 06:48:48) py-observationoperator_cosmo : Written data for 1552348800.0
 [INFO   ] (2020-02-24 06:48:49) py-observationoperator_cosmo : Written data for 1552089600.0
 [INFO   ] (2020-02-24 06:48:50) py-observationoperator_cosmo : Written data for 1552176000.0
 [INFO   ] (2020-02-24 06:48:52) py-observationoperator_cosmo : Written data for 1552435200.0
 [INFO   ] (2020-02-24 06:48:58) py-observationoperator_cosmo : Written data for 1552262400.0
 [INFO   ] (2020-02-24 06:48:58) py-observationoperator_cosmo : Finished parallel extraction \m/
 [INFO   ] (2020-02-24 06:49:12) py-observationoperator_cosmo : ObservationOperator finished successfully, output file written (/scratch/snx3000/parsenov/wo_bg/output/20190301/samples_simulated.2019030800_2019031423.nc)
 [INFO   ] (2020-02-24 06:49:12) py-observations_cosmo   : Successfully read data from model sample file (/scratch/snx3000/parsenov/wo_bg/output/20190301/samples_simulated.2019030800_2019031423.nc)
 [DEBUG  ] (2020-02-24 06:49:12) py-observations_cosmo   : Added 154 simulated values to the Data list
 [DEBUG  ] (2020-02-24 06:49:12) py-pipeline             : Added samples from the observation operator to the assimilated obs list in the statevector
 [DEBUG  ] (2020-02-24 06:49:12) py-pipeline             : statevector now carries 308 samples
 [INFO   ] (2020-02-24 06:49:12) py-pipeline             : 

    ***************************************   starting invert    *************************************** 
  
 [INFO   ] (2020-02-24 06:49:12) py-pipeline             : There was no minimum least squares algorithm specified in the DA System rc file (key : opt.algorithm)
 [INFO   ] (2020-02-24 06:49:12) py-pipeline             : ...using serial algorithm as default...
 [INFO   ] (2020-02-24 06:49:12) py-optimizer            : Current minimum least squares algorithm is set to Serial
 [DEBUG  ] (2020-02-24 06:49:12) py-base_optimizer       : Creating new diagnostics file for optimizer (/scratch/snx3000/parsenov/wo_bg/output/20190301/optimizer.20190301.nc)
 [DEBUG  ] (2020-02-24 06:49:12) py-base_optimizer       : Diagnostics file closed
 [INFO   ] (2020-02-24 06:49:12) py-optimizer            : Current localization option is set to None
 [DEBUG  ] (2020-02-24 06:49:12) py-base_optimizer       : BIAS observations - model = 2.109321
 [DEBUG  ] (2020-02-24 06:49:12) py-base_optimizer       : Proceeding to assimilate observation ALBS, 1396
 [DEBUG  ] (2020-02-24 06:49:12) py-base_optimizer       : Trying to localize observation ALBS, 1396
 [DEBUG  ] (2020-02-24 06:49:12) py-optimizer            : Not localized observation 1396
 [DEBUG  ] (2020-02-24 06:49:12) py-base_optimizer       : Skipping observation (ALBS,1397) because of flag value 2
 [DEBUG  ] (2020-02-24 06:49:12) py-base_optimizer       : Proceeding to assimilate observation ALBS, 1398
 [DEBUG  ] (2020-02-24 06:49:12) py-base_optimizer       : Trying to localize observation ALBS, 1398
 [DEBUG  ] (2020-02-24 06:49:12) py-optimizer            : Not localized observation 1398
 [DEBUG  ] (2020-02-24 06:49:12) py-base_optimizer       : Proceeding to assimilate observation ALBS, 1399
 [DEBUG  ] (2020-02-24 06:49:12) py-base_optimizer       : Trying to localize observation ALBS, 1399
 [DEBUG  ] (2020-02-24 06:49:12) py-optimizer            : Not localized observation 1399
 [DEBUG  ] (2020-02-24 06:49:12) py-base_optimizer       : Proceeding to assimilate observation ALBS, 1400
 [DEBUG  ] (2020-02-24 06:49:12) py-base_optimizer       : Trying to localize observation ALBS, 1400
 [DEBUG  ] (2020-02-24 06:49:12) py-optimizer            : Not localized observation 1400
 [DEBUG  ] (2020-02-24 06:49:12) py-base_optimizer       : Proceeding to assimilate observation ALBS, 1401
 [DEBUG  ] (2020-02-24 06:49:12) py-base_optimizer       : Trying to localize observation ALBS, 1401
 [DEBUG  ] (2020-02-24 06:49:12) py-optimizer            : Not localized observation 1401
 [DEBUG  ] (2020-02-24 06:49:12) py-base_optimizer       : Proceeding to assimilate observation ALBS, 1402
 [DEBUG  ] (2020-02-24 06:49:12) py-base_optimizer       : Trying to localize observation ALBS, 1402
 [DEBUG  ] (2020-02-24 06:49:12) py-optimizer            : Not localized observation 1402
 [DEBUG  ] (2020-02-24 06:49:12) py-base_optimizer       : Proceeding to assimilate observation BNTG, 3907
 [DEBUG  ] (2020-02-24 06:49:12) py-base_optimizer       : Trying to localize observation BNTG, 3907
 [DEBUG  ] (2020-02-24 06:49:12) py-optimizer            : Not localized observation 3907
 [DEBUG  ] (2020-02-24 06:49:12) py-base_optimizer       : Proceeding to assimilate observation BNTG, 3908
 [DEBUG  ] (2020-02-24 06:49:12) py-base_optimizer       : Trying to localize observation BNTG, 3908
 [DEBUG  ] (2020-02-24 06:49:12) py-optimizer            : Not localized observation 3908
 [DEBUG  ] (2020-02-24 06:49:12) py-base_optimizer       : Proceeding to assimilate observation BNTG, 3909
 [DEBUG  ] (2020-02-24 06:49:12) py-base_optimizer       : Trying to localize observation BNTG, 3909
 [DEBUG  ] (2020-02-24 06:49:12) py-optimizer            : Not localized observation 3909
 [DEBUG  ] (2020-02-24 06:49:12) py-base_optimizer       : Proceeding to assimilate observation BNTG, 3910
 [DEBUG  ] (2020-02-24 06:49:12) py-base_optimizer       : Trying to localize observation BNTG, 3910
 [DEBUG  ] (2020-02-24 06:49:12) py-optimizer            : Not localized observation 3910
 [DEBUG  ] (2020-02-24 06:49:12) py-base_optimizer       : Proceeding to assimilate observation BNTG, 3911
 [DEBUG  ] (2020-02-24 06:49:12) py-base_optimizer       : Trying to localize observation BNTG, 3911
 [DEBUG  ] (2020-02-24 06:49:12) py-optimizer            : Not localized observation 3911
 [DEBUG  ] (2020-02-24 06:49:12) py-base_optimizer       : Skipping observation (BNTG,3912) because of flag value 2
 [DEBUG  ] (2020-02-24 06:49:12) py-base_optimizer       : Proceeding to assimilate observation BNTG, 3913
 [DEBUG  ] (2020-02-24 06:49:12) py-base_optimizer       : Trying to localize observation BNTG, 3913
 [DEBUG  ] (2020-02-24 06:49:12) py-optimizer            : Not localized observation 3913
 [DEBUG  ] (2020-02-24 06:49:12) py-base_optimizer       : Skipping observation (BRM,4651) because of flag value 2
 [DEBUG  ] (2020-02-24 06:49:12) py-base_optimizer       : Proceeding to assimilate observation BRM, 4652
 [DEBUG  ] (2020-02-24 06:49:12) py-base_optimizer       : Not allowed to localize observation BRM, 4652
 [DEBUG  ] (2020-02-24 06:49:12) py-base_optimizer       : Proceeding to assimilate observation BRM, 4653
 [DEBUG  ] (2020-02-24 06:49:12) py-base_optimizer       : Not allowed to localize observation BRM, 4653
 [DEBUG  ] (2020-02-24 06:49:12) py-base_optimizer       : Proceeding to assimilate observation BRM, 4654
 [DEBUG  ] (2020-02-24 06:49:12) py-base_optimizer       : Not allowed to localize observation BRM, 4654
 [DEBUG  ] (2020-02-24 06:49:12) py-base_optimizer       : Proceeding to assimilate observation BRM, 4655
 [DEBUG  ] (2020-02-24 06:49:12) py-base_optimizer       : Not allowed to localize observation BRM, 4655
 [DEBUG  ] (2020-02-24 06:49:12) py-base_optimizer       : Skipping observation (BRM,4656) because of flag value 2
 [DEBUG  ] (2020-02-24 06:49:12) py-base_optimizer       : Skipping observation (BRM,4657) because of flag value 2
 [DEBUG  ] (2020-02-24 06:49:12) py-base_optimizer       : Proceeding to assimilate observation CHRI, 7255
 [DEBUG  ] (2020-02-24 06:49:12) py-base_optimizer       : Trying to localize observation CHRI, 7255
 [DEBUG  ] (2020-02-24 06:49:12) py-optimizer            : Not localized observation 7255
 [DEBUG  ] (2020-02-24 06:49:12) py-base_optimizer       : Proceeding to assimilate observation CHRI, 7256
 [DEBUG  ] (2020-02-24 06:49:12) py-base_optimizer       : Trying to localize observation CHRI, 7256
 [DEBUG  ] (2020-02-24 06:49:12) py-optimizer            : Not localized observation 7256
 [DEBUG  ] (2020-02-24 06:49:12) py-base_optimizer       : Proceeding to assimilate observation CHRI, 7257
 [DEBUG  ] (2020-02-24 06:49:12) py-base_optimizer       : Trying to localize observation CHRI, 7257
 [DEBUG  ] (2020-02-24 06:49:12) py-optimizer            : Not localized observation 7257
 [DEBUG  ] (2020-02-24 06:49:12) py-base_optimizer       : Proceeding to assimilate observation CHRI, 7258
 [DEBUG  ] (2020-02-24 06:49:12) py-base_optimizer       : Trying to localize observation CHRI, 7258
 [DEBUG  ] (2020-02-24 06:49:12) py-optimizer            : Not localized observation 7258
 [DEBUG  ] (2020-02-24 06:49:12) py-base_optimizer       : Proceeding to assimilate observation CHRI, 7259
 [DEBUG  ] (2020-02-24 06:49:12) py-base_optimizer       : Trying to localize observation CHRI, 7259
 [DEBUG  ] (2020-02-24 06:49:12) py-optimizer            : Not localized observation 7259
 [DEBUG  ] (2020-02-24 06:49:12) py-base_optimizer       : Proceeding to assimilate observation CHRI, 7260
 [DEBUG  ] (2020-02-24 06:49:12) py-base_optimizer       : Trying to localize observation CHRI, 7260
 [DEBUG  ] (2020-02-24 06:49:12) py-optimizer            : Not localized observation 7260
 [DEBUG  ] (2020-02-24 06:49:12) py-base_optimizer       : Proceeding to assimilate observation CHRI, 7261
 [DEBUG  ] (2020-02-24 06:49:12) py-base_optimizer       : Trying to localize observation CHRI, 7261
 [DEBUG  ] (2020-02-24 06:49:12) py-optimizer            : Not localized observation 7261
 [DEBUG  ] (2020-02-24 06:49:12) py-base_optimizer       : Proceeding to assimilate observation DUE1, 12277
 [DEBUG  ] (2020-02-24 06:49:12) py-base_optimizer       : Not allowed to localize observation DUE1, 12277
 [DEBUG  ] (2020-02-24 06:49:12) py-base_optimizer       : Skipping observation (DUE1,12278) because of flag value 2
 [DEBUG  ] (2020-02-24 06:49:12) py-base_optimizer       : Skipping observation (DUE1,12279) because of flag value 2
 [DEBUG  ] (2020-02-24 06:49:12) py-base_optimizer       : Proceeding to assimilate observation DUE1, 12280
 [DEBUG  ] (2020-02-24 06:49:12) py-base_optimizer       : Not allowed to localize observation DUE1, 12280
 [DEBUG  ] (2020-02-24 06:49:12) py-base_optimizer       : Proceeding to assimilate observation DUE1, 12281
 [DEBUG  ] (2020-02-24 06:49:12) py-base_optimizer       : Not allowed to localize observation DUE1, 12281
 [DEBUG  ] (2020-02-24 06:49:12) py-base_optimizer       : Proceeding to assimilate observation DUE1, 12282
 [DEBUG  ] (2020-02-24 06:49:12) py-base_optimizer       : Not allowed to localize observation DUE1, 12282
 [DEBUG  ] (2020-02-24 06:49:12) py-base_optimizer       : Proceeding to assimilate observation DUE1, 12283
 [DEBUG  ] (2020-02-24 06:49:12) py-base_optimizer       : Not allowed to localize observation DUE1, 12283
 [DEBUG  ] (2020-02-24 06:49:12) py-base_optimizer       : Proceeding to assimilate observation ESMO, 13765
 [DEBUG  ] (2020-02-24 06:49:12) py-base_optimizer       : Trying to localize observation ESMO, 13765
 [DEBUG  ] (2020-02-24 06:49:12) py-optimizer            : Not localized observation 13765
 [DEBUG  ] (2020-02-24 06:49:12) py-base_optimizer       : Skipping observation (ESMO,13766) because of flag value 2
 [DEBUG  ] (2020-02-24 06:49:12) py-base_optimizer       : Proceeding to assimilate observation ESMO, 13767
 [DEBUG  ] (2020-02-24 06:49:12) py-base_optimizer       : Trying to localize observation ESMO, 13767
 [DEBUG  ] (2020-02-24 06:49:12) py-optimizer            : Not localized observation 13767
 [DEBUG  ] (2020-02-24 06:49:12) py-base_optimizer       : Proceeding to assimilate observation ESMO, 13768
 [DEBUG  ] (2020-02-24 06:49:12) py-base_optimizer       : Trying to localize observation ESMO, 13768
 [DEBUG  ] (2020-02-24 06:49:12) py-optimizer            : Not localized observation 13768
 [DEBUG  ] (2020-02-24 06:49:12) py-base_optimizer       : Proceeding to assimilate observation ESMO, 13769
 [DEBUG  ] (2020-02-24 06:49:12) py-base_optimizer       : Trying to localize observation ESMO, 13769
 [DEBUG  ] (2020-02-24 06:49:12) py-optimizer            : Not localized observation 13769
 [DEBUG  ] (2020-02-24 06:49:12) py-base_optimizer       : Skipping observation (ESMO,13770) because of flag value 2
 [DEBUG  ] (2020-02-24 06:49:12) py-base_optimizer       : Proceeding to assimilate observation ESMO, 13771
 [DEBUG  ] (2020-02-24 06:49:12) py-base_optimizer       : Trying to localize observation ESMO, 13771
 [DEBUG  ] (2020-02-24 06:49:12) py-optimizer            : Not localized observation 13771
 [DEBUG  ] (2020-02-24 06:49:12) py-base_optimizer       : Proceeding to assimilate observation FROB, 14974
 [DEBUG  ] (2020-02-24 06:49:12) py-base_optimizer       : Trying to localize observation FROB, 14974
 [DEBUG  ] (2020-02-24 06:49:12) py-optimizer            : Not localized observation 14974
 [DEBUG  ] (2020-02-24 06:49:12) py-base_optimizer       : Skipping observation (FROB,14975) because of flag value 2
 [DEBUG  ] (2020-02-24 06:49:12) py-base_optimizer       : Proceeding to assimilate observation FROB, 14976
 [DEBUG  ] (2020-02-24 06:49:12) py-base_optimizer       : Trying to localize observation FROB, 14976
 [DEBUG  ] (2020-02-24 06:49:12) py-optimizer            : Not localized observation 14976
 [DEBUG  ] (2020-02-24 06:49:12) py-base_optimizer       : Proceeding to assimilate observation FROB, 14977
 [DEBUG  ] (2020-02-24 06:49:12) py-base_optimizer       : Trying to localize observation FROB, 14977
 [DEBUG  ] (2020-02-24 06:49:12) py-optimizer            : Not localized observation 14977
 [DEBUG  ] (2020-02-24 06:49:12) py-base_optimizer       : Proceeding to assimilate observation FROB, 14978
 [DEBUG  ] (2020-02-24 06:49:12) py-base_optimizer       : Trying to localize observation FROB, 14978
 [DEBUG  ] (2020-02-24 06:49:12) py-optimizer            : Not localized observation 14978
 [DEBUG  ] (2020-02-24 06:49:12) py-base_optimizer       : Proceeding to assimilate observation FROB, 14979
 [DEBUG  ] (2020-02-24 06:49:12) py-base_optimizer       : Trying to localize observation FROB, 14979
 [DEBUG  ] (2020-02-24 06:49:12) py-optimizer            : Not localized observation 14979
 [DEBUG  ] (2020-02-24 06:49:12) py-base_optimizer       : Proceeding to assimilate observation FROB, 14980
 [DEBUG  ] (2020-02-24 06:49:12) py-base_optimizer       : Trying to localize observation FROB, 14980
 [DEBUG  ] (2020-02-24 06:49:12) py-optimizer            : Not localized observation 14980
 [DEBUG  ] (2020-02-24 06:49:12) py-base_optimizer       : Proceeding to assimilate observation GIMM, 15718
 [DEBUG  ] (2020-02-24 06:49:12) py-base_optimizer       : Not allowed to localize observation GIMM, 15718
 [DEBUG  ] (2020-02-24 06:49:12) py-base_optimizer       : Proceeding to assimilate observation GIMM, 15719
 [DEBUG  ] (2020-02-24 06:49:12) py-base_optimizer       : Not allowed to localize observation GIMM, 15719
 [DEBUG  ] (2020-02-24 06:49:12) py-base_optimizer       : Proceeding to assimilate observation GIMM, 15720
 [DEBUG  ] (2020-02-24 06:49:12) py-base_optimizer       : Not allowed to localize observation GIMM, 15720
 [DEBUG  ] (2020-02-24 06:49:12) py-base_optimizer       : Proceeding to assimilate observation GIMM, 15721
 [DEBUG  ] (2020-02-24 06:49:12) py-base_optimizer       : Not allowed to localize observation GIMM, 15721
 [DEBUG  ] (2020-02-24 06:49:12) py-base_optimizer       : Proceeding to assimilate observation GIMM, 15722
 [DEBUG  ] (2020-02-24 06:49:12) py-base_optimizer       : Not allowed to localize observation GIMM, 15722
 [DEBUG  ] (2020-02-24 06:49:12) py-base_optimizer       : Skipping observation (GIMM,15723) because of flag value 2
 [DEBUG  ] (2020-02-24 06:49:12) py-base_optimizer       : Proceeding to assimilate observation GIMM, 15724
 [DEBUG  ] (2020-02-24 06:49:12) py-base_optimizer       : Not allowed to localize observation GIMM, 15724
 [DEBUG  ] (2020-02-24 06:49:12) py-base_optimizer       : Skipping observation (HAE,18136) because of flag value 2
 [DEBUG  ] (2020-02-24 06:49:12) py-base_optimizer       : Proceeding to assimilate observation HAE, 18137
 [DEBUG  ] (2020-02-24 06:49:12) py-base_optimizer       : Not allowed to localize observation HAE, 18137
 [DEBUG  ] (2020-02-24 06:49:12) py-base_optimizer       : Skipping observation (HAE,18138) because of flag value 2
 [DEBUG  ] (2020-02-24 06:49:12) py-base_optimizer       : Proceeding to assimilate observation HAE, 18139
 [DEBUG  ] (2020-02-24 06:49:12) py-base_optimizer       : Not allowed to localize observation HAE, 18139
 [DEBUG  ] (2020-02-24 06:49:12) py-base_optimizer       : Proceeding to assimilate observation HAE, 18140
 [DEBUG  ] (2020-02-24 06:49:12) py-base_optimizer       : Not allowed to localize observation HAE, 18140
 [DEBUG  ] (2020-02-24 06:49:12) py-base_optimizer       : Skipping observation (HAE,18141) because of flag value 2
 [DEBUG  ] (2020-02-24 06:49:12) py-base_optimizer       : Proceeding to assimilate observation HAE, 18142
 [DEBUG  ] (2020-02-24 06:49:12) py-base_optimizer       : Not allowed to localize observation HAE, 18142
 [DEBUG  ] (2020-02-24 06:49:12) py-base_optimizer       : Proceeding to assimilate observation LAEG, 21856
 [DEBUG  ] (2020-02-24 06:49:12) py-base_optimizer       : Not allowed to localize observation LAEG, 21856
 [DEBUG  ] (2020-02-24 06:49:12) py-base_optimizer       : Skipping observation (LAEG,21857) because of flag value 2
 [DEBUG  ] (2020-02-24 06:49:12) py-base_optimizer       : Proceeding to assimilate observation LAEG, 21858
 [DEBUG  ] (2020-02-24 06:49:12) py-base_optimizer       : Not allowed to localize observation LAEG, 21858
 [DEBUG  ] (2020-02-24 06:49:12) py-base_optimizer       : Skipping observation (LAEG,21859) because of flag value 2
 [DEBUG  ] (2020-02-24 06:49:12) py-base_optimizer       : Proceeding to assimilate observation LAEG, 21860
 [DEBUG  ] (2020-02-24 06:49:12) py-base_optimizer       : Not allowed to localize observation LAEG, 21860
 [DEBUG  ] (2020-02-24 06:49:12) py-base_optimizer       : Skipping observation (LAEG,21861) because of flag value 2
 [DEBUG  ] (2020-02-24 06:49:12) py-base_optimizer       : Proceeding to assimilate observation LAEG, 21862
 [DEBUG  ] (2020-02-24 06:49:12) py-base_optimizer       : Not allowed to localize observation LAEG, 21862
 [DEBUG  ] (2020-02-24 06:49:12) py-base_optimizer       : Proceeding to assimilate observation MAGN, 23716
 [DEBUG  ] (2020-02-24 06:49:12) py-base_optimizer       : Trying to localize observation MAGN, 23716
 [DEBUG  ] (2020-02-24 06:49:12) py-optimizer            : Not localized observation 23716
 [DEBUG  ] (2020-02-24 06:49:12) py-base_optimizer       : Proceeding to assimilate observation MAGN, 23717
 [DEBUG  ] (2020-02-24 06:49:12) py-base_optimizer       : Trying to localize observation MAGN, 23717
 [DEBUG  ] (2020-02-24 06:49:12) py-optimizer            : Not localized observation 23717
 [DEBUG  ] (2020-02-24 06:49:12) py-base_optimizer       : Proceeding to assimilate observation MAGN, 23718
 [DEBUG  ] (2020-02-24 06:49:12) py-base_optimizer       : Trying to localize observation MAGN, 23718
 [DEBUG  ] (2020-02-24 06:49:12) py-optimizer            : Not localized observation 23718
 [DEBUG  ] (2020-02-24 06:49:12) py-base_optimizer       : Skipping observation (MAGN,23719) because of flag value 2
 [DEBUG  ] (2020-02-24 06:49:12) py-base_optimizer       : Skipping observation (MAGN,23720) because of flag value 2
 [DEBUG  ] (2020-02-24 06:49:12) py-base_optimizer       : Proceeding to assimilate observation MAGN, 23721
 [DEBUG  ] (2020-02-24 06:49:12) py-base_optimizer       : Trying to localize observation MAGN, 23721
 [DEBUG  ] (2020-02-24 06:49:12) py-optimizer            : Not localized observation 23721
 [DEBUG  ] (2020-02-24 06:49:12) py-base_optimizer       : Proceeding to assimilate observation MAGN, 23722
 [DEBUG  ] (2020-02-24 06:49:12) py-base_optimizer       : Trying to localize observation MAGN, 23722
 [DEBUG  ] (2020-02-24 06:49:12) py-optimizer            : Not localized observation 23722
 [DEBUG  ] (2020-02-24 06:49:12) py-base_optimizer       : Skipping observation (PAYN,28831) because of flag value 2
 [DEBUG  ] (2020-02-24 06:49:12) py-base_optimizer       : Skipping observation (PAYN,28832) because of flag value 2
 [DEBUG  ] (2020-02-24 06:49:12) py-base_optimizer       : Skipping observation (PAYN,28833) because of flag value 2
 [DEBUG  ] (2020-02-24 06:49:12) py-base_optimizer       : Proceeding to assimilate observation PAYN, 28834
 [DEBUG  ] (2020-02-24 06:49:12) py-base_optimizer       : Not allowed to localize observation PAYN, 28834
 [DEBUG  ] (2020-02-24 06:49:12) py-base_optimizer       : Proceeding to assimilate observation PAYN, 28835
 [DEBUG  ] (2020-02-24 06:49:12) py-base_optimizer       : Not allowed to localize observation PAYN, 28835
 [DEBUG  ] (2020-02-24 06:49:12) py-base_optimizer       : Skipping observation (PAYN,28836) because of flag value 2
 [DEBUG  ] (2020-02-24 06:49:12) py-base_optimizer       : Proceeding to assimilate observation PAYN, 28837
 [DEBUG  ] (2020-02-24 06:49:12) py-base_optimizer       : Not allowed to localize observation PAYN, 28837
 [DEBUG  ] (2020-02-24 06:49:12) py-base_optimizer       : Proceeding to assimilate observation RECK, 30412
 [DEBUG  ] (2020-02-24 06:49:12) py-base_optimizer       : Trying to localize observation RECK, 30412
 [DEBUG  ] (2020-02-24 06:49:12) py-optimizer            : Not localized observation 30412
 [DEBUG  ] (2020-02-24 06:49:12) py-base_optimizer       : Skipping observation (RECK,30413) because of flag value 2
 [DEBUG  ] (2020-02-24 06:49:12) py-base_optimizer       : Proceeding to assimilate observation RECK, 30414
 [DEBUG  ] (2020-02-24 06:49:12) py-base_optimizer       : Trying to localize observation RECK, 30414
 [DEBUG  ] (2020-02-24 06:49:12) py-optimizer            : Not localized observation 30414
 [DEBUG  ] (2020-02-24 06:49:12) py-base_optimizer       : Proceeding to assimilate observation RECK, 30415
 [DEBUG  ] (2020-02-24 06:49:12) py-base_optimizer       : Trying to localize observation RECK, 30415
 [DEBUG  ] (2020-02-24 06:49:12) py-optimizer            : Not localized observation 30415
 [DEBUG  ] (2020-02-24 06:49:12) py-base_optimizer       : Proceeding to assimilate observation RECK, 30416
 [DEBUG  ] (2020-02-24 06:49:12) py-base_optimizer       : Trying to localize observation RECK, 30416
 [DEBUG  ] (2020-02-24 06:49:12) py-optimizer            : Not localized observation 30416
 [DEBUG  ] (2020-02-24 06:49:12) py-base_optimizer       : Skipping observation (RECK,30417) because of flag value 2
 [DEBUG  ] (2020-02-24 06:49:12) py-base_optimizer       : Proceeding to assimilate observation RECK, 30418
 [DEBUG  ] (2020-02-24 06:49:12) py-base_optimizer       : Trying to localize observation RECK, 30418
 [DEBUG  ] (2020-02-24 06:49:12) py-optimizer            : Not localized observation 30418
 [DEBUG  ] (2020-02-24 06:49:12) py-base_optimizer       : Proceeding to assimilate observation RIG, 30970
 [DEBUG  ] (2020-02-24 06:49:12) py-base_optimizer       : Not allowed to localize observation RIG, 30970
 [DEBUG  ] (2020-02-24 06:49:12) py-base_optimizer       : Skipping observation (RIG,30971) because of flag value 2
 [DEBUG  ] (2020-02-24 06:49:12) py-base_optimizer       : Proceeding to assimilate observation RIG, 30972
 [DEBUG  ] (2020-02-24 06:49:12) py-base_optimizer       : Not allowed to localize observation RIG, 30972
 [DEBUG  ] (2020-02-24 06:49:13) py-base_optimizer       : Proceeding to assimilate observation RIG, 30973
 [DEBUG  ] (2020-02-24 06:49:13) py-base_optimizer       : Not allowed to localize observation RIG, 30973
 [DEBUG  ] (2020-02-24 06:49:13) py-base_optimizer       : Proceeding to assimilate observation RIG, 30974
 [DEBUG  ] (2020-02-24 06:49:13) py-base_optimizer       : Not allowed to localize observation RIG, 30974
 [DEBUG  ] (2020-02-24 06:49:13) py-base_optimizer       : Proceeding to assimilate observation RIG, 30975
 [DEBUG  ] (2020-02-24 06:49:13) py-base_optimizer       : Not allowed to localize observation RIG, 30975
 [DEBUG  ] (2020-02-24 06:49:13) py-base_optimizer       : Proceeding to assimilate observation RIG, 30976
 [DEBUG  ] (2020-02-24 06:49:13) py-base_optimizer       : Not allowed to localize observation RIG, 30976
 [DEBUG  ] (2020-02-24 06:49:13) py-base_optimizer       : Proceeding to assimilate observation SAVE, 32086
 [DEBUG  ] (2020-02-24 06:49:13) py-base_optimizer       : Trying to localize observation SAVE, 32086
 [DEBUG  ] (2020-02-24 06:49:13) py-optimizer            : Not localized observation 32086
 [DEBUG  ] (2020-02-24 06:49:13) py-base_optimizer       : Skipping observation (SAVE,32087) because of flag value 2
 [DEBUG  ] (2020-02-24 06:49:13) py-base_optimizer       : Skipping observation (SAVE,32088) because of flag value 2
 [DEBUG  ] (2020-02-24 06:49:13) py-base_optimizer       : Proceeding to assimilate observation SAVE, 32089
 [DEBUG  ] (2020-02-24 06:49:13) py-base_optimizer       : Trying to localize observation SAVE, 32089
 [DEBUG  ] (2020-02-24 06:49:13) py-optimizer            : Not localized observation 32089
 [DEBUG  ] (2020-02-24 06:49:13) py-base_optimizer       : Proceeding to assimilate observation SAVE, 32090
 [DEBUG  ] (2020-02-24 06:49:13) py-base_optimizer       : Trying to localize observation SAVE, 32090
 [DEBUG  ] (2020-02-24 06:49:13) py-optimizer            : Not localized observation 32090
 [DEBUG  ] (2020-02-24 06:49:13) py-base_optimizer       : Skipping observation (SAVE,32091) because of flag value 2
 [DEBUG  ] (2020-02-24 06:49:13) py-base_optimizer       : Proceeding to assimilate observation SAVE, 32092
 [DEBUG  ] (2020-02-24 06:49:13) py-base_optimizer       : Trying to localize observation SAVE, 32092
 [DEBUG  ] (2020-02-24 06:49:13) py-optimizer            : Not localized observation 32092
 [DEBUG  ] (2020-02-24 06:49:13) py-base_optimizer       : Proceeding to assimilate observation SEMP, 32644
 [DEBUG  ] (2020-02-24 06:49:13) py-base_optimizer       : Trying to localize observation SEMP, 32644
 [DEBUG  ] (2020-02-24 06:49:13) py-optimizer            : Not localized observation 32644
 [DEBUG  ] (2020-02-24 06:49:13) py-base_optimizer       : Skipping observation (SEMP,32645) because of flag value 2
 [DEBUG  ] (2020-02-24 06:49:13) py-base_optimizer       : Skipping observation (SEMP,32646) because of flag value 2
 [DEBUG  ] (2020-02-24 06:49:13) py-base_optimizer       : Proceeding to assimilate observation SEMP, 32647
 [DEBUG  ] (2020-02-24 06:49:13) py-base_optimizer       : Trying to localize observation SEMP, 32647
 [DEBUG  ] (2020-02-24 06:49:13) py-optimizer            : Not localized observation 32647
 [DEBUG  ] (2020-02-24 06:49:13) py-base_optimizer       : Skipping observation (SEMP,32648) because of flag value 2
 [DEBUG  ] (2020-02-24 06:49:13) py-base_optimizer       : Skipping observation (SEMP,32649) because of flag value 2
 [DEBUG  ] (2020-02-24 06:49:13) py-base_optimizer       : Proceeding to assimilate observation SEMP, 32650
 [DEBUG  ] (2020-02-24 06:49:13) py-base_optimizer       : Trying to localize observation SEMP, 32650
 [DEBUG  ] (2020-02-24 06:49:13) py-optimizer            : Not localized observation 32650
 [DEBUG  ] (2020-02-24 06:49:13) py-base_optimizer       : Proceeding to assimilate observation SOTT, 34504
 [DEBUG  ] (2020-02-24 06:49:13) py-base_optimizer       : Trying to localize observation SOTT, 34504
 [DEBUG  ] (2020-02-24 06:49:13) py-optimizer            : Not localized observation 34504
 [DEBUG  ] (2020-02-24 06:49:13) py-base_optimizer       : Proceeding to assimilate observation SOTT, 34505
 [DEBUG  ] (2020-02-24 06:49:13) py-base_optimizer       : Trying to localize observation SOTT, 34505
 [DEBUG  ] (2020-02-24 06:49:13) py-optimizer            : Not localized observation 34505
 [DEBUG  ] (2020-02-24 06:49:13) py-base_optimizer       : Proceeding to assimilate observation SOTT, 34506
 [DEBUG  ] (2020-02-24 06:49:13) py-base_optimizer       : Trying to localize observation SOTT, 34506
 [DEBUG  ] (2020-02-24 06:49:13) py-optimizer            : Not localized observation 34506
 [DEBUG  ] (2020-02-24 06:49:13) py-base_optimizer       : Proceeding to assimilate observation SOTT, 34507
 [DEBUG  ] (2020-02-24 06:49:13) py-base_optimizer       : Trying to localize observation SOTT, 34507
 [DEBUG  ] (2020-02-24 06:49:13) py-optimizer            : Not localized observation 34507
 [DEBUG  ] (2020-02-24 06:49:13) py-base_optimizer       : Proceeding to assimilate observation SOTT, 34508
 [DEBUG  ] (2020-02-24 06:49:13) py-base_optimizer       : Trying to localize observation SOTT, 34508
 [DEBUG  ] (2020-02-24 06:49:13) py-optimizer            : Not localized observation 34508
 [DEBUG  ] (2020-02-24 06:49:13) py-base_optimizer       : Proceeding to assimilate observation SOTT, 34509
 [DEBUG  ] (2020-02-24 06:49:13) py-base_optimizer       : Trying to localize observation SOTT, 34509
 [DEBUG  ] (2020-02-24 06:49:13) py-optimizer            : Not localized observation 34509
 [DEBUG  ] (2020-02-24 06:49:13) py-base_optimizer       : Proceeding to assimilate observation SOTT, 34510
 [DEBUG  ] (2020-02-24 06:49:13) py-base_optimizer       : Trying to localize observation SOTT, 34510
 [DEBUG  ] (2020-02-24 06:49:13) py-optimizer            : Not localized observation 34510
 [DEBUG  ] (2020-02-24 06:49:13) py-base_optimizer       : Proceeding to assimilate observation SSAL, 34690
 [DEBUG  ] (2020-02-24 06:49:13) py-base_optimizer       : Trying to localize observation SSAL, 34690
 [DEBUG  ] (2020-02-24 06:49:13) py-optimizer            : Not localized observation 34690
 [DEBUG  ] (2020-02-24 06:49:13) py-base_optimizer       : Skipping observation (SSAL,34691) because of flag value 2
 [DEBUG  ] (2020-02-24 06:49:13) py-base_optimizer       : Skipping observation (SSAL,34692) because of flag value 2
 [DEBUG  ] (2020-02-24 06:49:13) py-base_optimizer       : Proceeding to assimilate observation SSAL, 34693
 [DEBUG  ] (2020-02-24 06:49:13) py-base_optimizer       : Trying to localize observation SSAL, 34693
 [DEBUG  ] (2020-02-24 06:49:13) py-optimizer            : Not localized observation 34693
 [DEBUG  ] (2020-02-24 06:49:13) py-base_optimizer       : Proceeding to assimilate observation SSAL, 34694
 [DEBUG  ] (2020-02-24 06:49:13) py-base_optimizer       : Trying to localize observation SSAL, 34694
 [DEBUG  ] (2020-02-24 06:49:13) py-optimizer            : Not localized observation 34694
 [DEBUG  ] (2020-02-24 06:49:13) py-base_optimizer       : Skipping observation (SSAL,34695) because of flag value 2
 [DEBUG  ] (2020-02-24 06:49:13) py-base_optimizer       : Skipping observation (SSAL,34696) because of flag value 2
 [DEBUG  ] (2020-02-24 06:49:13) py-base_optimizer       : Proceeding to assimilate observation TAEN, 35341
 [DEBUG  ] (2020-02-24 06:49:13) py-base_optimizer       : Trying to localize observation TAEN, 35341
 [DEBUG  ] (2020-02-24 06:49:13) py-optimizer            : Not localized observation 35341
 [DEBUG  ] (2020-02-24 06:49:13) py-base_optimizer       : Skipping observation (TAEN,35342) because of flag value 2
 [DEBUG  ] (2020-02-24 06:49:13) py-base_optimizer       : Proceeding to assimilate observation TAEN, 35343
 [DEBUG  ] (2020-02-24 06:49:13) py-base_optimizer       : Trying to localize observation TAEN, 35343
 [DEBUG  ] (2020-02-24 06:49:13) py-optimizer            : Not localized observation 35343
 [DEBUG  ] (2020-02-24 06:49:13) py-base_optimizer       : Proceeding to assimilate observation TAEN, 35344
 [DEBUG  ] (2020-02-24 06:49:13) py-base_optimizer       : Trying to localize observation TAEN, 35344
 [DEBUG  ] (2020-02-24 06:49:13) py-optimizer            : Not localized observation 35344
 [DEBUG  ] (2020-02-24 06:49:13) py-base_optimizer       : Proceeding to assimilate observation TAEN, 35345
 [DEBUG  ] (2020-02-24 06:49:13) py-base_optimizer       : Trying to localize observation TAEN, 35345
 [DEBUG  ] (2020-02-24 06:49:13) py-optimizer            : Not localized observation 35345
 [DEBUG  ] (2020-02-24 06:49:13) py-base_optimizer       : Skipping observation (TAEN,35346) because of flag value 2
 [DEBUG  ] (2020-02-24 06:49:13) py-base_optimizer       : Proceeding to assimilate observation TAEN, 35347
 [DEBUG  ] (2020-02-24 06:49:13) py-base_optimizer       : Trying to localize observation TAEN, 35347
 [DEBUG  ] (2020-02-24 06:49:13) py-optimizer            : Not localized observation 35347
 [DEBUG  ] (2020-02-24 06:49:13) py-base_optimizer       : Proceeding to assimilate observation ZHBR, 40177
 [DEBUG  ] (2020-02-24 06:49:13) py-base_optimizer       : Trying to localize observation ZHBR, 40177
 [DEBUG  ] (2020-02-24 06:49:13) py-optimizer            : Not localized observation 40177
 [DEBUG  ] (2020-02-24 06:49:13) py-base_optimizer       : Skipping observation (ZHBR,40178) because of flag value 2
 [DEBUG  ] (2020-02-24 06:49:13) py-base_optimizer       : Proceeding to assimilate observation ZHBR, 40179
 [DEBUG  ] (2020-02-24 06:49:13) py-base_optimizer       : Trying to localize observation ZHBR, 40179
 [DEBUG  ] (2020-02-24 06:49:13) py-optimizer            : Not localized observation 40179
 [DEBUG  ] (2020-02-24 06:49:13) py-base_optimizer       : Proceeding to assimilate observation ZHBR, 40180
 [DEBUG  ] (2020-02-24 06:49:13) py-base_optimizer       : Trying to localize observation ZHBR, 40180
 [DEBUG  ] (2020-02-24 06:49:13) py-optimizer            : Not localized observation 40180
 [DEBUG  ] (2020-02-24 06:49:13) py-base_optimizer       : Proceeding to assimilate observation ZHBR, 40181
 [DEBUG  ] (2020-02-24 06:49:13) py-base_optimizer       : Trying to localize observation ZHBR, 40181
 [DEBUG  ] (2020-02-24 06:49:13) py-optimizer            : Not localized observation 40181
 [DEBUG  ] (2020-02-24 06:49:13) py-base_optimizer       : Skipping observation (ZHBR,40182) because of flag value 2
 [DEBUG  ] (2020-02-24 06:49:13) py-base_optimizer       : Proceeding to assimilate observation ZHBR, 40183
 [DEBUG  ] (2020-02-24 06:49:13) py-base_optimizer       : Trying to localize observation ZHBR, 40183
 [DEBUG  ] (2020-02-24 06:49:13) py-optimizer            : Not localized observation 40183
 [DEBUG  ] (2020-02-24 06:49:13) py-base_optimizer       : Proceeding to assimilate observation ZSCH, 44083
 [DEBUG  ] (2020-02-24 06:49:13) py-base_optimizer       : Trying to localize observation ZSCH, 44083
 [DEBUG  ] (2020-02-24 06:49:13) py-optimizer            : Not localized observation 44083
 [DEBUG  ] (2020-02-24 06:49:13) py-base_optimizer       : Proceeding to assimilate observation ZSCH, 44084
 [DEBUG  ] (2020-02-24 06:49:13) py-base_optimizer       : Trying to localize observation ZSCH, 44084
 [DEBUG  ] (2020-02-24 06:49:13) py-optimizer            : Not localized observation 44084
 [DEBUG  ] (2020-02-24 06:49:13) py-base_optimizer       : Skipping observation (ZSCH,44085) because of flag value 2
 [DEBUG  ] (2020-02-24 06:49:13) py-base_optimizer       : Proceeding to assimilate observation ZSCH, 44086
 [DEBUG  ] (2020-02-24 06:49:13) py-base_optimizer       : Trying to localize observation ZSCH, 44086
 [DEBUG  ] (2020-02-24 06:49:13) py-optimizer            : Not localized observation 44086
 [DEBUG  ] (2020-02-24 06:49:13) py-base_optimizer       : Proceeding to assimilate observation ZSCH, 44087
 [DEBUG  ] (2020-02-24 06:49:13) py-base_optimizer       : Trying to localize observation ZSCH, 44087
 [DEBUG  ] (2020-02-24 06:49:13) py-optimizer            : Not localized observation 44087
 [DEBUG  ] (2020-02-24 06:49:13) py-base_optimizer       : Skipping observation (ZSCH,44088) because of flag value 2
 [DEBUG  ] (2020-02-24 06:49:13) py-base_optimizer       : Proceeding to assimilate observation ZSCH, 44089
 [DEBUG  ] (2020-02-24 06:49:13) py-base_optimizer       : Trying to localize observation ZSCH, 44089
 [DEBUG  ] (2020-02-24 06:49:13) py-optimizer            : Not localized observation 44089
 [DEBUG  ] (2020-02-24 06:49:13) py-base_optimizer       : Proceeding to assimilate observation ZUE, 44734
 [DEBUG  ] (2020-02-24 06:49:13) py-base_optimizer       : Trying to localize observation ZUE, 44734
 [DEBUG  ] (2020-02-24 06:49:13) py-optimizer            : Not localized observation 44734
 [DEBUG  ] (2020-02-24 06:49:13) py-base_optimizer       : Proceeding to assimilate observation ZUE, 44735
 [DEBUG  ] (2020-02-24 06:49:13) py-base_optimizer       : Trying to localize observation ZUE, 44735
 [DEBUG  ] (2020-02-24 06:49:13) py-optimizer            : Not localized observation 44735
 [DEBUG  ] (2020-02-24 06:49:13) py-base_optimizer       : Proceeding to assimilate observation ZUE, 44736
 [DEBUG  ] (2020-02-24 06:49:13) py-base_optimizer       : Trying to localize observation ZUE, 44736
 [DEBUG  ] (2020-02-24 06:49:13) py-optimizer            : Not localized observation 44736
 [DEBUG  ] (2020-02-24 06:49:13) py-base_optimizer       : Proceeding to assimilate observation ZUE, 44737
 [DEBUG  ] (2020-02-24 06:49:13) py-base_optimizer       : Trying to localize observation ZUE, 44737
 [DEBUG  ] (2020-02-24 06:49:13) py-optimizer            : Not localized observation 44737
 [DEBUG  ] (2020-02-24 06:49:13) py-base_optimizer       : Proceeding to assimilate observation ZUE, 44738
 [DEBUG  ] (2020-02-24 06:49:13) py-base_optimizer       : Trying to localize observation ZUE, 44738
 [DEBUG  ] (2020-02-24 06:49:13) py-optimizer            : Not localized observation 44738
 [DEBUG  ] (2020-02-24 06:49:13) py-base_optimizer       : Skipping observation (ZUE,44739) because of flag value 2
 [DEBUG  ] (2020-02-24 06:49:13) py-base_optimizer       : Proceeding to assimilate observation ZUE, 44740
 [DEBUG  ] (2020-02-24 06:49:13) py-base_optimizer       : Trying to localize observation ZUE, 44740
 [DEBUG  ] (2020-02-24 06:49:13) py-optimizer            : Not localized observation 44740
 [DEBUG  ] (2020-02-24 06:49:13) py-base_optimizer       : Proceeding to assimilate observation ALBS, 1403
 [DEBUG  ] (2020-02-24 06:49:13) py-base_optimizer       : Trying to localize observation ALBS, 1403
 [DEBUG  ] (2020-02-24 06:49:13) py-optimizer            : Not localized observation 1403
 [DEBUG  ] (2020-02-24 06:49:13) py-base_optimizer       : Proceeding to assimilate observation ALBS, 1404
 [DEBUG  ] (2020-02-24 06:49:13) py-base_optimizer       : Trying to localize observation ALBS, 1404
 [DEBUG  ] (2020-02-24 06:49:13) py-optimizer            : Not localized observation 1404
 [DEBUG  ] (2020-02-24 06:49:13) py-base_optimizer       : Proceeding to assimilate observation ALBS, 1405
 [DEBUG  ] (2020-02-24 06:49:13) py-base_optimizer       : Trying to localize observation ALBS, 1405
 [DEBUG  ] (2020-02-24 06:49:13) py-optimizer            : Not localized observation 1405
 [DEBUG  ] (2020-02-24 06:49:13) py-base_optimizer       : Proceeding to assimilate observation ALBS, 1406
 [DEBUG  ] (2020-02-24 06:49:13) py-base_optimizer       : Trying to localize observation ALBS, 1406
 [DEBUG  ] (2020-02-24 06:49:13) py-optimizer            : Not localized observation 1406
 [DEBUG  ] (2020-02-24 06:49:13) py-base_optimizer       : Proceeding to assimilate observation ALBS, 1407
 [DEBUG  ] (2020-02-24 06:49:13) py-base_optimizer       : Trying to localize observation ALBS, 1407
 [DEBUG  ] (2020-02-24 06:49:13) py-optimizer            : Not localized observation 1407
 [DEBUG  ] (2020-02-24 06:49:13) py-base_optimizer       : Proceeding to assimilate observation ALBS, 1408
 [DEBUG  ] (2020-02-24 06:49:13) py-base_optimizer       : Trying to localize observation ALBS, 1408
 [DEBUG  ] (2020-02-24 06:49:13) py-optimizer            : Not localized observation 1408
 [DEBUG  ] (2020-02-24 06:49:13) py-base_optimizer       : Proceeding to assimilate observation ALBS, 1409
 [DEBUG  ] (2020-02-24 06:49:13) py-base_optimizer       : Trying to localize observation ALBS, 1409
 [DEBUG  ] (2020-02-24 06:49:13) py-optimizer            : Not localized observation 1409
 [DEBUG  ] (2020-02-24 06:49:13) py-base_optimizer       : Proceeding to assimilate observation BNTG, 3914
 [DEBUG  ] (2020-02-24 06:49:13) py-base_optimizer       : Trying to localize observation BNTG, 3914
 [DEBUG  ] (2020-02-24 06:49:13) py-optimizer            : Not localized observation 3914
 [DEBUG  ] (2020-02-24 06:49:13) py-base_optimizer       : Proceeding to assimilate observation BNTG, 3915
 [DEBUG  ] (2020-02-24 06:49:13) py-base_optimizer       : Trying to localize observation BNTG, 3915
 [DEBUG  ] (2020-02-24 06:49:13) py-optimizer            : Not localized observation 3915
 [DEBUG  ] (2020-02-24 06:49:13) py-base_optimizer       : Proceeding to assimilate observation BNTG, 3916
 [DEBUG  ] (2020-02-24 06:49:13) py-base_optimizer       : Trying to localize observation BNTG, 3916
 [DEBUG  ] (2020-02-24 06:49:13) py-optimizer            : Not localized observation 3916
 [DEBUG  ] (2020-02-24 06:49:13) py-base_optimizer       : Proceeding to assimilate observation BNTG, 3917
 [DEBUG  ] (2020-02-24 06:49:13) py-base_optimizer       : Trying to localize observation BNTG, 3917
 [DEBUG  ] (2020-02-24 06:49:13) py-optimizer            : Not localized observation 3917
 [DEBUG  ] (2020-02-24 06:49:13) py-base_optimizer       : Proceeding to assimilate observation BNTG, 3918
 [DEBUG  ] (2020-02-24 06:49:13) py-base_optimizer       : Trying to localize observation BNTG, 3918
 [DEBUG  ] (2020-02-24 06:49:13) py-optimizer            : Not localized observation 3918
 [DEBUG  ] (2020-02-24 06:49:13) py-base_optimizer       : Proceeding to assimilate observation BNTG, 3919
 [DEBUG  ] (2020-02-24 06:49:13) py-base_optimizer       : Trying to localize observation BNTG, 3919
 [DEBUG  ] (2020-02-24 06:49:13) py-optimizer            : Not localized observation 3919
 [DEBUG  ] (2020-02-24 06:49:13) py-base_optimizer       : Proceeding to assimilate observation BNTG, 3920
 [DEBUG  ] (2020-02-24 06:49:13) py-base_optimizer       : Trying to localize observation BNTG, 3920
 [DEBUG  ] (2020-02-24 06:49:13) py-optimizer            : Not localized observation 3920
 [DEBUG  ] (2020-02-24 06:49:13) py-base_optimizer       : Proceeding to assimilate observation BRM, 4658
 [DEBUG  ] (2020-02-24 06:49:13) py-base_optimizer       : Not allowed to localize observation BRM, 4658
 [DEBUG  ] (2020-02-24 06:49:13) py-base_optimizer       : Skipping observation (BRM,4659) because of flag value 2
 [DEBUG  ] (2020-02-24 06:49:13) py-base_optimizer       : Proceeding to assimilate observation BRM, 4660
 [DEBUG  ] (2020-02-24 06:49:13) py-base_optimizer       : Not allowed to localize observation BRM, 4660
 [DEBUG  ] (2020-02-24 06:49:13) py-base_optimizer       : Proceeding to assimilate observation BRM, 4661
 [DEBUG  ] (2020-02-24 06:49:13) py-base_optimizer       : Not allowed to localize observation BRM, 4661
 [DEBUG  ] (2020-02-24 06:49:13) py-base_optimizer       : Skipping observation (BRM,4662) because of flag value 2
 [DEBUG  ] (2020-02-24 06:49:13) py-base_optimizer       : Proceeding to assimilate observation BRM, 4663
 [DEBUG  ] (2020-02-24 06:49:13) py-base_optimizer       : Not allowed to localize observation BRM, 4663
 [DEBUG  ] (2020-02-24 06:49:13) py-base_optimizer       : Proceeding to assimilate observation BRM, 4664
 [DEBUG  ] (2020-02-24 06:49:13) py-base_optimizer       : Not allowed to localize observation BRM, 4664
 [DEBUG  ] (2020-02-24 06:49:13) py-base_optimizer       : Proceeding to assimilate observation CHRI, 7262
 [DEBUG  ] (2020-02-24 06:49:13) py-base_optimizer       : Trying to localize observation CHRI, 7262
 [DEBUG  ] (2020-02-24 06:49:13) py-optimizer            : Not localized observation 7262
 [DEBUG  ] (2020-02-24 06:49:13) py-base_optimizer       : Proceeding to assimilate observation CHRI, 7263
 [DEBUG  ] (2020-02-24 06:49:13) py-base_optimizer       : Trying to localize observation CHRI, 7263
 [DEBUG  ] (2020-02-24 06:49:13) py-optimizer            : Not localized observation 7263
 [DEBUG  ] (2020-02-24 06:49:13) py-base_optimizer       : Proceeding to assimilate observation CHRI, 7264
 [DEBUG  ] (2020-02-24 06:49:13) py-base_optimizer       : Trying to localize observation CHRI, 7264
 [DEBUG  ] (2020-02-24 06:49:13) py-optimizer            : Not localized observation 7264
 [DEBUG  ] (2020-02-24 06:49:13) py-base_optimizer       : Proceeding to assimilate observation CHRI, 7265
 [DEBUG  ] (2020-02-24 06:49:13) py-base_optimizer       : Trying to localize observation CHRI, 7265
 [DEBUG  ] (2020-02-24 06:49:13) py-optimizer            : Not localized observation 7265
 [DEBUG  ] (2020-02-24 06:49:13) py-base_optimizer       : Proceeding to assimilate observation CHRI, 7266
 [DEBUG  ] (2020-02-24 06:49:13) py-base_optimizer       : Trying to localize observation CHRI, 7266
 [DEBUG  ] (2020-02-24 06:49:13) py-optimizer            : Not localized observation 7266
 [DEBUG  ] (2020-02-24 06:49:13) py-base_optimizer       : Proceeding to assimilate observation CHRI, 7267
 [DEBUG  ] (2020-02-24 06:49:13) py-base_optimizer       : Trying to localize observation CHRI, 7267
 [DEBUG  ] (2020-02-24 06:49:13) py-optimizer            : Not localized observation 7267
 [DEBUG  ] (2020-02-24 06:49:13) py-base_optimizer       : Proceeding to assimilate observation CHRI, 7268
 [DEBUG  ] (2020-02-24 06:49:13) py-base_optimizer       : Trying to localize observation CHRI, 7268
 [DEBUG  ] (2020-02-24 06:49:13) py-optimizer            : Not localized observation 7268
 [DEBUG  ] (2020-02-24 06:49:13) py-base_optimizer       : Proceeding to assimilate observation DUE1, 12284
 [DEBUG  ] (2020-02-24 06:49:13) py-base_optimizer       : Not allowed to localize observation DUE1, 12284
 [DEBUG  ] (2020-02-24 06:49:13) py-base_optimizer       : Proceeding to assimilate observation DUE1, 12285
 [DEBUG  ] (2020-02-24 06:49:13) py-base_optimizer       : Not allowed to localize observation DUE1, 12285
 [DEBUG  ] (2020-02-24 06:49:13) py-base_optimizer       : Proceeding to assimilate observation DUE1, 12286
 [DEBUG  ] (2020-02-24 06:49:13) py-base_optimizer       : Not allowed to localize observation DUE1, 12286
 [DEBUG  ] (2020-02-24 06:49:13) py-base_optimizer       : Skipping observation (DUE1,12287) because of flag value 2
 [DEBUG  ] (2020-02-24 06:49:13) py-base_optimizer       : Skipping observation (DUE1,12288) because of flag value 2
 [DEBUG  ] (2020-02-24 06:49:13) py-base_optimizer       : Proceeding to assimilate observation DUE1, 12289
 [DEBUG  ] (2020-02-24 06:49:13) py-base_optimizer       : Not allowed to localize observation DUE1, 12289
 [DEBUG  ] (2020-02-24 06:49:13) py-base_optimizer       : Skipping observation (DUE1,12290) because of flag value 2
 [DEBUG  ] (2020-02-24 06:49:13) py-base_optimizer       : Proceeding to assimilate observation ESMO, 13772
 [DEBUG  ] (2020-02-24 06:49:13) py-base_optimizer       : Trying to localize observation ESMO, 13772
 [DEBUG  ] (2020-02-24 06:49:13) py-optimizer            : Not localized observation 13772
 [DEBUG  ] (2020-02-24 06:49:13) py-base_optimizer       : Proceeding to assimilate observation ESMO, 13773
 [DEBUG  ] (2020-02-24 06:49:13) py-base_optimizer       : Trying to localize observation ESMO, 13773
 [DEBUG  ] (2020-02-24 06:49:13) py-optimizer            : Not localized observation 13773
 [DEBUG  ] (2020-02-24 06:49:13) py-base_optimizer       : Proceeding to assimilate observation ESMO, 13774
 [DEBUG  ] (2020-02-24 06:49:13) py-base_optimizer       : Trying to localize observation ESMO, 13774
 [DEBUG  ] (2020-02-24 06:49:13) py-optimizer            : Not localized observation 13774
 [DEBUG  ] (2020-02-24 06:49:13) py-base_optimizer       : Proceeding to assimilate observation ESMO, 13775
 [DEBUG  ] (2020-02-24 06:49:13) py-base_optimizer       : Trying to localize observation ESMO, 13775
 [DEBUG  ] (2020-02-24 06:49:13) py-optimizer            : Not localized observation 13775
 [DEBUG  ] (2020-02-24 06:49:13) py-base_optimizer       : Proceeding to assimilate observation ESMO, 13776
 [DEBUG  ] (2020-02-24 06:49:13) py-base_optimizer       : Trying to localize observation ESMO, 13776
 [DEBUG  ] (2020-02-24 06:49:13) py-optimizer            : Not localized observation 13776
 [DEBUG  ] (2020-02-24 06:49:13) py-base_optimizer       : Proceeding to assimilate observation ESMO, 13777
 [DEBUG  ] (2020-02-24 06:49:13) py-base_optimizer       : Trying to localize observation ESMO, 13777
 [DEBUG  ] (2020-02-24 06:49:13) py-optimizer            : Not localized observation 13777
 [DEBUG  ] (2020-02-24 06:49:13) py-base_optimizer       : Proceeding to assimilate observation ESMO, 13778
 [DEBUG  ] (2020-02-24 06:49:13) py-base_optimizer       : Trying to localize observation ESMO, 13778
 [DEBUG  ] (2020-02-24 06:49:13) py-optimizer            : Not localized observation 13778
 [DEBUG  ] (2020-02-24 06:49:13) py-base_optimizer       : Proceeding to assimilate observation FROB, 14981
 [DEBUG  ] (2020-02-24 06:49:13) py-base_optimizer       : Trying to localize observation FROB, 14981
 [DEBUG  ] (2020-02-24 06:49:13) py-optimizer            : Not localized observation 14981
 [DEBUG  ] (2020-02-24 06:49:13) py-base_optimizer       : Proceeding to assimilate observation FROB, 14982
 [DEBUG  ] (2020-02-24 06:49:13) py-base_optimizer       : Trying to localize observation FROB, 14982
 [DEBUG  ] (2020-02-24 06:49:13) py-optimizer            : Not localized observation 14982
 [DEBUG  ] (2020-02-24 06:49:13) py-base_optimizer       : Proceeding to assimilate observation FROB, 14983
 [DEBUG  ] (2020-02-24 06:49:13) py-base_optimizer       : Trying to localize observation FROB, 14983
 [DEBUG  ] (2020-02-24 06:49:13) py-optimizer            : Not localized observation 14983
 [DEBUG  ] (2020-02-24 06:49:13) py-base_optimizer       : Skipping observation (FROB,14984) because of flag value 2
 [DEBUG  ] (2020-02-24 06:49:13) py-base_optimizer       : Proceeding to assimilate observation FROB, 14985
 [DEBUG  ] (2020-02-24 06:49:13) py-base_optimizer       : Trying to localize observation FROB, 14985
 [DEBUG  ] (2020-02-24 06:49:13) py-optimizer            : Not localized observation 14985
 [DEBUG  ] (2020-02-24 06:49:13) py-base_optimizer       : Proceeding to assimilate observation FROB, 14986
 [DEBUG  ] (2020-02-24 06:49:13) py-base_optimizer       : Trying to localize observation FROB, 14986
 [DEBUG  ] (2020-02-24 06:49:13) py-optimizer            : Not localized observation 14986
 [DEBUG  ] (2020-02-24 06:49:13) py-base_optimizer       : Proceeding to assimilate observation FROB, 14987
 [DEBUG  ] (2020-02-24 06:49:13) py-base_optimizer       : Trying to localize observation FROB, 14987
 [DEBUG  ] (2020-02-24 06:49:13) py-optimizer            : Not localized observation 14987
 [DEBUG  ] (2020-02-24 06:49:13) py-base_optimizer       : Proceeding to assimilate observation GIMM, 15725
 [DEBUG  ] (2020-02-24 06:49:13) py-base_optimizer       : Not allowed to localize observation GIMM, 15725
 [DEBUG  ] (2020-02-24 06:49:13) py-base_optimizer       : Skipping observation (GIMM,15726) because of flag value 2
 [DEBUG  ] (2020-02-24 06:49:13) py-base_optimizer       : Proceeding to assimilate observation GIMM, 15727
 [DEBUG  ] (2020-02-24 06:49:13) py-base_optimizer       : Not allowed to localize observation GIMM, 15727
 [DEBUG  ] (2020-02-24 06:49:13) py-base_optimizer       : Proceeding to assimilate observation GIMM, 15728
 [DEBUG  ] (2020-02-24 06:49:13) py-base_optimizer       : Not allowed to localize observation GIMM, 15728
 [DEBUG  ] (2020-02-24 06:49:13) py-base_optimizer       : Proceeding to assimilate observation GIMM, 15729
 [DEBUG  ] (2020-02-24 06:49:13) py-base_optimizer       : Not allowed to localize observation GIMM, 15729
 [DEBUG  ] (2020-02-24 06:49:13) py-base_optimizer       : Proceeding to assimilate observation GIMM, 15730
 [DEBUG  ] (2020-02-24 06:49:13) py-base_optimizer       : Not allowed to localize observation GIMM, 15730
 [DEBUG  ] (2020-02-24 06:49:13) py-base_optimizer       : Proceeding to assimilate observation GIMM, 15731
 [DEBUG  ] (2020-02-24 06:49:13) py-base_optimizer       : Not allowed to localize observation GIMM, 15731
 [DEBUG  ] (2020-02-24 06:49:13) py-base_optimizer       : Proceeding to assimilate observation HAE, 18143
 [DEBUG  ] (2020-02-24 06:49:13) py-base_optimizer       : Not allowed to localize observation HAE, 18143
 [DEBUG  ] (2020-02-24 06:49:13) py-base_optimizer       : Skipping observation (HAE,18144) because of flag value 2
 [DEBUG  ] (2020-02-24 06:49:13) py-base_optimizer       : Proceeding to assimilate observation HAE, 18145
 [DEBUG  ] (2020-02-24 06:49:13) py-base_optimizer       : Not allowed to localize observation HAE, 18145
 [DEBUG  ] (2020-02-24 06:49:13) py-base_optimizer       : Proceeding to assimilate observation HAE, 18146
 [DEBUG  ] (2020-02-24 06:49:13) py-base_optimizer       : Not allowed to localize observation HAE, 18146
 [DEBUG  ] (2020-02-24 06:49:13) py-base_optimizer       : Skipping observation (HAE,18147) because of flag value 2
 [DEBUG  ] (2020-02-24 06:49:13) py-base_optimizer       : Proceeding to assimilate observation HAE, 18148
 [DEBUG  ] (2020-02-24 06:49:13) py-base_optimizer       : Not allowed to localize observation HAE, 18148
 [DEBUG  ] (2020-02-24 06:49:13) py-base_optimizer       : Proceeding to assimilate observation HAE, 18149
 [DEBUG  ] (2020-02-24 06:49:13) py-base_optimizer       : Not allowed to localize observation HAE, 18149
 [DEBUG  ] (2020-02-24 06:49:13) py-base_optimizer       : Proceeding to assimilate observation LAEG, 21863
 [DEBUG  ] (2020-02-24 06:49:13) py-base_optimizer       : Not allowed to localize observation LAEG, 21863
 [DEBUG  ] (2020-02-24 06:49:13) py-base_optimizer       : Proceeding to assimilate observation LAEG, 21864
 [DEBUG  ] (2020-02-24 06:49:13) py-base_optimizer       : Not allowed to localize observation LAEG, 21864
 [DEBUG  ] (2020-02-24 06:49:13) py-base_optimizer       : Proceeding to assimilate observation LAEG, 21865
 [DEBUG  ] (2020-02-24 06:49:13) py-base_optimizer       : Not allowed to localize observation LAEG, 21865
 [DEBUG  ] (2020-02-24 06:49:13) py-base_optimizer       : Proceeding to assimilate observation LAEG, 21866
 [DEBUG  ] (2020-02-24 06:49:13) py-base_optimizer       : Not allowed to localize observation LAEG, 21866
 [DEBUG  ] (2020-02-24 06:49:13) py-base_optimizer       : Skipping observation (LAEG,21867) because of flag value 2
 [DEBUG  ] (2020-02-24 06:49:13) py-base_optimizer       : Proceeding to assimilate observation LAEG, 21868
 [DEBUG  ] (2020-02-24 06:49:13) py-base_optimizer       : Not allowed to localize observation LAEG, 21868
 [DEBUG  ] (2020-02-24 06:49:13) py-base_optimizer       : Proceeding to assimilate observation LAEG, 21869
 [DEBUG  ] (2020-02-24 06:49:13) py-base_optimizer       : Not allowed to localize observation LAEG, 21869
 [DEBUG  ] (2020-02-24 06:49:13) py-base_optimizer       : Skipping observation (MAGN,23723) because of flag value 2
 [DEBUG  ] (2020-02-24 06:49:13) py-base_optimizer       : Proceeding to assimilate observation MAGN, 23724
 [DEBUG  ] (2020-02-24 06:49:13) py-base_optimizer       : Trying to localize observation MAGN, 23724
 [DEBUG  ] (2020-02-24 06:49:13) py-optimizer            : Not localized observation 23724
 [DEBUG  ] (2020-02-24 06:49:13) py-base_optimizer       : Proceeding to assimilate observation MAGN, 23725
 [DEBUG  ] (2020-02-24 06:49:13) py-base_optimizer       : Trying to localize observation MAGN, 23725
 [DEBUG  ] (2020-02-24 06:49:13) py-optimizer            : Not localized observation 23725
 [DEBUG  ] (2020-02-24 06:49:13) py-base_optimizer       : Skipping observation (MAGN,23726) because of flag value 2
 [DEBUG  ] (2020-02-24 06:49:13) py-base_optimizer       : Proceeding to assimilate observation MAGN, 23727
 [DEBUG  ] (2020-02-24 06:49:13) py-base_optimizer       : Trying to localize observation MAGN, 23727
 [DEBUG  ] (2020-02-24 06:49:13) py-optimizer            : Not localized observation 23727
 [DEBUG  ] (2020-02-24 06:49:13) py-base_optimizer       : Proceeding to assimilate observation MAGN, 23728
 [DEBUG  ] (2020-02-24 06:49:13) py-base_optimizer       : Trying to localize observation MAGN, 23728
 [DEBUG  ] (2020-02-24 06:49:13) py-optimizer            : Not localized observation 23728
 [DEBUG  ] (2020-02-24 06:49:13) py-base_optimizer       : Skipping observation (MAGN,23729) because of flag value 2
 [DEBUG  ] (2020-02-24 06:49:13) py-base_optimizer       : Proceeding to assimilate observation PAYN, 28838
 [DEBUG  ] (2020-02-24 06:49:13) py-base_optimizer       : Not allowed to localize observation PAYN, 28838
 [DEBUG  ] (2020-02-24 06:49:13) py-base_optimizer       : Proceeding to assimilate observation PAYN, 28839
 [DEBUG  ] (2020-02-24 06:49:13) py-base_optimizer       : Not allowed to localize observation PAYN, 28839
 [DEBUG  ] (2020-02-24 06:49:13) py-base_optimizer       : Proceeding to assimilate observation PAYN, 28840
 [DEBUG  ] (2020-02-24 06:49:13) py-base_optimizer       : Not allowed to localize observation PAYN, 28840
 [DEBUG  ] (2020-02-24 06:49:13) py-base_optimizer       : Skipping observation (PAYN,28841) because of flag value 2
 [DEBUG  ] (2020-02-24 06:49:13) py-base_optimizer       : Proceeding to assimilate observation PAYN, 28842
 [DEBUG  ] (2020-02-24 06:49:13) py-base_optimizer       : Not allowed to localize observation PAYN, 28842
 [DEBUG  ] (2020-02-24 06:49:13) py-base_optimizer       : Proceeding to assimilate observation PAYN, 28843
 [DEBUG  ] (2020-02-24 06:49:13) py-base_optimizer       : Not allowed to localize observation PAYN, 28843
 [DEBUG  ] (2020-02-24 06:49:13) py-base_optimizer       : Proceeding to assimilate observation PAYN, 28844
 [DEBUG  ] (2020-02-24 06:49:13) py-base_optimizer       : Not allowed to localize observation PAYN, 28844
 [DEBUG  ] (2020-02-24 06:49:13) py-base_optimizer       : Skipping observation (RECK,30419) because of flag value 2
 [DEBUG  ] (2020-02-24 06:49:13) py-base_optimizer       : Skipping observation (RECK,30420) because of flag value 2
 [DEBUG  ] (2020-02-24 06:49:13) py-base_optimizer       : Proceeding to assimilate observation RECK, 30421
 [DEBUG  ] (2020-02-24 06:49:13) py-base_optimizer       : Trying to localize observation RECK, 30421
 [DEBUG  ] (2020-02-24 06:49:13) py-optimizer            : Not localized observation 30421
 [DEBUG  ] (2020-02-24 06:49:13) py-base_optimizer       : Skipping observation (RECK,30422) because of flag value 2
 [DEBUG  ] (2020-02-24 06:49:13) py-base_optimizer       : Proceeding to assimilate observation RECK, 30423
 [DEBUG  ] (2020-02-24 06:49:13) py-base_optimizer       : Trying to localize observation RECK, 30423
 [DEBUG  ] (2020-02-24 06:49:13) py-optimizer            : Not localized observation 30423
 [DEBUG  ] (2020-02-24 06:49:13) py-base_optimizer       : Proceeding to assimilate observation RECK, 30424
 [DEBUG  ] (2020-02-24 06:49:13) py-base_optimizer       : Trying to localize observation RECK, 30424
 [DEBUG  ] (2020-02-24 06:49:13) py-optimizer            : Not localized observation 30424
 [DEBUG  ] (2020-02-24 06:49:13) py-base_optimizer       : Proceeding to assimilate observation RECK, 30425
 [DEBUG  ] (2020-02-24 06:49:13) py-base_optimizer       : Trying to localize observation RECK, 30425
 [DEBUG  ] (2020-02-24 06:49:13) py-optimizer            : Not localized observation 30425
 [DEBUG  ] (2020-02-24 06:49:13) py-base_optimizer       : Proceeding to assimilate observation RIG, 30977
 [DEBUG  ] (2020-02-24 06:49:13) py-base_optimizer       : Not allowed to localize observation RIG, 30977
 [DEBUG  ] (2020-02-24 06:49:13) py-base_optimizer       : Proceeding to assimilate observation RIG, 30978
 [DEBUG  ] (2020-02-24 06:49:13) py-base_optimizer       : Not allowed to localize observation RIG, 30978
 [DEBUG  ] (2020-02-24 06:49:13) py-base_optimizer       : Proceeding to assimilate observation RIG, 30979
 [DEBUG  ] (2020-02-24 06:49:13) py-base_optimizer       : Not allowed to localize observation RIG, 30979
 [DEBUG  ] (2020-02-24 06:49:13) py-base_optimizer       : Skipping observation (RIG,30980) because of flag value 2
 [DEBUG  ] (2020-02-24 06:49:13) py-base_optimizer       : Skipping observation (RIG,30981) because of flag value 2
 [DEBUG  ] (2020-02-24 06:49:13) py-base_optimizer       : Proceeding to assimilate observation RIG, 30982
 [DEBUG  ] (2020-02-24 06:49:13) py-base_optimizer       : Not allowed to localize observation RIG, 30982
 [DEBUG  ] (2020-02-24 06:49:13) py-base_optimizer       : Proceeding to assimilate observation RIG, 30983
 [DEBUG  ] (2020-02-24 06:49:13) py-base_optimizer       : Not allowed to localize observation RIG, 30983
 [DEBUG  ] (2020-02-24 06:49:13) py-base_optimizer       : Skipping observation (SAVE,32093) because of flag value 2
 [DEBUG  ] (2020-02-24 06:49:13) py-base_optimizer       : Skipping observation (SAVE,32094) because of flag value 2
 [DEBUG  ] (2020-02-24 06:49:13) py-base_optimizer       : Proceeding to assimilate observation SAVE, 32095
 [DEBUG  ] (2020-02-24 06:49:13) py-base_optimizer       : Trying to localize observation SAVE, 32095
 [DEBUG  ] (2020-02-24 06:49:13) py-optimizer            : Not localized observation 32095
 [DEBUG  ] (2020-02-24 06:49:13) py-base_optimizer       : Proceeding to assimilate observation SAVE, 32096
 [DEBUG  ] (2020-02-24 06:49:13) py-base_optimizer       : Trying to localize observation SAVE, 32096
 [DEBUG  ] (2020-02-24 06:49:13) py-optimizer            : Not localized observation 32096
 [DEBUG  ] (2020-02-24 06:49:13) py-base_optimizer       : Proceeding to assimilate observation SAVE, 32097
 [DEBUG  ] (2020-02-24 06:49:13) py-base_optimizer       : Trying to localize observation SAVE, 32097
 [DEBUG  ] (2020-02-24 06:49:13) py-optimizer            : Not localized observation 32097
 [DEBUG  ] (2020-02-24 06:49:13) py-base_optimizer       : Skipping observation (SAVE,32098) because of flag value 2
 [DEBUG  ] (2020-02-24 06:49:13) py-base_optimizer       : Proceeding to assimilate observation SAVE, 32099
 [DEBUG  ] (2020-02-24 06:49:13) py-base_optimizer       : Trying to localize observation SAVE, 32099
 [DEBUG  ] (2020-02-24 06:49:13) py-optimizer            : Not localized observation 32099
 [DEBUG  ] (2020-02-24 06:49:13) py-base_optimizer       : Proceeding to assimilate observation SEMP, 32651
 [DEBUG  ] (2020-02-24 06:49:13) py-base_optimizer       : Trying to localize observation SEMP, 32651
 [DEBUG  ] (2020-02-24 06:49:13) py-optimizer            : Not localized observation 32651
 [DEBUG  ] (2020-02-24 06:49:13) py-base_optimizer       : Skipping observation (SEMP,32652) because of flag value 2
 [DEBUG  ] (2020-02-24 06:49:13) py-base_optimizer       : Proceeding to assimilate observation SEMP, 32653
 [DEBUG  ] (2020-02-24 06:49:13) py-base_optimizer       : Trying to localize observation SEMP, 32653
 [DEBUG  ] (2020-02-24 06:49:13) py-optimizer            : Not localized observation 32653
 [DEBUG  ] (2020-02-24 06:49:13) py-base_optimizer       : Proceeding to assimilate observation SEMP, 32654
 [DEBUG  ] (2020-02-24 06:49:13) py-base_optimizer       : Trying to localize observation SEMP, 32654
 [DEBUG  ] (2020-02-24 06:49:13) py-optimizer            : Not localized observation 32654
 [DEBUG  ] (2020-02-24 06:49:13) py-base_optimizer       : Proceeding to assimilate observation SEMP, 32655
 [DEBUG  ] (2020-02-24 06:49:13) py-base_optimizer       : Trying to localize observation SEMP, 32655
 [DEBUG  ] (2020-02-24 06:49:13) py-optimizer            : Not localized observation 32655
 [DEBUG  ] (2020-02-24 06:49:13) py-base_optimizer       : Proceeding to assimilate observation SEMP, 32656
 [DEBUG  ] (2020-02-24 06:49:13) py-base_optimizer       : Trying to localize observation SEMP, 32656
 [DEBUG  ] (2020-02-24 06:49:13) py-optimizer            : Not localized observation 32656
 [DEBUG  ] (2020-02-24 06:49:13) py-base_optimizer       : Proceeding to assimilate observation SEMP, 32657
 [DEBUG  ] (2020-02-24 06:49:13) py-base_optimizer       : Trying to localize observation SEMP, 32657
 [DEBUG  ] (2020-02-24 06:49:13) py-optimizer            : Not localized observation 32657
 [DEBUG  ] (2020-02-24 06:49:13) py-base_optimizer       : Proceeding to assimilate observation SOTT, 34511
 [DEBUG  ] (2020-02-24 06:49:13) py-base_optimizer       : Trying to localize observation SOTT, 34511
 [DEBUG  ] (2020-02-24 06:49:13) py-optimizer            : Not localized observation 34511
 [DEBUG  ] (2020-02-24 06:49:13) py-base_optimizer       : Proceeding to assimilate observation SOTT, 34512
 [DEBUG  ] (2020-02-24 06:49:13) py-base_optimizer       : Trying to localize observation SOTT, 34512
 [DEBUG  ] (2020-02-24 06:49:13) py-optimizer            : Not localized observation 34512
 [DEBUG  ] (2020-02-24 06:49:13) py-base_optimizer       : Proceeding to assimilate observation SOTT, 34513
 [DEBUG  ] (2020-02-24 06:49:13) py-base_optimizer       : Trying to localize observation SOTT, 34513
 [DEBUG  ] (2020-02-24 06:49:13) py-optimizer            : Not localized observation 34513
 [DEBUG  ] (2020-02-24 06:49:13) py-base_optimizer       : Proceeding to assimilate observation SOTT, 34514
 [DEBUG  ] (2020-02-24 06:49:13) py-base_optimizer       : Trying to localize observation SOTT, 34514
 [DEBUG  ] (2020-02-24 06:49:13) py-optimizer            : Not localized observation 34514
 [DEBUG  ] (2020-02-24 06:49:13) py-base_optimizer       : Proceeding to assimilate observation SOTT, 34515
 [DEBUG  ] (2020-02-24 06:49:13) py-base_optimizer       : Trying to localize observation SOTT, 34515
 [DEBUG  ] (2020-02-24 06:49:13) py-optimizer            : Not localized observation 34515
 [DEBUG  ] (2020-02-24 06:49:13) py-base_optimizer       : Proceeding to assimilate observation SOTT, 34516
 [DEBUG  ] (2020-02-24 06:49:13) py-base_optimizer       : Trying to localize observation SOTT, 34516
 [DEBUG  ] (2020-02-24 06:49:13) py-optimizer            : Not localized observation 34516
 [DEBUG  ] (2020-02-24 06:49:13) py-base_optimizer       : Proceeding to assimilate observation SOTT, 34517
 [DEBUG  ] (2020-02-24 06:49:13) py-base_optimizer       : Trying to localize observation SOTT, 34517
 [DEBUG  ] (2020-02-24 06:49:13) py-optimizer            : Not localized observation 34517
 [DEBUG  ] (2020-02-24 06:49:13) py-base_optimizer       : Skipping observation (SSAL,34697) because of flag value 2
 [DEBUG  ] (2020-02-24 06:49:13) py-base_optimizer       : Proceeding to assimilate observation SSAL, 34698
 [DEBUG  ] (2020-02-24 06:49:13) py-base_optimizer       : Trying to localize observation SSAL, 34698
 [DEBUG  ] (2020-02-24 06:49:13) py-optimizer            : Not localized observation 34698
 [DEBUG  ] (2020-02-24 06:49:13) py-base_optimizer       : Skipping observation (SSAL,34699) because of flag value 2
 [DEBUG  ] (2020-02-24 06:49:13) py-base_optimizer       : Proceeding to assimilate observation SSAL, 34700
 [DEBUG  ] (2020-02-24 06:49:13) py-base_optimizer       : Trying to localize observation SSAL, 34700
 [DEBUG  ] (2020-02-24 06:49:13) py-optimizer            : Not localized observation 34700
 [DEBUG  ] (2020-02-24 06:49:13) py-base_optimizer       : Proceeding to assimilate observation SSAL, 34701
 [DEBUG  ] (2020-02-24 06:49:13) py-base_optimizer       : Trying to localize observation SSAL, 34701
 [DEBUG  ] (2020-02-24 06:49:13) py-optimizer            : Not localized observation 34701
 [DEBUG  ] (2020-02-24 06:49:13) py-base_optimizer       : Skipping observation (SSAL,34702) because of flag value 2
 [DEBUG  ] (2020-02-24 06:49:13) py-base_optimizer       : Skipping observation (SSAL,34703) because of flag value 2
 [DEBUG  ] (2020-02-24 06:49:13) py-base_optimizer       : Proceeding to assimilate observation TAEN, 35348
 [DEBUG  ] (2020-02-24 06:49:13) py-base_optimizer       : Trying to localize observation TAEN, 35348
 [DEBUG  ] (2020-02-24 06:49:13) py-optimizer            : Not localized observation 35348
 [DEBUG  ] (2020-02-24 06:49:13) py-base_optimizer       : Proceeding to assimilate observation TAEN, 35349
 [DEBUG  ] (2020-02-24 06:49:13) py-base_optimizer       : Trying to localize observation TAEN, 35349
 [DEBUG  ] (2020-02-24 06:49:13) py-optimizer            : Not localized observation 35349
 [DEBUG  ] (2020-02-24 06:49:13) py-base_optimizer       : Proceeding to assimilate observation TAEN, 35350
 [DEBUG  ] (2020-02-24 06:49:13) py-base_optimizer       : Trying to localize observation TAEN, 35350
 [DEBUG  ] (2020-02-24 06:49:13) py-optimizer            : Not localized observation 35350
 [DEBUG  ] (2020-02-24 06:49:13) py-base_optimizer       : Proceeding to assimilate observation TAEN, 35351
 [DEBUG  ] (2020-02-24 06:49:13) py-base_optimizer       : Trying to localize observation TAEN, 35351
 [DEBUG  ] (2020-02-24 06:49:13) py-optimizer            : Not localized observation 35351
 [DEBUG  ] (2020-02-24 06:49:13) py-base_optimizer       : Skipping observation (TAEN,35352) because of flag value 2
 [DEBUG  ] (2020-02-24 06:49:13) py-base_optimizer       : Proceeding to assimilate observation TAEN, 35353
 [DEBUG  ] (2020-02-24 06:49:13) py-base_optimizer       : Trying to localize observation TAEN, 35353
 [DEBUG  ] (2020-02-24 06:49:13) py-optimizer            : Not localized observation 35353
 [DEBUG  ] (2020-02-24 06:49:13) py-base_optimizer       : Proceeding to assimilate observation TAEN, 35354
 [DEBUG  ] (2020-02-24 06:49:13) py-base_optimizer       : Trying to localize observation TAEN, 35354
 [DEBUG  ] (2020-02-24 06:49:13) py-optimizer            : Not localized observation 35354
 [DEBUG  ] (2020-02-24 06:49:13) py-base_optimizer       : Proceeding to assimilate observation ZHBR, 40184
 [DEBUG  ] (2020-02-24 06:49:13) py-base_optimizer       : Trying to localize observation ZHBR, 40184
 [DEBUG  ] (2020-02-24 06:49:13) py-optimizer            : Not localized observation 40184
 [DEBUG  ] (2020-02-24 06:49:13) py-base_optimizer       : Proceeding to assimilate observation ZHBR, 40185
 [DEBUG  ] (2020-02-24 06:49:13) py-base_optimizer       : Trying to localize observation ZHBR, 40185
 [DEBUG  ] (2020-02-24 06:49:13) py-optimizer            : Not localized observation 40185
 [DEBUG  ] (2020-02-24 06:49:13) py-base_optimizer       : Proceeding to assimilate observation ZHBR, 40186
 [DEBUG  ] (2020-02-24 06:49:13) py-base_optimizer       : Trying to localize observation ZHBR, 40186
 [DEBUG  ] (2020-02-24 06:49:13) py-optimizer            : Not localized observation 40186
 [DEBUG  ] (2020-02-24 06:49:13) py-base_optimizer       : Skipping observation (ZHBR,40187) because of flag value 2
 [DEBUG  ] (2020-02-24 06:49:13) py-base_optimizer       : Skipping observation (ZHBR,40188) because of flag value 2
 [DEBUG  ] (2020-02-24 06:49:13) py-base_optimizer       : Proceeding to assimilate observation ZHBR, 40189
 [DEBUG  ] (2020-02-24 06:49:13) py-base_optimizer       : Trying to localize observation ZHBR, 40189
 [DEBUG  ] (2020-02-24 06:49:13) py-optimizer            : Not localized observation 40189
 [DEBUG  ] (2020-02-24 06:49:13) py-base_optimizer       : Skipping observation (ZHBR,40190) because of flag value 2
 [DEBUG  ] (2020-02-24 06:49:13) py-base_optimizer       : Proceeding to assimilate observation ZSCH, 44090
 [DEBUG  ] (2020-02-24 06:49:13) py-base_optimizer       : Trying to localize observation ZSCH, 44090
 [DEBUG  ] (2020-02-24 06:49:13) py-optimizer            : Not localized observation 44090
 [DEBUG  ] (2020-02-24 06:49:13) py-base_optimizer       : Proceeding to assimilate observation ZSCH, 44091
 [DEBUG  ] (2020-02-24 06:49:13) py-base_optimizer       : Trying to localize observation ZSCH, 44091
 [DEBUG  ] (2020-02-24 06:49:13) py-optimizer            : Not localized observation 44091
 [DEBUG  ] (2020-02-24 06:49:13) py-base_optimizer       : Proceeding to assimilate observation ZSCH, 44092
 [DEBUG  ] (2020-02-24 06:49:13) py-base_optimizer       : Trying to localize observation ZSCH, 44092
 [DEBUG  ] (2020-02-24 06:49:13) py-optimizer            : Not localized observation 44092
 [DEBUG  ] (2020-02-24 06:49:13) py-base_optimizer       : Proceeding to assimilate observation ZSCH, 44093
 [DEBUG  ] (2020-02-24 06:49:13) py-base_optimizer       : Trying to localize observation ZSCH, 44093
 [DEBUG  ] (2020-02-24 06:49:13) py-optimizer            : Not localized observation 44093
 [DEBUG  ] (2020-02-24 06:49:13) py-base_optimizer       : Skipping observation (ZSCH,44094) because of flag value 2
 [DEBUG  ] (2020-02-24 06:49:13) py-base_optimizer       : Skipping observation (ZSCH,44095) because of flag value 2
 [DEBUG  ] (2020-02-24 06:49:13) py-base_optimizer       : Proceeding to assimilate observation ZSCH, 44096
 [DEBUG  ] (2020-02-24 06:49:13) py-base_optimizer       : Trying to localize observation ZSCH, 44096
 [DEBUG  ] (2020-02-24 06:49:13) py-optimizer            : Not localized observation 44096
 [DEBUG  ] (2020-02-24 06:49:13) py-base_optimizer       : Proceeding to assimilate observation ZUE, 44741
 [DEBUG  ] (2020-02-24 06:49:13) py-base_optimizer       : Trying to localize observation ZUE, 44741
 [DEBUG  ] (2020-02-24 06:49:13) py-optimizer            : Not localized observation 44741
 [DEBUG  ] (2020-02-24 06:49:13) py-base_optimizer       : Proceeding to assimilate observation ZUE, 44742
 [DEBUG  ] (2020-02-24 06:49:13) py-base_optimizer       : Trying to localize observation ZUE, 44742
 [DEBUG  ] (2020-02-24 06:49:13) py-optimizer            : Not localized observation 44742
 [DEBUG  ] (2020-02-24 06:49:13) py-base_optimizer       : Proceeding to assimilate observation ZUE, 44743
 [DEBUG  ] (2020-02-24 06:49:13) py-base_optimizer       : Trying to localize observation ZUE, 44743
 [DEBUG  ] (2020-02-24 06:49:13) py-optimizer            : Not localized observation 44743
 [DEBUG  ] (2020-02-24 06:49:13) py-base_optimizer       : Proceeding to assimilate observation ZUE, 44744
 [DEBUG  ] (2020-02-24 06:49:13) py-base_optimizer       : Trying to localize observation ZUE, 44744
 [DEBUG  ] (2020-02-24 06:49:13) py-optimizer            : Not localized observation 44744
 [DEBUG  ] (2020-02-24 06:49:13) py-base_optimizer       : Proceeding to assimilate observation ZUE, 44745
 [DEBUG  ] (2020-02-24 06:49:13) py-base_optimizer       : Trying to localize observation ZUE, 44745
 [DEBUG  ] (2020-02-24 06:49:13) py-optimizer            : Not localized observation 44745
 [DEBUG  ] (2020-02-24 06:49:13) py-base_optimizer       : Proceeding to assimilate observation ZUE, 44746
 [DEBUG  ] (2020-02-24 06:49:13) py-base_optimizer       : Trying to localize observation ZUE, 44746
 [DEBUG  ] (2020-02-24 06:49:13) py-optimizer            : Not localized observation 44746
 [DEBUG  ] (2020-02-24 06:49:13) py-base_optimizer       : Proceeding to assimilate observation ZUE, 44747
 [DEBUG  ] (2020-02-24 06:49:13) py-base_optimizer       : Trying to localize observation ZUE, 44747
 [DEBUG  ] (2020-02-24 06:49:13) py-optimizer            : Not localized observation 44747
 [DEBUG  ] (2020-02-24 06:49:13) py-base_optimizer       : Returning optimized data to the StateVector, setting "StateVector.isOptimized = True" 
 [DEBUG  ] (2020-02-24 06:49:13) py-base_optimizer       : Opening existing diagnostics file for optimizer (/scratch/snx3000/parsenov/wo_bg/output/20190301/optimizer.20190301.nc)
 [DEBUG  ] (2020-02-24 06:49:13) py-base_optimizer       : Diagnostics file closed
chi2 5081.360027739914
chi2 33.100029534726815
chi2 1406.4010115475319
chi2 2003.2052988626167
chi2 1062.435166175249
chi2 1357.2541616239905
chi2 3565.7261495384855
chi2 1285.3161831241837
chi2 3596.823760553941
chi2 0.016084579339984358
chi2 1572.8003124276975
chi2 2638.244808867233
chi2 717.4561552436875
chi2 4109.834344055129
chi2 874.1807522661754
chi2 2102.9915346912435
chi2 3134.223708077316
chi2 2269.4817523189568
chi2 398.52595386731934
chi2 2756.5102071386864
chi2 1295.836882019472
chi2 464.26158009221496
chi2 584.2229707752854
chi2 13776.53406872465
chi2 429.8566320176727
chi2 1523.9331546770056
chi2 5.127832758065696
chi2 105.84560554844172
chi2 2733.259416899456
chi2 20606.933239585254
chi2 0.3927449606543241
chi2 595.8327664864102
chi2 559.139270739763
chi2 2994.996306568355
chi2 7511.6393912420435
chi2 1219.768185431997
chi2 1990.5800777022598
chi2 3284.2571817129246
chi2 1147.1331370248542
chi2 22190.033739346134
chi2 3663.6335018948134
chi2 48691.588967623604
chi2 4129.741408307866
chi2 18958.290786262165
chi2 30065.297309968686
chi2 8984.894962548195
chi2 5586.117404126304
chi2 12.147422498536079
chi2 33.13763131949655
chi2 20919.875071066304
chi2 2528.85065080139
chi2 9808.336734998058
chi2 11751.2831747061
chi2 4667.914296558242
chi2 1285.9348480768567
chi2 807.985888457702
chi2 2572.7488758638674
chi2 753.7025040995431
chi2 267.59843543377656
chi2 6227.052564084542
chi2 15715.823642341767
chi2 1580.7119507819048
chi2 5346.448688748895
chi2 12.632927267411178
chi2 237.34342953242285
chi2 363.77869738217584
chi2 45424.58727035274
chi2 51570.97138875855
chi2 23226.842296477687
chi2 34894.70191144647
chi2 27887.12444682191
chi2 18151.915614256603
chi2 1097.537176478652
chi2 1554.5438665089382
chi2 1659.3967058333142
chi2 134.01765841845284
chi2 578.835192590603
chi2 1625.3318906733914
chi2 174.60734029669473
chi2 6167.3778290047385
chi2 5232.104199343516
chi2 68.6002255987811
chi2 1.7612968250372532
chi2 2645.386075092475
chi2 9105.311531764519
chi2 6158.408547590179
chi2 2168.746748778373
chi2 1891.6921184185549
chi2 5732.829502405592
chi2 3444.2077503268247
chi2 233.3133449677016
chi2 972.0595610972066
chi2 1221.9308885935234
chi2 665.1218133187351
chi2 2055.0928518312157
chi2 47.98347994141203
chi2 920.867051303605
chi2 1625.6137413475553
chi2 398.68772467172164
chi2 1916.7159662295444
chi2 265.1882794782437
chi2 436.7455964891781
chi2 993.8064614712508
chi2 51.75526629832019
chi2 1660.1698980912386
chi2 406.5953582816105
chi2 525.1241090234305
chi2 393.18691471271546
chi2 936.1179411622394
chi2 30.566926751719393
chi2 8153.5447220327005
chi2 12639.927940036452
chi2 2541.2440300908584
chi2 2541.096362275738
chi2 18799.21202283993
chi2 5932.486007503179
chi2 4899.761636467135
chi2 4620.571522814005
chi2 4636.804210377917
chi2 27.67963143418745
chi2 5789.208841240546
chi2 3363.836219808155
chi2 5573.9102845896605
chi2 4724.375841340274
chi2 14.013305623455059
chi2 1479.4379476157999
chi2 24466.27080164211
chi2 66.9463495160702
chi2 13452.672632589547
chi2 474.18779254669784
chi2 3086.4305028677104
chi2 1214.1421966657006
chi2 5209.252842446674
chi2 8.402228692579099
chi2 8.435486175880277
chi2 4357.220138057733
chi2 1124.788812293128
chi2 320.38673828380894
chi2 5407.137825683786
chi2 4907.092180401337
chi2 1052.5405208966943
chi2 491.9898481214356
chi2 1641.0529646405018
chi2 3938.19111292348
chi2 1448.2082042984875
chi2 5215.479888998474
chi2 2900.262433445337
chi2 390.13387689010534
chi2 1171.6388229292354
chi2 2165.612957772651
chi2 2085.135054352738
chi2 3253.167942485862
chi2 3851.8314810186434
chi2 13842.892784408834
chi2 4517.503153307202
chi2 33819.10745097924
chi2 12332.846692947194
chi2 31634.78033719655
chi2 14345.397756595516
chi2 20312.371932921422
chi2 13454.303450598773
chi2 16564.932130362053
chi2 3950.4156868848236
chi2 12265.79859986951
chi2 2390.5509350888133
chi2 1874.7188895611432
chi2 4947.530163129906
chi2 21615.061929265365
chi2 25296.470084571043
chi2 21903.752981279995
chi2 5766.587779487601
chi2 1037.7805803640824
chi2 6345.3770959834055
chi2 5324.04221571
chi2 5905.3212588417655
chi2 5370.392118754808
chi2 0.1594889461530159
chi2 8325.4496698546
chi2 19046.695487883215
chi2 13017.883957683673
chi2 136.42616822944822
chi2 3135.5463536275183
chi2 1975.9506692912312
chi2 430.39979353589047
chi2 4395.2362958563435
chi2 30385.0466858203
chi2 3688.4898853902287
chi2 23991.79963884364
chi2 38700.21706123105
chi2 871.0868741148611
chi2 5329.5155288169135
chi2 397.6748813370469
chi2 4022.5134133241627
chi2 1256.1278207261078
chi2 5189.971098192945
chi2 730.1476639055785
chi2 3596.450625896519
chi2 41.476554966085715
chi2 2658.033349371582
chi2 4335.119146028665
chi2 529.7784203811498
chi2 702.3348380935679
chi2 3294.344365937313
chi2 1488.1257718932009
chi2 6127.548815377322
chi2 1873.3280700871996
chi2 16.268930011164212
chi2 6262.7378959989
chi2 2321.1793850870263
chi2 7592.824234655255
chi2 34.97595252032788
chi2 2866.5667887413365
chi2 581.802949229256
chi2 131.4332755394368
chi2 495.50756205392037
chi2 7.95490488946105
chi2 71.26043881509946
chi2 497.59357808762184
chi2 248.64145398571864
chi2 516.1625720472304
chi2 8.340555205630354
chi2 2727.520133342395
chi2 2273.5812954518233
chi2 2887.3374542920938
chi2 609.1743480107519
chi2 23.30861895890102
chi2 1931.5359304946157
chi2 3152.380206139979
chi2 12130.534971008216
chi2 0.0012076003827184679
chi2 2865.294467444115
