 [INFO   ] (2020-04-06 12:11:05) py-initexit             : -v flag specified on command line: extra verbose output
 [DEBUG  ] (2020-04-06 12:11:05) py-rc                   : reading rcfile config.rc ...
 [INFO   ] (2020-04-06 12:11:05) py-initexit             : DA Cycle rc-file (config.rc) loaded successfully
 [DEBUG  ] (2020-04-06 12:11:05) py-initexit             : DA Cycle settings have been validated succesfully
 [DEBUG  ] (2020-04-06 12:11:05) py-rc                   : reading rcfile da/rc/carbontracker_cosmo.rc ...
 [DEBUG  ] (2020-04-06 12:11:05) py-rc                   : Added rootdir to requested include: da/rc/NamingScheme.wp_Mar2011.rc
 [DEBUG  ] (2020-04-06 12:11:05) py-dasystem             : DA System Info rc-file (da/rc/carbontracker_cosmo.rc) loaded successfully
 [DEBUG  ] (2020-04-06 12:11:05) py-dasystem             : Data Assimilation System initialized: CarbonTracker CO2
 [INFO   ] (2020-04-06 12:11:05) py-observationoperator_cosmo : Observation Operator object initialized: ObservationOperator
 [INFO   ] (2020-04-06 12:11:05) py-obs                  : Observations object initialized: Observations baseclass
 [INFO   ] (2020-04-06 12:11:05) py-statevector_mean     : Statevector object initialized: Baseclass Statevector 
 [INFO   ] (2020-04-06 12:11:05) py-base_optimizer       : Optimizer object initialized: Optimizer baseclass
 [INFO   ] (2020-04-06 12:11:05) py-cosmo                : 

    ***************************************   Entering Pipeline     *************************************** 
  
 [INFO   ] (2020-04-06 12:11:05) py-pipeline             : 

    ***************************************   Initializing current cycle    *************************************** 
  
 [DEBUG  ] (2020-04-06 12:11:05) py-dasystem             : DA System Info settings have been validated succesfully
 [INFO   ] (2020-04-06 12:11:05) py-initexit             : First time step in filter sequence
 [DEBUG  ] (2020-04-06 12:11:05) py-general              : Using existing directory /scratch/snx3000/parsenov/bio_tracers4
 [DEBUG  ] (2020-04-06 12:11:05) py-general              : Using existing directory /scratch/snx3000/parsenov/bio_tracers4/exec
 [DEBUG  ] (2020-04-06 12:11:05) py-general              : Using existing directory /scratch/snx3000/parsenov/bio_tracers4/input
 [DEBUG  ] (2020-04-06 12:11:05) py-general              : Using existing directory /scratch/snx3000/parsenov/bio_tracers4/output/20190301
 [DEBUG  ] (2020-04-06 12:11:05) py-general              : Using existing directory /scratch/snx3000/parsenov/bio_tracers4/analysis
 [DEBUG  ] (2020-04-06 12:11:05) py-general              : Using existing directory /scratch/snx3000/parsenov/bio_tracers4/jobs
 [DEBUG  ] (2020-04-06 12:11:05) py-general              : Using existing directory /scratch/snx3000/parsenov/bio_tracers4/restart
 [INFO   ] (2020-04-06 12:11:05) py-initexit             : Succesfully created the file structure for the assimilation job
 [INFO   ] (2020-04-06 12:11:05) py-initexit             : Copied regions file to the analysis directory: /store/empa/em05/parsenov/CTDAS/ctdas-cosmo/da/analysis/cosmo_9_reg_mittel_4.nc
 [INFO   ] (2020-04-06 12:11:05) py-initexit             : Copied extended regions file to the analysis directory: /store/empa/em05/parsenov/CTDAS/ctdas-cosmo/da/analysis/cosmo_9_reg_mittel_4.nc
 [INFO   ] (2020-04-06 12:11:05) py-initexit             : ===============================================================
 [INFO   ] (2020-04-06 12:11:05) py-initexit             : DA Cycle start date is 2019-03-01 00:00
 [INFO   ] (2020-04-06 12:11:05) py-initexit             : DA Cycle end date is 2019-03-07 23:00
 [INFO   ] (2020-04-06 12:11:05) py-initexit             : DA Cycle final date is 2019-03-07 23:00
 [INFO   ] (2020-04-06 12:11:05) py-initexit             : DA Cycle cycle length is 7
 [INFO   ] (2020-04-06 12:11:05) py-initexit             : DA Cycle restart is False
 [INFO   ] (2020-04-06 12:11:05) py-initexit             : ===============================================================
 [DEBUG  ] (2020-04-06 12:11:05) py-statevector_mean     : A TransCom  map on 1x1 degree was read from file /store/empa/em05/parsenov/CTDAS/ctdas-cosmo/da/analysis/cosmo_9_reg_mittel_4.nc
 [DEBUG  ] (2020-04-06 12:11:05) py-statevector_mean     : A parameter map on 1x1 degree was read from file /store/empa/em05/parsenov/CTDAS/ctdas-cosmo/da/analysis/cosmo_9_reg_mittel_4.nc
 [DEBUG  ] (2020-04-06 12:11:05) py-statevector_mean     : A dictionary to map grids to states and vice versa was created
 [DEBUG  ] (2020-04-06 12:11:05) py-statevector_mean     : A matrix to map states to TransCom regions and vice versa was created
 [DEBUG  ] (2020-04-06 12:11:05) py-statevector_mean     : A species mask was created, only the following species are recognized in this system:
 [DEBUG  ] (2020-04-06 12:11:05) py-statevector_mean     :    ->    co2
 [INFO   ] (2020-04-06 12:11:05) py-pipeline             : 

    ***************************************   starting prepare_state    *************************************** 
  
 [DEBUG  ] (2020-04-06 12:11:05) py-statevector_mean     : Cholesky decomposition has succeeded 
 [INFO   ] (2020-04-06 12:11:05) py-statevector_mean     : Appr. degrees of freedom in covariance matrix is 89
 [DEBUG  ] (2020-04-06 12:11:05) py-statevector_mean     : 21 new ensemble members were added to the state vector # 1
 [DEBUG  ] (2020-04-06 12:11:05) py-statevector_mean     : Cholesky decomposition has succeeded 
 [INFO   ] (2020-04-06 12:11:05) py-statevector_mean     : Appr. degrees of freedom in covariance matrix is 89
 [DEBUG  ] (2020-04-06 12:11:05) py-statevector_mean     : 21 new ensemble members were added to the state vector # 2
 [DEBUG  ] (2020-04-06 12:11:05) py-statevector_mean     : Creating new StateVector output file (/scratch/snx3000/parsenov/bio_tracers4/restart/savestate_20190301.nc)
 [INFO   ] (2020-04-06 12:11:05) py-statevector_mean     : Successfully wrote the State Vector to file (/scratch/snx3000/parsenov/bio_tracers4/restart/savestate_20190301.nc) 
 [INFO   ] (2020-04-06 12:11:05) py-pipeline             : 

    ***************************************   starting sample_state    *************************************** 
  
 [INFO   ] (2020-04-06 12:11:05) py-pipeline             : Sampling model will be run over 2 cycles
 [INFO   ] (2020-04-06 12:11:05) py-pipeline             : 

    ***************************************   .....Ensemble Kalman Filter at lag 1
 [INFO   ] (2020-04-06 12:11:05) py-pipeline             : New simulation interval set : 
 [INFO   ] (2020-04-06 12:11:05) py-pipeline             :                   start date : 2019-03-01 00:00 
 [INFO   ] (2020-04-06 12:11:05) py-pipeline             :                   end   date : 2019-03-07 23:00 
 [INFO   ] (2020-04-06 12:11:05) py-pipeline             :                   file  stamp: 2019030100_2019030723 
 [DEBUG  ] (2020-04-06 12:11:07) py-observations_cosmo   : ObsPack dataset info read, proceeding with 22 netcdf files
 [DEBUG  ] (2020-04-06 12:11:07) py-observations_cosmo   : Added 7 observations from file (ALBS) to the Data list
 [DEBUG  ] (2020-04-06 12:11:07) py-observations_cosmo   : Added 7 observations from file (BNTG) to the Data list
 [DEBUG  ] (2020-04-06 12:11:07) py-observations_cosmo   : Added 7 observations from file (BRM) to the Data list
 [DEBUG  ] (2020-04-06 12:11:07) py-observations_cosmo   : Added 7 observations from file (CHRI) to the Data list
 [DEBUG  ] (2020-04-06 12:11:07) py-observations_cosmo   : Added 7 observations from file (DUE1) to the Data list
 [DEBUG  ] (2020-04-06 12:11:07) py-observations_cosmo   : Added 7 observations from file (ESMO) to the Data list
 [DEBUG  ] (2020-04-06 12:11:07) py-observations_cosmo   : Added 7 observations from file (FROB) to the Data list
 [DEBUG  ] (2020-04-06 12:11:07) py-observations_cosmo   : Added 7 observations from file (GIMM) to the Data list
 [DEBUG  ] (2020-04-06 12:11:07) py-observations_cosmo   : Added 7 observations from file (HAE) to the Data list
 [DEBUG  ] (2020-04-06 12:11:07) py-observations_cosmo   : Added 7 observations from file (LAEG) to the Data list
 [DEBUG  ] (2020-04-06 12:11:07) py-observations_cosmo   : Added 7 observations from file (MAGN) to the Data list
 [DEBUG  ] (2020-04-06 12:11:07) py-observations_cosmo   : Added 7 observations from file (PAYN) to the Data list
 [DEBUG  ] (2020-04-06 12:11:07) py-observations_cosmo   : Added 7 observations from file (RECK) to the Data list
 [DEBUG  ] (2020-04-06 12:11:07) py-observations_cosmo   : Added 7 observations from file (RIG) to the Data list
 [DEBUG  ] (2020-04-06 12:11:07) py-observations_cosmo   : Added 7 observations from file (SAVE) to the Data list
 [DEBUG  ] (2020-04-06 12:11:07) py-observations_cosmo   : Added 7 observations from file (SEMP) to the Data list
 [DEBUG  ] (2020-04-06 12:11:07) py-observations_cosmo   : Added 7 observations from file (SOTT) to the Data list
 [DEBUG  ] (2020-04-06 12:11:07) py-observations_cosmo   : Added 7 observations from file (SSAL) to the Data list
 [DEBUG  ] (2020-04-06 12:11:07) py-observations_cosmo   : Added 7 observations from file (TAEN) to the Data list
 [DEBUG  ] (2020-04-06 12:11:07) py-observations_cosmo   : Added 7 observations from file (ZHBR) to the Data list
 [DEBUG  ] (2020-04-06 12:11:07) py-observations_cosmo   : Added 7 observations from file (ZSCH) to the Data list
 [DEBUG  ] (2020-04-06 12:11:07) py-observations_cosmo   : Added 7 observations from file (ZUE) to the Data list
 [INFO   ] (2020-04-06 12:11:07) py-observations_cosmo   : Observations list now holds 154 values
 [DEBUG  ] (2020-04-06 12:11:07) py-rc                   : reading rcfile /store/empa/em05/parsenov/ch_obs/sites_weights_ctdas.rc ...
 [DEBUG  ] (2020-04-06 12:11:07) py-observations_cosmo   : Model-data mismatch rejection threshold: 3 
 [WARNING] (2020-04-06 12:11:07) py-observations_cosmo   : Model-data mismatch scaling factor     : 1.000000 
 [DEBUG  ] (2020-04-06 12:11:07) py-observations_cosmo   : Model-data mismatch site categories    : 8 
 [DEBUG  ] (2020-04-06 12:11:07) py-observations_cosmo   : Model-data mismatch active sites       : 22 
 [DEBUG  ] (2020-04-06 12:11:07) py-observations_cosmo   : Model-data mismatch moved sites        : 0 
 [DEBUG  ] (2020-04-06 12:11:07) py-observations_cosmo   : Creating new observations file for ObservationOperator (/scratch/snx3000/parsenov/bio_tracers4/input/sample_coordinates_2019030100_2019030723.nc)
 [DEBUG  ] (2020-04-06 12:11:07) py-observations_cosmo   : Successfully wrote data to obs file
 [INFO   ] (2020-04-06 12:11:07) py-observations_cosmo   : Sample input file for obs operator now in place [/scratch/snx3000/parsenov/bio_tracers4/input/sample_coordinates_2019030100_2019030723.nc]
 [DEBUG  ] (2020-04-06 12:11:07) py-observationoperator_cosmo : Creating new simulated observation file in ObservationOperator (/scratch/snx3000/parsenov/bio_tracers4/output/20190301/samples_simulated.2019030100_2019030723.nc)
 [INFO   ] (2020-04-06 12:11:08) py-observationoperator_cosmo : Starting COSMO
Starting chain for case bio_tracers4, using COSMO
Starting run with starttime 2019-03-01 00:00:00
Process "meteo" for chain "2019030100_0_168"
Process "icbc" for chain "2019030100_0_168"
Process "int2lm" for chain "2019030100_0_168"
Submitted batch job 21737629
Process "post_int2lm" for chain "2019030100_0_168"
Process "oae" for chain "2019030100_0_168"
Process "octe" for chain "2019030100_0_168"
Process "online_vprm" for chain "2019030100_0_168"
Process "cosmo" for chain "2019030100_0_168"
Submitted batch job 21737902
>>> finished chain for good or bad! <<<
 [INFO   ] (2020-04-06 14:12:03) py-observationoperator_cosmo : COSMO done!
 [INFO   ] (2020-04-06 14:12:13) py-observationoperator_cosmo : Starting parallel extraction \m/
IO Class CT_HDF not compiled, no HDF support!!!
IO Class CT_HDF not compiled, no HDF support!!!
 [INFO   ] (2020-04-06 14:15:43) py-observationoperator_cosmo : Written data for 1551830400.0
 [INFO   ] (2020-04-06 14:15:43) py-observationoperator_cosmo : Written data for 1551571200.0
 [INFO   ] (2020-04-06 14:15:43) py-observationoperator_cosmo : Written data for 1551484800.0
 [INFO   ] (2020-04-06 14:15:44) py-observationoperator_cosmo : Written data for 1551398400.0
 [INFO   ] (2020-04-06 14:15:44) py-observationoperator_cosmo : Written data for 1551657600.0
 [INFO   ] (2020-04-06 14:15:46) py-observationoperator_cosmo : Written data for 1551916800.0
 [INFO   ] (2020-04-06 14:15:46) py-observationoperator_cosmo : Written data for 1551744000.0
 [INFO   ] (2020-04-06 14:15:46) py-observationoperator_cosmo : Finished parallel extraction \m/
 [INFO   ] (2020-04-06 14:15:58) py-observationoperator_cosmo : ObservationOperator finished successfully, output file written (/scratch/snx3000/parsenov/bio_tracers4/output/20190301/samples_simulated.2019030100_2019030723.nc)
 [INFO   ] (2020-04-06 14:15:58) py-observations_cosmo   : Successfully read data from model sample file (/scratch/snx3000/parsenov/bio_tracers4/output/20190301/samples_simulated.2019030100_2019030723.nc)
 [DEBUG  ] (2020-04-06 14:15:58) py-observations_cosmo   : Added 154 simulated values to the Data list
 [DEBUG  ] (2020-04-06 14:15:58) py-pipeline             : Added samples from the observation operator to the assimilated obs list in the statevector
 [DEBUG  ] (2020-04-06 14:15:58) py-pipeline             : statevector now carries 154 samples
 [INFO   ] (2020-04-06 14:15:58) py-pipeline             : 

    ***************************************   .....Ensemble Kalman Filter at lag 2
 [INFO   ] (2020-04-06 14:15:58) py-pipeline             : New simulation interval set : 
 [INFO   ] (2020-04-06 14:15:58) py-pipeline             :                   start date : 2019-03-08 00:00 
 [INFO   ] (2020-04-06 14:15:58) py-pipeline             :                   end   date : 2019-03-14 23:00 
 [INFO   ] (2020-04-06 14:15:58) py-pipeline             :                   file  stamp: 2019030800_2019031423 
 [DEBUG  ] (2020-04-06 14:16:00) py-observations_cosmo   : ObsPack dataset info read, proceeding with 22 netcdf files
 [DEBUG  ] (2020-04-06 14:16:00) py-observations_cosmo   : Added 7 observations from file (ALBS) to the Data list
 [DEBUG  ] (2020-04-06 14:16:00) py-observations_cosmo   : Added 7 observations from file (BNTG) to the Data list
 [DEBUG  ] (2020-04-06 14:16:00) py-observations_cosmo   : Added 7 observations from file (BRM) to the Data list
 [DEBUG  ] (2020-04-06 14:16:00) py-observations_cosmo   : Added 7 observations from file (CHRI) to the Data list
 [DEBUG  ] (2020-04-06 14:16:00) py-observations_cosmo   : Added 7 observations from file (DUE1) to the Data list
 [DEBUG  ] (2020-04-06 14:16:00) py-observations_cosmo   : Added 7 observations from file (ESMO) to the Data list
 [DEBUG  ] (2020-04-06 14:16:00) py-observations_cosmo   : Added 7 observations from file (FROB) to the Data list
 [DEBUG  ] (2020-04-06 14:16:00) py-observations_cosmo   : Added 7 observations from file (GIMM) to the Data list
 [DEBUG  ] (2020-04-06 14:16:00) py-observations_cosmo   : Added 7 observations from file (HAE) to the Data list
 [DEBUG  ] (2020-04-06 14:16:00) py-observations_cosmo   : Added 7 observations from file (LAEG) to the Data list
 [DEBUG  ] (2020-04-06 14:16:00) py-observations_cosmo   : Added 7 observations from file (MAGN) to the Data list
 [DEBUG  ] (2020-04-06 14:16:00) py-observations_cosmo   : Added 7 observations from file (PAYN) to the Data list
 [DEBUG  ] (2020-04-06 14:16:00) py-observations_cosmo   : Added 7 observations from file (RECK) to the Data list
 [DEBUG  ] (2020-04-06 14:16:00) py-observations_cosmo   : Added 7 observations from file (RIG) to the Data list
 [DEBUG  ] (2020-04-06 14:16:00) py-observations_cosmo   : Added 7 observations from file (SAVE) to the Data list
 [DEBUG  ] (2020-04-06 14:16:00) py-observations_cosmo   : Added 7 observations from file (SEMP) to the Data list
 [DEBUG  ] (2020-04-06 14:16:00) py-observations_cosmo   : Added 7 observations from file (SOTT) to the Data list
 [DEBUG  ] (2020-04-06 14:16:00) py-observations_cosmo   : Added 7 observations from file (SSAL) to the Data list
 [DEBUG  ] (2020-04-06 14:16:00) py-observations_cosmo   : Added 7 observations from file (TAEN) to the Data list
 [DEBUG  ] (2020-04-06 14:16:00) py-observations_cosmo   : Added 7 observations from file (ZHBR) to the Data list
 [DEBUG  ] (2020-04-06 14:16:00) py-observations_cosmo   : Added 7 observations from file (ZSCH) to the Data list
 [DEBUG  ] (2020-04-06 14:16:00) py-observations_cosmo   : Added 7 observations from file (ZUE) to the Data list
 [INFO   ] (2020-04-06 14:16:00) py-observations_cosmo   : Observations list now holds 154 values
 [DEBUG  ] (2020-04-06 14:16:00) py-rc                   : reading rcfile /store/empa/em05/parsenov/ch_obs/sites_weights_ctdas.rc ...
 [DEBUG  ] (2020-04-06 14:16:00) py-observations_cosmo   : Model-data mismatch rejection threshold: 3 
 [WARNING] (2020-04-06 14:16:00) py-observations_cosmo   : Model-data mismatch scaling factor     : 1.000000 
 [DEBUG  ] (2020-04-06 14:16:00) py-observations_cosmo   : Model-data mismatch site categories    : 8 
 [DEBUG  ] (2020-04-06 14:16:00) py-observations_cosmo   : Model-data mismatch active sites       : 22 
 [DEBUG  ] (2020-04-06 14:16:00) py-observations_cosmo   : Model-data mismatch moved sites        : 0 
 [DEBUG  ] (2020-04-06 14:16:00) py-observations_cosmo   : Creating new observations file for ObservationOperator (/scratch/snx3000/parsenov/bio_tracers4/input/sample_coordinates_2019030800_2019031423.nc)
 [DEBUG  ] (2020-04-06 14:16:00) py-observations_cosmo   : Successfully wrote data to obs file
 [INFO   ] (2020-04-06 14:16:00) py-observations_cosmo   : Sample input file for obs operator now in place [/scratch/snx3000/parsenov/bio_tracers4/input/sample_coordinates_2019030800_2019031423.nc]
 [DEBUG  ] (2020-04-06 14:16:00) py-observationoperator_cosmo : Creating new simulated observation file in ObservationOperator (/scratch/snx3000/parsenov/bio_tracers4/output/20190301/samples_simulated.2019030800_2019031423.nc)
 [INFO   ] (2020-04-06 14:16:00) py-observationoperator_cosmo : Starting COSMO
Starting chain for case bio_tracers4, using COSMO
Starting run with starttime 2019-03-08 00:00:00
Process "meteo" for chain "2019030100_168_336"
Process "icbc" for chain "2019030100_168_336"
Process "int2lm" for chain "2019030100_168_336"
Submitted batch job 21739693
Process "post_int2lm" for chain "2019030100_168_336"
Process "oae" for chain "2019030100_168_336"
Process "octe" for chain "2019030100_168_336"
Process "online_vprm" for chain "2019030100_168_336"
Process "cosmo" for chain "2019030100_168_336"
Submitted batch job 21740234
/store/empa/em05/parsenov/cosmo_processing_chain/jobs/tools/cams4int2cosmo.py:260: FutureWarning: Using a non-tuple sequence for multidimensional indexing is deprecated; use `arr[tuple(seq)]` instead of `arr[seq]`. In the future this will be interpreted as an array index, `arr[np.array(seq)]`, which will result either in an error or a different result.
  outf[v][:] = outf[v][:,:,::-1]
/store/empa/em05/parsenov/cosmo_processing_chain/jobs/tools/cams4int2cosmo.py:258: FutureWarning: Using a non-tuple sequence for multidimensional indexing is deprecated; use `arr[tuple(seq)]` instead of `arr[seq]`. In the future this will be interpreted as an array index, `arr[np.array(seq)]`, which will result either in an error or a different result.
  outf[v][:] = outf[v][:,::-1]
/store/empa/em05/parsenov/cosmo_processing_chain/jobs/tools/cams4int2cosmo.py:256: FutureWarning: Using a non-tuple sequence for multidimensional indexing is deprecated; use `arr[tuple(seq)]` instead of `arr[seq]`. In the future this will be interpreted as an array index, `arr[np.array(seq)]`, which will result either in an error or a different result.
  outf[v][:] = outf[v][::-1]
>>> finished chain for good or bad! <<<
 [INFO   ] (2020-04-06 14:48:40) py-observationoperator_cosmo : COSMO done!
 [INFO   ] (2020-04-06 14:48:40) py-observationoperator_cosmo : Simulation file doesnt exist: /scratch/snx3000/parsenov/bio_tracers4/2019030100_168_336/cosmo/output/lffd2019030100c
