 [INFO   ] (2020-02-20 11:30:41) py-initexit             : -v flag specified on command line: extra verbose output
 [DEBUG  ] (2020-02-20 11:30:41) py-rc                   : reading rcfile wo_bg.rc ...
 [INFO   ] (2020-02-20 11:30:41) py-initexit             : DA Cycle rc-file (wo_bg.rc) loaded successfully
 [DEBUG  ] (2020-02-20 11:30:41) py-initexit             : DA Cycle settings have been validated succesfully
 [DEBUG  ] (2020-02-20 11:30:41) py-rc                   : reading rcfile da/rc/carbontracker_cosmo.rc ...
 [DEBUG  ] (2020-02-20 11:30:41) py-rc                   : Added rootdir to requested include: da/rc/NamingScheme.wp_Mar2011.rc
 [DEBUG  ] (2020-02-20 11:30:41) py-dasystem             : DA System Info rc-file (da/rc/carbontracker_cosmo.rc) loaded successfully
 [DEBUG  ] (2020-02-20 11:30:41) py-dasystem             : Data Assimilation System initialized: CarbonTracker CO2
 [INFO   ] (2020-02-20 11:30:41) py-observationoperator_cosmo : Observation Operator object initialized: ObservationOperator
 [INFO   ] (2020-02-20 11:30:41) py-obs                  : Observations object initialized: Observations baseclass
 [INFO   ] (2020-02-20 11:30:41) py-statevector_mean     : Statevector object initialized: Baseclass Statevector 
 [INFO   ] (2020-02-20 11:30:41) py-base_optimizer       : Optimizer object initialized: Optimizer baseclass
 [INFO   ] (2020-02-20 11:30:41) py-cosmo                : 

    ***************************************   Entering Pipeline     *************************************** 
  
 [INFO   ] (2020-02-20 11:30:41) py-pipeline             : 

    ***************************************   Initializing current cycle    *************************************** 
  
 [DEBUG  ] (2020-02-20 11:30:41) py-dasystem             : DA System Info settings have been validated succesfully
 [INFO   ] (2020-02-20 11:30:41) py-initexit             : First time step in filter sequence
 [INFO   ] (2020-02-20 11:30:41) py-general              : Creating new directory /scratch/snx3000/parsenov/wo_bg
 [INFO   ] (2020-02-20 11:30:41) py-general              : Creating new directory /scratch/snx3000/parsenov/wo_bg/exec
 [INFO   ] (2020-02-20 11:30:41) py-general              : Creating new directory /scratch/snx3000/parsenov/wo_bg/input
 [INFO   ] (2020-02-20 11:30:41) py-general              : Creating new directory /scratch/snx3000/parsenov/wo_bg/output/20190301
 [INFO   ] (2020-02-20 11:30:41) py-general              : Creating new directory /scratch/snx3000/parsenov/wo_bg/analysis
 [INFO   ] (2020-02-20 11:30:41) py-general              : Creating new directory /scratch/snx3000/parsenov/wo_bg/jobs
 [INFO   ] (2020-02-20 11:30:41) py-general              : Creating new directory /scratch/snx3000/parsenov/wo_bg/restart
 [INFO   ] (2020-02-20 11:30:41) py-initexit             : Succesfully created the file structure for the assimilation job
 [INFO   ] (2020-02-20 11:30:41) py-initexit             : Copied regions file to the analysis directory: /store/empa/em05/parsenov/CTDAS/ctdas-cosmo/da/analysis/cosmo_9_reg_mittel_4.nc
 [INFO   ] (2020-02-20 11:30:41) py-initexit             : Copied extended regions file to the analysis directory: /store/empa/em05/parsenov/CTDAS/ctdas-cosmo/da/analysis/cosmo_9_reg_mittel_4.nc
 [INFO   ] (2020-02-20 11:30:41) py-initexit             : ===============================================================
 [INFO   ] (2020-02-20 11:30:41) py-initexit             : DA Cycle start date is 2019-03-01 00:00
 [INFO   ] (2020-02-20 11:30:41) py-initexit             : DA Cycle end date is 2019-03-07 23:00
 [INFO   ] (2020-02-20 11:30:41) py-initexit             : DA Cycle final date is 2019-03-07 23:00
 [INFO   ] (2020-02-20 11:30:41) py-initexit             : DA Cycle cycle length is 7
 [INFO   ] (2020-02-20 11:30:41) py-initexit             : DA Cycle restart is False
 [INFO   ] (2020-02-20 11:30:41) py-initexit             : ===============================================================
 [DEBUG  ] (2020-02-20 11:30:41) py-statevector_mean     : A TransCom  map on 1x1 degree was read from file /store/empa/em05/parsenov/CTDAS/ctdas-cosmo/da/analysis/cosmo_9_reg_mittel_4.nc
 [DEBUG  ] (2020-02-20 11:30:41) py-statevector_mean     : A parameter map on 1x1 degree was read from file /store/empa/em05/parsenov/CTDAS/ctdas-cosmo/da/analysis/cosmo_9_reg_mittel_4.nc
 [DEBUG  ] (2020-02-20 11:30:41) py-statevector_mean     : A dictionary to map grids to states and vice versa was created
 [DEBUG  ] (2020-02-20 11:30:41) py-statevector_mean     : A matrix to map states to TransCom regions and vice versa was created
 [DEBUG  ] (2020-02-20 11:30:41) py-statevector_mean     : A species mask was created, only the following species are recognized in this system:
 [DEBUG  ] (2020-02-20 11:30:41) py-statevector_mean     :    ->    co2
 [INFO   ] (2020-02-20 11:30:41) py-pipeline             : 

    ***************************************   starting prepare_state    *************************************** 
  
 [DEBUG  ] (2020-02-20 11:30:41) py-statevector_mean     : Cholesky decomposition has succeeded 
 [INFO   ] (2020-02-20 11:30:41) py-statevector_mean     : Appr. degrees of freedom in covariance matrix is 3
 [DEBUG  ] (2020-02-20 11:30:41) py-statevector_mean     : 21 new ensemble members were added to the state vector # 1
 [DEBUG  ] (2020-02-20 11:30:41) py-statevector_mean     : Cholesky decomposition has succeeded 
 [INFO   ] (2020-02-20 11:30:41) py-statevector_mean     : Appr. degrees of freedom in covariance matrix is 3
 [DEBUG  ] (2020-02-20 11:30:41) py-statevector_mean     : 21 new ensemble members were added to the state vector # 2
 [DEBUG  ] (2020-02-20 11:30:41) py-statevector_mean     : Creating new StateVector output file (/scratch/snx3000/parsenov/wo_bg/restart/savestate_20190301.nc)
 [INFO   ] (2020-02-20 11:30:41) py-statevector_mean     : Successfully wrote the State Vector to file (/scratch/snx3000/parsenov/wo_bg/restart/savestate_20190301.nc) 
 [INFO   ] (2020-02-20 11:30:41) py-pipeline             : 

    ***************************************   starting sample_state    *************************************** 
  
 [INFO   ] (2020-02-20 11:30:41) py-pipeline             : Sampling model will be run over 2 cycles
 [INFO   ] (2020-02-20 11:30:41) py-pipeline             : 

    ***************************************   .....Ensemble Kalman Filter at lag 1
 [INFO   ] (2020-02-20 11:30:41) py-pipeline             : New simulation interval set : 
 [INFO   ] (2020-02-20 11:30:41) py-pipeline             :                   start date : 2019-03-01 00:00 
 [INFO   ] (2020-02-20 11:30:41) py-pipeline             :                   end   date : 2019-03-07 23:00 
 [INFO   ] (2020-02-20 11:30:41) py-pipeline             :                   file  stamp: 2019030100_2019030723 
 [DEBUG  ] (2020-02-20 11:30:43) py-observations_cosmo   : ObsPack dataset info read, proceeding with 22 netcdf files
 [DEBUG  ] (2020-02-20 11:30:43) py-observations_cosmo   : Added 7 observations from file (ALBS) to the Data list
 [DEBUG  ] (2020-02-20 11:30:43) py-observations_cosmo   : Added 7 observations from file (BNTG) to the Data list
 [DEBUG  ] (2020-02-20 11:30:43) py-observations_cosmo   : Added 7 observations from file (BRM) to the Data list
 [DEBUG  ] (2020-02-20 11:30:43) py-observations_cosmo   : Added 7 observations from file (CHRI) to the Data list
 [DEBUG  ] (2020-02-20 11:30:43) py-observations_cosmo   : Added 7 observations from file (DUE1) to the Data list
 [DEBUG  ] (2020-02-20 11:30:43) py-observations_cosmo   : Added 7 observations from file (ESMO) to the Data list
 [DEBUG  ] (2020-02-20 11:30:43) py-observations_cosmo   : Added 7 observations from file (FROB) to the Data list
 [DEBUG  ] (2020-02-20 11:30:43) py-observations_cosmo   : Added 7 observations from file (GIMM) to the Data list
 [DEBUG  ] (2020-02-20 11:30:43) py-observations_cosmo   : Added 7 observations from file (HAE) to the Data list
 [DEBUG  ] (2020-02-20 11:30:43) py-observations_cosmo   : Added 7 observations from file (LAEG) to the Data list
 [DEBUG  ] (2020-02-20 11:30:43) py-observations_cosmo   : Added 7 observations from file (MAGN) to the Data list
 [DEBUG  ] (2020-02-20 11:30:43) py-observations_cosmo   : Added 7 observations from file (PAYN) to the Data list
 [DEBUG  ] (2020-02-20 11:30:43) py-observations_cosmo   : Added 7 observations from file (RECK) to the Data list
 [DEBUG  ] (2020-02-20 11:30:43) py-observations_cosmo   : Added 7 observations from file (RIG) to the Data list
 [DEBUG  ] (2020-02-20 11:30:43) py-observations_cosmo   : Added 7 observations from file (SAVE) to the Data list
 [DEBUG  ] (2020-02-20 11:30:43) py-observations_cosmo   : Added 7 observations from file (SEMP) to the Data list
 [DEBUG  ] (2020-02-20 11:30:43) py-observations_cosmo   : Added 7 observations from file (SOTT) to the Data list
 [DEBUG  ] (2020-02-20 11:30:43) py-observations_cosmo   : Added 7 observations from file (SSAL) to the Data list
 [DEBUG  ] (2020-02-20 11:30:43) py-observations_cosmo   : Added 7 observations from file (TAEN) to the Data list
 [DEBUG  ] (2020-02-20 11:30:43) py-observations_cosmo   : Added 7 observations from file (ZHBR) to the Data list
 [DEBUG  ] (2020-02-20 11:30:43) py-observations_cosmo   : Added 7 observations from file (ZSCH) to the Data list
 [DEBUG  ] (2020-02-20 11:30:43) py-observations_cosmo   : Added 7 observations from file (ZUE) to the Data list
 [INFO   ] (2020-02-20 11:30:43) py-observations_cosmo   : Observations list now holds 154 values
 [DEBUG  ] (2020-02-20 11:30:43) py-rc                   : reading rcfile /store/empa/em05/parsenov/ch_obs/sites_weights_ctdas.rc ...
 [DEBUG  ] (2020-02-20 11:30:43) py-observations_cosmo   : Model-data mismatch rejection threshold: 3 
 [WARNING] (2020-02-20 11:30:43) py-observations_cosmo   : Model-data mismatch scaling factor     : 1.000000 
 [DEBUG  ] (2020-02-20 11:30:43) py-observations_cosmo   : Model-data mismatch site categories    : 8 
 [DEBUG  ] (2020-02-20 11:30:43) py-observations_cosmo   : Model-data mismatch active sites       : 22 
 [DEBUG  ] (2020-02-20 11:30:43) py-observations_cosmo   : Model-data mismatch moved sites        : 0 
 [DEBUG  ] (2020-02-20 11:30:43) py-observations_cosmo   : Creating new observations file for ObservationOperator (/scratch/snx3000/parsenov/wo_bg/input/sample_coordinates_2019030100_2019030723.nc)
 [DEBUG  ] (2020-02-20 11:30:43) py-observations_cosmo   : Successfully wrote data to obs file
 [INFO   ] (2020-02-20 11:30:43) py-observations_cosmo   : Sample input file for obs operator now in place [/scratch/snx3000/parsenov/wo_bg/input/sample_coordinates_2019030100_2019030723.nc]
 [DEBUG  ] (2020-02-20 11:30:43) py-observationoperator_cosmo : Creating new simulated observation file in ObservationOperator (/scratch/snx3000/parsenov/wo_bg/output/20190301/samples_simulated.2019030100_2019030723.nc)
 [INFO   ] (2020-02-20 11:30:43) py-observationoperator_cosmo : Starting COSMO
Starting chain for case wo_bg, using COSMO
Starting run with starttime 2019-03-01 00:00:00
Process "meteo" for chain "2019030100_0_168"
Process "icbc" for chain "2019030100_0_168"
Process "int2lm" for chain "2019030100_0_168"
Submitted batch job 20429432
Process "post_int2lm" for chain "2019030100_0_168"
Process "oae" for chain "2019030100_0_168"
Process "octe" for chain "2019030100_0_168"
Process "online_vprm" for chain "2019030100_0_168"
Process "cosmo" for chain "2019030100_0_168"
Submitted batch job 20430206
>>> finished chain for good or bad! <<<
 [INFO   ] (2020-02-20 18:46:09) py-observationoperator_cosmo : COSMO done!
 [INFO   ] (2020-02-20 18:46:20) py-observationoperator_cosmo : Starting parallel extraction \m/
IO Class CT_HDF not compiled, no HDF support!!!
IO Class CT_HDF not compiled, no HDF support!!!
 [INFO   ] (2020-02-20 18:53:53) py-observationoperator_cosmo : Written data for 1551571200.0
 [INFO   ] (2020-02-20 18:53:53) py-observationoperator_cosmo : Written data for 1551657600.0
 [INFO   ] (2020-02-20 18:53:54) py-observationoperator_cosmo : Written data for 1551398400.0
 [INFO   ] (2020-02-20 18:53:54) py-observationoperator_cosmo : Written data for 1551830400.0
 [INFO   ] (2020-02-20 18:53:55) py-observationoperator_cosmo : Written data for 1551744000.0
 [INFO   ] (2020-02-20 18:53:56) py-observationoperator_cosmo : Written data for 1551484800.0
 [INFO   ] (2020-02-20 18:54:01) py-observationoperator_cosmo : Written data for 1551916800.0
 [INFO   ] (2020-02-20 18:54:01) py-observationoperator_cosmo : Finished parallel extraction \m/
 [INFO   ] (2020-02-20 18:54:15) py-observationoperator_cosmo : ObservationOperator finished successfully, output file written (/scratch/snx3000/parsenov/wo_bg/output/20190301/samples_simulated.2019030100_2019030723.nc)
 [INFO   ] (2020-02-20 18:54:15) py-observations_cosmo   : Successfully read data from model sample file (/scratch/snx3000/parsenov/wo_bg/output/20190301/samples_simulated.2019030100_2019030723.nc)
 [DEBUG  ] (2020-02-20 18:54:15) py-observations_cosmo   : Added 154 simulated values to the Data list
 [DEBUG  ] (2020-02-20 18:54:15) py-pipeline             : Added samples from the observation operator to the assimilated obs list in the statevector
 [DEBUG  ] (2020-02-20 18:54:15) py-pipeline             : statevector now carries 154 samples
 [INFO   ] (2020-02-20 18:54:15) py-pipeline             : 

    ***************************************   .....Ensemble Kalman Filter at lag 2
 [INFO   ] (2020-02-20 18:54:15) py-pipeline             : New simulation interval set : 
 [INFO   ] (2020-02-20 18:54:15) py-pipeline             :                   start date : 2019-03-08 00:00 
 [INFO   ] (2020-02-20 18:54:15) py-pipeline             :                   end   date : 2019-03-14 23:00 
 [INFO   ] (2020-02-20 18:54:15) py-pipeline             :                   file  stamp: 2019030800_2019031423 
 [DEBUG  ] (2020-02-20 18:54:17) py-observations_cosmo   : ObsPack dataset info read, proceeding with 22 netcdf files
 [DEBUG  ] (2020-02-20 18:54:17) py-observations_cosmo   : Added 7 observations from file (ALBS) to the Data list
 [DEBUG  ] (2020-02-20 18:54:17) py-observations_cosmo   : Added 7 observations from file (BNTG) to the Data list
 [DEBUG  ] (2020-02-20 18:54:17) py-observations_cosmo   : Added 7 observations from file (BRM) to the Data list
 [DEBUG  ] (2020-02-20 18:54:17) py-observations_cosmo   : Added 7 observations from file (CHRI) to the Data list
 [DEBUG  ] (2020-02-20 18:54:17) py-observations_cosmo   : Added 7 observations from file (DUE1) to the Data list
 [DEBUG  ] (2020-02-20 18:54:17) py-observations_cosmo   : Added 7 observations from file (ESMO) to the Data list
 [DEBUG  ] (2020-02-20 18:54:17) py-observations_cosmo   : Added 7 observations from file (FROB) to the Data list
 [DEBUG  ] (2020-02-20 18:54:17) py-observations_cosmo   : Added 7 observations from file (GIMM) to the Data list
 [DEBUG  ] (2020-02-20 18:54:17) py-observations_cosmo   : Added 7 observations from file (HAE) to the Data list
 [DEBUG  ] (2020-02-20 18:54:17) py-observations_cosmo   : Added 7 observations from file (LAEG) to the Data list
 [DEBUG  ] (2020-02-20 18:54:17) py-observations_cosmo   : Added 7 observations from file (MAGN) to the Data list
 [DEBUG  ] (2020-02-20 18:54:17) py-observations_cosmo   : Added 7 observations from file (PAYN) to the Data list
 [DEBUG  ] (2020-02-20 18:54:17) py-observations_cosmo   : Added 7 observations from file (RECK) to the Data list
 [DEBUG  ] (2020-02-20 18:54:17) py-observations_cosmo   : Added 7 observations from file (RIG) to the Data list
 [DEBUG  ] (2020-02-20 18:54:17) py-observations_cosmo   : Added 7 observations from file (SAVE) to the Data list
 [DEBUG  ] (2020-02-20 18:54:17) py-observations_cosmo   : Added 7 observations from file (SEMP) to the Data list
 [DEBUG  ] (2020-02-20 18:54:17) py-observations_cosmo   : Added 7 observations from file (SOTT) to the Data list
 [DEBUG  ] (2020-02-20 18:54:17) py-observations_cosmo   : Added 7 observations from file (SSAL) to the Data list
 [DEBUG  ] (2020-02-20 18:54:17) py-observations_cosmo   : Added 7 observations from file (TAEN) to the Data list
 [DEBUG  ] (2020-02-20 18:54:17) py-observations_cosmo   : Added 7 observations from file (ZHBR) to the Data list
 [DEBUG  ] (2020-02-20 18:54:17) py-observations_cosmo   : Added 7 observations from file (ZSCH) to the Data list
 [DEBUG  ] (2020-02-20 18:54:17) py-observations_cosmo   : Added 7 observations from file (ZUE) to the Data list
 [INFO   ] (2020-02-20 18:54:17) py-observations_cosmo   : Observations list now holds 154 values
 [DEBUG  ] (2020-02-20 18:54:17) py-rc                   : reading rcfile /store/empa/em05/parsenov/ch_obs/sites_weights_ctdas.rc ...
 [DEBUG  ] (2020-02-20 18:54:17) py-observations_cosmo   : Model-data mismatch rejection threshold: 3 
 [WARNING] (2020-02-20 18:54:17) py-observations_cosmo   : Model-data mismatch scaling factor     : 1.000000 
 [DEBUG  ] (2020-02-20 18:54:17) py-observations_cosmo   : Model-data mismatch site categories    : 8 
 [DEBUG  ] (2020-02-20 18:54:17) py-observations_cosmo   : Model-data mismatch active sites       : 22 
 [DEBUG  ] (2020-02-20 18:54:17) py-observations_cosmo   : Model-data mismatch moved sites        : 0 
 [DEBUG  ] (2020-02-20 18:54:17) py-observations_cosmo   : Creating new observations file for ObservationOperator (/scratch/snx3000/parsenov/wo_bg/input/sample_coordinates_2019030800_2019031423.nc)
 [DEBUG  ] (2020-02-20 18:54:17) py-observations_cosmo   : Successfully wrote data to obs file
 [INFO   ] (2020-02-20 18:54:17) py-observations_cosmo   : Sample input file for obs operator now in place [/scratch/snx3000/parsenov/wo_bg/input/sample_coordinates_2019030800_2019031423.nc]
 [DEBUG  ] (2020-02-20 18:54:17) py-observationoperator_cosmo : Creating new simulated observation file in ObservationOperator (/scratch/snx3000/parsenov/wo_bg/output/20190301/samples_simulated.2019030800_2019031423.nc)
 [INFO   ] (2020-02-20 18:54:18) py-observationoperator_cosmo : Starting COSMO
Starting chain for case wo_bg, using COSMO
Starting run with starttime 2019-03-08 00:00:00
Process "meteo" for chain "2019030100_168_336"
Process "icbc" for chain "2019030100_168_336"
Process "int2lm" for chain "2019030100_168_336"
Submitted batch job 20436944
Process "post_int2lm" for chain "2019030100_168_336"
Process "oae" for chain "2019030100_168_336"
Process "octe" for chain "2019030100_168_336"
Process "online_vprm" for chain "2019030100_168_336"
Process "cosmo" for chain "2019030100_168_336"
Submitted batch job 20438808
>>> finished chain for good or bad! <<<
 [INFO   ] (2020-02-20 23:41:56) py-observationoperator_cosmo : COSMO done!
 [INFO   ] (2020-02-20 23:42:06) py-observationoperator_cosmo : Starting parallel extraction \m/
 [INFO   ] (2020-02-20 23:48:38) py-observationoperator_cosmo : Written data for 1552176000.0
 [INFO   ] (2020-02-20 23:48:39) py-observationoperator_cosmo : Written data for 1552521600.0
 [INFO   ] (2020-02-20 23:48:39) py-observationoperator_cosmo : Written data for 1552348800.0
 [INFO   ] (2020-02-20 23:48:50) py-observationoperator_cosmo : Written data for 1552089600.0
 [INFO   ] (2020-02-20 23:48:50) py-observationoperator_cosmo : Written data for 1552435200.0
 [INFO   ] (2020-02-20 23:48:50) py-observationoperator_cosmo : Written data for 1552262400.0
 [INFO   ] (2020-02-20 23:48:50) py-observationoperator_cosmo : Written data for 1552003200.0
 [INFO   ] (2020-02-20 23:48:50) py-observationoperator_cosmo : Finished parallel extraction \m/
 [INFO   ] (2020-02-20 23:49:05) py-observationoperator_cosmo : ObservationOperator finished successfully, output file written (/scratch/snx3000/parsenov/wo_bg/output/20190301/samples_simulated.2019030800_2019031423.nc)
 [INFO   ] (2020-02-20 23:49:05) py-observations_cosmo   : Successfully read data from model sample file (/scratch/snx3000/parsenov/wo_bg/output/20190301/samples_simulated.2019030800_2019031423.nc)
 [DEBUG  ] (2020-02-20 23:49:05) py-observations_cosmo   : Added 154 simulated values to the Data list
 [DEBUG  ] (2020-02-20 23:49:05) py-pipeline             : Added samples from the observation operator to the assimilated obs list in the statevector
 [DEBUG  ] (2020-02-20 23:49:05) py-pipeline             : statevector now carries 308 samples
 [INFO   ] (2020-02-20 23:49:05) py-pipeline             : 

    ***************************************   starting invert    *************************************** 
  
 [INFO   ] (2020-02-20 23:49:05) py-pipeline             : There was no minimum least squares algorithm specified in the DA System rc file (key : opt.algorithm)
 [INFO   ] (2020-02-20 23:49:05) py-pipeline             : ...using serial algorithm as default...
 [INFO   ] (2020-02-20 23:49:05) py-optimizer            : Current minimum least squares algorithm is set to Serial
 [DEBUG  ] (2020-02-20 23:49:05) py-base_optimizer       : Creating new diagnostics file for optimizer (/scratch/snx3000/parsenov/wo_bg/output/20190301/optimizer.20190301.nc)
 [DEBUG  ] (2020-02-20 23:49:05) py-base_optimizer       : Diagnostics file closed
 [INFO   ] (2020-02-20 23:49:05) py-optimizer            : Current localization option is set to None
 [DEBUG  ] (2020-02-20 23:49:05) py-base_optimizer       : BIAS observations - model = 2.109321
 [DEBUG  ] (2020-02-20 23:49:05) py-base_optimizer       : Proceeding to assimilate observation ALBS, 1396
 [DEBUG  ] (2020-02-20 23:49:05) py-base_optimizer       : Trying to localize observation ALBS, 1396
 [DEBUG  ] (2020-02-20 23:49:05) py-optimizer            : Not localized observation 1396
 [DEBUG  ] (2020-02-20 23:49:05) py-base_optimizer       : Skipping observation (ALBS,1397) because of flag value 2
 [DEBUG  ] (2020-02-20 23:49:05) py-base_optimizer       : Proceeding to assimilate observation ALBS, 1398
 [DEBUG  ] (2020-02-20 23:49:05) py-base_optimizer       : Trying to localize observation ALBS, 1398
 [DEBUG  ] (2020-02-20 23:49:05) py-optimizer            : Not localized observation 1398
 [DEBUG  ] (2020-02-20 23:49:05) py-base_optimizer       : Proceeding to assimilate observation ALBS, 1399
 [DEBUG  ] (2020-02-20 23:49:05) py-base_optimizer       : Trying to localize observation ALBS, 1399
 [DEBUG  ] (2020-02-20 23:49:05) py-optimizer            : Not localized observation 1399
 [DEBUG  ] (2020-02-20 23:49:05) py-base_optimizer       : Proceeding to assimilate observation ALBS, 1400
 [DEBUG  ] (2020-02-20 23:49:05) py-base_optimizer       : Trying to localize observation ALBS, 1400
 [DEBUG  ] (2020-02-20 23:49:05) py-optimizer            : Not localized observation 1400
 [DEBUG  ] (2020-02-20 23:49:05) py-base_optimizer       : Proceeding to assimilate observation ALBS, 1401
 [DEBUG  ] (2020-02-20 23:49:05) py-base_optimizer       : Trying to localize observation ALBS, 1401
 [DEBUG  ] (2020-02-20 23:49:05) py-optimizer            : Not localized observation 1401
 [DEBUG  ] (2020-02-20 23:49:05) py-base_optimizer       : Proceeding to assimilate observation ALBS, 1402
 [DEBUG  ] (2020-02-20 23:49:05) py-base_optimizer       : Trying to localize observation ALBS, 1402
 [DEBUG  ] (2020-02-20 23:49:05) py-optimizer            : Not localized observation 1402
 [DEBUG  ] (2020-02-20 23:49:05) py-base_optimizer       : Proceeding to assimilate observation BNTG, 3907
 [DEBUG  ] (2020-02-20 23:49:05) py-base_optimizer       : Trying to localize observation BNTG, 3907
 [DEBUG  ] (2020-02-20 23:49:05) py-optimizer            : Not localized observation 3907
 [DEBUG  ] (2020-02-20 23:49:05) py-base_optimizer       : Proceeding to assimilate observation BNTG, 3908
 [DEBUG  ] (2020-02-20 23:49:05) py-base_optimizer       : Trying to localize observation BNTG, 3908
 [DEBUG  ] (2020-02-20 23:49:05) py-optimizer            : Not localized observation 3908
 [DEBUG  ] (2020-02-20 23:49:05) py-base_optimizer       : Proceeding to assimilate observation BNTG, 3909
 [DEBUG  ] (2020-02-20 23:49:05) py-base_optimizer       : Trying to localize observation BNTG, 3909
 [DEBUG  ] (2020-02-20 23:49:05) py-optimizer            : Not localized observation 3909
 [DEBUG  ] (2020-02-20 23:49:05) py-base_optimizer       : Proceeding to assimilate observation BNTG, 3910
 [DEBUG  ] (2020-02-20 23:49:05) py-base_optimizer       : Trying to localize observation BNTG, 3910
 [DEBUG  ] (2020-02-20 23:49:05) py-optimizer            : Not localized observation 3910
 [DEBUG  ] (2020-02-20 23:49:05) py-base_optimizer       : Proceeding to assimilate observation BNTG, 3911
 [DEBUG  ] (2020-02-20 23:49:05) py-base_optimizer       : Trying to localize observation BNTG, 3911
 [DEBUG  ] (2020-02-20 23:49:05) py-optimizer            : Not localized observation 3911
 [DEBUG  ] (2020-02-20 23:49:05) py-base_optimizer       : Skipping observation (BNTG,3912) because of flag value 2
 [DEBUG  ] (2020-02-20 23:49:05) py-base_optimizer       : Proceeding to assimilate observation BNTG, 3913
 [DEBUG  ] (2020-02-20 23:49:05) py-base_optimizer       : Trying to localize observation BNTG, 3913
 [DEBUG  ] (2020-02-20 23:49:05) py-optimizer            : Not localized observation 3913
 [DEBUG  ] (2020-02-20 23:49:05) py-base_optimizer       : Skipping observation (BRM,4651) because of flag value 2
 [DEBUG  ] (2020-02-20 23:49:05) py-base_optimizer       : Proceeding to assimilate observation BRM, 4652
 [DEBUG  ] (2020-02-20 23:49:05) py-base_optimizer       : Not allowed to localize observation BRM, 4652
 [DEBUG  ] (2020-02-20 23:49:05) py-base_optimizer       : Proceeding to assimilate observation BRM, 4653
 [DEBUG  ] (2020-02-20 23:49:05) py-base_optimizer       : Not allowed to localize observation BRM, 4653
 [DEBUG  ] (2020-02-20 23:49:05) py-base_optimizer       : Proceeding to assimilate observation BRM, 4654
 [DEBUG  ] (2020-02-20 23:49:05) py-base_optimizer       : Not allowed to localize observation BRM, 4654
 [DEBUG  ] (2020-02-20 23:49:05) py-base_optimizer       : Proceeding to assimilate observation BRM, 4655
 [DEBUG  ] (2020-02-20 23:49:05) py-base_optimizer       : Not allowed to localize observation BRM, 4655
 [DEBUG  ] (2020-02-20 23:49:05) py-base_optimizer       : Skipping observation (BRM,4656) because of flag value 2
 [DEBUG  ] (2020-02-20 23:49:05) py-base_optimizer       : Skipping observation (BRM,4657) because of flag value 2
 [DEBUG  ] (2020-02-20 23:49:05) py-base_optimizer       : Proceeding to assimilate observation CHRI, 7255
 [DEBUG  ] (2020-02-20 23:49:05) py-base_optimizer       : Trying to localize observation CHRI, 7255
 [DEBUG  ] (2020-02-20 23:49:05) py-optimizer            : Not localized observation 7255
 [DEBUG  ] (2020-02-20 23:49:05) py-base_optimizer       : Proceeding to assimilate observation CHRI, 7256
 [DEBUG  ] (2020-02-20 23:49:05) py-base_optimizer       : Trying to localize observation CHRI, 7256
 [DEBUG  ] (2020-02-20 23:49:05) py-optimizer            : Not localized observation 7256
 [DEBUG  ] (2020-02-20 23:49:05) py-base_optimizer       : Proceeding to assimilate observation CHRI, 7257
 [DEBUG  ] (2020-02-20 23:49:05) py-base_optimizer       : Trying to localize observation CHRI, 7257
 [DEBUG  ] (2020-02-20 23:49:05) py-optimizer            : Not localized observation 7257
 [DEBUG  ] (2020-02-20 23:49:05) py-base_optimizer       : Proceeding to assimilate observation CHRI, 7258
 [DEBUG  ] (2020-02-20 23:49:05) py-base_optimizer       : Trying to localize observation CHRI, 7258
 [DEBUG  ] (2020-02-20 23:49:05) py-optimizer            : Not localized observation 7258
 [DEBUG  ] (2020-02-20 23:49:05) py-base_optimizer       : Proceeding to assimilate observation CHRI, 7259
 [DEBUG  ] (2020-02-20 23:49:05) py-base_optimizer       : Trying to localize observation CHRI, 7259
 [DEBUG  ] (2020-02-20 23:49:05) py-optimizer            : Not localized observation 7259
 [DEBUG  ] (2020-02-20 23:49:05) py-base_optimizer       : Proceeding to assimilate observation CHRI, 7260
 [DEBUG  ] (2020-02-20 23:49:05) py-base_optimizer       : Trying to localize observation CHRI, 7260
 [DEBUG  ] (2020-02-20 23:49:05) py-optimizer            : Not localized observation 7260
 [DEBUG  ] (2020-02-20 23:49:05) py-base_optimizer       : Proceeding to assimilate observation CHRI, 7261
 [DEBUG  ] (2020-02-20 23:49:05) py-base_optimizer       : Trying to localize observation CHRI, 7261
 [DEBUG  ] (2020-02-20 23:49:05) py-optimizer            : Not localized observation 7261
 [DEBUG  ] (2020-02-20 23:49:05) py-base_optimizer       : Proceeding to assimilate observation DUE1, 12277
 [DEBUG  ] (2020-02-20 23:49:05) py-base_optimizer       : Not allowed to localize observation DUE1, 12277
 [DEBUG  ] (2020-02-20 23:49:05) py-base_optimizer       : Skipping observation (DUE1,12278) because of flag value 2
 [DEBUG  ] (2020-02-20 23:49:05) py-base_optimizer       : Skipping observation (DUE1,12279) because of flag value 2
 [DEBUG  ] (2020-02-20 23:49:05) py-base_optimizer       : Proceeding to assimilate observation DUE1, 12280
 [DEBUG  ] (2020-02-20 23:49:05) py-base_optimizer       : Not allowed to localize observation DUE1, 12280
 [DEBUG  ] (2020-02-20 23:49:05) py-base_optimizer       : Proceeding to assimilate observation DUE1, 12281
 [DEBUG  ] (2020-02-20 23:49:05) py-base_optimizer       : Not allowed to localize observation DUE1, 12281
 [DEBUG  ] (2020-02-20 23:49:05) py-base_optimizer       : Proceeding to assimilate observation DUE1, 12282
 [DEBUG  ] (2020-02-20 23:49:05) py-base_optimizer       : Not allowed to localize observation DUE1, 12282
 [DEBUG  ] (2020-02-20 23:49:05) py-base_optimizer       : Proceeding to assimilate observation DUE1, 12283
 [DEBUG  ] (2020-02-20 23:49:05) py-base_optimizer       : Not allowed to localize observation DUE1, 12283
 [DEBUG  ] (2020-02-20 23:49:05) py-base_optimizer       : Proceeding to assimilate observation ESMO, 13765
 [DEBUG  ] (2020-02-20 23:49:05) py-base_optimizer       : Trying to localize observation ESMO, 13765
 [DEBUG  ] (2020-02-20 23:49:05) py-optimizer            : Not localized observation 13765
 [DEBUG  ] (2020-02-20 23:49:05) py-base_optimizer       : Skipping observation (ESMO,13766) because of flag value 2
 [DEBUG  ] (2020-02-20 23:49:05) py-base_optimizer       : Proceeding to assimilate observation ESMO, 13767
 [DEBUG  ] (2020-02-20 23:49:05) py-base_optimizer       : Trying to localize observation ESMO, 13767
 [DEBUG  ] (2020-02-20 23:49:05) py-optimizer            : Not localized observation 13767
 [DEBUG  ] (2020-02-20 23:49:05) py-base_optimizer       : Proceeding to assimilate observation ESMO, 13768
 [DEBUG  ] (2020-02-20 23:49:05) py-base_optimizer       : Trying to localize observation ESMO, 13768
 [DEBUG  ] (2020-02-20 23:49:05) py-optimizer            : Not localized observation 13768
 [DEBUG  ] (2020-02-20 23:49:05) py-base_optimizer       : Proceeding to assimilate observation ESMO, 13769
 [DEBUG  ] (2020-02-20 23:49:05) py-base_optimizer       : Trying to localize observation ESMO, 13769
 [DEBUG  ] (2020-02-20 23:49:05) py-optimizer            : Not localized observation 13769
 [DEBUG  ] (2020-02-20 23:49:05) py-base_optimizer       : Skipping observation (ESMO,13770) because of flag value 2
 [DEBUG  ] (2020-02-20 23:49:05) py-base_optimizer       : Proceeding to assimilate observation ESMO, 13771
 [DEBUG  ] (2020-02-20 23:49:05) py-base_optimizer       : Trying to localize observation ESMO, 13771
 [DEBUG  ] (2020-02-20 23:49:05) py-optimizer            : Not localized observation 13771
 [DEBUG  ] (2020-02-20 23:49:05) py-base_optimizer       : Proceeding to assimilate observation FROB, 14974
 [DEBUG  ] (2020-02-20 23:49:05) py-base_optimizer       : Trying to localize observation FROB, 14974
 [DEBUG  ] (2020-02-20 23:49:05) py-optimizer            : Not localized observation 14974
 [DEBUG  ] (2020-02-20 23:49:05) py-base_optimizer       : Skipping observation (FROB,14975) because of flag value 2
 [DEBUG  ] (2020-02-20 23:49:05) py-base_optimizer       : Proceeding to assimilate observation FROB, 14976
 [DEBUG  ] (2020-02-20 23:49:05) py-base_optimizer       : Trying to localize observation FROB, 14976
 [DEBUG  ] (2020-02-20 23:49:05) py-optimizer            : Not localized observation 14976
 [DEBUG  ] (2020-02-20 23:49:05) py-base_optimizer       : Proceeding to assimilate observation FROB, 14977
 [DEBUG  ] (2020-02-20 23:49:05) py-base_optimizer       : Trying to localize observation FROB, 14977
 [DEBUG  ] (2020-02-20 23:49:05) py-optimizer            : Not localized observation 14977
 [DEBUG  ] (2020-02-20 23:49:05) py-base_optimizer       : Proceeding to assimilate observation FROB, 14978
 [DEBUG  ] (2020-02-20 23:49:05) py-base_optimizer       : Trying to localize observation FROB, 14978
 [DEBUG  ] (2020-02-20 23:49:05) py-optimizer            : Not localized observation 14978
 [DEBUG  ] (2020-02-20 23:49:05) py-base_optimizer       : Proceeding to assimilate observation FROB, 14979
 [DEBUG  ] (2020-02-20 23:49:05) py-base_optimizer       : Trying to localize observation FROB, 14979
 [DEBUG  ] (2020-02-20 23:49:05) py-optimizer            : Not localized observation 14979
 [DEBUG  ] (2020-02-20 23:49:05) py-base_optimizer       : Proceeding to assimilate observation FROB, 14980
 [DEBUG  ] (2020-02-20 23:49:05) py-base_optimizer       : Trying to localize observation FROB, 14980
 [DEBUG  ] (2020-02-20 23:49:05) py-optimizer            : Not localized observation 14980
 [DEBUG  ] (2020-02-20 23:49:05) py-base_optimizer       : Proceeding to assimilate observation GIMM, 15718
 [DEBUG  ] (2020-02-20 23:49:05) py-base_optimizer       : Not allowed to localize observation GIMM, 15718
 [DEBUG  ] (2020-02-20 23:49:05) py-base_optimizer       : Proceeding to assimilate observation GIMM, 15719
 [DEBUG  ] (2020-02-20 23:49:05) py-base_optimizer       : Not allowed to localize observation GIMM, 15719
 [DEBUG  ] (2020-02-20 23:49:05) py-base_optimizer       : Proceeding to assimilate observation GIMM, 15720
 [DEBUG  ] (2020-02-20 23:49:05) py-base_optimizer       : Not allowed to localize observation GIMM, 15720
 [DEBUG  ] (2020-02-20 23:49:05) py-base_optimizer       : Proceeding to assimilate observation GIMM, 15721
 [DEBUG  ] (2020-02-20 23:49:05) py-base_optimizer       : Not allowed to localize observation GIMM, 15721
 [DEBUG  ] (2020-02-20 23:49:05) py-base_optimizer       : Proceeding to assimilate observation GIMM, 15722
 [DEBUG  ] (2020-02-20 23:49:05) py-base_optimizer       : Not allowed to localize observation GIMM, 15722
 [DEBUG  ] (2020-02-20 23:49:05) py-base_optimizer       : Skipping observation (GIMM,15723) because of flag value 2
 [DEBUG  ] (2020-02-20 23:49:05) py-base_optimizer       : Proceeding to assimilate observation GIMM, 15724
 [DEBUG  ] (2020-02-20 23:49:05) py-base_optimizer       : Not allowed to localize observation GIMM, 15724
 [DEBUG  ] (2020-02-20 23:49:05) py-base_optimizer       : Skipping observation (HAE,18136) because of flag value 2
 [DEBUG  ] (2020-02-20 23:49:05) py-base_optimizer       : Proceeding to assimilate observation HAE, 18137
 [DEBUG  ] (2020-02-20 23:49:05) py-base_optimizer       : Not allowed to localize observation HAE, 18137
 [DEBUG  ] (2020-02-20 23:49:05) py-base_optimizer       : Skipping observation (HAE,18138) because of flag value 2
 [DEBUG  ] (2020-02-20 23:49:05) py-base_optimizer       : Proceeding to assimilate observation HAE, 18139
 [DEBUG  ] (2020-02-20 23:49:05) py-base_optimizer       : Not allowed to localize observation HAE, 18139
 [DEBUG  ] (2020-02-20 23:49:05) py-base_optimizer       : Proceeding to assimilate observation HAE, 18140
 [DEBUG  ] (2020-02-20 23:49:05) py-base_optimizer       : Not allowed to localize observation HAE, 18140
 [DEBUG  ] (2020-02-20 23:49:05) py-base_optimizer       : Skipping observation (HAE,18141) because of flag value 2
 [DEBUG  ] (2020-02-20 23:49:05) py-base_optimizer       : Proceeding to assimilate observation HAE, 18142
 [DEBUG  ] (2020-02-20 23:49:05) py-base_optimizer       : Not allowed to localize observation HAE, 18142
 [DEBUG  ] (2020-02-20 23:49:05) py-base_optimizer       : Proceeding to assimilate observation LAEG, 21856
 [DEBUG  ] (2020-02-20 23:49:05) py-base_optimizer       : Not allowed to localize observation LAEG, 21856
 [DEBUG  ] (2020-02-20 23:49:05) py-base_optimizer       : Skipping observation (LAEG,21857) because of flag value 2
 [DEBUG  ] (2020-02-20 23:49:05) py-base_optimizer       : Proceeding to assimilate observation LAEG, 21858
 [DEBUG  ] (2020-02-20 23:49:05) py-base_optimizer       : Not allowed to localize observation LAEG, 21858
 [DEBUG  ] (2020-02-20 23:49:05) py-base_optimizer       : Skipping observation (LAEG,21859) because of flag value 2
 [DEBUG  ] (2020-02-20 23:49:05) py-base_optimizer       : Proceeding to assimilate observation LAEG, 21860
 [DEBUG  ] (2020-02-20 23:49:05) py-base_optimizer       : Not allowed to localize observation LAEG, 21860
 [DEBUG  ] (2020-02-20 23:49:05) py-base_optimizer       : Skipping observation (LAEG,21861) because of flag value 2
 [DEBUG  ] (2020-02-20 23:49:05) py-base_optimizer       : Proceeding to assimilate observation LAEG, 21862
 [DEBUG  ] (2020-02-20 23:49:05) py-base_optimizer       : Not allowed to localize observation LAEG, 21862
 [DEBUG  ] (2020-02-20 23:49:05) py-base_optimizer       : Proceeding to assimilate observation MAGN, 23716
 [DEBUG  ] (2020-02-20 23:49:05) py-base_optimizer       : Trying to localize observation MAGN, 23716
 [DEBUG  ] (2020-02-20 23:49:05) py-optimizer            : Not localized observation 23716
 [DEBUG  ] (2020-02-20 23:49:05) py-base_optimizer       : Proceeding to assimilate observation MAGN, 23717
 [DEBUG  ] (2020-02-20 23:49:05) py-base_optimizer       : Trying to localize observation MAGN, 23717
 [DEBUG  ] (2020-02-20 23:49:05) py-optimizer            : Not localized observation 23717
 [DEBUG  ] (2020-02-20 23:49:05) py-base_optimizer       : Proceeding to assimilate observation MAGN, 23718
 [DEBUG  ] (2020-02-20 23:49:05) py-base_optimizer       : Trying to localize observation MAGN, 23718
 [DEBUG  ] (2020-02-20 23:49:05) py-optimizer            : Not localized observation 23718
 [DEBUG  ] (2020-02-20 23:49:05) py-base_optimizer       : Skipping observation (MAGN,23719) because of flag value 2
 [DEBUG  ] (2020-02-20 23:49:05) py-base_optimizer       : Skipping observation (MAGN,23720) because of flag value 2
 [DEBUG  ] (2020-02-20 23:49:05) py-base_optimizer       : Proceeding to assimilate observation MAGN, 23721
 [DEBUG  ] (2020-02-20 23:49:05) py-base_optimizer       : Trying to localize observation MAGN, 23721
 [DEBUG  ] (2020-02-20 23:49:05) py-optimizer            : Not localized observation 23721
 [DEBUG  ] (2020-02-20 23:49:05) py-base_optimizer       : Proceeding to assimilate observation MAGN, 23722
 [DEBUG  ] (2020-02-20 23:49:05) py-base_optimizer       : Trying to localize observation MAGN, 23722
 [DEBUG  ] (2020-02-20 23:49:05) py-optimizer            : Not localized observation 23722
 [DEBUG  ] (2020-02-20 23:49:05) py-base_optimizer       : Skipping observation (PAYN,28831) because of flag value 2
 [DEBUG  ] (2020-02-20 23:49:05) py-base_optimizer       : Skipping observation (PAYN,28832) because of flag value 2
 [DEBUG  ] (2020-02-20 23:49:05) py-base_optimizer       : Skipping observation (PAYN,28833) because of flag value 2
 [DEBUG  ] (2020-02-20 23:49:05) py-base_optimizer       : Proceeding to assimilate observation PAYN, 28834
 [DEBUG  ] (2020-02-20 23:49:05) py-base_optimizer       : Not allowed to localize observation PAYN, 28834
 [DEBUG  ] (2020-02-20 23:49:05) py-base_optimizer       : Proceeding to assimilate observation PAYN, 28835
 [DEBUG  ] (2020-02-20 23:49:05) py-base_optimizer       : Not allowed to localize observation PAYN, 28835
 [DEBUG  ] (2020-02-20 23:49:05) py-base_optimizer       : Skipping observation (PAYN,28836) because of flag value 2
 [DEBUG  ] (2020-02-20 23:49:05) py-base_optimizer       : Proceeding to assimilate observation PAYN, 28837
 [DEBUG  ] (2020-02-20 23:49:05) py-base_optimizer       : Not allowed to localize observation PAYN, 28837
 [DEBUG  ] (2020-02-20 23:49:05) py-base_optimizer       : Proceeding to assimilate observation RECK, 30412
 [DEBUG  ] (2020-02-20 23:49:05) py-base_optimizer       : Trying to localize observation RECK, 30412
 [DEBUG  ] (2020-02-20 23:49:05) py-optimizer            : Not localized observation 30412
 [DEBUG  ] (2020-02-20 23:49:05) py-base_optimizer       : Skipping observation (RECK,30413) because of flag value 2
 [DEBUG  ] (2020-02-20 23:49:05) py-base_optimizer       : Proceeding to assimilate observation RECK, 30414
 [DEBUG  ] (2020-02-20 23:49:05) py-base_optimizer       : Trying to localize observation RECK, 30414
 [DEBUG  ] (2020-02-20 23:49:05) py-optimizer            : Not localized observation 30414
 [DEBUG  ] (2020-02-20 23:49:05) py-base_optimizer       : Proceeding to assimilate observation RECK, 30415
 [DEBUG  ] (2020-02-20 23:49:05) py-base_optimizer       : Trying to localize observation RECK, 30415
 [DEBUG  ] (2020-02-20 23:49:05) py-optimizer            : Not localized observation 30415
 [DEBUG  ] (2020-02-20 23:49:05) py-base_optimizer       : Proceeding to assimilate observation RECK, 30416
 [DEBUG  ] (2020-02-20 23:49:05) py-base_optimizer       : Trying to localize observation RECK, 30416
 [DEBUG  ] (2020-02-20 23:49:05) py-optimizer            : Not localized observation 30416
 [DEBUG  ] (2020-02-20 23:49:05) py-base_optimizer       : Skipping observation (RECK,30417) because of flag value 2
 [DEBUG  ] (2020-02-20 23:49:05) py-base_optimizer       : Proceeding to assimilate observation RECK, 30418
 [DEBUG  ] (2020-02-20 23:49:05) py-base_optimizer       : Trying to localize observation RECK, 30418
 [DEBUG  ] (2020-02-20 23:49:05) py-optimizer            : Not localized observation 30418
 [DEBUG  ] (2020-02-20 23:49:05) py-base_optimizer       : Proceeding to assimilate observation RIG, 30970
 [DEBUG  ] (2020-02-20 23:49:05) py-base_optimizer       : Not allowed to localize observation RIG, 30970
 [DEBUG  ] (2020-02-20 23:49:05) py-base_optimizer       : Skipping observation (RIG,30971) because of flag value 2
 [DEBUG  ] (2020-02-20 23:49:05) py-base_optimizer       : Proceeding to assimilate observation RIG, 30972
 [DEBUG  ] (2020-02-20 23:49:05) py-base_optimizer       : Not allowed to localize observation RIG, 30972
 [DEBUG  ] (2020-02-20 23:49:05) py-base_optimizer       : Proceeding to assimilate observation RIG, 30973
 [DEBUG  ] (2020-02-20 23:49:05) py-base_optimizer       : Not allowed to localize observation RIG, 30973
 [DEBUG  ] (2020-02-20 23:49:05) py-base_optimizer       : Proceeding to assimilate observation RIG, 30974
 [DEBUG  ] (2020-02-20 23:49:05) py-base_optimizer       : Not allowed to localize observation RIG, 30974
 [DEBUG  ] (2020-02-20 23:49:05) py-base_optimizer       : Proceeding to assimilate observation RIG, 30975
 [DEBUG  ] (2020-02-20 23:49:05) py-base_optimizer       : Not allowed to localize observation RIG, 30975
 [DEBUG  ] (2020-02-20 23:49:05) py-base_optimizer       : Proceeding to assimilate observation RIG, 30976
 [DEBUG  ] (2020-02-20 23:49:05) py-base_optimizer       : Not allowed to localize observation RIG, 30976
 [DEBUG  ] (2020-02-20 23:49:05) py-base_optimizer       : Proceeding to assimilate observation SAVE, 32086
 [DEBUG  ] (2020-02-20 23:49:05) py-base_optimizer       : Trying to localize observation SAVE, 32086
 [DEBUG  ] (2020-02-20 23:49:05) py-optimizer            : Not localized observation 32086
 [DEBUG  ] (2020-02-20 23:49:05) py-base_optimizer       : Skipping observation (SAVE,32087) because of flag value 2
 [DEBUG  ] (2020-02-20 23:49:05) py-base_optimizer       : Skipping observation (SAVE,32088) because of flag value 2
 [DEBUG  ] (2020-02-20 23:49:05) py-base_optimizer       : Proceeding to assimilate observation SAVE, 32089
 [DEBUG  ] (2020-02-20 23:49:05) py-base_optimizer       : Trying to localize observation SAVE, 32089
 [DEBUG  ] (2020-02-20 23:49:05) py-optimizer            : Not localized observation 32089
 [DEBUG  ] (2020-02-20 23:49:05) py-base_optimizer       : Proceeding to assimilate observation SAVE, 32090
 [DEBUG  ] (2020-02-20 23:49:05) py-base_optimizer       : Trying to localize observation SAVE, 32090
 [DEBUG  ] (2020-02-20 23:49:05) py-optimizer            : Not localized observation 32090
 [DEBUG  ] (2020-02-20 23:49:05) py-base_optimizer       : Skipping observation (SAVE,32091) because of flag value 2
 [DEBUG  ] (2020-02-20 23:49:05) py-base_optimizer       : Proceeding to assimilate observation SAVE, 32092
 [DEBUG  ] (2020-02-20 23:49:05) py-base_optimizer       : Trying to localize observation SAVE, 32092
 [DEBUG  ] (2020-02-20 23:49:05) py-optimizer            : Not localized observation 32092
 [DEBUG  ] (2020-02-20 23:49:05) py-base_optimizer       : Proceeding to assimilate observation SEMP, 32644
 [DEBUG  ] (2020-02-20 23:49:05) py-base_optimizer       : Trying to localize observation SEMP, 32644
 [DEBUG  ] (2020-02-20 23:49:05) py-optimizer            : Not localized observation 32644
 [DEBUG  ] (2020-02-20 23:49:05) py-base_optimizer       : Skipping observation (SEMP,32645) because of flag value 2
 [DEBUG  ] (2020-02-20 23:49:05) py-base_optimizer       : Skipping observation (SEMP,32646) because of flag value 2
 [DEBUG  ] (2020-02-20 23:49:05) py-base_optimizer       : Proceeding to assimilate observation SEMP, 32647
 [DEBUG  ] (2020-02-20 23:49:05) py-base_optimizer       : Trying to localize observation SEMP, 32647
 [DEBUG  ] (2020-02-20 23:49:05) py-optimizer            : Not localized observation 32647
 [DEBUG  ] (2020-02-20 23:49:05) py-base_optimizer       : Skipping observation (SEMP,32648) because of flag value 2
 [DEBUG  ] (2020-02-20 23:49:05) py-base_optimizer       : Skipping observation (SEMP,32649) because of flag value 2
 [DEBUG  ] (2020-02-20 23:49:05) py-base_optimizer       : Proceeding to assimilate observation SEMP, 32650
 [DEBUG  ] (2020-02-20 23:49:05) py-base_optimizer       : Trying to localize observation SEMP, 32650
 [DEBUG  ] (2020-02-20 23:49:05) py-optimizer            : Not localized observation 32650
 [DEBUG  ] (2020-02-20 23:49:05) py-base_optimizer       : Proceeding to assimilate observation SOTT, 34504
 [DEBUG  ] (2020-02-20 23:49:05) py-base_optimizer       : Trying to localize observation SOTT, 34504
 [DEBUG  ] (2020-02-20 23:49:05) py-optimizer            : Not localized observation 34504
 [DEBUG  ] (2020-02-20 23:49:05) py-base_optimizer       : Proceeding to assimilate observation SOTT, 34505
 [DEBUG  ] (2020-02-20 23:49:05) py-base_optimizer       : Trying to localize observation SOTT, 34505
 [DEBUG  ] (2020-02-20 23:49:05) py-optimizer            : Not localized observation 34505
 [DEBUG  ] (2020-02-20 23:49:05) py-base_optimizer       : Proceeding to assimilate observation SOTT, 34506
 [DEBUG  ] (2020-02-20 23:49:05) py-base_optimizer       : Trying to localize observation SOTT, 34506
 [DEBUG  ] (2020-02-20 23:49:05) py-optimizer            : Not localized observation 34506
 [DEBUG  ] (2020-02-20 23:49:05) py-base_optimizer       : Proceeding to assimilate observation SOTT, 34507
 [DEBUG  ] (2020-02-20 23:49:05) py-base_optimizer       : Trying to localize observation SOTT, 34507
 [DEBUG  ] (2020-02-20 23:49:05) py-optimizer            : Not localized observation 34507
 [DEBUG  ] (2020-02-20 23:49:05) py-base_optimizer       : Proceeding to assimilate observation SOTT, 34508
 [DEBUG  ] (2020-02-20 23:49:05) py-base_optimizer       : Trying to localize observation SOTT, 34508
 [DEBUG  ] (2020-02-20 23:49:05) py-optimizer            : Not localized observation 34508
 [DEBUG  ] (2020-02-20 23:49:05) py-base_optimizer       : Proceeding to assimilate observation SOTT, 34509
 [DEBUG  ] (2020-02-20 23:49:05) py-base_optimizer       : Trying to localize observation SOTT, 34509
 [DEBUG  ] (2020-02-20 23:49:05) py-optimizer            : Not localized observation 34509
 [DEBUG  ] (2020-02-20 23:49:05) py-base_optimizer       : Proceeding to assimilate observation SOTT, 34510
 [DEBUG  ] (2020-02-20 23:49:05) py-base_optimizer       : Trying to localize observation SOTT, 34510
 [DEBUG  ] (2020-02-20 23:49:05) py-optimizer            : Not localized observation 34510
 [DEBUG  ] (2020-02-20 23:49:05) py-base_optimizer       : Proceeding to assimilate observation SSAL, 34690
 [DEBUG  ] (2020-02-20 23:49:05) py-base_optimizer       : Trying to localize observation SSAL, 34690
 [DEBUG  ] (2020-02-20 23:49:05) py-optimizer            : Not localized observation 34690
 [DEBUG  ] (2020-02-20 23:49:05) py-base_optimizer       : Skipping observation (SSAL,34691) because of flag value 2
 [DEBUG  ] (2020-02-20 23:49:05) py-base_optimizer       : Skipping observation (SSAL,34692) because of flag value 2
 [DEBUG  ] (2020-02-20 23:49:05) py-base_optimizer       : Proceeding to assimilate observation SSAL, 34693
 [DEBUG  ] (2020-02-20 23:49:05) py-base_optimizer       : Trying to localize observation SSAL, 34693
 [DEBUG  ] (2020-02-20 23:49:05) py-optimizer            : Not localized observation 34693
 [DEBUG  ] (2020-02-20 23:49:05) py-base_optimizer       : Proceeding to assimilate observation SSAL, 34694
 [DEBUG  ] (2020-02-20 23:49:05) py-base_optimizer       : Trying to localize observation SSAL, 34694
 [DEBUG  ] (2020-02-20 23:49:05) py-optimizer            : Not localized observation 34694
 [DEBUG  ] (2020-02-20 23:49:05) py-base_optimizer       : Skipping observation (SSAL,34695) because of flag value 2
 [DEBUG  ] (2020-02-20 23:49:05) py-base_optimizer       : Skipping observation (SSAL,34696) because of flag value 2
 [DEBUG  ] (2020-02-20 23:49:05) py-base_optimizer       : Proceeding to assimilate observation TAEN, 35341
 [DEBUG  ] (2020-02-20 23:49:05) py-base_optimizer       : Trying to localize observation TAEN, 35341
 [DEBUG  ] (2020-02-20 23:49:05) py-optimizer            : Not localized observation 35341
 [DEBUG  ] (2020-02-20 23:49:05) py-base_optimizer       : Skipping observation (TAEN,35342) because of flag value 2
 [DEBUG  ] (2020-02-20 23:49:05) py-base_optimizer       : Proceeding to assimilate observation TAEN, 35343
 [DEBUG  ] (2020-02-20 23:49:05) py-base_optimizer       : Trying to localize observation TAEN, 35343
 [DEBUG  ] (2020-02-20 23:49:05) py-optimizer            : Not localized observation 35343
 [DEBUG  ] (2020-02-20 23:49:05) py-base_optimizer       : Proceeding to assimilate observation TAEN, 35344
 [DEBUG  ] (2020-02-20 23:49:05) py-base_optimizer       : Trying to localize observation TAEN, 35344
 [DEBUG  ] (2020-02-20 23:49:05) py-optimizer            : Not localized observation 35344
 [DEBUG  ] (2020-02-20 23:49:05) py-base_optimizer       : Proceeding to assimilate observation TAEN, 35345
 [DEBUG  ] (2020-02-20 23:49:05) py-base_optimizer       : Trying to localize observation TAEN, 35345
 [DEBUG  ] (2020-02-20 23:49:05) py-optimizer            : Not localized observation 35345
 [DEBUG  ] (2020-02-20 23:49:05) py-base_optimizer       : Skipping observation (TAEN,35346) because of flag value 2
 [DEBUG  ] (2020-02-20 23:49:05) py-base_optimizer       : Proceeding to assimilate observation TAEN, 35347
 [DEBUG  ] (2020-02-20 23:49:05) py-base_optimizer       : Trying to localize observation TAEN, 35347
 [DEBUG  ] (2020-02-20 23:49:05) py-optimizer            : Not localized observation 35347
 [DEBUG  ] (2020-02-20 23:49:05) py-base_optimizer       : Proceeding to assimilate observation ZHBR, 40177
 [DEBUG  ] (2020-02-20 23:49:05) py-base_optimizer       : Trying to localize observation ZHBR, 40177
 [DEBUG  ] (2020-02-20 23:49:05) py-optimizer            : Not localized observation 40177
 [DEBUG  ] (2020-02-20 23:49:05) py-base_optimizer       : Skipping observation (ZHBR,40178) because of flag value 2
 [DEBUG  ] (2020-02-20 23:49:05) py-base_optimizer       : Proceeding to assimilate observation ZHBR, 40179
 [DEBUG  ] (2020-02-20 23:49:05) py-base_optimizer       : Trying to localize observation ZHBR, 40179
 [DEBUG  ] (2020-02-20 23:49:05) py-optimizer            : Not localized observation 40179
 [DEBUG  ] (2020-02-20 23:49:05) py-base_optimizer       : Proceeding to assimilate observation ZHBR, 40180
 [DEBUG  ] (2020-02-20 23:49:05) py-base_optimizer       : Trying to localize observation ZHBR, 40180
 [DEBUG  ] (2020-02-20 23:49:05) py-optimizer            : Not localized observation 40180
 [DEBUG  ] (2020-02-20 23:49:05) py-base_optimizer       : Proceeding to assimilate observation ZHBR, 40181
 [DEBUG  ] (2020-02-20 23:49:05) py-base_optimizer       : Trying to localize observation ZHBR, 40181
 [DEBUG  ] (2020-02-20 23:49:05) py-optimizer            : Not localized observation 40181
 [DEBUG  ] (2020-02-20 23:49:05) py-base_optimizer       : Skipping observation (ZHBR,40182) because of flag value 2
 [DEBUG  ] (2020-02-20 23:49:05) py-base_optimizer       : Proceeding to assimilate observation ZHBR, 40183
 [DEBUG  ] (2020-02-20 23:49:05) py-base_optimizer       : Trying to localize observation ZHBR, 40183
 [DEBUG  ] (2020-02-20 23:49:05) py-optimizer            : Not localized observation 40183
 [DEBUG  ] (2020-02-20 23:49:05) py-base_optimizer       : Proceeding to assimilate observation ZSCH, 44083
 [DEBUG  ] (2020-02-20 23:49:05) py-base_optimizer       : Trying to localize observation ZSCH, 44083
 [DEBUG  ] (2020-02-20 23:49:05) py-optimizer            : Not localized observation 44083
 [DEBUG  ] (2020-02-20 23:49:05) py-base_optimizer       : Proceeding to assimilate observation ZSCH, 44084
 [DEBUG  ] (2020-02-20 23:49:05) py-base_optimizer       : Trying to localize observation ZSCH, 44084
 [DEBUG  ] (2020-02-20 23:49:05) py-optimizer            : Not localized observation 44084
 [DEBUG  ] (2020-02-20 23:49:05) py-base_optimizer       : Skipping observation (ZSCH,44085) because of flag value 2
 [DEBUG  ] (2020-02-20 23:49:05) py-base_optimizer       : Proceeding to assimilate observation ZSCH, 44086
 [DEBUG  ] (2020-02-20 23:49:05) py-base_optimizer       : Trying to localize observation ZSCH, 44086
 [DEBUG  ] (2020-02-20 23:49:05) py-optimizer            : Not localized observation 44086
 [DEBUG  ] (2020-02-20 23:49:05) py-base_optimizer       : Proceeding to assimilate observation ZSCH, 44087
 [DEBUG  ] (2020-02-20 23:49:05) py-base_optimizer       : Trying to localize observation ZSCH, 44087
 [DEBUG  ] (2020-02-20 23:49:05) py-optimizer            : Not localized observation 44087
 [DEBUG  ] (2020-02-20 23:49:05) py-base_optimizer       : Skipping observation (ZSCH,44088) because of flag value 2
 [DEBUG  ] (2020-02-20 23:49:05) py-base_optimizer       : Proceeding to assimilate observation ZSCH, 44089
 [DEBUG  ] (2020-02-20 23:49:05) py-base_optimizer       : Trying to localize observation ZSCH, 44089
 [DEBUG  ] (2020-02-20 23:49:05) py-optimizer            : Not localized observation 44089
 [DEBUG  ] (2020-02-20 23:49:05) py-base_optimizer       : Proceeding to assimilate observation ZUE, 44734
 [DEBUG  ] (2020-02-20 23:49:05) py-base_optimizer       : Trying to localize observation ZUE, 44734
 [DEBUG  ] (2020-02-20 23:49:05) py-optimizer            : Not localized observation 44734
 [DEBUG  ] (2020-02-20 23:49:05) py-base_optimizer       : Proceeding to assimilate observation ZUE, 44735
 [DEBUG  ] (2020-02-20 23:49:05) py-base_optimizer       : Trying to localize observation ZUE, 44735
 [DEBUG  ] (2020-02-20 23:49:05) py-optimizer            : Not localized observation 44735
 [DEBUG  ] (2020-02-20 23:49:05) py-base_optimizer       : Proceeding to assimilate observation ZUE, 44736
 [DEBUG  ] (2020-02-20 23:49:05) py-base_optimizer       : Trying to localize observation ZUE, 44736
 [DEBUG  ] (2020-02-20 23:49:05) py-optimizer            : Not localized observation 44736
 [DEBUG  ] (2020-02-20 23:49:05) py-base_optimizer       : Proceeding to assimilate observation ZUE, 44737
 [DEBUG  ] (2020-02-20 23:49:05) py-base_optimizer       : Trying to localize observation ZUE, 44737
 [DEBUG  ] (2020-02-20 23:49:05) py-optimizer            : Not localized observation 44737
 [DEBUG  ] (2020-02-20 23:49:05) py-base_optimizer       : Proceeding to assimilate observation ZUE, 44738
 [DEBUG  ] (2020-02-20 23:49:05) py-base_optimizer       : Trying to localize observation ZUE, 44738
 [DEBUG  ] (2020-02-20 23:49:05) py-optimizer            : Not localized observation 44738
 [DEBUG  ] (2020-02-20 23:49:05) py-base_optimizer       : Skipping observation (ZUE,44739) because of flag value 2
 [DEBUG  ] (2020-02-20 23:49:05) py-base_optimizer       : Proceeding to assimilate observation ZUE, 44740
 [DEBUG  ] (2020-02-20 23:49:05) py-base_optimizer       : Trying to localize observation ZUE, 44740
 [DEBUG  ] (2020-02-20 23:49:05) py-optimizer            : Not localized observation 44740
 [DEBUG  ] (2020-02-20 23:49:05) py-base_optimizer       : Proceeding to assimilate observation ALBS, 1403
 [DEBUG  ] (2020-02-20 23:49:05) py-base_optimizer       : Trying to localize observation ALBS, 1403
 [DEBUG  ] (2020-02-20 23:49:05) py-optimizer            : Not localized observation 1403
 [DEBUG  ] (2020-02-20 23:49:05) py-base_optimizer       : Proceeding to assimilate observation ALBS, 1404
 [DEBUG  ] (2020-02-20 23:49:05) py-base_optimizer       : Trying to localize observation ALBS, 1404
 [DEBUG  ] (2020-02-20 23:49:05) py-optimizer            : Not localized observation 1404
 [DEBUG  ] (2020-02-20 23:49:05) py-base_optimizer       : Proceeding to assimilate observation ALBS, 1405
 [DEBUG  ] (2020-02-20 23:49:05) py-base_optimizer       : Trying to localize observation ALBS, 1405
 [DEBUG  ] (2020-02-20 23:49:05) py-optimizer            : Not localized observation 1405
 [DEBUG  ] (2020-02-20 23:49:05) py-base_optimizer       : Proceeding to assimilate observation ALBS, 1406
 [DEBUG  ] (2020-02-20 23:49:05) py-base_optimizer       : Trying to localize observation ALBS, 1406
 [DEBUG  ] (2020-02-20 23:49:05) py-optimizer            : Not localized observation 1406
 [DEBUG  ] (2020-02-20 23:49:05) py-base_optimizer       : Proceeding to assimilate observation ALBS, 1407
 [DEBUG  ] (2020-02-20 23:49:05) py-base_optimizer       : Trying to localize observation ALBS, 1407
 [DEBUG  ] (2020-02-20 23:49:05) py-optimizer            : Not localized observation 1407
 [DEBUG  ] (2020-02-20 23:49:05) py-base_optimizer       : Proceeding to assimilate observation ALBS, 1408
 [DEBUG  ] (2020-02-20 23:49:05) py-base_optimizer       : Trying to localize observation ALBS, 1408
 [DEBUG  ] (2020-02-20 23:49:05) py-optimizer            : Not localized observation 1408
 [DEBUG  ] (2020-02-20 23:49:05) py-base_optimizer       : Proceeding to assimilate observation ALBS, 1409
 [DEBUG  ] (2020-02-20 23:49:05) py-base_optimizer       : Trying to localize observation ALBS, 1409
 [DEBUG  ] (2020-02-20 23:49:05) py-optimizer            : Not localized observation 1409
 [DEBUG  ] (2020-02-20 23:49:05) py-base_optimizer       : Proceeding to assimilate observation BNTG, 3914
 [DEBUG  ] (2020-02-20 23:49:05) py-base_optimizer       : Trying to localize observation BNTG, 3914
 [DEBUG  ] (2020-02-20 23:49:05) py-optimizer            : Not localized observation 3914
 [DEBUG  ] (2020-02-20 23:49:05) py-base_optimizer       : Proceeding to assimilate observation BNTG, 3915
 [DEBUG  ] (2020-02-20 23:49:05) py-base_optimizer       : Trying to localize observation BNTG, 3915
 [DEBUG  ] (2020-02-20 23:49:05) py-optimizer            : Not localized observation 3915
 [DEBUG  ] (2020-02-20 23:49:05) py-base_optimizer       : Proceeding to assimilate observation BNTG, 3916
 [DEBUG  ] (2020-02-20 23:49:05) py-base_optimizer       : Trying to localize observation BNTG, 3916
 [DEBUG  ] (2020-02-20 23:49:05) py-optimizer            : Not localized observation 3916
 [DEBUG  ] (2020-02-20 23:49:05) py-base_optimizer       : Proceeding to assimilate observation BNTG, 3917
 [DEBUG  ] (2020-02-20 23:49:05) py-base_optimizer       : Trying to localize observation BNTG, 3917
 [DEBUG  ] (2020-02-20 23:49:05) py-optimizer            : Not localized observation 3917
 [DEBUG  ] (2020-02-20 23:49:05) py-base_optimizer       : Proceeding to assimilate observation BNTG, 3918
 [DEBUG  ] (2020-02-20 23:49:05) py-base_optimizer       : Trying to localize observation BNTG, 3918
 [DEBUG  ] (2020-02-20 23:49:05) py-optimizer            : Not localized observation 3918
 [DEBUG  ] (2020-02-20 23:49:05) py-base_optimizer       : Proceeding to assimilate observation BNTG, 3919
 [DEBUG  ] (2020-02-20 23:49:05) py-base_optimizer       : Trying to localize observation BNTG, 3919
 [DEBUG  ] (2020-02-20 23:49:05) py-optimizer            : Not localized observation 3919
 [DEBUG  ] (2020-02-20 23:49:05) py-base_optimizer       : Proceeding to assimilate observation BNTG, 3920
 [DEBUG  ] (2020-02-20 23:49:05) py-base_optimizer       : Trying to localize observation BNTG, 3920
 [DEBUG  ] (2020-02-20 23:49:05) py-optimizer            : Not localized observation 3920
 [DEBUG  ] (2020-02-20 23:49:05) py-base_optimizer       : Proceeding to assimilate observation BRM, 4658
 [DEBUG  ] (2020-02-20 23:49:05) py-base_optimizer       : Not allowed to localize observation BRM, 4658
 [DEBUG  ] (2020-02-20 23:49:05) py-base_optimizer       : Skipping observation (BRM,4659) because of flag value 2
 [DEBUG  ] (2020-02-20 23:49:05) py-base_optimizer       : Proceeding to assimilate observation BRM, 4660
 [DEBUG  ] (2020-02-20 23:49:05) py-base_optimizer       : Not allowed to localize observation BRM, 4660
 [DEBUG  ] (2020-02-20 23:49:05) py-base_optimizer       : Proceeding to assimilate observation BRM, 4661
 [DEBUG  ] (2020-02-20 23:49:05) py-base_optimizer       : Not allowed to localize observation BRM, 4661
 [DEBUG  ] (2020-02-20 23:49:05) py-base_optimizer       : Skipping observation (BRM,4662) because of flag value 2
 [DEBUG  ] (2020-02-20 23:49:05) py-base_optimizer       : Proceeding to assimilate observation BRM, 4663
 [DEBUG  ] (2020-02-20 23:49:05) py-base_optimizer       : Not allowed to localize observation BRM, 4663
 [DEBUG  ] (2020-02-20 23:49:05) py-base_optimizer       : Proceeding to assimilate observation BRM, 4664
 [DEBUG  ] (2020-02-20 23:49:05) py-base_optimizer       : Not allowed to localize observation BRM, 4664
 [DEBUG  ] (2020-02-20 23:49:05) py-base_optimizer       : Proceeding to assimilate observation CHRI, 7262
 [DEBUG  ] (2020-02-20 23:49:05) py-base_optimizer       : Trying to localize observation CHRI, 7262
 [DEBUG  ] (2020-02-20 23:49:05) py-optimizer            : Not localized observation 7262
 [DEBUG  ] (2020-02-20 23:49:05) py-base_optimizer       : Proceeding to assimilate observation CHRI, 7263
 [DEBUG  ] (2020-02-20 23:49:05) py-base_optimizer       : Trying to localize observation CHRI, 7263
 [DEBUG  ] (2020-02-20 23:49:05) py-optimizer            : Not localized observation 7263
 [DEBUG  ] (2020-02-20 23:49:05) py-base_optimizer       : Proceeding to assimilate observation CHRI, 7264
 [DEBUG  ] (2020-02-20 23:49:05) py-base_optimizer       : Trying to localize observation CHRI, 7264
 [DEBUG  ] (2020-02-20 23:49:05) py-optimizer            : Not localized observation 7264
 [DEBUG  ] (2020-02-20 23:49:05) py-base_optimizer       : Proceeding to assimilate observation CHRI, 7265
 [DEBUG  ] (2020-02-20 23:49:05) py-base_optimizer       : Trying to localize observation CHRI, 7265
 [DEBUG  ] (2020-02-20 23:49:05) py-optimizer            : Not localized observation 7265
 [DEBUG  ] (2020-02-20 23:49:05) py-base_optimizer       : Proceeding to assimilate observation CHRI, 7266
 [DEBUG  ] (2020-02-20 23:49:05) py-base_optimizer       : Trying to localize observation CHRI, 7266
 [DEBUG  ] (2020-02-20 23:49:05) py-optimizer            : Not localized observation 7266
 [DEBUG  ] (2020-02-20 23:49:05) py-base_optimizer       : Proceeding to assimilate observation CHRI, 7267
 [DEBUG  ] (2020-02-20 23:49:05) py-base_optimizer       : Trying to localize observation CHRI, 7267
 [DEBUG  ] (2020-02-20 23:49:05) py-optimizer            : Not localized observation 7267
 [DEBUG  ] (2020-02-20 23:49:05) py-base_optimizer       : Proceeding to assimilate observation CHRI, 7268
 [DEBUG  ] (2020-02-20 23:49:05) py-base_optimizer       : Trying to localize observation CHRI, 7268
 [DEBUG  ] (2020-02-20 23:49:05) py-optimizer            : Not localized observation 7268
 [DEBUG  ] (2020-02-20 23:49:05) py-base_optimizer       : Proceeding to assimilate observation DUE1, 12284
 [DEBUG  ] (2020-02-20 23:49:05) py-base_optimizer       : Not allowed to localize observation DUE1, 12284
 [DEBUG  ] (2020-02-20 23:49:05) py-base_optimizer       : Proceeding to assimilate observation DUE1, 12285
 [DEBUG  ] (2020-02-20 23:49:05) py-base_optimizer       : Not allowed to localize observation DUE1, 12285
 [DEBUG  ] (2020-02-20 23:49:05) py-base_optimizer       : Proceeding to assimilate observation DUE1, 12286
 [DEBUG  ] (2020-02-20 23:49:05) py-base_optimizer       : Not allowed to localize observation DUE1, 12286
 [DEBUG  ] (2020-02-20 23:49:05) py-base_optimizer       : Skipping observation (DUE1,12287) because of flag value 2
 [DEBUG  ] (2020-02-20 23:49:05) py-base_optimizer       : Skipping observation (DUE1,12288) because of flag value 2
 [DEBUG  ] (2020-02-20 23:49:05) py-base_optimizer       : Proceeding to assimilate observation DUE1, 12289
 [DEBUG  ] (2020-02-20 23:49:05) py-base_optimizer       : Not allowed to localize observation DUE1, 12289
 [DEBUG  ] (2020-02-20 23:49:05) py-base_optimizer       : Skipping observation (DUE1,12290) because of flag value 2
 [DEBUG  ] (2020-02-20 23:49:05) py-base_optimizer       : Proceeding to assimilate observation ESMO, 13772
 [DEBUG  ] (2020-02-20 23:49:05) py-base_optimizer       : Trying to localize observation ESMO, 13772
 [DEBUG  ] (2020-02-20 23:49:05) py-optimizer            : Not localized observation 13772
 [DEBUG  ] (2020-02-20 23:49:05) py-base_optimizer       : Proceeding to assimilate observation ESMO, 13773
 [DEBUG  ] (2020-02-20 23:49:05) py-base_optimizer       : Trying to localize observation ESMO, 13773
 [DEBUG  ] (2020-02-20 23:49:05) py-optimizer            : Not localized observation 13773
 [DEBUG  ] (2020-02-20 23:49:05) py-base_optimizer       : Proceeding to assimilate observation ESMO, 13774
 [DEBUG  ] (2020-02-20 23:49:05) py-base_optimizer       : Trying to localize observation ESMO, 13774
 [DEBUG  ] (2020-02-20 23:49:05) py-optimizer            : Not localized observation 13774
 [DEBUG  ] (2020-02-20 23:49:05) py-base_optimizer       : Proceeding to assimilate observation ESMO, 13775
 [DEBUG  ] (2020-02-20 23:49:05) py-base_optimizer       : Trying to localize observation ESMO, 13775
 [DEBUG  ] (2020-02-20 23:49:05) py-optimizer            : Not localized observation 13775
 [DEBUG  ] (2020-02-20 23:49:05) py-base_optimizer       : Proceeding to assimilate observation ESMO, 13776
 [DEBUG  ] (2020-02-20 23:49:05) py-base_optimizer       : Trying to localize observation ESMO, 13776
 [DEBUG  ] (2020-02-20 23:49:05) py-optimizer            : Not localized observation 13776
 [DEBUG  ] (2020-02-20 23:49:05) py-base_optimizer       : Proceeding to assimilate observation ESMO, 13777
 [DEBUG  ] (2020-02-20 23:49:05) py-base_optimizer       : Trying to localize observation ESMO, 13777
 [DEBUG  ] (2020-02-20 23:49:05) py-optimizer            : Not localized observation 13777
 [DEBUG  ] (2020-02-20 23:49:05) py-base_optimizer       : Proceeding to assimilate observation ESMO, 13778
 [DEBUG  ] (2020-02-20 23:49:05) py-base_optimizer       : Trying to localize observation ESMO, 13778
 [DEBUG  ] (2020-02-20 23:49:05) py-optimizer            : Not localized observation 13778
 [DEBUG  ] (2020-02-20 23:49:05) py-base_optimizer       : Proceeding to assimilate observation FROB, 14981
 [DEBUG  ] (2020-02-20 23:49:05) py-base_optimizer       : Trying to localize observation FROB, 14981
 [DEBUG  ] (2020-02-20 23:49:05) py-optimizer            : Not localized observation 14981
 [DEBUG  ] (2020-02-20 23:49:05) py-base_optimizer       : Proceeding to assimilate observation FROB, 14982
 [DEBUG  ] (2020-02-20 23:49:05) py-base_optimizer       : Trying to localize observation FROB, 14982
 [DEBUG  ] (2020-02-20 23:49:05) py-optimizer            : Not localized observation 14982
 [DEBUG  ] (2020-02-20 23:49:05) py-base_optimizer       : Proceeding to assimilate observation FROB, 14983
 [DEBUG  ] (2020-02-20 23:49:05) py-base_optimizer       : Trying to localize observation FROB, 14983
 [DEBUG  ] (2020-02-20 23:49:05) py-optimizer            : Not localized observation 14983
 [DEBUG  ] (2020-02-20 23:49:05) py-base_optimizer       : Skipping observation (FROB,14984) because of flag value 2
 [DEBUG  ] (2020-02-20 23:49:05) py-base_optimizer       : Proceeding to assimilate observation FROB, 14985
 [DEBUG  ] (2020-02-20 23:49:05) py-base_optimizer       : Trying to localize observation FROB, 14985
 [DEBUG  ] (2020-02-20 23:49:05) py-optimizer            : Not localized observation 14985
 [DEBUG  ] (2020-02-20 23:49:05) py-base_optimizer       : Proceeding to assimilate observation FROB, 14986
 [DEBUG  ] (2020-02-20 23:49:05) py-base_optimizer       : Trying to localize observation FROB, 14986
 [DEBUG  ] (2020-02-20 23:49:05) py-optimizer            : Not localized observation 14986
 [DEBUG  ] (2020-02-20 23:49:05) py-base_optimizer       : Proceeding to assimilate observation FROB, 14987
 [DEBUG  ] (2020-02-20 23:49:05) py-base_optimizer       : Trying to localize observation FROB, 14987
 [DEBUG  ] (2020-02-20 23:49:05) py-optimizer            : Not localized observation 14987
 [DEBUG  ] (2020-02-20 23:49:05) py-base_optimizer       : Proceeding to assimilate observation GIMM, 15725
 [DEBUG  ] (2020-02-20 23:49:05) py-base_optimizer       : Not allowed to localize observation GIMM, 15725
 [DEBUG  ] (2020-02-20 23:49:05) py-base_optimizer       : Skipping observation (GIMM,15726) because of flag value 2
 [DEBUG  ] (2020-02-20 23:49:05) py-base_optimizer       : Proceeding to assimilate observation GIMM, 15727
 [DEBUG  ] (2020-02-20 23:49:05) py-base_optimizer       : Not allowed to localize observation GIMM, 15727
 [DEBUG  ] (2020-02-20 23:49:05) py-base_optimizer       : Proceeding to assimilate observation GIMM, 15728
 [DEBUG  ] (2020-02-20 23:49:05) py-base_optimizer       : Not allowed to localize observation GIMM, 15728
 [DEBUG  ] (2020-02-20 23:49:05) py-base_optimizer       : Proceeding to assimilate observation GIMM, 15729
 [DEBUG  ] (2020-02-20 23:49:05) py-base_optimizer       : Not allowed to localize observation GIMM, 15729
 [DEBUG  ] (2020-02-20 23:49:06) py-base_optimizer       : Proceeding to assimilate observation GIMM, 15730
 [DEBUG  ] (2020-02-20 23:49:06) py-base_optimizer       : Not allowed to localize observation GIMM, 15730
 [DEBUG  ] (2020-02-20 23:49:06) py-base_optimizer       : Proceeding to assimilate observation GIMM, 15731
 [DEBUG  ] (2020-02-20 23:49:06) py-base_optimizer       : Not allowed to localize observation GIMM, 15731
 [DEBUG  ] (2020-02-20 23:49:06) py-base_optimizer       : Proceeding to assimilate observation HAE, 18143
 [DEBUG  ] (2020-02-20 23:49:06) py-base_optimizer       : Not allowed to localize observation HAE, 18143
 [DEBUG  ] (2020-02-20 23:49:06) py-base_optimizer       : Skipping observation (HAE,18144) because of flag value 2
 [DEBUG  ] (2020-02-20 23:49:06) py-base_optimizer       : Proceeding to assimilate observation HAE, 18145
 [DEBUG  ] (2020-02-20 23:49:06) py-base_optimizer       : Not allowed to localize observation HAE, 18145
 [DEBUG  ] (2020-02-20 23:49:06) py-base_optimizer       : Proceeding to assimilate observation HAE, 18146
 [DEBUG  ] (2020-02-20 23:49:06) py-base_optimizer       : Not allowed to localize observation HAE, 18146
 [DEBUG  ] (2020-02-20 23:49:06) py-base_optimizer       : Skipping observation (HAE,18147) because of flag value 2
 [DEBUG  ] (2020-02-20 23:49:06) py-base_optimizer       : Proceeding to assimilate observation HAE, 18148
 [DEBUG  ] (2020-02-20 23:49:06) py-base_optimizer       : Not allowed to localize observation HAE, 18148
 [DEBUG  ] (2020-02-20 23:49:06) py-base_optimizer       : Proceeding to assimilate observation HAE, 18149
 [DEBUG  ] (2020-02-20 23:49:06) py-base_optimizer       : Not allowed to localize observation HAE, 18149
 [DEBUG  ] (2020-02-20 23:49:06) py-base_optimizer       : Proceeding to assimilate observation LAEG, 21863
 [DEBUG  ] (2020-02-20 23:49:06) py-base_optimizer       : Not allowed to localize observation LAEG, 21863
 [DEBUG  ] (2020-02-20 23:49:06) py-base_optimizer       : Proceeding to assimilate observation LAEG, 21864
 [DEBUG  ] (2020-02-20 23:49:06) py-base_optimizer       : Not allowed to localize observation LAEG, 21864
 [DEBUG  ] (2020-02-20 23:49:06) py-base_optimizer       : Proceeding to assimilate observation LAEG, 21865
 [DEBUG  ] (2020-02-20 23:49:06) py-base_optimizer       : Not allowed to localize observation LAEG, 21865
 [DEBUG  ] (2020-02-20 23:49:06) py-base_optimizer       : Proceeding to assimilate observation LAEG, 21866
 [DEBUG  ] (2020-02-20 23:49:06) py-base_optimizer       : Not allowed to localize observation LAEG, 21866
 [DEBUG  ] (2020-02-20 23:49:06) py-base_optimizer       : Skipping observation (LAEG,21867) because of flag value 2
 [DEBUG  ] (2020-02-20 23:49:06) py-base_optimizer       : Proceeding to assimilate observation LAEG, 21868
 [DEBUG  ] (2020-02-20 23:49:06) py-base_optimizer       : Not allowed to localize observation LAEG, 21868
 [DEBUG  ] (2020-02-20 23:49:06) py-base_optimizer       : Proceeding to assimilate observation LAEG, 21869
 [DEBUG  ] (2020-02-20 23:49:06) py-base_optimizer       : Not allowed to localize observation LAEG, 21869
 [DEBUG  ] (2020-02-20 23:49:06) py-base_optimizer       : Skipping observation (MAGN,23723) because of flag value 2
 [DEBUG  ] (2020-02-20 23:49:06) py-base_optimizer       : Proceeding to assimilate observation MAGN, 23724
 [DEBUG  ] (2020-02-20 23:49:06) py-base_optimizer       : Trying to localize observation MAGN, 23724
 [DEBUG  ] (2020-02-20 23:49:06) py-optimizer            : Not localized observation 23724
 [DEBUG  ] (2020-02-20 23:49:06) py-base_optimizer       : Proceeding to assimilate observation MAGN, 23725
 [DEBUG  ] (2020-02-20 23:49:06) py-base_optimizer       : Trying to localize observation MAGN, 23725
 [DEBUG  ] (2020-02-20 23:49:06) py-optimizer            : Not localized observation 23725
 [DEBUG  ] (2020-02-20 23:49:06) py-base_optimizer       : Skipping observation (MAGN,23726) because of flag value 2
 [DEBUG  ] (2020-02-20 23:49:06) py-base_optimizer       : Proceeding to assimilate observation MAGN, 23727
 [DEBUG  ] (2020-02-20 23:49:06) py-base_optimizer       : Trying to localize observation MAGN, 23727
 [DEBUG  ] (2020-02-20 23:49:06) py-optimizer            : Not localized observation 23727
 [DEBUG  ] (2020-02-20 23:49:06) py-base_optimizer       : Proceeding to assimilate observation MAGN, 23728
 [DEBUG  ] (2020-02-20 23:49:06) py-base_optimizer       : Trying to localize observation MAGN, 23728
 [DEBUG  ] (2020-02-20 23:49:06) py-optimizer            : Not localized observation 23728
 [DEBUG  ] (2020-02-20 23:49:06) py-base_optimizer       : Skipping observation (MAGN,23729) because of flag value 2
 [DEBUG  ] (2020-02-20 23:49:06) py-base_optimizer       : Proceeding to assimilate observation PAYN, 28838
 [DEBUG  ] (2020-02-20 23:49:06) py-base_optimizer       : Not allowed to localize observation PAYN, 28838
 [DEBUG  ] (2020-02-20 23:49:06) py-base_optimizer       : Proceeding to assimilate observation PAYN, 28839
 [DEBUG  ] (2020-02-20 23:49:06) py-base_optimizer       : Not allowed to localize observation PAYN, 28839
 [DEBUG  ] (2020-02-20 23:49:06) py-base_optimizer       : Proceeding to assimilate observation PAYN, 28840
 [DEBUG  ] (2020-02-20 23:49:06) py-base_optimizer       : Not allowed to localize observation PAYN, 28840
 [DEBUG  ] (2020-02-20 23:49:06) py-base_optimizer       : Skipping observation (PAYN,28841) because of flag value 2
 [DEBUG  ] (2020-02-20 23:49:06) py-base_optimizer       : Proceeding to assimilate observation PAYN, 28842
 [DEBUG  ] (2020-02-20 23:49:06) py-base_optimizer       : Not allowed to localize observation PAYN, 28842
 [DEBUG  ] (2020-02-20 23:49:06) py-base_optimizer       : Proceeding to assimilate observation PAYN, 28843
 [DEBUG  ] (2020-02-20 23:49:06) py-base_optimizer       : Not allowed to localize observation PAYN, 28843
 [DEBUG  ] (2020-02-20 23:49:06) py-base_optimizer       : Proceeding to assimilate observation PAYN, 28844
 [DEBUG  ] (2020-02-20 23:49:06) py-base_optimizer       : Not allowed to localize observation PAYN, 28844
 [DEBUG  ] (2020-02-20 23:49:06) py-base_optimizer       : Skipping observation (RECK,30419) because of flag value 2
 [DEBUG  ] (2020-02-20 23:49:06) py-base_optimizer       : Skipping observation (RECK,30420) because of flag value 2
 [DEBUG  ] (2020-02-20 23:49:06) py-base_optimizer       : Proceeding to assimilate observation RECK, 30421
 [DEBUG  ] (2020-02-20 23:49:06) py-base_optimizer       : Trying to localize observation RECK, 30421
 [DEBUG  ] (2020-02-20 23:49:06) py-optimizer            : Not localized observation 30421
 [DEBUG  ] (2020-02-20 23:49:06) py-base_optimizer       : Skipping observation (RECK,30422) because of flag value 2
 [DEBUG  ] (2020-02-20 23:49:06) py-base_optimizer       : Proceeding to assimilate observation RECK, 30423
 [DEBUG  ] (2020-02-20 23:49:06) py-base_optimizer       : Trying to localize observation RECK, 30423
 [DEBUG  ] (2020-02-20 23:49:06) py-optimizer            : Not localized observation 30423
 [DEBUG  ] (2020-02-20 23:49:06) py-base_optimizer       : Proceeding to assimilate observation RECK, 30424
 [DEBUG  ] (2020-02-20 23:49:06) py-base_optimizer       : Trying to localize observation RECK, 30424
 [DEBUG  ] (2020-02-20 23:49:06) py-optimizer            : Not localized observation 30424
 [DEBUG  ] (2020-02-20 23:49:06) py-base_optimizer       : Proceeding to assimilate observation RECK, 30425
 [DEBUG  ] (2020-02-20 23:49:06) py-base_optimizer       : Trying to localize observation RECK, 30425
 [DEBUG  ] (2020-02-20 23:49:06) py-optimizer            : Not localized observation 30425
 [DEBUG  ] (2020-02-20 23:49:06) py-base_optimizer       : Proceeding to assimilate observation RIG, 30977
 [DEBUG  ] (2020-02-20 23:49:06) py-base_optimizer       : Not allowed to localize observation RIG, 30977
 [DEBUG  ] (2020-02-20 23:49:06) py-base_optimizer       : Proceeding to assimilate observation RIG, 30978
 [DEBUG  ] (2020-02-20 23:49:06) py-base_optimizer       : Not allowed to localize observation RIG, 30978
 [DEBUG  ] (2020-02-20 23:49:06) py-base_optimizer       : Proceeding to assimilate observation RIG, 30979
 [DEBUG  ] (2020-02-20 23:49:06) py-base_optimizer       : Not allowed to localize observation RIG, 30979
 [DEBUG  ] (2020-02-20 23:49:06) py-base_optimizer       : Skipping observation (RIG,30980) because of flag value 2
 [DEBUG  ] (2020-02-20 23:49:06) py-base_optimizer       : Skipping observation (RIG,30981) because of flag value 2
 [DEBUG  ] (2020-02-20 23:49:06) py-base_optimizer       : Proceeding to assimilate observation RIG, 30982
 [DEBUG  ] (2020-02-20 23:49:06) py-base_optimizer       : Not allowed to localize observation RIG, 30982
 [DEBUG  ] (2020-02-20 23:49:06) py-base_optimizer       : Proceeding to assimilate observation RIG, 30983
 [DEBUG  ] (2020-02-20 23:49:06) py-base_optimizer       : Not allowed to localize observation RIG, 30983
 [DEBUG  ] (2020-02-20 23:49:06) py-base_optimizer       : Skipping observation (SAVE,32093) because of flag value 2
 [DEBUG  ] (2020-02-20 23:49:06) py-base_optimizer       : Skipping observation (SAVE,32094) because of flag value 2
 [DEBUG  ] (2020-02-20 23:49:06) py-base_optimizer       : Proceeding to assimilate observation SAVE, 32095
 [DEBUG  ] (2020-02-20 23:49:06) py-base_optimizer       : Trying to localize observation SAVE, 32095
 [DEBUG  ] (2020-02-20 23:49:06) py-optimizer            : Not localized observation 32095
 [DEBUG  ] (2020-02-20 23:49:06) py-base_optimizer       : Proceeding to assimilate observation SAVE, 32096
 [DEBUG  ] (2020-02-20 23:49:06) py-base_optimizer       : Trying to localize observation SAVE, 32096
 [DEBUG  ] (2020-02-20 23:49:06) py-optimizer            : Not localized observation 32096
 [DEBUG  ] (2020-02-20 23:49:06) py-base_optimizer       : Proceeding to assimilate observation SAVE, 32097
 [DEBUG  ] (2020-02-20 23:49:06) py-base_optimizer       : Trying to localize observation SAVE, 32097
 [DEBUG  ] (2020-02-20 23:49:06) py-optimizer            : Not localized observation 32097
 [DEBUG  ] (2020-02-20 23:49:06) py-base_optimizer       : Skipping observation (SAVE,32098) because of flag value 2
 [DEBUG  ] (2020-02-20 23:49:06) py-base_optimizer       : Proceeding to assimilate observation SAVE, 32099
 [DEBUG  ] (2020-02-20 23:49:06) py-base_optimizer       : Trying to localize observation SAVE, 32099
 [DEBUG  ] (2020-02-20 23:49:06) py-optimizer            : Not localized observation 32099
 [DEBUG  ] (2020-02-20 23:49:06) py-base_optimizer       : Proceeding to assimilate observation SEMP, 32651
 [DEBUG  ] (2020-02-20 23:49:06) py-base_optimizer       : Trying to localize observation SEMP, 32651
 [DEBUG  ] (2020-02-20 23:49:06) py-optimizer            : Not localized observation 32651
 [DEBUG  ] (2020-02-20 23:49:06) py-base_optimizer       : Skipping observation (SEMP,32652) because of flag value 2
 [DEBUG  ] (2020-02-20 23:49:06) py-base_optimizer       : Proceeding to assimilate observation SEMP, 32653
 [DEBUG  ] (2020-02-20 23:49:06) py-base_optimizer       : Trying to localize observation SEMP, 32653
 [DEBUG  ] (2020-02-20 23:49:06) py-optimizer            : Not localized observation 32653
 [DEBUG  ] (2020-02-20 23:49:06) py-base_optimizer       : Proceeding to assimilate observation SEMP, 32654
 [DEBUG  ] (2020-02-20 23:49:06) py-base_optimizer       : Trying to localize observation SEMP, 32654
 [DEBUG  ] (2020-02-20 23:49:06) py-optimizer            : Not localized observation 32654
 [DEBUG  ] (2020-02-20 23:49:06) py-base_optimizer       : Proceeding to assimilate observation SEMP, 32655
 [DEBUG  ] (2020-02-20 23:49:06) py-base_optimizer       : Trying to localize observation SEMP, 32655
 [DEBUG  ] (2020-02-20 23:49:06) py-optimizer            : Not localized observation 32655
 [DEBUG  ] (2020-02-20 23:49:06) py-base_optimizer       : Proceeding to assimilate observation SEMP, 32656
 [DEBUG  ] (2020-02-20 23:49:06) py-base_optimizer       : Trying to localize observation SEMP, 32656
 [DEBUG  ] (2020-02-20 23:49:06) py-optimizer            : Not localized observation 32656
 [DEBUG  ] (2020-02-20 23:49:06) py-base_optimizer       : Proceeding to assimilate observation SEMP, 32657
 [DEBUG  ] (2020-02-20 23:49:06) py-base_optimizer       : Trying to localize observation SEMP, 32657
 [DEBUG  ] (2020-02-20 23:49:06) py-optimizer            : Not localized observation 32657
 [DEBUG  ] (2020-02-20 23:49:06) py-base_optimizer       : Proceeding to assimilate observation SOTT, 34511
 [DEBUG  ] (2020-02-20 23:49:06) py-base_optimizer       : Trying to localize observation SOTT, 34511
 [DEBUG  ] (2020-02-20 23:49:06) py-optimizer            : Not localized observation 34511
 [DEBUG  ] (2020-02-20 23:49:06) py-base_optimizer       : Proceeding to assimilate observation SOTT, 34512
 [DEBUG  ] (2020-02-20 23:49:06) py-base_optimizer       : Trying to localize observation SOTT, 34512
 [DEBUG  ] (2020-02-20 23:49:06) py-optimizer            : Not localized observation 34512
 [DEBUG  ] (2020-02-20 23:49:06) py-base_optimizer       : Proceeding to assimilate observation SOTT, 34513
 [DEBUG  ] (2020-02-20 23:49:06) py-base_optimizer       : Trying to localize observation SOTT, 34513
 [DEBUG  ] (2020-02-20 23:49:06) py-optimizer            : Not localized observation 34513
 [DEBUG  ] (2020-02-20 23:49:06) py-base_optimizer       : Proceeding to assimilate observation SOTT, 34514
 [DEBUG  ] (2020-02-20 23:49:06) py-base_optimizer       : Trying to localize observation SOTT, 34514
 [DEBUG  ] (2020-02-20 23:49:06) py-optimizer            : Not localized observation 34514
 [DEBUG  ] (2020-02-20 23:49:06) py-base_optimizer       : Proceeding to assimilate observation SOTT, 34515
 [DEBUG  ] (2020-02-20 23:49:06) py-base_optimizer       : Trying to localize observation SOTT, 34515
 [DEBUG  ] (2020-02-20 23:49:06) py-optimizer            : Not localized observation 34515
 [DEBUG  ] (2020-02-20 23:49:06) py-base_optimizer       : Proceeding to assimilate observation SOTT, 34516
 [DEBUG  ] (2020-02-20 23:49:06) py-base_optimizer       : Trying to localize observation SOTT, 34516
 [DEBUG  ] (2020-02-20 23:49:06) py-optimizer            : Not localized observation 34516
 [DEBUG  ] (2020-02-20 23:49:06) py-base_optimizer       : Proceeding to assimilate observation SOTT, 34517
 [DEBUG  ] (2020-02-20 23:49:06) py-base_optimizer       : Trying to localize observation SOTT, 34517
 [DEBUG  ] (2020-02-20 23:49:06) py-optimizer            : Not localized observation 34517
 [DEBUG  ] (2020-02-20 23:49:06) py-base_optimizer       : Skipping observation (SSAL,34697) because of flag value 2
 [DEBUG  ] (2020-02-20 23:49:06) py-base_optimizer       : Proceeding to assimilate observation SSAL, 34698
 [DEBUG  ] (2020-02-20 23:49:06) py-base_optimizer       : Trying to localize observation SSAL, 34698
 [DEBUG  ] (2020-02-20 23:49:06) py-optimizer            : Not localized observation 34698
 [DEBUG  ] (2020-02-20 23:49:06) py-base_optimizer       : Skipping observation (SSAL,34699) because of flag value 2
 [DEBUG  ] (2020-02-20 23:49:06) py-base_optimizer       : Proceeding to assimilate observation SSAL, 34700
 [DEBUG  ] (2020-02-20 23:49:06) py-base_optimizer       : Trying to localize observation SSAL, 34700
 [DEBUG  ] (2020-02-20 23:49:06) py-optimizer            : Not localized observation 34700
 [DEBUG  ] (2020-02-20 23:49:06) py-base_optimizer       : Proceeding to assimilate observation SSAL, 34701
 [DEBUG  ] (2020-02-20 23:49:06) py-base_optimizer       : Trying to localize observation SSAL, 34701
 [DEBUG  ] (2020-02-20 23:49:06) py-optimizer            : Not localized observation 34701
 [DEBUG  ] (2020-02-20 23:49:06) py-base_optimizer       : Skipping observation (SSAL,34702) because of flag value 2
 [DEBUG  ] (2020-02-20 23:49:06) py-base_optimizer       : Skipping observation (SSAL,34703) because of flag value 2
 [DEBUG  ] (2020-02-20 23:49:06) py-base_optimizer       : Proceeding to assimilate observation TAEN, 35348
 [DEBUG  ] (2020-02-20 23:49:06) py-base_optimizer       : Trying to localize observation TAEN, 35348
 [DEBUG  ] (2020-02-20 23:49:06) py-optimizer            : Not localized observation 35348
 [DEBUG  ] (2020-02-20 23:49:06) py-base_optimizer       : Proceeding to assimilate observation TAEN, 35349
 [DEBUG  ] (2020-02-20 23:49:06) py-base_optimizer       : Trying to localize observation TAEN, 35349
 [DEBUG  ] (2020-02-20 23:49:06) py-optimizer            : Not localized observation 35349
 [DEBUG  ] (2020-02-20 23:49:06) py-base_optimizer       : Proceeding to assimilate observation TAEN, 35350
 [DEBUG  ] (2020-02-20 23:49:06) py-base_optimizer       : Trying to localize observation TAEN, 35350
 [DEBUG  ] (2020-02-20 23:49:06) py-optimizer            : Not localized observation 35350
 [DEBUG  ] (2020-02-20 23:49:06) py-base_optimizer       : Proceeding to assimilate observation TAEN, 35351
 [DEBUG  ] (2020-02-20 23:49:06) py-base_optimizer       : Trying to localize observation TAEN, 35351
 [DEBUG  ] (2020-02-20 23:49:06) py-optimizer            : Not localized observation 35351
 [DEBUG  ] (2020-02-20 23:49:06) py-base_optimizer       : Skipping observation (TAEN,35352) because of flag value 2
 [DEBUG  ] (2020-02-20 23:49:06) py-base_optimizer       : Proceeding to assimilate observation TAEN, 35353
 [DEBUG  ] (2020-02-20 23:49:06) py-base_optimizer       : Trying to localize observation TAEN, 35353
 [DEBUG  ] (2020-02-20 23:49:06) py-optimizer            : Not localized observation 35353
 [DEBUG  ] (2020-02-20 23:49:06) py-base_optimizer       : Proceeding to assimilate observation TAEN, 35354
 [DEBUG  ] (2020-02-20 23:49:06) py-base_optimizer       : Trying to localize observation TAEN, 35354
 [DEBUG  ] (2020-02-20 23:49:06) py-optimizer            : Not localized observation 35354
 [DEBUG  ] (2020-02-20 23:49:06) py-base_optimizer       : Proceeding to assimilate observation ZHBR, 40184
 [DEBUG  ] (2020-02-20 23:49:06) py-base_optimizer       : Trying to localize observation ZHBR, 40184
 [DEBUG  ] (2020-02-20 23:49:06) py-optimizer            : Not localized observation 40184
 [DEBUG  ] (2020-02-20 23:49:06) py-base_optimizer       : Proceeding to assimilate observation ZHBR, 40185
 [DEBUG  ] (2020-02-20 23:49:06) py-base_optimizer       : Trying to localize observation ZHBR, 40185
 [DEBUG  ] (2020-02-20 23:49:06) py-optimizer            : Not localized observation 40185
 [DEBUG  ] (2020-02-20 23:49:06) py-base_optimizer       : Proceeding to assimilate observation ZHBR, 40186
 [DEBUG  ] (2020-02-20 23:49:06) py-base_optimizer       : Trying to localize observation ZHBR, 40186
 [DEBUG  ] (2020-02-20 23:49:06) py-optimizer            : Not localized observation 40186
 [DEBUG  ] (2020-02-20 23:49:06) py-base_optimizer       : Skipping observation (ZHBR,40187) because of flag value 2
 [DEBUG  ] (2020-02-20 23:49:06) py-base_optimizer       : Skipping observation (ZHBR,40188) because of flag value 2
 [DEBUG  ] (2020-02-20 23:49:06) py-base_optimizer       : Proceeding to assimilate observation ZHBR, 40189
 [DEBUG  ] (2020-02-20 23:49:06) py-base_optimizer       : Trying to localize observation ZHBR, 40189
 [DEBUG  ] (2020-02-20 23:49:06) py-optimizer            : Not localized observation 40189
 [DEBUG  ] (2020-02-20 23:49:06) py-base_optimizer       : Skipping observation (ZHBR,40190) because of flag value 2
 [DEBUG  ] (2020-02-20 23:49:06) py-base_optimizer       : Proceeding to assimilate observation ZSCH, 44090
 [DEBUG  ] (2020-02-20 23:49:06) py-base_optimizer       : Trying to localize observation ZSCH, 44090
 [DEBUG  ] (2020-02-20 23:49:06) py-optimizer            : Not localized observation 44090
 [DEBUG  ] (2020-02-20 23:49:06) py-base_optimizer       : Proceeding to assimilate observation ZSCH, 44091
 [DEBUG  ] (2020-02-20 23:49:06) py-base_optimizer       : Trying to localize observation ZSCH, 44091
 [DEBUG  ] (2020-02-20 23:49:06) py-optimizer            : Not localized observation 44091
 [DEBUG  ] (2020-02-20 23:49:06) py-base_optimizer       : Proceeding to assimilate observation ZSCH, 44092
 [DEBUG  ] (2020-02-20 23:49:06) py-base_optimizer       : Trying to localize observation ZSCH, 44092
 [DEBUG  ] (2020-02-20 23:49:06) py-optimizer            : Not localized observation 44092
 [DEBUG  ] (2020-02-20 23:49:06) py-base_optimizer       : Proceeding to assimilate observation ZSCH, 44093
 [DEBUG  ] (2020-02-20 23:49:06) py-base_optimizer       : Trying to localize observation ZSCH, 44093
 [DEBUG  ] (2020-02-20 23:49:06) py-optimizer            : Not localized observation 44093
 [DEBUG  ] (2020-02-20 23:49:06) py-base_optimizer       : Skipping observation (ZSCH,44094) because of flag value 2
 [DEBUG  ] (2020-02-20 23:49:06) py-base_optimizer       : Skipping observation (ZSCH,44095) because of flag value 2
 [DEBUG  ] (2020-02-20 23:49:06) py-base_optimizer       : Proceeding to assimilate observation ZSCH, 44096
 [DEBUG  ] (2020-02-20 23:49:06) py-base_optimizer       : Trying to localize observation ZSCH, 44096
 [DEBUG  ] (2020-02-20 23:49:06) py-optimizer            : Not localized observation 44096
 [DEBUG  ] (2020-02-20 23:49:06) py-base_optimizer       : Proceeding to assimilate observation ZUE, 44741
 [DEBUG  ] (2020-02-20 23:49:06) py-base_optimizer       : Trying to localize observation ZUE, 44741
 [DEBUG  ] (2020-02-20 23:49:06) py-optimizer            : Not localized observation 44741
 [DEBUG  ] (2020-02-20 23:49:06) py-base_optimizer       : Proceeding to assimilate observation ZUE, 44742
 [DEBUG  ] (2020-02-20 23:49:06) py-base_optimizer       : Trying to localize observation ZUE, 44742
 [DEBUG  ] (2020-02-20 23:49:06) py-optimizer            : Not localized observation 44742
 [DEBUG  ] (2020-02-20 23:49:06) py-base_optimizer       : Proceeding to assimilate observation ZUE, 44743
 [DEBUG  ] (2020-02-20 23:49:06) py-base_optimizer       : Trying to localize observation ZUE, 44743
 [DEBUG  ] (2020-02-20 23:49:06) py-optimizer            : Not localized observation 44743
 [DEBUG  ] (2020-02-20 23:49:06) py-base_optimizer       : Proceeding to assimilate observation ZUE, 44744
 [DEBUG  ] (2020-02-20 23:49:06) py-base_optimizer       : Trying to localize observation ZUE, 44744
 [DEBUG  ] (2020-02-20 23:49:06) py-optimizer            : Not localized observation 44744
 [DEBUG  ] (2020-02-20 23:49:06) py-base_optimizer       : Proceeding to assimilate observation ZUE, 44745
 [DEBUG  ] (2020-02-20 23:49:06) py-base_optimizer       : Trying to localize observation ZUE, 44745
 [DEBUG  ] (2020-02-20 23:49:06) py-optimizer            : Not localized observation 44745
 [DEBUG  ] (2020-02-20 23:49:06) py-base_optimizer       : Proceeding to assimilate observation ZUE, 44746
 [DEBUG  ] (2020-02-20 23:49:06) py-base_optimizer       : Trying to localize observation ZUE, 44746
 [DEBUG  ] (2020-02-20 23:49:06) py-optimizer            : Not localized observation 44746
 [DEBUG  ] (2020-02-20 23:49:06) py-base_optimizer       : Proceeding to assimilate observation ZUE, 44747
 [DEBUG  ] (2020-02-20 23:49:06) py-base_optimizer       : Trying to localize observation ZUE, 44747
 [DEBUG  ] (2020-02-20 23:49:06) py-optimizer            : Not localized observation 44747
 [DEBUG  ] (2020-02-20 23:49:06) py-base_optimizer       : Returning optimized data to the StateVector, setting "StateVector.isOptimized = True" 
 [DEBUG  ] (2020-02-20 23:49:06) py-base_optimizer       : Opening existing diagnostics file for optimizer (/scratch/snx3000/parsenov/wo_bg/output/20190301/optimizer.20190301.nc)
 [DEBUG  ] (2020-02-20 23:49:06) py-base_optimizer       : Diagnostics file closed
chi2 3294.350928377539
chi2 911.0060676117453
chi2 1260.0028866075174
chi2 2043.749951887791
chi2 710.7172397681803
chi2 1104.2714595022692
chi2 3232.6307231229202
chi2 511.9255093860923
chi2 3068.757066144544
chi2 38.62983196398096
chi2 1386.3843365362802
chi2 2375.2195736588137
chi2 2613.3273991940155
chi2 1726.8434647289964
chi2 1473.6403458718762
chi2 2672.2085071670017
chi2 1741.927277655477
chi2 85.96141097696947
chi2 1795.4864411680376
chi2 2383.483416785784
chi2 870.9819508250248
chi2 1.3433965354479978
chi2 664.8774119656651
chi2 10762.831196626015
chi2 494.6584379231701
chi2 2702.5600050684793
chi2 1940.4613487022511
chi2 14.490189861709332
chi2 2453.3707383292203
chi2 18074.124374489667
chi2 23.220207080628967
chi2 565.0868657087162
chi2 439.9769635070767
chi2 2405.984678592007
chi2 7994.845388059393
chi2 1511.8848902960553
chi2 2216.4782765471523
chi2 3218.2467766132836
chi2 1057.6727257771345
chi2 21958.370936091454
chi2 4700.341466690214
chi2 46852.32017077811
chi2 2261.849082435526
chi2 18366.8328712359
chi2 30303.97257383618
chi2 13957.118399072504
chi2 6126.669613403265
chi2 186.13417241693827
chi2 103.9069737090807
chi2 17928.365145450356
chi2 2272.036494962645
chi2 10788.690741433627
chi2 11958.463536581592
chi2 1070.63550258048
chi2 223.42162052116163
chi2 386.55337010787053
chi2 1134.408335188831
chi2 3054.89729189129
chi2 26.40629354418906
chi2 6070.502800105578
chi2 15314.83786942959
chi2 1664.853263421475
chi2 2359.183943193459
chi2 27.855703971977142
chi2 319.7533547520415
chi2 402.38873328667864
chi2 42154.052030610954
chi2 50900.324445459584
chi2 18652.01488462711
chi2 26681.592583174755
chi2 16325.284334232114
chi2 10111.354849818697
chi2 4120.2393704555525
chi2 535.5243589203167
chi2 8344.483693170074
chi2 2908.175061210928
chi2 25.676345448502218
chi2 2230.900815143479
chi2 278.0615280701343
chi2 6325.739019184777
chi2 4731.957862888139
chi2 121.09315108213974
chi2 0.6834364584302244
chi2 2419.2991751120853
chi2 9300.215079410518
chi2 6103.256560916323
chi2 1974.3484694964911
chi2 294.5691045120004
chi2 4015.7632868328656
chi2 3509.979324352791
chi2 1613.0633840795165
chi2 842.8486524919075
chi2 698.0740256202465
chi2 435.2221306183779
chi2 2211.160450741135
chi2 226.6764945176725
chi2 1162.3249561687187
chi2 1914.7103030683895
chi2 615.9497541606702
chi2 2209.7899700975304
chi2 2.9285412532294717
chi2 679.0309296344437
chi2 1378.0154603214507
chi2 245.4895042869248
chi2 2037.8513577787705
chi2 37.94736024758334
chi2 659.2398599709592
chi2 662.5509454171332
chi2 1324.0374026073832
chi2 180.5915924356783
chi2 10314.080576550334
chi2 3697.742470477302
chi2 135.72130897134502
chi2 7511.053651736029
chi2 14738.320834202807
chi2 4547.10685250644
chi2 5909.002033738196
chi2 2402.2805625260303
chi2 248.04342067195495
chi2 39.29320025387988
chi2 5520.368268319661
chi2 1805.016294223002
chi2 4492.876771627302
chi2 4846.463742970884
chi2 3345.4561874002216
chi2 4907.16515512422
chi2 27309.83721737516
chi2 588.350232396445
chi2 25682.573264521816
chi2 2343.5759458507296
chi2 940.9805512728722
chi2 172.36005810297542
chi2 6862.246695839618
chi2 4877.253335390064
chi2 498.1720669660147
chi2 3945.64234730703
chi2 1.7284733628390367
chi2 2125.7310356335142
chi2 4164.162952402322
chi2 9566.03501612415
chi2 148.19801282225333
chi2 642.9099465303693
chi2 391.3786495016281
chi2 7138.679770025233
chi2 1096.8637249995884
chi2 4554.170329084019
chi2 2417.802738860235
chi2 35.71660309760237
chi2 196.62296651099314
chi2 1676.0792096459109
chi2 1785.2858745281546
chi2 3373.831216524559
chi2 4388.509139677794
chi2 6806.571777250855
chi2 4322.935211189447
chi2 36211.47596054235
chi2 12344.043864515377
chi2 32391.869831742406
chi2 21254.543315465206
chi2 30619.170799449814
chi2 11403.765683638305
chi2 18284.67901502905
chi2 2359.956573943167
chi2 15606.189902405338
chi2 1354.8680001789644
chi2 289.6767389831909
chi2 6658.1194852854305
chi2 31841.5629874501
chi2 24943.665703021943
chi2 22232.02748600949
chi2 206.81755608916396
chi2 10335.714451135587
chi2 7364.3787730164395
chi2 6804.085194406812
chi2 1650.6867876951824
chi2 13858.216068176862
chi2 18.078927951916175
chi2 5358.134396761381
chi2 14337.841190986308
chi2 18022.989987777873
chi2 5.295591446713028
chi2 944.1602876542382
chi2 1993.3964260745017
chi2 861.5204961931402
chi2 20031.083649010605
chi2 29130.172960912878
chi2 9856.733329059434
chi2 34989.245389303964
chi2 40255.66119482091
chi2 1437.4931243147378
chi2 6313.735136787659
chi2 518.6807128730594
chi2 4443.427461916739
chi2 108.22441337739727
chi2 969.8997208231144
chi2 512.1165753715865
chi2 5510.676720348735
chi2 282.55378957144995
chi2 3630.745543116729
chi2 3395.816884286027
chi2 897.6752488883332
chi2 2110.2997319967562
chi2 4102.801079719468
chi2 5814.240646831425
chi2 6705.839965986639
chi2 4825.87836457366
chi2 2771.7608314814756
chi2 6965.818275731965
chi2 6704.497028505844
chi2 3741.7198652215857
chi2 37.765180629569656
chi2 1165.6957372902743
chi2 33.397386822158
chi2 33.68998907821224
chi2 964.3395636679957
chi2 0.0052348113697730245
chi2 13.389440732935356
chi2 74.15012653583368
chi2 340.0690229776002
chi2 274.29138978632096
chi2 9.576421022609965
chi2 1004.952071552258
chi2 3964.959544120975
chi2 2920.8038232860204
chi2 338.85938082864124
chi2 0.07854481600534781
chi2 645.5385362409752
chi2 4846.205797903742
chi2 138.9491858980918
chi2 0.304875144797067
chi2 2857.4632931275255
