 [INFO   ] (2020-02-22 13:16:41) py-initexit             : -v flag specified on command line: extra verbose output
 [DEBUG  ] (2020-02-22 13:16:41) py-rc                   : reading rcfile wo_bg.rc ...
 [INFO   ] (2020-02-22 13:16:41) py-initexit             : DA Cycle rc-file (wo_bg.rc) loaded successfully
 [DEBUG  ] (2020-02-22 13:16:41) py-initexit             : DA Cycle settings have been validated succesfully
 [DEBUG  ] (2020-02-22 13:16:41) py-rc                   : reading rcfile da/rc/carbontracker_cosmo.rc ...
 [DEBUG  ] (2020-02-22 13:16:41) py-rc                   : Added rootdir to requested include: da/rc/NamingScheme.wp_Mar2011.rc
 [DEBUG  ] (2020-02-22 13:16:41) py-dasystem             : DA System Info rc-file (da/rc/carbontracker_cosmo.rc) loaded successfully
 [DEBUG  ] (2020-02-22 13:16:41) py-dasystem             : Data Assimilation System initialized: CarbonTracker CO2
 [INFO   ] (2020-02-22 13:16:41) py-observationoperator_cosmo : Observation Operator object initialized: ObservationOperator
 [INFO   ] (2020-02-22 13:16:41) py-obs                  : Observations object initialized: Observations baseclass
 [INFO   ] (2020-02-22 13:16:41) py-statevector_mean     : Statevector object initialized: Baseclass Statevector 
 [INFO   ] (2020-02-22 13:16:41) py-base_optimizer       : Optimizer object initialized: Optimizer baseclass
 [INFO   ] (2020-02-22 13:16:41) py-cosmo                : 

    ***************************************   Entering Pipeline     *************************************** 
  
 [INFO   ] (2020-02-22 13:16:41) py-pipeline             : 

    ***************************************   Initializing current cycle    *************************************** 
  
 [DEBUG  ] (2020-02-22 13:16:41) py-dasystem             : DA System Info settings have been validated succesfully
 [INFO   ] (2020-02-22 13:16:41) py-initexit             : First time step in filter sequence
 [INFO   ] (2020-02-22 13:16:41) py-general              : Creating new directory /scratch/snx3000/parsenov/wo_bg
 [INFO   ] (2020-02-22 13:16:41) py-general              : Creating new directory /scratch/snx3000/parsenov/wo_bg/exec
 [INFO   ] (2020-02-22 13:16:41) py-general              : Creating new directory /scratch/snx3000/parsenov/wo_bg/input
 [INFO   ] (2020-02-22 13:16:41) py-general              : Creating new directory /scratch/snx3000/parsenov/wo_bg/output/20190301
 [INFO   ] (2020-02-22 13:16:41) py-general              : Creating new directory /scratch/snx3000/parsenov/wo_bg/analysis
 [INFO   ] (2020-02-22 13:16:41) py-general              : Creating new directory /scratch/snx3000/parsenov/wo_bg/jobs
 [INFO   ] (2020-02-22 13:16:41) py-general              : Creating new directory /scratch/snx3000/parsenov/wo_bg/restart
 [INFO   ] (2020-02-22 13:16:41) py-initexit             : Succesfully created the file structure for the assimilation job
 [INFO   ] (2020-02-22 13:16:41) py-initexit             : Copied regions file to the analysis directory: /store/empa/em05/parsenov/CTDAS/ctdas-cosmo/da/analysis/cosmo_9_reg_mittel_4.nc
 [INFO   ] (2020-02-22 13:16:41) py-initexit             : Copied extended regions file to the analysis directory: /store/empa/em05/parsenov/CTDAS/ctdas-cosmo/da/analysis/cosmo_9_reg_mittel_4.nc
 [INFO   ] (2020-02-22 13:16:41) py-initexit             : ===============================================================
 [INFO   ] (2020-02-22 13:16:41) py-initexit             : DA Cycle start date is 2019-03-01 00:00
 [INFO   ] (2020-02-22 13:16:41) py-initexit             : DA Cycle end date is 2019-03-07 23:00
 [INFO   ] (2020-02-22 13:16:41) py-initexit             : DA Cycle final date is 2019-03-07 23:00
 [INFO   ] (2020-02-22 13:16:41) py-initexit             : DA Cycle cycle length is 7
 [INFO   ] (2020-02-22 13:16:41) py-initexit             : DA Cycle restart is False
 [INFO   ] (2020-02-22 13:16:41) py-initexit             : ===============================================================
 [DEBUG  ] (2020-02-22 13:16:41) py-statevector_mean     : A TransCom  map on 1x1 degree was read from file /store/empa/em05/parsenov/CTDAS/ctdas-cosmo/da/analysis/cosmo_9_reg_mittel_4.nc
 [DEBUG  ] (2020-02-22 13:16:41) py-statevector_mean     : A parameter map on 1x1 degree was read from file /store/empa/em05/parsenov/CTDAS/ctdas-cosmo/da/analysis/cosmo_9_reg_mittel_4.nc
 [DEBUG  ] (2020-02-22 13:16:41) py-statevector_mean     : A dictionary to map grids to states and vice versa was created
 [DEBUG  ] (2020-02-22 13:16:41) py-statevector_mean     : A matrix to map states to TransCom regions and vice versa was created
 [DEBUG  ] (2020-02-22 13:16:41) py-statevector_mean     : A species mask was created, only the following species are recognized in this system:
 [DEBUG  ] (2020-02-22 13:16:41) py-statevector_mean     :    ->    co2
 [INFO   ] (2020-02-22 13:16:41) py-pipeline             : 

    ***************************************   starting prepare_state    *************************************** 
  
 [DEBUG  ] (2020-02-22 13:16:42) py-statevector_mean     : Cholesky decomposition has succeeded 
 [INFO   ] (2020-02-22 13:16:42) py-statevector_mean     : Appr. degrees of freedom in covariance matrix is 3
 [DEBUG  ] (2020-02-22 13:16:42) py-statevector_mean     : 21 new ensemble members were added to the state vector # 1
 [DEBUG  ] (2020-02-22 13:16:42) py-statevector_mean     : Cholesky decomposition has succeeded 
 [INFO   ] (2020-02-22 13:16:42) py-statevector_mean     : Appr. degrees of freedom in covariance matrix is 3
 [DEBUG  ] (2020-02-22 13:16:42) py-statevector_mean     : 21 new ensemble members were added to the state vector # 2
 [DEBUG  ] (2020-02-22 13:16:42) py-statevector_mean     : Creating new StateVector output file (/scratch/snx3000/parsenov/wo_bg/restart/savestate_20190301.nc)
 [INFO   ] (2020-02-22 13:16:42) py-statevector_mean     : Successfully wrote the State Vector to file (/scratch/snx3000/parsenov/wo_bg/restart/savestate_20190301.nc) 
 [INFO   ] (2020-02-22 13:16:42) py-pipeline             : 

    ***************************************   starting sample_state    *************************************** 
  
 [INFO   ] (2020-02-22 13:16:42) py-pipeline             : Sampling model will be run over 2 cycles
 [INFO   ] (2020-02-22 13:16:42) py-pipeline             : 

    ***************************************   .....Ensemble Kalman Filter at lag 1
 [INFO   ] (2020-02-22 13:16:42) py-pipeline             : New simulation interval set : 
 [INFO   ] (2020-02-22 13:16:42) py-pipeline             :                   start date : 2019-03-01 00:00 
 [INFO   ] (2020-02-22 13:16:42) py-pipeline             :                   end   date : 2019-03-07 23:00 
 [INFO   ] (2020-02-22 13:16:42) py-pipeline             :                   file  stamp: 2019030100_2019030723 
 [DEBUG  ] (2020-02-22 13:16:44) py-observations_cosmo   : ObsPack dataset info read, proceeding with 22 netcdf files
 [DEBUG  ] (2020-02-22 13:16:44) py-observations_cosmo   : Added 7 observations from file (ALBS) to the Data list
 [DEBUG  ] (2020-02-22 13:16:44) py-observations_cosmo   : Added 7 observations from file (BNTG) to the Data list
 [DEBUG  ] (2020-02-22 13:16:44) py-observations_cosmo   : Added 7 observations from file (BRM) to the Data list
 [DEBUG  ] (2020-02-22 13:16:44) py-observations_cosmo   : Added 7 observations from file (CHRI) to the Data list
 [DEBUG  ] (2020-02-22 13:16:44) py-observations_cosmo   : Added 7 observations from file (DUE1) to the Data list
 [DEBUG  ] (2020-02-22 13:16:44) py-observations_cosmo   : Added 7 observations from file (ESMO) to the Data list
 [DEBUG  ] (2020-02-22 13:16:44) py-observations_cosmo   : Added 7 observations from file (FROB) to the Data list
 [DEBUG  ] (2020-02-22 13:16:44) py-observations_cosmo   : Added 7 observations from file (GIMM) to the Data list
 [DEBUG  ] (2020-02-22 13:16:44) py-observations_cosmo   : Added 7 observations from file (HAE) to the Data list
 [DEBUG  ] (2020-02-22 13:16:44) py-observations_cosmo   : Added 7 observations from file (LAEG) to the Data list
 [DEBUG  ] (2020-02-22 13:16:44) py-observations_cosmo   : Added 7 observations from file (MAGN) to the Data list
 [DEBUG  ] (2020-02-22 13:16:44) py-observations_cosmo   : Added 7 observations from file (PAYN) to the Data list
 [DEBUG  ] (2020-02-22 13:16:44) py-observations_cosmo   : Added 7 observations from file (RECK) to the Data list
 [DEBUG  ] (2020-02-22 13:16:44) py-observations_cosmo   : Added 7 observations from file (RIG) to the Data list
 [DEBUG  ] (2020-02-22 13:16:44) py-observations_cosmo   : Added 7 observations from file (SAVE) to the Data list
 [DEBUG  ] (2020-02-22 13:16:44) py-observations_cosmo   : Added 7 observations from file (SEMP) to the Data list
 [DEBUG  ] (2020-02-22 13:16:44) py-observations_cosmo   : Added 7 observations from file (SOTT) to the Data list
 [DEBUG  ] (2020-02-22 13:16:44) py-observations_cosmo   : Added 7 observations from file (SSAL) to the Data list
 [DEBUG  ] (2020-02-22 13:16:44) py-observations_cosmo   : Added 7 observations from file (TAEN) to the Data list
 [DEBUG  ] (2020-02-22 13:16:44) py-observations_cosmo   : Added 7 observations from file (ZHBR) to the Data list
 [DEBUG  ] (2020-02-22 13:16:44) py-observations_cosmo   : Added 7 observations from file (ZSCH) to the Data list
 [DEBUG  ] (2020-02-22 13:16:44) py-observations_cosmo   : Added 7 observations from file (ZUE) to the Data list
 [INFO   ] (2020-02-22 13:16:44) py-observations_cosmo   : Observations list now holds 154 values
 [DEBUG  ] (2020-02-22 13:16:44) py-rc                   : reading rcfile /store/empa/em05/parsenov/ch_obs/sites_weights_ctdas.rc ...
 [DEBUG  ] (2020-02-22 13:16:44) py-observations_cosmo   : Model-data mismatch rejection threshold: 3 
 [WARNING] (2020-02-22 13:16:44) py-observations_cosmo   : Model-data mismatch scaling factor     : 1.000000 
 [DEBUG  ] (2020-02-22 13:16:44) py-observations_cosmo   : Model-data mismatch site categories    : 8 
 [DEBUG  ] (2020-02-22 13:16:44) py-observations_cosmo   : Model-data mismatch active sites       : 22 
 [DEBUG  ] (2020-02-22 13:16:44) py-observations_cosmo   : Model-data mismatch moved sites        : 0 
 [DEBUG  ] (2020-02-22 13:16:44) py-observations_cosmo   : Creating new observations file for ObservationOperator (/scratch/snx3000/parsenov/wo_bg/input/sample_coordinates_2019030100_2019030723.nc)
 [DEBUG  ] (2020-02-22 13:16:44) py-observations_cosmo   : Successfully wrote data to obs file
 [INFO   ] (2020-02-22 13:16:44) py-observations_cosmo   : Sample input file for obs operator now in place [/scratch/snx3000/parsenov/wo_bg/input/sample_coordinates_2019030100_2019030723.nc]
 [DEBUG  ] (2020-02-22 13:16:44) py-observationoperator_cosmo : Creating new simulated observation file in ObservationOperator (/scratch/snx3000/parsenov/wo_bg/output/20190301/samples_simulated.2019030100_2019030723.nc)
 [INFO   ] (2020-02-22 13:16:44) py-observationoperator_cosmo : Starting COSMO
Starting chain for case wo_bg, using COSMO
Starting run with starttime 2019-03-01 00:00:00
Process "meteo" for chain "2019030100_0_168"
Process "icbc" for chain "2019030100_0_168"
Process "int2lm" for chain "2019030100_0_168"
Submitted batch job 20490656
Process "post_int2lm" for chain "2019030100_0_168"
Process "oae" for chain "2019030100_0_168"
Process "octe" for chain "2019030100_0_168"
Process "online_vprm" for chain "2019030100_0_168"
Process "cosmo" for chain "2019030100_0_168"
Submitted batch job 20493352
>>> finished chain for good or bad! <<<
 [INFO   ] (2020-02-22 17:13:53) py-observationoperator_cosmo : COSMO done!
 [INFO   ] (2020-02-22 17:14:05) py-observationoperator_cosmo : Starting parallel extraction \m/
IO Class CT_HDF not compiled, no HDF support!!!
IO Class CT_HDF not compiled, no HDF support!!!
 [INFO   ] (2020-02-22 17:21:05) py-observationoperator_cosmo : Written data for 1551916800.0
 [INFO   ] (2020-02-22 17:21:05) py-observationoperator_cosmo : Written data for 1551744000.0
 [INFO   ] (2020-02-22 17:21:06) py-observationoperator_cosmo : Written data for 1551657600.0
 [INFO   ] (2020-02-22 17:21:07) py-observationoperator_cosmo : Written data for 1551830400.0
 [INFO   ] (2020-02-22 17:21:07) py-observationoperator_cosmo : Written data for 1551484800.0
 [INFO   ] (2020-02-22 17:21:09) py-observationoperator_cosmo : Written data for 1551571200.0
 [INFO   ] (2020-02-22 17:21:10) py-observationoperator_cosmo : Written data for 1551398400.0
 [INFO   ] (2020-02-22 17:21:10) py-observationoperator_cosmo : Finished parallel extraction \m/
 [INFO   ] (2020-02-22 17:21:25) py-observationoperator_cosmo : ObservationOperator finished successfully, output file written (/scratch/snx3000/parsenov/wo_bg/output/20190301/samples_simulated.2019030100_2019030723.nc)
 [INFO   ] (2020-02-22 17:21:25) py-observations_cosmo   : Successfully read data from model sample file (/scratch/snx3000/parsenov/wo_bg/output/20190301/samples_simulated.2019030100_2019030723.nc)
 [DEBUG  ] (2020-02-22 17:21:25) py-observations_cosmo   : Added 154 simulated values to the Data list
 [DEBUG  ] (2020-02-22 17:21:25) py-pipeline             : Added samples from the observation operator to the assimilated obs list in the statevector
 [DEBUG  ] (2020-02-22 17:21:25) py-pipeline             : statevector now carries 154 samples
 [INFO   ] (2020-02-22 17:21:25) py-pipeline             : 

    ***************************************   .....Ensemble Kalman Filter at lag 2
 [INFO   ] (2020-02-22 17:21:25) py-pipeline             : New simulation interval set : 
 [INFO   ] (2020-02-22 17:21:25) py-pipeline             :                   start date : 2019-03-08 00:00 
 [INFO   ] (2020-02-22 17:21:25) py-pipeline             :                   end   date : 2019-03-14 23:00 
 [INFO   ] (2020-02-22 17:21:25) py-pipeline             :                   file  stamp: 2019030800_2019031423 
 [DEBUG  ] (2020-02-22 17:21:27) py-observations_cosmo   : ObsPack dataset info read, proceeding with 22 netcdf files
 [DEBUG  ] (2020-02-22 17:21:27) py-observations_cosmo   : Added 7 observations from file (ALBS) to the Data list
 [DEBUG  ] (2020-02-22 17:21:27) py-observations_cosmo   : Added 7 observations from file (BNTG) to the Data list
 [DEBUG  ] (2020-02-22 17:21:27) py-observations_cosmo   : Added 7 observations from file (BRM) to the Data list
 [DEBUG  ] (2020-02-22 17:21:27) py-observations_cosmo   : Added 7 observations from file (CHRI) to the Data list
 [DEBUG  ] (2020-02-22 17:21:27) py-observations_cosmo   : Added 7 observations from file (DUE1) to the Data list
 [DEBUG  ] (2020-02-22 17:21:27) py-observations_cosmo   : Added 7 observations from file (ESMO) to the Data list
 [DEBUG  ] (2020-02-22 17:21:27) py-observations_cosmo   : Added 7 observations from file (FROB) to the Data list
 [DEBUG  ] (2020-02-22 17:21:27) py-observations_cosmo   : Added 7 observations from file (GIMM) to the Data list
 [DEBUG  ] (2020-02-22 17:21:27) py-observations_cosmo   : Added 7 observations from file (HAE) to the Data list
 [DEBUG  ] (2020-02-22 17:21:27) py-observations_cosmo   : Added 7 observations from file (LAEG) to the Data list
 [DEBUG  ] (2020-02-22 17:21:27) py-observations_cosmo   : Added 7 observations from file (MAGN) to the Data list
 [DEBUG  ] (2020-02-22 17:21:27) py-observations_cosmo   : Added 7 observations from file (PAYN) to the Data list
 [DEBUG  ] (2020-02-22 17:21:27) py-observations_cosmo   : Added 7 observations from file (RECK) to the Data list
 [DEBUG  ] (2020-02-22 17:21:27) py-observations_cosmo   : Added 7 observations from file (RIG) to the Data list
 [DEBUG  ] (2020-02-22 17:21:27) py-observations_cosmo   : Added 7 observations from file (SAVE) to the Data list
 [DEBUG  ] (2020-02-22 17:21:27) py-observations_cosmo   : Added 7 observations from file (SEMP) to the Data list
 [DEBUG  ] (2020-02-22 17:21:27) py-observations_cosmo   : Added 7 observations from file (SOTT) to the Data list
 [DEBUG  ] (2020-02-22 17:21:27) py-observations_cosmo   : Added 7 observations from file (SSAL) to the Data list
 [DEBUG  ] (2020-02-22 17:21:27) py-observations_cosmo   : Added 7 observations from file (TAEN) to the Data list
 [DEBUG  ] (2020-02-22 17:21:27) py-observations_cosmo   : Added 7 observations from file (ZHBR) to the Data list
 [DEBUG  ] (2020-02-22 17:21:27) py-observations_cosmo   : Added 7 observations from file (ZSCH) to the Data list
 [DEBUG  ] (2020-02-22 17:21:27) py-observations_cosmo   : Added 7 observations from file (ZUE) to the Data list
 [INFO   ] (2020-02-22 17:21:27) py-observations_cosmo   : Observations list now holds 154 values
 [DEBUG  ] (2020-02-22 17:21:27) py-rc                   : reading rcfile /store/empa/em05/parsenov/ch_obs/sites_weights_ctdas.rc ...
 [DEBUG  ] (2020-02-22 17:21:27) py-observations_cosmo   : Model-data mismatch rejection threshold: 3 
 [WARNING] (2020-02-22 17:21:27) py-observations_cosmo   : Model-data mismatch scaling factor     : 1.000000 
 [DEBUG  ] (2020-02-22 17:21:27) py-observations_cosmo   : Model-data mismatch site categories    : 8 
 [DEBUG  ] (2020-02-22 17:21:27) py-observations_cosmo   : Model-data mismatch active sites       : 22 
 [DEBUG  ] (2020-02-22 17:21:27) py-observations_cosmo   : Model-data mismatch moved sites        : 0 
 [DEBUG  ] (2020-02-22 17:21:27) py-observations_cosmo   : Creating new observations file for ObservationOperator (/scratch/snx3000/parsenov/wo_bg/input/sample_coordinates_2019030800_2019031423.nc)
 [DEBUG  ] (2020-02-22 17:21:27) py-observations_cosmo   : Successfully wrote data to obs file
 [INFO   ] (2020-02-22 17:21:27) py-observations_cosmo   : Sample input file for obs operator now in place [/scratch/snx3000/parsenov/wo_bg/input/sample_coordinates_2019030800_2019031423.nc]
 [DEBUG  ] (2020-02-22 17:21:27) py-observationoperator_cosmo : Creating new simulated observation file in ObservationOperator (/scratch/snx3000/parsenov/wo_bg/output/20190301/samples_simulated.2019030800_2019031423.nc)
 [INFO   ] (2020-02-22 17:21:27) py-observationoperator_cosmo : Starting COSMO
Starting chain for case wo_bg, using COSMO
Starting run with starttime 2019-03-08 00:00:00
Process "meteo" for chain "2019030100_168_336"
Process "icbc" for chain "2019030100_168_336"
Process "int2lm" for chain "2019030100_168_336"
Submitted batch job 20496093
Process "post_int2lm" for chain "2019030100_168_336"
Process "oae" for chain "2019030100_168_336"
Process "octe" for chain "2019030100_168_336"
Process "online_vprm" for chain "2019030100_168_336"
Process "cosmo" for chain "2019030100_168_336"
Submitted batch job 20497213
>>> finished chain for good or bad! <<<
 [INFO   ] (2020-02-22 20:57:56) py-observationoperator_cosmo : COSMO done!
 [INFO   ] (2020-02-22 20:58:05) py-observationoperator_cosmo : Starting parallel extraction \m/
 [INFO   ] (2020-02-22 21:05:05) py-observationoperator_cosmo : Written data for 1552176000.0
 [INFO   ] (2020-02-22 21:05:07) py-observationoperator_cosmo : Written data for 1552089600.0
 [INFO   ] (2020-02-22 21:05:07) py-observationoperator_cosmo : Written data for 1552348800.0
 [INFO   ] (2020-02-22 21:05:09) py-observationoperator_cosmo : Written data for 1552435200.0
 [INFO   ] (2020-02-22 21:05:10) py-observationoperator_cosmo : Written data for 1552262400.0
 [INFO   ] (2020-02-22 21:05:12) py-observationoperator_cosmo : Written data for 1552003200.0
 [INFO   ] (2020-02-22 21:05:15) py-observationoperator_cosmo : Written data for 1552521600.0
 [INFO   ] (2020-02-22 21:05:15) py-observationoperator_cosmo : Finished parallel extraction \m/
 [INFO   ] (2020-02-22 21:05:29) py-observationoperator_cosmo : ObservationOperator finished successfully, output file written (/scratch/snx3000/parsenov/wo_bg/output/20190301/samples_simulated.2019030800_2019031423.nc)
 [INFO   ] (2020-02-22 21:05:29) py-observations_cosmo   : Successfully read data from model sample file (/scratch/snx3000/parsenov/wo_bg/output/20190301/samples_simulated.2019030800_2019031423.nc)
 [DEBUG  ] (2020-02-22 21:05:29) py-observations_cosmo   : Added 154 simulated values to the Data list
 [DEBUG  ] (2020-02-22 21:05:29) py-pipeline             : Added samples from the observation operator to the assimilated obs list in the statevector
 [DEBUG  ] (2020-02-22 21:05:29) py-pipeline             : statevector now carries 308 samples
 [INFO   ] (2020-02-22 21:05:29) py-pipeline             : 

    ***************************************   starting invert    *************************************** 
  
 [INFO   ] (2020-02-22 21:05:29) py-pipeline             : There was no minimum least squares algorithm specified in the DA System rc file (key : opt.algorithm)
 [INFO   ] (2020-02-22 21:05:29) py-pipeline             : ...using serial algorithm as default...
 [INFO   ] (2020-02-22 21:05:29) py-optimizer            : Current minimum least squares algorithm is set to Serial
 [DEBUG  ] (2020-02-22 21:05:29) py-base_optimizer       : Creating new diagnostics file for optimizer (/scratch/snx3000/parsenov/wo_bg/output/20190301/optimizer.20190301.nc)
 [DEBUG  ] (2020-02-22 21:05:29) py-base_optimizer       : Diagnostics file closed
 [INFO   ] (2020-02-22 21:05:29) py-optimizer            : Current localization option is set to None
 [DEBUG  ] (2020-02-22 21:05:29) py-base_optimizer       : BIAS observations - model = 2.109321
 [DEBUG  ] (2020-02-22 21:05:29) py-base_optimizer       : Proceeding to assimilate observation ALBS, 1396
 [DEBUG  ] (2020-02-22 21:05:29) py-base_optimizer       : Trying to localize observation ALBS, 1396
 [DEBUG  ] (2020-02-22 21:05:29) py-optimizer            : Not localized observation 1396
 [DEBUG  ] (2020-02-22 21:05:29) py-base_optimizer       : Skipping observation (ALBS,1397) because of flag value 2
 [DEBUG  ] (2020-02-22 21:05:29) py-base_optimizer       : Proceeding to assimilate observation ALBS, 1398
 [DEBUG  ] (2020-02-22 21:05:29) py-base_optimizer       : Trying to localize observation ALBS, 1398
 [DEBUG  ] (2020-02-22 21:05:29) py-optimizer            : Not localized observation 1398
 [DEBUG  ] (2020-02-22 21:05:29) py-base_optimizer       : Proceeding to assimilate observation ALBS, 1399
 [DEBUG  ] (2020-02-22 21:05:29) py-base_optimizer       : Trying to localize observation ALBS, 1399
 [DEBUG  ] (2020-02-22 21:05:29) py-optimizer            : Not localized observation 1399
 [DEBUG  ] (2020-02-22 21:05:29) py-base_optimizer       : Proceeding to assimilate observation ALBS, 1400
 [DEBUG  ] (2020-02-22 21:05:29) py-base_optimizer       : Trying to localize observation ALBS, 1400
 [DEBUG  ] (2020-02-22 21:05:29) py-optimizer            : Not localized observation 1400
 [DEBUG  ] (2020-02-22 21:05:29) py-base_optimizer       : Proceeding to assimilate observation ALBS, 1401
 [DEBUG  ] (2020-02-22 21:05:29) py-base_optimizer       : Trying to localize observation ALBS, 1401
 [DEBUG  ] (2020-02-22 21:05:29) py-optimizer            : Not localized observation 1401
 [DEBUG  ] (2020-02-22 21:05:29) py-base_optimizer       : Proceeding to assimilate observation ALBS, 1402
 [DEBUG  ] (2020-02-22 21:05:29) py-base_optimizer       : Trying to localize observation ALBS, 1402
 [DEBUG  ] (2020-02-22 21:05:29) py-optimizer            : Not localized observation 1402
 [DEBUG  ] (2020-02-22 21:05:29) py-base_optimizer       : Proceeding to assimilate observation BNTG, 3907
 [DEBUG  ] (2020-02-22 21:05:29) py-base_optimizer       : Trying to localize observation BNTG, 3907
 [DEBUG  ] (2020-02-22 21:05:29) py-optimizer            : Not localized observation 3907
 [DEBUG  ] (2020-02-22 21:05:29) py-base_optimizer       : Proceeding to assimilate observation BNTG, 3908
 [DEBUG  ] (2020-02-22 21:05:29) py-base_optimizer       : Trying to localize observation BNTG, 3908
 [DEBUG  ] (2020-02-22 21:05:29) py-optimizer            : Not localized observation 3908
 [DEBUG  ] (2020-02-22 21:05:29) py-base_optimizer       : Proceeding to assimilate observation BNTG, 3909
 [DEBUG  ] (2020-02-22 21:05:29) py-base_optimizer       : Trying to localize observation BNTG, 3909
 [DEBUG  ] (2020-02-22 21:05:29) py-optimizer            : Not localized observation 3909
 [DEBUG  ] (2020-02-22 21:05:29) py-base_optimizer       : Proceeding to assimilate observation BNTG, 3910
 [DEBUG  ] (2020-02-22 21:05:29) py-base_optimizer       : Trying to localize observation BNTG, 3910
 [DEBUG  ] (2020-02-22 21:05:29) py-optimizer            : Not localized observation 3910
 [DEBUG  ] (2020-02-22 21:05:29) py-base_optimizer       : Proceeding to assimilate observation BNTG, 3911
 [DEBUG  ] (2020-02-22 21:05:29) py-base_optimizer       : Trying to localize observation BNTG, 3911
 [DEBUG  ] (2020-02-22 21:05:29) py-optimizer            : Not localized observation 3911
 [DEBUG  ] (2020-02-22 21:05:29) py-base_optimizer       : Skipping observation (BNTG,3912) because of flag value 2
 [DEBUG  ] (2020-02-22 21:05:29) py-base_optimizer       : Proceeding to assimilate observation BNTG, 3913
 [DEBUG  ] (2020-02-22 21:05:29) py-base_optimizer       : Trying to localize observation BNTG, 3913
 [DEBUG  ] (2020-02-22 21:05:29) py-optimizer            : Not localized observation 3913
 [DEBUG  ] (2020-02-22 21:05:29) py-base_optimizer       : Skipping observation (BRM,4651) because of flag value 2
 [DEBUG  ] (2020-02-22 21:05:29) py-base_optimizer       : Proceeding to assimilate observation BRM, 4652
 [DEBUG  ] (2020-02-22 21:05:29) py-base_optimizer       : Not allowed to localize observation BRM, 4652
 [DEBUG  ] (2020-02-22 21:05:29) py-base_optimizer       : Proceeding to assimilate observation BRM, 4653
 [DEBUG  ] (2020-02-22 21:05:29) py-base_optimizer       : Not allowed to localize observation BRM, 4653
 [DEBUG  ] (2020-02-22 21:05:29) py-base_optimizer       : Proceeding to assimilate observation BRM, 4654
 [DEBUG  ] (2020-02-22 21:05:29) py-base_optimizer       : Not allowed to localize observation BRM, 4654
 [DEBUG  ] (2020-02-22 21:05:29) py-base_optimizer       : Proceeding to assimilate observation BRM, 4655
 [DEBUG  ] (2020-02-22 21:05:29) py-base_optimizer       : Not allowed to localize observation BRM, 4655
 [DEBUG  ] (2020-02-22 21:05:29) py-base_optimizer       : Skipping observation (BRM,4656) because of flag value 2
 [DEBUG  ] (2020-02-22 21:05:29) py-base_optimizer       : Skipping observation (BRM,4657) because of flag value 2
 [DEBUG  ] (2020-02-22 21:05:29) py-base_optimizer       : Proceeding to assimilate observation CHRI, 7255
 [DEBUG  ] (2020-02-22 21:05:29) py-base_optimizer       : Trying to localize observation CHRI, 7255
 [DEBUG  ] (2020-02-22 21:05:29) py-optimizer            : Not localized observation 7255
 [DEBUG  ] (2020-02-22 21:05:29) py-base_optimizer       : Proceeding to assimilate observation CHRI, 7256
 [DEBUG  ] (2020-02-22 21:05:29) py-base_optimizer       : Trying to localize observation CHRI, 7256
 [DEBUG  ] (2020-02-22 21:05:29) py-optimizer            : Not localized observation 7256
 [DEBUG  ] (2020-02-22 21:05:29) py-base_optimizer       : Proceeding to assimilate observation CHRI, 7257
 [DEBUG  ] (2020-02-22 21:05:29) py-base_optimizer       : Trying to localize observation CHRI, 7257
 [DEBUG  ] (2020-02-22 21:05:29) py-optimizer            : Not localized observation 7257
 [DEBUG  ] (2020-02-22 21:05:29) py-base_optimizer       : Proceeding to assimilate observation CHRI, 7258
 [DEBUG  ] (2020-02-22 21:05:29) py-base_optimizer       : Trying to localize observation CHRI, 7258
 [DEBUG  ] (2020-02-22 21:05:29) py-optimizer            : Not localized observation 7258
 [DEBUG  ] (2020-02-22 21:05:29) py-base_optimizer       : Proceeding to assimilate observation CHRI, 7259
 [DEBUG  ] (2020-02-22 21:05:29) py-base_optimizer       : Trying to localize observation CHRI, 7259
 [DEBUG  ] (2020-02-22 21:05:29) py-optimizer            : Not localized observation 7259
 [DEBUG  ] (2020-02-22 21:05:29) py-base_optimizer       : Proceeding to assimilate observation CHRI, 7260
 [DEBUG  ] (2020-02-22 21:05:29) py-base_optimizer       : Trying to localize observation CHRI, 7260
 [DEBUG  ] (2020-02-22 21:05:29) py-optimizer            : Not localized observation 7260
 [DEBUG  ] (2020-02-22 21:05:29) py-base_optimizer       : Proceeding to assimilate observation CHRI, 7261
 [DEBUG  ] (2020-02-22 21:05:29) py-base_optimizer       : Trying to localize observation CHRI, 7261
 [DEBUG  ] (2020-02-22 21:05:29) py-optimizer            : Not localized observation 7261
 [DEBUG  ] (2020-02-22 21:05:29) py-base_optimizer       : Proceeding to assimilate observation DUE1, 12277
 [DEBUG  ] (2020-02-22 21:05:29) py-base_optimizer       : Not allowed to localize observation DUE1, 12277
 [DEBUG  ] (2020-02-22 21:05:29) py-base_optimizer       : Skipping observation (DUE1,12278) because of flag value 2
 [DEBUG  ] (2020-02-22 21:05:29) py-base_optimizer       : Skipping observation (DUE1,12279) because of flag value 2
 [DEBUG  ] (2020-02-22 21:05:29) py-base_optimizer       : Proceeding to assimilate observation DUE1, 12280
 [DEBUG  ] (2020-02-22 21:05:29) py-base_optimizer       : Not allowed to localize observation DUE1, 12280
 [DEBUG  ] (2020-02-22 21:05:29) py-base_optimizer       : Proceeding to assimilate observation DUE1, 12281
 [DEBUG  ] (2020-02-22 21:05:29) py-base_optimizer       : Not allowed to localize observation DUE1, 12281
 [DEBUG  ] (2020-02-22 21:05:29) py-base_optimizer       : Proceeding to assimilate observation DUE1, 12282
 [DEBUG  ] (2020-02-22 21:05:29) py-base_optimizer       : Not allowed to localize observation DUE1, 12282
 [DEBUG  ] (2020-02-22 21:05:29) py-base_optimizer       : Proceeding to assimilate observation DUE1, 12283
 [DEBUG  ] (2020-02-22 21:05:29) py-base_optimizer       : Not allowed to localize observation DUE1, 12283
 [DEBUG  ] (2020-02-22 21:05:29) py-base_optimizer       : Proceeding to assimilate observation ESMO, 13765
 [DEBUG  ] (2020-02-22 21:05:29) py-base_optimizer       : Trying to localize observation ESMO, 13765
 [DEBUG  ] (2020-02-22 21:05:29) py-optimizer            : Not localized observation 13765
 [DEBUG  ] (2020-02-22 21:05:29) py-base_optimizer       : Skipping observation (ESMO,13766) because of flag value 2
 [DEBUG  ] (2020-02-22 21:05:29) py-base_optimizer       : Proceeding to assimilate observation ESMO, 13767
 [DEBUG  ] (2020-02-22 21:05:29) py-base_optimizer       : Trying to localize observation ESMO, 13767
 [DEBUG  ] (2020-02-22 21:05:29) py-optimizer            : Not localized observation 13767
 [DEBUG  ] (2020-02-22 21:05:29) py-base_optimizer       : Proceeding to assimilate observation ESMO, 13768
 [DEBUG  ] (2020-02-22 21:05:29) py-base_optimizer       : Trying to localize observation ESMO, 13768
 [DEBUG  ] (2020-02-22 21:05:29) py-optimizer            : Not localized observation 13768
 [DEBUG  ] (2020-02-22 21:05:29) py-base_optimizer       : Proceeding to assimilate observation ESMO, 13769
 [DEBUG  ] (2020-02-22 21:05:29) py-base_optimizer       : Trying to localize observation ESMO, 13769
 [DEBUG  ] (2020-02-22 21:05:29) py-optimizer            : Not localized observation 13769
 [DEBUG  ] (2020-02-22 21:05:29) py-base_optimizer       : Skipping observation (ESMO,13770) because of flag value 2
 [DEBUG  ] (2020-02-22 21:05:29) py-base_optimizer       : Proceeding to assimilate observation ESMO, 13771
 [DEBUG  ] (2020-02-22 21:05:29) py-base_optimizer       : Trying to localize observation ESMO, 13771
 [DEBUG  ] (2020-02-22 21:05:29) py-optimizer            : Not localized observation 13771
 [DEBUG  ] (2020-02-22 21:05:29) py-base_optimizer       : Proceeding to assimilate observation FROB, 14974
 [DEBUG  ] (2020-02-22 21:05:29) py-base_optimizer       : Trying to localize observation FROB, 14974
 [DEBUG  ] (2020-02-22 21:05:29) py-optimizer            : Not localized observation 14974
 [DEBUG  ] (2020-02-22 21:05:29) py-base_optimizer       : Skipping observation (FROB,14975) because of flag value 2
 [DEBUG  ] (2020-02-22 21:05:29) py-base_optimizer       : Proceeding to assimilate observation FROB, 14976
 [DEBUG  ] (2020-02-22 21:05:29) py-base_optimizer       : Trying to localize observation FROB, 14976
 [DEBUG  ] (2020-02-22 21:05:29) py-optimizer            : Not localized observation 14976
 [DEBUG  ] (2020-02-22 21:05:29) py-base_optimizer       : Proceeding to assimilate observation FROB, 14977
 [DEBUG  ] (2020-02-22 21:05:29) py-base_optimizer       : Trying to localize observation FROB, 14977
 [DEBUG  ] (2020-02-22 21:05:29) py-optimizer            : Not localized observation 14977
 [DEBUG  ] (2020-02-22 21:05:29) py-base_optimizer       : Proceeding to assimilate observation FROB, 14978
 [DEBUG  ] (2020-02-22 21:05:29) py-base_optimizer       : Trying to localize observation FROB, 14978
 [DEBUG  ] (2020-02-22 21:05:29) py-optimizer            : Not localized observation 14978
 [DEBUG  ] (2020-02-22 21:05:29) py-base_optimizer       : Proceeding to assimilate observation FROB, 14979
 [DEBUG  ] (2020-02-22 21:05:29) py-base_optimizer       : Trying to localize observation FROB, 14979
 [DEBUG  ] (2020-02-22 21:05:29) py-optimizer            : Not localized observation 14979
 [DEBUG  ] (2020-02-22 21:05:29) py-base_optimizer       : Proceeding to assimilate observation FROB, 14980
 [DEBUG  ] (2020-02-22 21:05:29) py-base_optimizer       : Trying to localize observation FROB, 14980
 [DEBUG  ] (2020-02-22 21:05:29) py-optimizer            : Not localized observation 14980
 [DEBUG  ] (2020-02-22 21:05:29) py-base_optimizer       : Proceeding to assimilate observation GIMM, 15718
 [DEBUG  ] (2020-02-22 21:05:29) py-base_optimizer       : Not allowed to localize observation GIMM, 15718
 [DEBUG  ] (2020-02-22 21:05:29) py-base_optimizer       : Proceeding to assimilate observation GIMM, 15719
 [DEBUG  ] (2020-02-22 21:05:29) py-base_optimizer       : Not allowed to localize observation GIMM, 15719
 [DEBUG  ] (2020-02-22 21:05:29) py-base_optimizer       : Proceeding to assimilate observation GIMM, 15720
 [DEBUG  ] (2020-02-22 21:05:29) py-base_optimizer       : Not allowed to localize observation GIMM, 15720
 [DEBUG  ] (2020-02-22 21:05:29) py-base_optimizer       : Proceeding to assimilate observation GIMM, 15721
 [DEBUG  ] (2020-02-22 21:05:29) py-base_optimizer       : Not allowed to localize observation GIMM, 15721
 [DEBUG  ] (2020-02-22 21:05:29) py-base_optimizer       : Proceeding to assimilate observation GIMM, 15722
 [DEBUG  ] (2020-02-22 21:05:29) py-base_optimizer       : Not allowed to localize observation GIMM, 15722
 [DEBUG  ] (2020-02-22 21:05:29) py-base_optimizer       : Skipping observation (GIMM,15723) because of flag value 2
 [DEBUG  ] (2020-02-22 21:05:29) py-base_optimizer       : Proceeding to assimilate observation GIMM, 15724
 [DEBUG  ] (2020-02-22 21:05:29) py-base_optimizer       : Not allowed to localize observation GIMM, 15724
 [DEBUG  ] (2020-02-22 21:05:29) py-base_optimizer       : Skipping observation (HAE,18136) because of flag value 2
 [DEBUG  ] (2020-02-22 21:05:29) py-base_optimizer       : Proceeding to assimilate observation HAE, 18137
 [DEBUG  ] (2020-02-22 21:05:29) py-base_optimizer       : Not allowed to localize observation HAE, 18137
 [DEBUG  ] (2020-02-22 21:05:29) py-base_optimizer       : Skipping observation (HAE,18138) because of flag value 2
 [DEBUG  ] (2020-02-22 21:05:29) py-base_optimizer       : Proceeding to assimilate observation HAE, 18139
 [DEBUG  ] (2020-02-22 21:05:29) py-base_optimizer       : Not allowed to localize observation HAE, 18139
 [DEBUG  ] (2020-02-22 21:05:29) py-base_optimizer       : Proceeding to assimilate observation HAE, 18140
 [DEBUG  ] (2020-02-22 21:05:29) py-base_optimizer       : Not allowed to localize observation HAE, 18140
 [DEBUG  ] (2020-02-22 21:05:29) py-base_optimizer       : Skipping observation (HAE,18141) because of flag value 2
 [DEBUG  ] (2020-02-22 21:05:29) py-base_optimizer       : Proceeding to assimilate observation HAE, 18142
 [DEBUG  ] (2020-02-22 21:05:29) py-base_optimizer       : Not allowed to localize observation HAE, 18142
 [DEBUG  ] (2020-02-22 21:05:29) py-base_optimizer       : Proceeding to assimilate observation LAEG, 21856
 [DEBUG  ] (2020-02-22 21:05:29) py-base_optimizer       : Not allowed to localize observation LAEG, 21856
 [DEBUG  ] (2020-02-22 21:05:29) py-base_optimizer       : Skipping observation (LAEG,21857) because of flag value 2
 [DEBUG  ] (2020-02-22 21:05:29) py-base_optimizer       : Proceeding to assimilate observation LAEG, 21858
 [DEBUG  ] (2020-02-22 21:05:29) py-base_optimizer       : Not allowed to localize observation LAEG, 21858
 [DEBUG  ] (2020-02-22 21:05:29) py-base_optimizer       : Skipping observation (LAEG,21859) because of flag value 2
 [DEBUG  ] (2020-02-22 21:05:29) py-base_optimizer       : Proceeding to assimilate observation LAEG, 21860
 [DEBUG  ] (2020-02-22 21:05:29) py-base_optimizer       : Not allowed to localize observation LAEG, 21860
 [DEBUG  ] (2020-02-22 21:05:29) py-base_optimizer       : Skipping observation (LAEG,21861) because of flag value 2
 [DEBUG  ] (2020-02-22 21:05:29) py-base_optimizer       : Proceeding to assimilate observation LAEG, 21862
 [DEBUG  ] (2020-02-22 21:05:29) py-base_optimizer       : Not allowed to localize observation LAEG, 21862
 [DEBUG  ] (2020-02-22 21:05:29) py-base_optimizer       : Proceeding to assimilate observation MAGN, 23716
 [DEBUG  ] (2020-02-22 21:05:29) py-base_optimizer       : Trying to localize observation MAGN, 23716
 [DEBUG  ] (2020-02-22 21:05:29) py-optimizer            : Not localized observation 23716
 [DEBUG  ] (2020-02-22 21:05:29) py-base_optimizer       : Proceeding to assimilate observation MAGN, 23717
 [DEBUG  ] (2020-02-22 21:05:29) py-base_optimizer       : Trying to localize observation MAGN, 23717
 [DEBUG  ] (2020-02-22 21:05:29) py-optimizer            : Not localized observation 23717
 [DEBUG  ] (2020-02-22 21:05:29) py-base_optimizer       : Proceeding to assimilate observation MAGN, 23718
 [DEBUG  ] (2020-02-22 21:05:29) py-base_optimizer       : Trying to localize observation MAGN, 23718
 [DEBUG  ] (2020-02-22 21:05:29) py-optimizer            : Not localized observation 23718
 [DEBUG  ] (2020-02-22 21:05:29) py-base_optimizer       : Skipping observation (MAGN,23719) because of flag value 2
 [DEBUG  ] (2020-02-22 21:05:29) py-base_optimizer       : Skipping observation (MAGN,23720) because of flag value 2
 [DEBUG  ] (2020-02-22 21:05:29) py-base_optimizer       : Proceeding to assimilate observation MAGN, 23721
 [DEBUG  ] (2020-02-22 21:05:29) py-base_optimizer       : Trying to localize observation MAGN, 23721
 [DEBUG  ] (2020-02-22 21:05:29) py-optimizer            : Not localized observation 23721
 [DEBUG  ] (2020-02-22 21:05:29) py-base_optimizer       : Proceeding to assimilate observation MAGN, 23722
 [DEBUG  ] (2020-02-22 21:05:29) py-base_optimizer       : Trying to localize observation MAGN, 23722
 [DEBUG  ] (2020-02-22 21:05:29) py-optimizer            : Not localized observation 23722
 [DEBUG  ] (2020-02-22 21:05:29) py-base_optimizer       : Skipping observation (PAYN,28831) because of flag value 2
 [DEBUG  ] (2020-02-22 21:05:29) py-base_optimizer       : Skipping observation (PAYN,28832) because of flag value 2
 [DEBUG  ] (2020-02-22 21:05:29) py-base_optimizer       : Skipping observation (PAYN,28833) because of flag value 2
 [DEBUG  ] (2020-02-22 21:05:29) py-base_optimizer       : Proceeding to assimilate observation PAYN, 28834
 [DEBUG  ] (2020-02-22 21:05:29) py-base_optimizer       : Not allowed to localize observation PAYN, 28834
 [DEBUG  ] (2020-02-22 21:05:29) py-base_optimizer       : Proceeding to assimilate observation PAYN, 28835
 [DEBUG  ] (2020-02-22 21:05:29) py-base_optimizer       : Not allowed to localize observation PAYN, 28835
 [DEBUG  ] (2020-02-22 21:05:29) py-base_optimizer       : Skipping observation (PAYN,28836) because of flag value 2
 [DEBUG  ] (2020-02-22 21:05:29) py-base_optimizer       : Proceeding to assimilate observation PAYN, 28837
 [DEBUG  ] (2020-02-22 21:05:29) py-base_optimizer       : Not allowed to localize observation PAYN, 28837
 [DEBUG  ] (2020-02-22 21:05:29) py-base_optimizer       : Proceeding to assimilate observation RECK, 30412
 [DEBUG  ] (2020-02-22 21:05:29) py-base_optimizer       : Trying to localize observation RECK, 30412
 [DEBUG  ] (2020-02-22 21:05:29) py-optimizer            : Not localized observation 30412
 [DEBUG  ] (2020-02-22 21:05:29) py-base_optimizer       : Skipping observation (RECK,30413) because of flag value 2
 [DEBUG  ] (2020-02-22 21:05:29) py-base_optimizer       : Proceeding to assimilate observation RECK, 30414
 [DEBUG  ] (2020-02-22 21:05:29) py-base_optimizer       : Trying to localize observation RECK, 30414
 [DEBUG  ] (2020-02-22 21:05:29) py-optimizer            : Not localized observation 30414
 [DEBUG  ] (2020-02-22 21:05:29) py-base_optimizer       : Proceeding to assimilate observation RECK, 30415
 [DEBUG  ] (2020-02-22 21:05:29) py-base_optimizer       : Trying to localize observation RECK, 30415
 [DEBUG  ] (2020-02-22 21:05:29) py-optimizer            : Not localized observation 30415
 [DEBUG  ] (2020-02-22 21:05:29) py-base_optimizer       : Proceeding to assimilate observation RECK, 30416
 [DEBUG  ] (2020-02-22 21:05:29) py-base_optimizer       : Trying to localize observation RECK, 30416
 [DEBUG  ] (2020-02-22 21:05:29) py-optimizer            : Not localized observation 30416
 [DEBUG  ] (2020-02-22 21:05:29) py-base_optimizer       : Skipping observation (RECK,30417) because of flag value 2
 [DEBUG  ] (2020-02-22 21:05:29) py-base_optimizer       : Proceeding to assimilate observation RECK, 30418
 [DEBUG  ] (2020-02-22 21:05:29) py-base_optimizer       : Trying to localize observation RECK, 30418
 [DEBUG  ] (2020-02-22 21:05:29) py-optimizer            : Not localized observation 30418
 [DEBUG  ] (2020-02-22 21:05:29) py-base_optimizer       : Proceeding to assimilate observation RIG, 30970
 [DEBUG  ] (2020-02-22 21:05:29) py-base_optimizer       : Not allowed to localize observation RIG, 30970
 [DEBUG  ] (2020-02-22 21:05:29) py-base_optimizer       : Skipping observation (RIG,30971) because of flag value 2
 [DEBUG  ] (2020-02-22 21:05:29) py-base_optimizer       : Proceeding to assimilate observation RIG, 30972
 [DEBUG  ] (2020-02-22 21:05:29) py-base_optimizer       : Not allowed to localize observation RIG, 30972
 [DEBUG  ] (2020-02-22 21:05:29) py-base_optimizer       : Proceeding to assimilate observation RIG, 30973
 [DEBUG  ] (2020-02-22 21:05:29) py-base_optimizer       : Not allowed to localize observation RIG, 30973
 [DEBUG  ] (2020-02-22 21:05:29) py-base_optimizer       : Proceeding to assimilate observation RIG, 30974
 [DEBUG  ] (2020-02-22 21:05:29) py-base_optimizer       : Not allowed to localize observation RIG, 30974
 [DEBUG  ] (2020-02-22 21:05:29) py-base_optimizer       : Proceeding to assimilate observation RIG, 30975
 [DEBUG  ] (2020-02-22 21:05:29) py-base_optimizer       : Not allowed to localize observation RIG, 30975
 [DEBUG  ] (2020-02-22 21:05:29) py-base_optimizer       : Proceeding to assimilate observation RIG, 30976
 [DEBUG  ] (2020-02-22 21:05:29) py-base_optimizer       : Not allowed to localize observation RIG, 30976
 [DEBUG  ] (2020-02-22 21:05:29) py-base_optimizer       : Proceeding to assimilate observation SAVE, 32086
 [DEBUG  ] (2020-02-22 21:05:29) py-base_optimizer       : Trying to localize observation SAVE, 32086
 [DEBUG  ] (2020-02-22 21:05:29) py-optimizer            : Not localized observation 32086
 [DEBUG  ] (2020-02-22 21:05:29) py-base_optimizer       : Skipping observation (SAVE,32087) because of flag value 2
 [DEBUG  ] (2020-02-22 21:05:29) py-base_optimizer       : Skipping observation (SAVE,32088) because of flag value 2
 [DEBUG  ] (2020-02-22 21:05:29) py-base_optimizer       : Proceeding to assimilate observation SAVE, 32089
 [DEBUG  ] (2020-02-22 21:05:29) py-base_optimizer       : Trying to localize observation SAVE, 32089
 [DEBUG  ] (2020-02-22 21:05:29) py-optimizer            : Not localized observation 32089
 [DEBUG  ] (2020-02-22 21:05:29) py-base_optimizer       : Proceeding to assimilate observation SAVE, 32090
 [DEBUG  ] (2020-02-22 21:05:29) py-base_optimizer       : Trying to localize observation SAVE, 32090
 [DEBUG  ] (2020-02-22 21:05:29) py-optimizer            : Not localized observation 32090
 [DEBUG  ] (2020-02-22 21:05:29) py-base_optimizer       : Skipping observation (SAVE,32091) because of flag value 2
 [DEBUG  ] (2020-02-22 21:05:29) py-base_optimizer       : Proceeding to assimilate observation SAVE, 32092
 [DEBUG  ] (2020-02-22 21:05:29) py-base_optimizer       : Trying to localize observation SAVE, 32092
 [DEBUG  ] (2020-02-22 21:05:29) py-optimizer            : Not localized observation 32092
 [DEBUG  ] (2020-02-22 21:05:29) py-base_optimizer       : Proceeding to assimilate observation SEMP, 32644
 [DEBUG  ] (2020-02-22 21:05:29) py-base_optimizer       : Trying to localize observation SEMP, 32644
 [DEBUG  ] (2020-02-22 21:05:29) py-optimizer            : Not localized observation 32644
 [DEBUG  ] (2020-02-22 21:05:29) py-base_optimizer       : Skipping observation (SEMP,32645) because of flag value 2
 [DEBUG  ] (2020-02-22 21:05:29) py-base_optimizer       : Skipping observation (SEMP,32646) because of flag value 2
 [DEBUG  ] (2020-02-22 21:05:29) py-base_optimizer       : Proceeding to assimilate observation SEMP, 32647
 [DEBUG  ] (2020-02-22 21:05:29) py-base_optimizer       : Trying to localize observation SEMP, 32647
 [DEBUG  ] (2020-02-22 21:05:29) py-optimizer            : Not localized observation 32647
 [DEBUG  ] (2020-02-22 21:05:29) py-base_optimizer       : Skipping observation (SEMP,32648) because of flag value 2
 [DEBUG  ] (2020-02-22 21:05:29) py-base_optimizer       : Skipping observation (SEMP,32649) because of flag value 2
 [DEBUG  ] (2020-02-22 21:05:29) py-base_optimizer       : Proceeding to assimilate observation SEMP, 32650
 [DEBUG  ] (2020-02-22 21:05:29) py-base_optimizer       : Trying to localize observation SEMP, 32650
 [DEBUG  ] (2020-02-22 21:05:29) py-optimizer            : Not localized observation 32650
 [DEBUG  ] (2020-02-22 21:05:29) py-base_optimizer       : Proceeding to assimilate observation SOTT, 34504
 [DEBUG  ] (2020-02-22 21:05:29) py-base_optimizer       : Trying to localize observation SOTT, 34504
 [DEBUG  ] (2020-02-22 21:05:29) py-optimizer            : Not localized observation 34504
 [DEBUG  ] (2020-02-22 21:05:29) py-base_optimizer       : Proceeding to assimilate observation SOTT, 34505
 [DEBUG  ] (2020-02-22 21:05:29) py-base_optimizer       : Trying to localize observation SOTT, 34505
 [DEBUG  ] (2020-02-22 21:05:29) py-optimizer            : Not localized observation 34505
 [DEBUG  ] (2020-02-22 21:05:29) py-base_optimizer       : Proceeding to assimilate observation SOTT, 34506
 [DEBUG  ] (2020-02-22 21:05:29) py-base_optimizer       : Trying to localize observation SOTT, 34506
 [DEBUG  ] (2020-02-22 21:05:29) py-optimizer            : Not localized observation 34506
 [DEBUG  ] (2020-02-22 21:05:29) py-base_optimizer       : Proceeding to assimilate observation SOTT, 34507
 [DEBUG  ] (2020-02-22 21:05:29) py-base_optimizer       : Trying to localize observation SOTT, 34507
 [DEBUG  ] (2020-02-22 21:05:29) py-optimizer            : Not localized observation 34507
 [DEBUG  ] (2020-02-22 21:05:29) py-base_optimizer       : Proceeding to assimilate observation SOTT, 34508
 [DEBUG  ] (2020-02-22 21:05:29) py-base_optimizer       : Trying to localize observation SOTT, 34508
 [DEBUG  ] (2020-02-22 21:05:29) py-optimizer            : Not localized observation 34508
 [DEBUG  ] (2020-02-22 21:05:29) py-base_optimizer       : Proceeding to assimilate observation SOTT, 34509
 [DEBUG  ] (2020-02-22 21:05:29) py-base_optimizer       : Trying to localize observation SOTT, 34509
 [DEBUG  ] (2020-02-22 21:05:29) py-optimizer            : Not localized observation 34509
 [DEBUG  ] (2020-02-22 21:05:29) py-base_optimizer       : Proceeding to assimilate observation SOTT, 34510
 [DEBUG  ] (2020-02-22 21:05:29) py-base_optimizer       : Trying to localize observation SOTT, 34510
 [DEBUG  ] (2020-02-22 21:05:29) py-optimizer            : Not localized observation 34510
 [DEBUG  ] (2020-02-22 21:05:29) py-base_optimizer       : Proceeding to assimilate observation SSAL, 34690
 [DEBUG  ] (2020-02-22 21:05:29) py-base_optimizer       : Trying to localize observation SSAL, 34690
 [DEBUG  ] (2020-02-22 21:05:29) py-optimizer            : Not localized observation 34690
 [DEBUG  ] (2020-02-22 21:05:29) py-base_optimizer       : Skipping observation (SSAL,34691) because of flag value 2
 [DEBUG  ] (2020-02-22 21:05:29) py-base_optimizer       : Skipping observation (SSAL,34692) because of flag value 2
 [DEBUG  ] (2020-02-22 21:05:29) py-base_optimizer       : Proceeding to assimilate observation SSAL, 34693
 [DEBUG  ] (2020-02-22 21:05:29) py-base_optimizer       : Trying to localize observation SSAL, 34693
 [DEBUG  ] (2020-02-22 21:05:29) py-optimizer            : Not localized observation 34693
 [DEBUG  ] (2020-02-22 21:05:29) py-base_optimizer       : Proceeding to assimilate observation SSAL, 34694
 [DEBUG  ] (2020-02-22 21:05:29) py-base_optimizer       : Trying to localize observation SSAL, 34694
 [DEBUG  ] (2020-02-22 21:05:29) py-optimizer            : Not localized observation 34694
 [DEBUG  ] (2020-02-22 21:05:29) py-base_optimizer       : Skipping observation (SSAL,34695) because of flag value 2
 [DEBUG  ] (2020-02-22 21:05:29) py-base_optimizer       : Skipping observation (SSAL,34696) because of flag value 2
 [DEBUG  ] (2020-02-22 21:05:29) py-base_optimizer       : Proceeding to assimilate observation TAEN, 35341
 [DEBUG  ] (2020-02-22 21:05:29) py-base_optimizer       : Trying to localize observation TAEN, 35341
 [DEBUG  ] (2020-02-22 21:05:29) py-optimizer            : Not localized observation 35341
 [DEBUG  ] (2020-02-22 21:05:29) py-base_optimizer       : Skipping observation (TAEN,35342) because of flag value 2
 [DEBUG  ] (2020-02-22 21:05:29) py-base_optimizer       : Proceeding to assimilate observation TAEN, 35343
 [DEBUG  ] (2020-02-22 21:05:29) py-base_optimizer       : Trying to localize observation TAEN, 35343
 [DEBUG  ] (2020-02-22 21:05:29) py-optimizer            : Not localized observation 35343
 [DEBUG  ] (2020-02-22 21:05:29) py-base_optimizer       : Proceeding to assimilate observation TAEN, 35344
 [DEBUG  ] (2020-02-22 21:05:29) py-base_optimizer       : Trying to localize observation TAEN, 35344
 [DEBUG  ] (2020-02-22 21:05:29) py-optimizer            : Not localized observation 35344
 [DEBUG  ] (2020-02-22 21:05:29) py-base_optimizer       : Proceeding to assimilate observation TAEN, 35345
 [DEBUG  ] (2020-02-22 21:05:29) py-base_optimizer       : Trying to localize observation TAEN, 35345
 [DEBUG  ] (2020-02-22 21:05:29) py-optimizer            : Not localized observation 35345
 [DEBUG  ] (2020-02-22 21:05:29) py-base_optimizer       : Skipping observation (TAEN,35346) because of flag value 2
 [DEBUG  ] (2020-02-22 21:05:29) py-base_optimizer       : Proceeding to assimilate observation TAEN, 35347
 [DEBUG  ] (2020-02-22 21:05:29) py-base_optimizer       : Trying to localize observation TAEN, 35347
 [DEBUG  ] (2020-02-22 21:05:29) py-optimizer            : Not localized observation 35347
 [DEBUG  ] (2020-02-22 21:05:29) py-base_optimizer       : Proceeding to assimilate observation ZHBR, 40177
 [DEBUG  ] (2020-02-22 21:05:29) py-base_optimizer       : Trying to localize observation ZHBR, 40177
 [DEBUG  ] (2020-02-22 21:05:29) py-optimizer            : Not localized observation 40177
 [DEBUG  ] (2020-02-22 21:05:29) py-base_optimizer       : Skipping observation (ZHBR,40178) because of flag value 2
 [DEBUG  ] (2020-02-22 21:05:29) py-base_optimizer       : Proceeding to assimilate observation ZHBR, 40179
 [DEBUG  ] (2020-02-22 21:05:29) py-base_optimizer       : Trying to localize observation ZHBR, 40179
 [DEBUG  ] (2020-02-22 21:05:29) py-optimizer            : Not localized observation 40179
 [DEBUG  ] (2020-02-22 21:05:29) py-base_optimizer       : Proceeding to assimilate observation ZHBR, 40180
 [DEBUG  ] (2020-02-22 21:05:29) py-base_optimizer       : Trying to localize observation ZHBR, 40180
 [DEBUG  ] (2020-02-22 21:05:29) py-optimizer            : Not localized observation 40180
 [DEBUG  ] (2020-02-22 21:05:29) py-base_optimizer       : Proceeding to assimilate observation ZHBR, 40181
 [DEBUG  ] (2020-02-22 21:05:29) py-base_optimizer       : Trying to localize observation ZHBR, 40181
 [DEBUG  ] (2020-02-22 21:05:29) py-optimizer            : Not localized observation 40181
 [DEBUG  ] (2020-02-22 21:05:29) py-base_optimizer       : Skipping observation (ZHBR,40182) because of flag value 2
 [DEBUG  ] (2020-02-22 21:05:29) py-base_optimizer       : Proceeding to assimilate observation ZHBR, 40183
 [DEBUG  ] (2020-02-22 21:05:29) py-base_optimizer       : Trying to localize observation ZHBR, 40183
 [DEBUG  ] (2020-02-22 21:05:29) py-optimizer            : Not localized observation 40183
 [DEBUG  ] (2020-02-22 21:05:29) py-base_optimizer       : Proceeding to assimilate observation ZSCH, 44083
 [DEBUG  ] (2020-02-22 21:05:29) py-base_optimizer       : Trying to localize observation ZSCH, 44083
 [DEBUG  ] (2020-02-22 21:05:29) py-optimizer            : Not localized observation 44083
 [DEBUG  ] (2020-02-22 21:05:29) py-base_optimizer       : Proceeding to assimilate observation ZSCH, 44084
 [DEBUG  ] (2020-02-22 21:05:29) py-base_optimizer       : Trying to localize observation ZSCH, 44084
 [DEBUG  ] (2020-02-22 21:05:29) py-optimizer            : Not localized observation 44084
 [DEBUG  ] (2020-02-22 21:05:29) py-base_optimizer       : Skipping observation (ZSCH,44085) because of flag value 2
 [DEBUG  ] (2020-02-22 21:05:29) py-base_optimizer       : Proceeding to assimilate observation ZSCH, 44086
 [DEBUG  ] (2020-02-22 21:05:29) py-base_optimizer       : Trying to localize observation ZSCH, 44086
 [DEBUG  ] (2020-02-22 21:05:29) py-optimizer            : Not localized observation 44086
 [DEBUG  ] (2020-02-22 21:05:29) py-base_optimizer       : Proceeding to assimilate observation ZSCH, 44087
 [DEBUG  ] (2020-02-22 21:05:29) py-base_optimizer       : Trying to localize observation ZSCH, 44087
 [DEBUG  ] (2020-02-22 21:05:29) py-optimizer            : Not localized observation 44087
 [DEBUG  ] (2020-02-22 21:05:29) py-base_optimizer       : Skipping observation (ZSCH,44088) because of flag value 2
 [DEBUG  ] (2020-02-22 21:05:29) py-base_optimizer       : Proceeding to assimilate observation ZSCH, 44089
 [DEBUG  ] (2020-02-22 21:05:29) py-base_optimizer       : Trying to localize observation ZSCH, 44089
 [DEBUG  ] (2020-02-22 21:05:29) py-optimizer            : Not localized observation 44089
 [DEBUG  ] (2020-02-22 21:05:29) py-base_optimizer       : Proceeding to assimilate observation ZUE, 44734
 [DEBUG  ] (2020-02-22 21:05:29) py-base_optimizer       : Trying to localize observation ZUE, 44734
 [DEBUG  ] (2020-02-22 21:05:29) py-optimizer            : Not localized observation 44734
 [DEBUG  ] (2020-02-22 21:05:29) py-base_optimizer       : Proceeding to assimilate observation ZUE, 44735
 [DEBUG  ] (2020-02-22 21:05:29) py-base_optimizer       : Trying to localize observation ZUE, 44735
 [DEBUG  ] (2020-02-22 21:05:29) py-optimizer            : Not localized observation 44735
 [DEBUG  ] (2020-02-22 21:05:29) py-base_optimizer       : Proceeding to assimilate observation ZUE, 44736
 [DEBUG  ] (2020-02-22 21:05:29) py-base_optimizer       : Trying to localize observation ZUE, 44736
 [DEBUG  ] (2020-02-22 21:05:29) py-optimizer            : Not localized observation 44736
 [DEBUG  ] (2020-02-22 21:05:29) py-base_optimizer       : Proceeding to assimilate observation ZUE, 44737
 [DEBUG  ] (2020-02-22 21:05:29) py-base_optimizer       : Trying to localize observation ZUE, 44737
 [DEBUG  ] (2020-02-22 21:05:29) py-optimizer            : Not localized observation 44737
 [DEBUG  ] (2020-02-22 21:05:29) py-base_optimizer       : Proceeding to assimilate observation ZUE, 44738
 [DEBUG  ] (2020-02-22 21:05:29) py-base_optimizer       : Trying to localize observation ZUE, 44738
 [DEBUG  ] (2020-02-22 21:05:29) py-optimizer            : Not localized observation 44738
 [DEBUG  ] (2020-02-22 21:05:29) py-base_optimizer       : Skipping observation (ZUE,44739) because of flag value 2
 [DEBUG  ] (2020-02-22 21:05:29) py-base_optimizer       : Proceeding to assimilate observation ZUE, 44740
 [DEBUG  ] (2020-02-22 21:05:29) py-base_optimizer       : Trying to localize observation ZUE, 44740
 [DEBUG  ] (2020-02-22 21:05:29) py-optimizer            : Not localized observation 44740
 [DEBUG  ] (2020-02-22 21:05:29) py-base_optimizer       : Proceeding to assimilate observation ALBS, 1403
 [DEBUG  ] (2020-02-22 21:05:29) py-base_optimizer       : Trying to localize observation ALBS, 1403
 [DEBUG  ] (2020-02-22 21:05:29) py-optimizer            : Not localized observation 1403
 [DEBUG  ] (2020-02-22 21:05:29) py-base_optimizer       : Proceeding to assimilate observation ALBS, 1404
 [DEBUG  ] (2020-02-22 21:05:29) py-base_optimizer       : Trying to localize observation ALBS, 1404
 [DEBUG  ] (2020-02-22 21:05:29) py-optimizer            : Not localized observation 1404
 [DEBUG  ] (2020-02-22 21:05:29) py-base_optimizer       : Proceeding to assimilate observation ALBS, 1405
 [DEBUG  ] (2020-02-22 21:05:29) py-base_optimizer       : Trying to localize observation ALBS, 1405
 [DEBUG  ] (2020-02-22 21:05:29) py-optimizer            : Not localized observation 1405
 [DEBUG  ] (2020-02-22 21:05:29) py-base_optimizer       : Proceeding to assimilate observation ALBS, 1406
 [DEBUG  ] (2020-02-22 21:05:29) py-base_optimizer       : Trying to localize observation ALBS, 1406
 [DEBUG  ] (2020-02-22 21:05:29) py-optimizer            : Not localized observation 1406
 [DEBUG  ] (2020-02-22 21:05:29) py-base_optimizer       : Proceeding to assimilate observation ALBS, 1407
 [DEBUG  ] (2020-02-22 21:05:29) py-base_optimizer       : Trying to localize observation ALBS, 1407
 [DEBUG  ] (2020-02-22 21:05:29) py-optimizer            : Not localized observation 1407
 [DEBUG  ] (2020-02-22 21:05:29) py-base_optimizer       : Proceeding to assimilate observation ALBS, 1408
 [DEBUG  ] (2020-02-22 21:05:29) py-base_optimizer       : Trying to localize observation ALBS, 1408
 [DEBUG  ] (2020-02-22 21:05:29) py-optimizer            : Not localized observation 1408
 [DEBUG  ] (2020-02-22 21:05:29) py-base_optimizer       : Proceeding to assimilate observation ALBS, 1409
 [DEBUG  ] (2020-02-22 21:05:29) py-base_optimizer       : Trying to localize observation ALBS, 1409
 [DEBUG  ] (2020-02-22 21:05:29) py-optimizer            : Not localized observation 1409
 [DEBUG  ] (2020-02-22 21:05:29) py-base_optimizer       : Proceeding to assimilate observation BNTG, 3914
 [DEBUG  ] (2020-02-22 21:05:29) py-base_optimizer       : Trying to localize observation BNTG, 3914
 [DEBUG  ] (2020-02-22 21:05:29) py-optimizer            : Not localized observation 3914
 [DEBUG  ] (2020-02-22 21:05:29) py-base_optimizer       : Proceeding to assimilate observation BNTG, 3915
 [DEBUG  ] (2020-02-22 21:05:29) py-base_optimizer       : Trying to localize observation BNTG, 3915
 [DEBUG  ] (2020-02-22 21:05:29) py-optimizer            : Not localized observation 3915
 [DEBUG  ] (2020-02-22 21:05:29) py-base_optimizer       : Proceeding to assimilate observation BNTG, 3916
 [DEBUG  ] (2020-02-22 21:05:29) py-base_optimizer       : Trying to localize observation BNTG, 3916
 [DEBUG  ] (2020-02-22 21:05:29) py-optimizer            : Not localized observation 3916
 [DEBUG  ] (2020-02-22 21:05:29) py-base_optimizer       : Proceeding to assimilate observation BNTG, 3917
 [DEBUG  ] (2020-02-22 21:05:29) py-base_optimizer       : Trying to localize observation BNTG, 3917
 [DEBUG  ] (2020-02-22 21:05:29) py-optimizer            : Not localized observation 3917
 [DEBUG  ] (2020-02-22 21:05:29) py-base_optimizer       : Proceeding to assimilate observation BNTG, 3918
 [DEBUG  ] (2020-02-22 21:05:29) py-base_optimizer       : Trying to localize observation BNTG, 3918
 [DEBUG  ] (2020-02-22 21:05:29) py-optimizer            : Not localized observation 3918
 [DEBUG  ] (2020-02-22 21:05:29) py-base_optimizer       : Proceeding to assimilate observation BNTG, 3919
 [DEBUG  ] (2020-02-22 21:05:29) py-base_optimizer       : Trying to localize observation BNTG, 3919
 [DEBUG  ] (2020-02-22 21:05:29) py-optimizer            : Not localized observation 3919
 [DEBUG  ] (2020-02-22 21:05:29) py-base_optimizer       : Proceeding to assimilate observation BNTG, 3920
 [DEBUG  ] (2020-02-22 21:05:29) py-base_optimizer       : Trying to localize observation BNTG, 3920
 [DEBUG  ] (2020-02-22 21:05:29) py-optimizer            : Not localized observation 3920
 [DEBUG  ] (2020-02-22 21:05:29) py-base_optimizer       : Proceeding to assimilate observation BRM, 4658
 [DEBUG  ] (2020-02-22 21:05:29) py-base_optimizer       : Not allowed to localize observation BRM, 4658
 [DEBUG  ] (2020-02-22 21:05:29) py-base_optimizer       : Skipping observation (BRM,4659) because of flag value 2
 [DEBUG  ] (2020-02-22 21:05:29) py-base_optimizer       : Proceeding to assimilate observation BRM, 4660
 [DEBUG  ] (2020-02-22 21:05:29) py-base_optimizer       : Not allowed to localize observation BRM, 4660
 [DEBUG  ] (2020-02-22 21:05:29) py-base_optimizer       : Proceeding to assimilate observation BRM, 4661
 [DEBUG  ] (2020-02-22 21:05:29) py-base_optimizer       : Not allowed to localize observation BRM, 4661
 [DEBUG  ] (2020-02-22 21:05:29) py-base_optimizer       : Skipping observation (BRM,4662) because of flag value 2
 [DEBUG  ] (2020-02-22 21:05:29) py-base_optimizer       : Proceeding to assimilate observation BRM, 4663
 [DEBUG  ] (2020-02-22 21:05:29) py-base_optimizer       : Not allowed to localize observation BRM, 4663
 [DEBUG  ] (2020-02-22 21:05:29) py-base_optimizer       : Proceeding to assimilate observation BRM, 4664
 [DEBUG  ] (2020-02-22 21:05:29) py-base_optimizer       : Not allowed to localize observation BRM, 4664
 [DEBUG  ] (2020-02-22 21:05:29) py-base_optimizer       : Proceeding to assimilate observation CHRI, 7262
 [DEBUG  ] (2020-02-22 21:05:29) py-base_optimizer       : Trying to localize observation CHRI, 7262
 [DEBUG  ] (2020-02-22 21:05:29) py-optimizer            : Not localized observation 7262
 [DEBUG  ] (2020-02-22 21:05:29) py-base_optimizer       : Proceeding to assimilate observation CHRI, 7263
 [DEBUG  ] (2020-02-22 21:05:29) py-base_optimizer       : Trying to localize observation CHRI, 7263
 [DEBUG  ] (2020-02-22 21:05:29) py-optimizer            : Not localized observation 7263
 [DEBUG  ] (2020-02-22 21:05:29) py-base_optimizer       : Proceeding to assimilate observation CHRI, 7264
 [DEBUG  ] (2020-02-22 21:05:29) py-base_optimizer       : Trying to localize observation CHRI, 7264
 [DEBUG  ] (2020-02-22 21:05:29) py-optimizer            : Not localized observation 7264
 [DEBUG  ] (2020-02-22 21:05:29) py-base_optimizer       : Proceeding to assimilate observation CHRI, 7265
 [DEBUG  ] (2020-02-22 21:05:29) py-base_optimizer       : Trying to localize observation CHRI, 7265
 [DEBUG  ] (2020-02-22 21:05:29) py-optimizer            : Not localized observation 7265
 [DEBUG  ] (2020-02-22 21:05:29) py-base_optimizer       : Proceeding to assimilate observation CHRI, 7266
 [DEBUG  ] (2020-02-22 21:05:29) py-base_optimizer       : Trying to localize observation CHRI, 7266
 [DEBUG  ] (2020-02-22 21:05:29) py-optimizer            : Not localized observation 7266
 [DEBUG  ] (2020-02-22 21:05:29) py-base_optimizer       : Proceeding to assimilate observation CHRI, 7267
 [DEBUG  ] (2020-02-22 21:05:29) py-base_optimizer       : Trying to localize observation CHRI, 7267
 [DEBUG  ] (2020-02-22 21:05:29) py-optimizer            : Not localized observation 7267
 [DEBUG  ] (2020-02-22 21:05:29) py-base_optimizer       : Proceeding to assimilate observation CHRI, 7268
 [DEBUG  ] (2020-02-22 21:05:29) py-base_optimizer       : Trying to localize observation CHRI, 7268
 [DEBUG  ] (2020-02-22 21:05:29) py-optimizer            : Not localized observation 7268
 [DEBUG  ] (2020-02-22 21:05:29) py-base_optimizer       : Proceeding to assimilate observation DUE1, 12284
 [DEBUG  ] (2020-02-22 21:05:29) py-base_optimizer       : Not allowed to localize observation DUE1, 12284
 [DEBUG  ] (2020-02-22 21:05:29) py-base_optimizer       : Proceeding to assimilate observation DUE1, 12285
 [DEBUG  ] (2020-02-22 21:05:29) py-base_optimizer       : Not allowed to localize observation DUE1, 12285
 [DEBUG  ] (2020-02-22 21:05:29) py-base_optimizer       : Proceeding to assimilate observation DUE1, 12286
 [DEBUG  ] (2020-02-22 21:05:29) py-base_optimizer       : Not allowed to localize observation DUE1, 12286
 [DEBUG  ] (2020-02-22 21:05:29) py-base_optimizer       : Skipping observation (DUE1,12287) because of flag value 2
 [DEBUG  ] (2020-02-22 21:05:29) py-base_optimizer       : Skipping observation (DUE1,12288) because of flag value 2
 [DEBUG  ] (2020-02-22 21:05:29) py-base_optimizer       : Proceeding to assimilate observation DUE1, 12289
 [DEBUG  ] (2020-02-22 21:05:29) py-base_optimizer       : Not allowed to localize observation DUE1, 12289
 [DEBUG  ] (2020-02-22 21:05:29) py-base_optimizer       : Skipping observation (DUE1,12290) because of flag value 2
 [DEBUG  ] (2020-02-22 21:05:29) py-base_optimizer       : Proceeding to assimilate observation ESMO, 13772
 [DEBUG  ] (2020-02-22 21:05:29) py-base_optimizer       : Trying to localize observation ESMO, 13772
 [DEBUG  ] (2020-02-22 21:05:29) py-optimizer            : Not localized observation 13772
 [DEBUG  ] (2020-02-22 21:05:29) py-base_optimizer       : Proceeding to assimilate observation ESMO, 13773
 [DEBUG  ] (2020-02-22 21:05:29) py-base_optimizer       : Trying to localize observation ESMO, 13773
 [DEBUG  ] (2020-02-22 21:05:29) py-optimizer            : Not localized observation 13773
 [DEBUG  ] (2020-02-22 21:05:29) py-base_optimizer       : Proceeding to assimilate observation ESMO, 13774
 [DEBUG  ] (2020-02-22 21:05:29) py-base_optimizer       : Trying to localize observation ESMO, 13774
 [DEBUG  ] (2020-02-22 21:05:29) py-optimizer            : Not localized observation 13774
 [DEBUG  ] (2020-02-22 21:05:29) py-base_optimizer       : Proceeding to assimilate observation ESMO, 13775
 [DEBUG  ] (2020-02-22 21:05:29) py-base_optimizer       : Trying to localize observation ESMO, 13775
 [DEBUG  ] (2020-02-22 21:05:29) py-optimizer            : Not localized observation 13775
 [DEBUG  ] (2020-02-22 21:05:29) py-base_optimizer       : Proceeding to assimilate observation ESMO, 13776
 [DEBUG  ] (2020-02-22 21:05:29) py-base_optimizer       : Trying to localize observation ESMO, 13776
 [DEBUG  ] (2020-02-22 21:05:29) py-optimizer            : Not localized observation 13776
 [DEBUG  ] (2020-02-22 21:05:29) py-base_optimizer       : Proceeding to assimilate observation ESMO, 13777
 [DEBUG  ] (2020-02-22 21:05:29) py-base_optimizer       : Trying to localize observation ESMO, 13777
 [DEBUG  ] (2020-02-22 21:05:29) py-optimizer            : Not localized observation 13777
 [DEBUG  ] (2020-02-22 21:05:29) py-base_optimizer       : Proceeding to assimilate observation ESMO, 13778
 [DEBUG  ] (2020-02-22 21:05:29) py-base_optimizer       : Trying to localize observation ESMO, 13778
 [DEBUG  ] (2020-02-22 21:05:29) py-optimizer            : Not localized observation 13778
 [DEBUG  ] (2020-02-22 21:05:29) py-base_optimizer       : Proceeding to assimilate observation FROB, 14981
 [DEBUG  ] (2020-02-22 21:05:29) py-base_optimizer       : Trying to localize observation FROB, 14981
 [DEBUG  ] (2020-02-22 21:05:29) py-optimizer            : Not localized observation 14981
 [DEBUG  ] (2020-02-22 21:05:29) py-base_optimizer       : Proceeding to assimilate observation FROB, 14982
 [DEBUG  ] (2020-02-22 21:05:29) py-base_optimizer       : Trying to localize observation FROB, 14982
 [DEBUG  ] (2020-02-22 21:05:29) py-optimizer            : Not localized observation 14982
 [DEBUG  ] (2020-02-22 21:05:29) py-base_optimizer       : Proceeding to assimilate observation FROB, 14983
 [DEBUG  ] (2020-02-22 21:05:29) py-base_optimizer       : Trying to localize observation FROB, 14983
 [DEBUG  ] (2020-02-22 21:05:29) py-optimizer            : Not localized observation 14983
 [DEBUG  ] (2020-02-22 21:05:29) py-base_optimizer       : Skipping observation (FROB,14984) because of flag value 2
 [DEBUG  ] (2020-02-22 21:05:29) py-base_optimizer       : Proceeding to assimilate observation FROB, 14985
 [DEBUG  ] (2020-02-22 21:05:29) py-base_optimizer       : Trying to localize observation FROB, 14985
 [DEBUG  ] (2020-02-22 21:05:29) py-optimizer            : Not localized observation 14985
 [DEBUG  ] (2020-02-22 21:05:29) py-base_optimizer       : Proceeding to assimilate observation FROB, 14986
 [DEBUG  ] (2020-02-22 21:05:29) py-base_optimizer       : Trying to localize observation FROB, 14986
 [DEBUG  ] (2020-02-22 21:05:29) py-optimizer            : Not localized observation 14986
 [DEBUG  ] (2020-02-22 21:05:29) py-base_optimizer       : Proceeding to assimilate observation FROB, 14987
 [DEBUG  ] (2020-02-22 21:05:29) py-base_optimizer       : Trying to localize observation FROB, 14987
 [DEBUG  ] (2020-02-22 21:05:29) py-optimizer            : Not localized observation 14987
 [DEBUG  ] (2020-02-22 21:05:29) py-base_optimizer       : Proceeding to assimilate observation GIMM, 15725
 [DEBUG  ] (2020-02-22 21:05:29) py-base_optimizer       : Not allowed to localize observation GIMM, 15725
 [DEBUG  ] (2020-02-22 21:05:29) py-base_optimizer       : Skipping observation (GIMM,15726) because of flag value 2
 [DEBUG  ] (2020-02-22 21:05:29) py-base_optimizer       : Proceeding to assimilate observation GIMM, 15727
 [DEBUG  ] (2020-02-22 21:05:29) py-base_optimizer       : Not allowed to localize observation GIMM, 15727
 [DEBUG  ] (2020-02-22 21:05:29) py-base_optimizer       : Proceeding to assimilate observation GIMM, 15728
 [DEBUG  ] (2020-02-22 21:05:29) py-base_optimizer       : Not allowed to localize observation GIMM, 15728
 [DEBUG  ] (2020-02-22 21:05:29) py-base_optimizer       : Proceeding to assimilate observation GIMM, 15729
 [DEBUG  ] (2020-02-22 21:05:29) py-base_optimizer       : Not allowed to localize observation GIMM, 15729
 [DEBUG  ] (2020-02-22 21:05:29) py-base_optimizer       : Proceeding to assimilate observation GIMM, 15730
 [DEBUG  ] (2020-02-22 21:05:29) py-base_optimizer       : Not allowed to localize observation GIMM, 15730
 [DEBUG  ] (2020-02-22 21:05:29) py-base_optimizer       : Proceeding to assimilate observation GIMM, 15731
 [DEBUG  ] (2020-02-22 21:05:29) py-base_optimizer       : Not allowed to localize observation GIMM, 15731
 [DEBUG  ] (2020-02-22 21:05:29) py-base_optimizer       : Proceeding to assimilate observation HAE, 18143
 [DEBUG  ] (2020-02-22 21:05:29) py-base_optimizer       : Not allowed to localize observation HAE, 18143
 [DEBUG  ] (2020-02-22 21:05:29) py-base_optimizer       : Skipping observation (HAE,18144) because of flag value 2
 [DEBUG  ] (2020-02-22 21:05:29) py-base_optimizer       : Proceeding to assimilate observation HAE, 18145
 [DEBUG  ] (2020-02-22 21:05:29) py-base_optimizer       : Not allowed to localize observation HAE, 18145
 [DEBUG  ] (2020-02-22 21:05:29) py-base_optimizer       : Proceeding to assimilate observation HAE, 18146
 [DEBUG  ] (2020-02-22 21:05:29) py-base_optimizer       : Not allowed to localize observation HAE, 18146
 [DEBUG  ] (2020-02-22 21:05:29) py-base_optimizer       : Skipping observation (HAE,18147) because of flag value 2
 [DEBUG  ] (2020-02-22 21:05:29) py-base_optimizer       : Proceeding to assimilate observation HAE, 18148
 [DEBUG  ] (2020-02-22 21:05:29) py-base_optimizer       : Not allowed to localize observation HAE, 18148
 [DEBUG  ] (2020-02-22 21:05:29) py-base_optimizer       : Proceeding to assimilate observation HAE, 18149
 [DEBUG  ] (2020-02-22 21:05:29) py-base_optimizer       : Not allowed to localize observation HAE, 18149
 [DEBUG  ] (2020-02-22 21:05:29) py-base_optimizer       : Proceeding to assimilate observation LAEG, 21863
 [DEBUG  ] (2020-02-22 21:05:29) py-base_optimizer       : Not allowed to localize observation LAEG, 21863
 [DEBUG  ] (2020-02-22 21:05:29) py-base_optimizer       : Proceeding to assimilate observation LAEG, 21864
 [DEBUG  ] (2020-02-22 21:05:29) py-base_optimizer       : Not allowed to localize observation LAEG, 21864
 [DEBUG  ] (2020-02-22 21:05:29) py-base_optimizer       : Proceeding to assimilate observation LAEG, 21865
 [DEBUG  ] (2020-02-22 21:05:29) py-base_optimizer       : Not allowed to localize observation LAEG, 21865
 [DEBUG  ] (2020-02-22 21:05:29) py-base_optimizer       : Proceeding to assimilate observation LAEG, 21866
 [DEBUG  ] (2020-02-22 21:05:29) py-base_optimizer       : Not allowed to localize observation LAEG, 21866
 [DEBUG  ] (2020-02-22 21:05:29) py-base_optimizer       : Skipping observation (LAEG,21867) because of flag value 2
 [DEBUG  ] (2020-02-22 21:05:29) py-base_optimizer       : Proceeding to assimilate observation LAEG, 21868
 [DEBUG  ] (2020-02-22 21:05:29) py-base_optimizer       : Not allowed to localize observation LAEG, 21868
 [DEBUG  ] (2020-02-22 21:05:29) py-base_optimizer       : Proceeding to assimilate observation LAEG, 21869
 [DEBUG  ] (2020-02-22 21:05:29) py-base_optimizer       : Not allowed to localize observation LAEG, 21869
 [DEBUG  ] (2020-02-22 21:05:29) py-base_optimizer       : Skipping observation (MAGN,23723) because of flag value 2
 [DEBUG  ] (2020-02-22 21:05:29) py-base_optimizer       : Proceeding to assimilate observation MAGN, 23724
 [DEBUG  ] (2020-02-22 21:05:29) py-base_optimizer       : Trying to localize observation MAGN, 23724
 [DEBUG  ] (2020-02-22 21:05:29) py-optimizer            : Not localized observation 23724
 [DEBUG  ] (2020-02-22 21:05:29) py-base_optimizer       : Proceeding to assimilate observation MAGN, 23725
 [DEBUG  ] (2020-02-22 21:05:29) py-base_optimizer       : Trying to localize observation MAGN, 23725
 [DEBUG  ] (2020-02-22 21:05:29) py-optimizer            : Not localized observation 23725
 [DEBUG  ] (2020-02-22 21:05:29) py-base_optimizer       : Skipping observation (MAGN,23726) because of flag value 2
 [DEBUG  ] (2020-02-22 21:05:29) py-base_optimizer       : Proceeding to assimilate observation MAGN, 23727
 [DEBUG  ] (2020-02-22 21:05:29) py-base_optimizer       : Trying to localize observation MAGN, 23727
 [DEBUG  ] (2020-02-22 21:05:29) py-optimizer            : Not localized observation 23727
 [DEBUG  ] (2020-02-22 21:05:29) py-base_optimizer       : Proceeding to assimilate observation MAGN, 23728
 [DEBUG  ] (2020-02-22 21:05:29) py-base_optimizer       : Trying to localize observation MAGN, 23728
 [DEBUG  ] (2020-02-22 21:05:29) py-optimizer            : Not localized observation 23728
 [DEBUG  ] (2020-02-22 21:05:29) py-base_optimizer       : Skipping observation (MAGN,23729) because of flag value 2
 [DEBUG  ] (2020-02-22 21:05:29) py-base_optimizer       : Proceeding to assimilate observation PAYN, 28838
 [DEBUG  ] (2020-02-22 21:05:29) py-base_optimizer       : Not allowed to localize observation PAYN, 28838
 [DEBUG  ] (2020-02-22 21:05:29) py-base_optimizer       : Proceeding to assimilate observation PAYN, 28839
 [DEBUG  ] (2020-02-22 21:05:29) py-base_optimizer       : Not allowed to localize observation PAYN, 28839
 [DEBUG  ] (2020-02-22 21:05:29) py-base_optimizer       : Proceeding to assimilate observation PAYN, 28840
 [DEBUG  ] (2020-02-22 21:05:29) py-base_optimizer       : Not allowed to localize observation PAYN, 28840
 [DEBUG  ] (2020-02-22 21:05:29) py-base_optimizer       : Skipping observation (PAYN,28841) because of flag value 2
 [DEBUG  ] (2020-02-22 21:05:29) py-base_optimizer       : Proceeding to assimilate observation PAYN, 28842
 [DEBUG  ] (2020-02-22 21:05:29) py-base_optimizer       : Not allowed to localize observation PAYN, 28842
 [DEBUG  ] (2020-02-22 21:05:29) py-base_optimizer       : Proceeding to assimilate observation PAYN, 28843
 [DEBUG  ] (2020-02-22 21:05:29) py-base_optimizer       : Not allowed to localize observation PAYN, 28843
 [DEBUG  ] (2020-02-22 21:05:29) py-base_optimizer       : Proceeding to assimilate observation PAYN, 28844
 [DEBUG  ] (2020-02-22 21:05:29) py-base_optimizer       : Not allowed to localize observation PAYN, 28844
 [DEBUG  ] (2020-02-22 21:05:29) py-base_optimizer       : Skipping observation (RECK,30419) because of flag value 2
 [DEBUG  ] (2020-02-22 21:05:29) py-base_optimizer       : Skipping observation (RECK,30420) because of flag value 2
 [DEBUG  ] (2020-02-22 21:05:29) py-base_optimizer       : Proceeding to assimilate observation RECK, 30421
 [DEBUG  ] (2020-02-22 21:05:29) py-base_optimizer       : Trying to localize observation RECK, 30421
 [DEBUG  ] (2020-02-22 21:05:29) py-optimizer            : Not localized observation 30421
 [DEBUG  ] (2020-02-22 21:05:29) py-base_optimizer       : Skipping observation (RECK,30422) because of flag value 2
 [DEBUG  ] (2020-02-22 21:05:29) py-base_optimizer       : Proceeding to assimilate observation RECK, 30423
 [DEBUG  ] (2020-02-22 21:05:29) py-base_optimizer       : Trying to localize observation RECK, 30423
 [DEBUG  ] (2020-02-22 21:05:29) py-optimizer            : Not localized observation 30423
 [DEBUG  ] (2020-02-22 21:05:29) py-base_optimizer       : Proceeding to assimilate observation RECK, 30424
 [DEBUG  ] (2020-02-22 21:05:29) py-base_optimizer       : Trying to localize observation RECK, 30424
 [DEBUG  ] (2020-02-22 21:05:29) py-optimizer            : Not localized observation 30424
 [DEBUG  ] (2020-02-22 21:05:29) py-base_optimizer       : Proceeding to assimilate observation RECK, 30425
 [DEBUG  ] (2020-02-22 21:05:29) py-base_optimizer       : Trying to localize observation RECK, 30425
 [DEBUG  ] (2020-02-22 21:05:29) py-optimizer            : Not localized observation 30425
 [DEBUG  ] (2020-02-22 21:05:29) py-base_optimizer       : Proceeding to assimilate observation RIG, 30977
 [DEBUG  ] (2020-02-22 21:05:29) py-base_optimizer       : Not allowed to localize observation RIG, 30977
 [DEBUG  ] (2020-02-22 21:05:29) py-base_optimizer       : Proceeding to assimilate observation RIG, 30978
 [DEBUG  ] (2020-02-22 21:05:29) py-base_optimizer       : Not allowed to localize observation RIG, 30978
 [DEBUG  ] (2020-02-22 21:05:29) py-base_optimizer       : Proceeding to assimilate observation RIG, 30979
 [DEBUG  ] (2020-02-22 21:05:29) py-base_optimizer       : Not allowed to localize observation RIG, 30979
 [DEBUG  ] (2020-02-22 21:05:29) py-base_optimizer       : Skipping observation (RIG,30980) because of flag value 2
 [DEBUG  ] (2020-02-22 21:05:29) py-base_optimizer       : Skipping observation (RIG,30981) because of flag value 2
 [DEBUG  ] (2020-02-22 21:05:29) py-base_optimizer       : Proceeding to assimilate observation RIG, 30982
 [DEBUG  ] (2020-02-22 21:05:29) py-base_optimizer       : Not allowed to localize observation RIG, 30982
 [DEBUG  ] (2020-02-22 21:05:29) py-base_optimizer       : Proceeding to assimilate observation RIG, 30983
 [DEBUG  ] (2020-02-22 21:05:29) py-base_optimizer       : Not allowed to localize observation RIG, 30983
 [DEBUG  ] (2020-02-22 21:05:29) py-base_optimizer       : Skipping observation (SAVE,32093) because of flag value 2
 [DEBUG  ] (2020-02-22 21:05:29) py-base_optimizer       : Skipping observation (SAVE,32094) because of flag value 2
 [DEBUG  ] (2020-02-22 21:05:29) py-base_optimizer       : Proceeding to assimilate observation SAVE, 32095
 [DEBUG  ] (2020-02-22 21:05:29) py-base_optimizer       : Trying to localize observation SAVE, 32095
 [DEBUG  ] (2020-02-22 21:05:29) py-optimizer            : Not localized observation 32095
 [DEBUG  ] (2020-02-22 21:05:29) py-base_optimizer       : Proceeding to assimilate observation SAVE, 32096
 [DEBUG  ] (2020-02-22 21:05:29) py-base_optimizer       : Trying to localize observation SAVE, 32096
 [DEBUG  ] (2020-02-22 21:05:29) py-optimizer            : Not localized observation 32096
 [DEBUG  ] (2020-02-22 21:05:29) py-base_optimizer       : Proceeding to assimilate observation SAVE, 32097
 [DEBUG  ] (2020-02-22 21:05:29) py-base_optimizer       : Trying to localize observation SAVE, 32097
 [DEBUG  ] (2020-02-22 21:05:29) py-optimizer            : Not localized observation 32097
 [DEBUG  ] (2020-02-22 21:05:29) py-base_optimizer       : Skipping observation (SAVE,32098) because of flag value 2
 [DEBUG  ] (2020-02-22 21:05:29) py-base_optimizer       : Proceeding to assimilate observation SAVE, 32099
 [DEBUG  ] (2020-02-22 21:05:29) py-base_optimizer       : Trying to localize observation SAVE, 32099
 [DEBUG  ] (2020-02-22 21:05:29) py-optimizer            : Not localized observation 32099
 [DEBUG  ] (2020-02-22 21:05:29) py-base_optimizer       : Proceeding to assimilate observation SEMP, 32651
 [DEBUG  ] (2020-02-22 21:05:29) py-base_optimizer       : Trying to localize observation SEMP, 32651
 [DEBUG  ] (2020-02-22 21:05:29) py-optimizer            : Not localized observation 32651
 [DEBUG  ] (2020-02-22 21:05:29) py-base_optimizer       : Skipping observation (SEMP,32652) because of flag value 2
 [DEBUG  ] (2020-02-22 21:05:29) py-base_optimizer       : Proceeding to assimilate observation SEMP, 32653
 [DEBUG  ] (2020-02-22 21:05:29) py-base_optimizer       : Trying to localize observation SEMP, 32653
 [DEBUG  ] (2020-02-22 21:05:29) py-optimizer            : Not localized observation 32653
 [DEBUG  ] (2020-02-22 21:05:29) py-base_optimizer       : Proceeding to assimilate observation SEMP, 32654
 [DEBUG  ] (2020-02-22 21:05:29) py-base_optimizer       : Trying to localize observation SEMP, 32654
 [DEBUG  ] (2020-02-22 21:05:29) py-optimizer            : Not localized observation 32654
 [DEBUG  ] (2020-02-22 21:05:29) py-base_optimizer       : Proceeding to assimilate observation SEMP, 32655
 [DEBUG  ] (2020-02-22 21:05:29) py-base_optimizer       : Trying to localize observation SEMP, 32655
 [DEBUG  ] (2020-02-22 21:05:29) py-optimizer            : Not localized observation 32655
 [DEBUG  ] (2020-02-22 21:05:29) py-base_optimizer       : Proceeding to assimilate observation SEMP, 32656
 [DEBUG  ] (2020-02-22 21:05:29) py-base_optimizer       : Trying to localize observation SEMP, 32656
 [DEBUG  ] (2020-02-22 21:05:29) py-optimizer            : Not localized observation 32656
 [DEBUG  ] (2020-02-22 21:05:29) py-base_optimizer       : Proceeding to assimilate observation SEMP, 32657
 [DEBUG  ] (2020-02-22 21:05:29) py-base_optimizer       : Trying to localize observation SEMP, 32657
 [DEBUG  ] (2020-02-22 21:05:29) py-optimizer            : Not localized observation 32657
 [DEBUG  ] (2020-02-22 21:05:29) py-base_optimizer       : Proceeding to assimilate observation SOTT, 34511
 [DEBUG  ] (2020-02-22 21:05:29) py-base_optimizer       : Trying to localize observation SOTT, 34511
 [DEBUG  ] (2020-02-22 21:05:29) py-optimizer            : Not localized observation 34511
 [DEBUG  ] (2020-02-22 21:05:29) py-base_optimizer       : Proceeding to assimilate observation SOTT, 34512
 [DEBUG  ] (2020-02-22 21:05:29) py-base_optimizer       : Trying to localize observation SOTT, 34512
 [DEBUG  ] (2020-02-22 21:05:29) py-optimizer            : Not localized observation 34512
 [DEBUG  ] (2020-02-22 21:05:29) py-base_optimizer       : Proceeding to assimilate observation SOTT, 34513
 [DEBUG  ] (2020-02-22 21:05:29) py-base_optimizer       : Trying to localize observation SOTT, 34513
 [DEBUG  ] (2020-02-22 21:05:29) py-optimizer            : Not localized observation 34513
 [DEBUG  ] (2020-02-22 21:05:29) py-base_optimizer       : Proceeding to assimilate observation SOTT, 34514
 [DEBUG  ] (2020-02-22 21:05:29) py-base_optimizer       : Trying to localize observation SOTT, 34514
 [DEBUG  ] (2020-02-22 21:05:29) py-optimizer            : Not localized observation 34514
 [DEBUG  ] (2020-02-22 21:05:29) py-base_optimizer       : Proceeding to assimilate observation SOTT, 34515
 [DEBUG  ] (2020-02-22 21:05:29) py-base_optimizer       : Trying to localize observation SOTT, 34515
 [DEBUG  ] (2020-02-22 21:05:29) py-optimizer            : Not localized observation 34515
 [DEBUG  ] (2020-02-22 21:05:29) py-base_optimizer       : Proceeding to assimilate observation SOTT, 34516
 [DEBUG  ] (2020-02-22 21:05:29) py-base_optimizer       : Trying to localize observation SOTT, 34516
 [DEBUG  ] (2020-02-22 21:05:29) py-optimizer            : Not localized observation 34516
 [DEBUG  ] (2020-02-22 21:05:29) py-base_optimizer       : Proceeding to assimilate observation SOTT, 34517
 [DEBUG  ] (2020-02-22 21:05:29) py-base_optimizer       : Trying to localize observation SOTT, 34517
 [DEBUG  ] (2020-02-22 21:05:29) py-optimizer            : Not localized observation 34517
 [DEBUG  ] (2020-02-22 21:05:29) py-base_optimizer       : Skipping observation (SSAL,34697) because of flag value 2
 [DEBUG  ] (2020-02-22 21:05:29) py-base_optimizer       : Proceeding to assimilate observation SSAL, 34698
 [DEBUG  ] (2020-02-22 21:05:29) py-base_optimizer       : Trying to localize observation SSAL, 34698
 [DEBUG  ] (2020-02-22 21:05:29) py-optimizer            : Not localized observation 34698
 [DEBUG  ] (2020-02-22 21:05:29) py-base_optimizer       : Skipping observation (SSAL,34699) because of flag value 2
 [DEBUG  ] (2020-02-22 21:05:29) py-base_optimizer       : Proceeding to assimilate observation SSAL, 34700
 [DEBUG  ] (2020-02-22 21:05:29) py-base_optimizer       : Trying to localize observation SSAL, 34700
 [DEBUG  ] (2020-02-22 21:05:29) py-optimizer            : Not localized observation 34700
 [DEBUG  ] (2020-02-22 21:05:29) py-base_optimizer       : Proceeding to assimilate observation SSAL, 34701
 [DEBUG  ] (2020-02-22 21:05:29) py-base_optimizer       : Trying to localize observation SSAL, 34701
 [DEBUG  ] (2020-02-22 21:05:29) py-optimizer            : Not localized observation 34701
 [DEBUG  ] (2020-02-22 21:05:29) py-base_optimizer       : Skipping observation (SSAL,34702) because of flag value 2
 [DEBUG  ] (2020-02-22 21:05:29) py-base_optimizer       : Skipping observation (SSAL,34703) because of flag value 2
 [DEBUG  ] (2020-02-22 21:05:29) py-base_optimizer       : Proceeding to assimilate observation TAEN, 35348
 [DEBUG  ] (2020-02-22 21:05:29) py-base_optimizer       : Trying to localize observation TAEN, 35348
 [DEBUG  ] (2020-02-22 21:05:29) py-optimizer            : Not localized observation 35348
 [DEBUG  ] (2020-02-22 21:05:29) py-base_optimizer       : Proceeding to assimilate observation TAEN, 35349
 [DEBUG  ] (2020-02-22 21:05:29) py-base_optimizer       : Trying to localize observation TAEN, 35349
 [DEBUG  ] (2020-02-22 21:05:29) py-optimizer            : Not localized observation 35349
 [DEBUG  ] (2020-02-22 21:05:29) py-base_optimizer       : Proceeding to assimilate observation TAEN, 35350
 [DEBUG  ] (2020-02-22 21:05:29) py-base_optimizer       : Trying to localize observation TAEN, 35350
 [DEBUG  ] (2020-02-22 21:05:29) py-optimizer            : Not localized observation 35350
 [DEBUG  ] (2020-02-22 21:05:29) py-base_optimizer       : Proceeding to assimilate observation TAEN, 35351
 [DEBUG  ] (2020-02-22 21:05:29) py-base_optimizer       : Trying to localize observation TAEN, 35351
 [DEBUG  ] (2020-02-22 21:05:29) py-optimizer            : Not localized observation 35351
 [DEBUG  ] (2020-02-22 21:05:29) py-base_optimizer       : Skipping observation (TAEN,35352) because of flag value 2
 [DEBUG  ] (2020-02-22 21:05:29) py-base_optimizer       : Proceeding to assimilate observation TAEN, 35353
 [DEBUG  ] (2020-02-22 21:05:29) py-base_optimizer       : Trying to localize observation TAEN, 35353
 [DEBUG  ] (2020-02-22 21:05:29) py-optimizer            : Not localized observation 35353
 [DEBUG  ] (2020-02-22 21:05:30) py-base_optimizer       : Proceeding to assimilate observation TAEN, 35354
 [DEBUG  ] (2020-02-22 21:05:30) py-base_optimizer       : Trying to localize observation TAEN, 35354
 [DEBUG  ] (2020-02-22 21:05:30) py-optimizer            : Not localized observation 35354
 [DEBUG  ] (2020-02-22 21:05:30) py-base_optimizer       : Proceeding to assimilate observation ZHBR, 40184
 [DEBUG  ] (2020-02-22 21:05:30) py-base_optimizer       : Trying to localize observation ZHBR, 40184
 [DEBUG  ] (2020-02-22 21:05:30) py-optimizer            : Not localized observation 40184
 [DEBUG  ] (2020-02-22 21:05:30) py-base_optimizer       : Proceeding to assimilate observation ZHBR, 40185
 [DEBUG  ] (2020-02-22 21:05:30) py-base_optimizer       : Trying to localize observation ZHBR, 40185
 [DEBUG  ] (2020-02-22 21:05:30) py-optimizer            : Not localized observation 40185
 [DEBUG  ] (2020-02-22 21:05:30) py-base_optimizer       : Proceeding to assimilate observation ZHBR, 40186
 [DEBUG  ] (2020-02-22 21:05:30) py-base_optimizer       : Trying to localize observation ZHBR, 40186
 [DEBUG  ] (2020-02-22 21:05:30) py-optimizer            : Not localized observation 40186
 [DEBUG  ] (2020-02-22 21:05:30) py-base_optimizer       : Skipping observation (ZHBR,40187) because of flag value 2
 [DEBUG  ] (2020-02-22 21:05:30) py-base_optimizer       : Skipping observation (ZHBR,40188) because of flag value 2
 [DEBUG  ] (2020-02-22 21:05:30) py-base_optimizer       : Proceeding to assimilate observation ZHBR, 40189
 [DEBUG  ] (2020-02-22 21:05:30) py-base_optimizer       : Trying to localize observation ZHBR, 40189
 [DEBUG  ] (2020-02-22 21:05:30) py-optimizer            : Not localized observation 40189
 [DEBUG  ] (2020-02-22 21:05:30) py-base_optimizer       : Skipping observation (ZHBR,40190) because of flag value 2
 [DEBUG  ] (2020-02-22 21:05:30) py-base_optimizer       : Proceeding to assimilate observation ZSCH, 44090
 [DEBUG  ] (2020-02-22 21:05:30) py-base_optimizer       : Trying to localize observation ZSCH, 44090
 [DEBUG  ] (2020-02-22 21:05:30) py-optimizer            : Not localized observation 44090
 [DEBUG  ] (2020-02-22 21:05:30) py-base_optimizer       : Proceeding to assimilate observation ZSCH, 44091
 [DEBUG  ] (2020-02-22 21:05:30) py-base_optimizer       : Trying to localize observation ZSCH, 44091
 [DEBUG  ] (2020-02-22 21:05:30) py-optimizer            : Not localized observation 44091
 [DEBUG  ] (2020-02-22 21:05:30) py-base_optimizer       : Proceeding to assimilate observation ZSCH, 44092
 [DEBUG  ] (2020-02-22 21:05:30) py-base_optimizer       : Trying to localize observation ZSCH, 44092
 [DEBUG  ] (2020-02-22 21:05:30) py-optimizer            : Not localized observation 44092
 [DEBUG  ] (2020-02-22 21:05:30) py-base_optimizer       : Proceeding to assimilate observation ZSCH, 44093
 [DEBUG  ] (2020-02-22 21:05:30) py-base_optimizer       : Trying to localize observation ZSCH, 44093
 [DEBUG  ] (2020-02-22 21:05:30) py-optimizer            : Not localized observation 44093
 [DEBUG  ] (2020-02-22 21:05:30) py-base_optimizer       : Skipping observation (ZSCH,44094) because of flag value 2
 [DEBUG  ] (2020-02-22 21:05:30) py-base_optimizer       : Skipping observation (ZSCH,44095) because of flag value 2
 [DEBUG  ] (2020-02-22 21:05:30) py-base_optimizer       : Proceeding to assimilate observation ZSCH, 44096
 [DEBUG  ] (2020-02-22 21:05:30) py-base_optimizer       : Trying to localize observation ZSCH, 44096
 [DEBUG  ] (2020-02-22 21:05:30) py-optimizer            : Not localized observation 44096
 [DEBUG  ] (2020-02-22 21:05:30) py-base_optimizer       : Proceeding to assimilate observation ZUE, 44741
 [DEBUG  ] (2020-02-22 21:05:30) py-base_optimizer       : Trying to localize observation ZUE, 44741
 [DEBUG  ] (2020-02-22 21:05:30) py-optimizer            : Not localized observation 44741
 [DEBUG  ] (2020-02-22 21:05:30) py-base_optimizer       : Proceeding to assimilate observation ZUE, 44742
 [DEBUG  ] (2020-02-22 21:05:30) py-base_optimizer       : Trying to localize observation ZUE, 44742
 [DEBUG  ] (2020-02-22 21:05:30) py-optimizer            : Not localized observation 44742
 [DEBUG  ] (2020-02-22 21:05:30) py-base_optimizer       : Proceeding to assimilate observation ZUE, 44743
 [DEBUG  ] (2020-02-22 21:05:30) py-base_optimizer       : Trying to localize observation ZUE, 44743
 [DEBUG  ] (2020-02-22 21:05:30) py-optimizer            : Not localized observation 44743
 [DEBUG  ] (2020-02-22 21:05:30) py-base_optimizer       : Proceeding to assimilate observation ZUE, 44744
 [DEBUG  ] (2020-02-22 21:05:30) py-base_optimizer       : Trying to localize observation ZUE, 44744
 [DEBUG  ] (2020-02-22 21:05:30) py-optimizer            : Not localized observation 44744
 [DEBUG  ] (2020-02-22 21:05:30) py-base_optimizer       : Proceeding to assimilate observation ZUE, 44745
 [DEBUG  ] (2020-02-22 21:05:30) py-base_optimizer       : Trying to localize observation ZUE, 44745
 [DEBUG  ] (2020-02-22 21:05:30) py-optimizer            : Not localized observation 44745
 [DEBUG  ] (2020-02-22 21:05:30) py-base_optimizer       : Proceeding to assimilate observation ZUE, 44746
 [DEBUG  ] (2020-02-22 21:05:30) py-base_optimizer       : Trying to localize observation ZUE, 44746
 [DEBUG  ] (2020-02-22 21:05:30) py-optimizer            : Not localized observation 44746
 [DEBUG  ] (2020-02-22 21:05:30) py-base_optimizer       : Proceeding to assimilate observation ZUE, 44747
 [DEBUG  ] (2020-02-22 21:05:30) py-base_optimizer       : Trying to localize observation ZUE, 44747
 [DEBUG  ] (2020-02-22 21:05:30) py-optimizer            : Not localized observation 44747
 [DEBUG  ] (2020-02-22 21:05:30) py-base_optimizer       : Returning optimized data to the StateVector, setting "StateVector.isOptimized = True" 
 [DEBUG  ] (2020-02-22 21:05:30) py-base_optimizer       : Opening existing diagnostics file for optimizer (/scratch/snx3000/parsenov/wo_bg/output/20190301/optimizer.20190301.nc)
 [DEBUG  ] (2020-02-22 21:05:30) py-base_optimizer       : Diagnostics file closed
chi2 3428.107956799292
chi2 875.7568661112026
chi2 704.0295786275784
chi2 1812.336925788286
chi2 1154.9681032423264
chi2 1100.8604722330897
chi2 3034.2647276864454
chi2 293.3144399874403
chi2 5789.88491951962
chi2 26.82556998048457
chi2 1996.1860754198804
chi2 2904.52055188978
chi2 1809.57942123739
chi2 1359.7762087777169
chi2 618.0374142490093
chi2 5748.533842615242
chi2 2911.651030276759
chi2 526.4999545413308
chi2 1172.4564582379987
chi2 2630.3857333070678
chi2 1491.3554275774848
chi2 705.9844376605417
chi2 1486.0816266496117
chi2 6925.048533741897
chi2 135.6288786292354
chi2 4380.809399722535
chi2 495.163381130371
chi2 152.70558812956227
chi2 1459.0545088776796
chi2 17495.170062294877
chi2 58.601645791324444
chi2 680.9053042021163
chi2 281.5308839229221
chi2 2357.6249271286274
chi2 7931.242833601756
chi2 1440.8608655016803
chi2 2416.239871234559
chi2 766.7630429847309
chi2 902.6089247411007
chi2 21922.984278542444
chi2 4799.312076645989
chi2 35219.222817354246
chi2 1678.025631158591
chi2 21081.967055239176
chi2 30965.982222325598
chi2 39205.30554584748
chi2 4913.243350195502
chi2 934.622064034542
chi2 86.57842923383932
chi2 19162.90576062036
chi2 3563.196105755313
chi2 13585.217096613307
chi2 12607.474209219934
chi2 7820.851580361856
chi2 5229.2882641550805
chi2 2458.453156975807
chi2 4348.752188467165
chi2 3.370093625942409
chi2 1.7892543311702687
chi2 8580.157063371222
chi2 18335.49200308924
chi2 1547.97199920584
chi2 7325.044268647916
chi2 7.305100106230962
chi2 608.6264038234347
chi2 464.81154701932945
chi2 40193.58807974657
chi2 41761.15273143735
chi2 15673.891352244427
chi2 32933.132910296925
chi2 20328.75276117149
chi2 18888.316768892568
chi2 1869.0373056404796
chi2 296.17396773106077
chi2 36.27265062626476
chi2 563.2688726184535
chi2 766.0319333123723
chi2 256.91735685856486
chi2 274.4233380834599
chi2 6423.841414996793
chi2 4663.358124399025
chi2 429.6908944297089
chi2 8.373345759199411
chi2 2625.7447888359175
chi2 8183.48318155361
chi2 6260.026785966806
chi2 2249.906679125421
chi2 1596.926646502303
chi2 4740.845980066053
chi2 6317.256578279235
chi2 3699.425731737397
chi2 1246.260295476777
chi2 664.2985760622505
chi2 621.5428871513415
chi2 2623.7281495618154
chi2 2530.896717757689
chi2 861.7391967464307
chi2 1500.42294384139
chi2 332.1605387224463
chi2 2490.874040604709
chi2 163.34340915702893
chi2 297.8322978767888
chi2 715.1507324501019
chi2 0.08581937715744431
chi2 2250.357785509472
chi2 41.45770150196852
chi2 4148.385045027936
chi2 321.18590069543734
chi2 838.2023282932151
chi2 11.230838547340397
chi2 8054.770324960027
chi2 7593.900720356626
chi2 2068.7259998617133
chi2 6684.196353949767
chi2 1643.1544764923908
chi2 4427.0677007295535
chi2 3453.364195817718
chi2 3957.1230298475284
chi2 2538.2833373662324
chi2 2045.922160436927
chi2 5829.155982391239
chi2 3132.0358316335987
chi2 5330.180338816029
chi2 4196.843999295971
chi2 185.98319860034778
chi2 1867.7932082676318
chi2 24789.383556069235
chi2 1505.3253313355729
chi2 3985.377819321537
chi2 3351.5208035814467
chi2 3097.851608659851
chi2 833.1770353107552
chi2 6475.575348551446
chi2 2363.4345758117315
chi2 1643.6434098145303
chi2 3765.362231885666
chi2 540.284446882859
chi2 1404.8842071583626
chi2 4.492860608886609
chi2 5127.83754824472
chi2 5.9523033620524055
chi2 1254.5641637342387
chi2 3789.3723424284494
chi2 4590.0530188088915
chi2 7.7693606865164035
chi2 4274.89051787368
chi2 1286.8088678948343
chi2 299.68063085862167
chi2 4008.1607890600258
chi2 1575.9633727750477
chi2 1154.9939857753368
chi2 2056.2985127157085
chi2 3829.0992685705833
chi2 12196.877376970146
chi2 13374.343520082106
chi2 35530.77433363995
chi2 13494.121944193745
chi2 31226.894801791015
chi2 14394.609332964646
chi2 42005.62697743186
chi2 12385.878050979853
chi2 12492.28850282456
chi2 911.4107612761283
chi2 10098.846401686384
chi2 1285.809207133949
chi2 4582.7575791924355
chi2 7664.02701320483
chi2 24006.269154620542
chi2 22612.558499963834
chi2 20476.949032653712
chi2 1612.5142734853328
chi2 23104.574813102572
chi2 5931.237219094407
chi2 4974.436031647189
chi2 6744.607565476786
chi2 12980.681560219786
chi2 1640.01274705326
chi2 9143.34551708609
chi2 18676.338583912086
chi2 14327.769600379515
chi2 8.02151844961663
chi2 1692.9913519437964
chi2 2215.4772178493786
chi2 701.1208791329138
chi2 1807.2959699814949
chi2 35133.0180443519
chi2 2664.676920143328
chi2 18504.266424216745
chi2 38127.96776792248
chi2 72.86247629147486
chi2 5852.088810802758
chi2 1748.1629107807273
chi2 3677.6953454511886
chi2 7834.7808857587015
chi2 11753.438426801002
chi2 0.4548173943841436
chi2 1353.7247717321488
chi2 1654.978790615361
chi2 2201.96275086582
chi2 3660.704435628414
chi2 2137.172457789926
chi2 1674.985271351906
chi2 3610.7853816611378
chi2 2686.205657434814
chi2 6307.633084128598
chi2 2537.0867312154387
chi2 10.235394075223944
chi2 5973.651753186267
chi2 3258.959604716653
chi2 3883.575136168513
chi2 255.28933885185285
chi2 1800.3473112935988
chi2 6.963931853966277
chi2 4.371679558266205
chi2 240.4109723962139
chi2 87.7096496510959
chi2 114.08575831511337
chi2 24.121037803491287
chi2 638.0112441430725
chi2 62.53955983483097
chi2 19.746358242556145
chi2 888.3572564004786
chi2 3443.95724949682
chi2 2813.927947780937
chi2 77.71258779294244
chi2 35.76864827293723
chi2 558.3695578523872
chi2 4342.981434042288
chi2 15059.743413018225
chi2 162.8876718763976
chi2 2893.3649643329113
