 [INFO   ] (2020-05-31 12:48:40) py-initexit             : -v flag specified on command line: extra verbose output
 [DEBUG  ] (2020-05-31 12:48:40) py-rc                   : reading rcfile config.rc ...
 [INFO   ] (2020-05-31 12:48:40) py-initexit             : DA Cycle rc-file (config.rc) loaded successfully
 [DEBUG  ] (2020-05-31 12:48:40) py-initexit             : DA Cycle settings have been validated succesfully
 [DEBUG  ] (2020-05-31 12:48:40) py-rc                   : reading rcfile da/rc/carbontracker_cosmo.rc ...
 [DEBUG  ] (2020-05-31 12:48:40) py-rc                   : Added rootdir to requested include: da/rc/NamingScheme.wp_Mar2011.rc
 [DEBUG  ] (2020-05-31 12:48:40) py-dasystem             : DA System Info rc-file (da/rc/carbontracker_cosmo.rc) loaded successfully
 [DEBUG  ] (2020-05-31 12:48:40) py-dasystem             : Data Assimilation System initialized: CarbonTracker CO2
 [INFO   ] (2020-05-31 12:48:40) py-observationoperator_cosmo : Observation Operator object initialized: ObservationOperator
 [INFO   ] (2020-05-31 12:48:40) py-obs                  : Observations object initialized: Observations baseclass
 [INFO   ] (2020-05-31 12:48:40) py-statevector_mean     : Statevector object initialized: Baseclass Statevector 
 [INFO   ] (2020-05-31 12:48:40) py-base_optimizer       : Optimizer object initialized: Optimizer baseclass
 [INFO   ] (2020-05-31 12:48:40) py-cosmo                : 

    ***************************************   Entering Pipeline     *************************************** 
  
 [INFO   ] (2020-05-31 12:48:40) py-pipeline             : 

    ***************************************   Initializing current cycle    *************************************** 
  
 [DEBUG  ] (2020-05-31 12:48:40) py-dasystem             : DA System Info settings have been validated succesfully
 [INFO   ] (2020-05-31 12:48:40) py-initexit             : Restarting filter from previous step
 [DEBUG  ] (2020-05-31 12:48:40) py-general              : Using existing directory /scratch/snx3000/parsenov/synthetic
 [DEBUG  ] (2020-05-31 12:48:40) py-general              : Using existing directory /scratch/snx3000/parsenov/synthetic/exec
 [DEBUG  ] (2020-05-31 12:48:40) py-general              : Using existing directory /scratch/snx3000/parsenov/synthetic/input
 [INFO   ] (2020-05-31 12:48:40) py-general              : Creating new directory /scratch/snx3000/parsenov/synthetic/output/20190515
 [DEBUG  ] (2020-05-31 12:48:40) py-general              : Using existing directory /scratch/snx3000/parsenov/synthetic/analysis
 [DEBUG  ] (2020-05-31 12:48:40) py-general              : Using existing directory /scratch/snx3000/parsenov/synthetic/jobs
 [DEBUG  ] (2020-05-31 12:48:40) py-general              : Using existing directory /scratch/snx3000/parsenov/synthetic/restart
 [INFO   ] (2020-05-31 12:48:40) py-initexit             : Succesfully created the file structure for the assimilation job
 [INFO   ] (2020-05-31 12:48:40) py-initexit             : Retrieved the random seed generator values of last cycle from file
IO Class CT_HDF not compiled, no HDF support!!!
IO Class CT_HDF not compiled, no HDF support!!!
Traceback (most recent call last):
  File "cosmo.py", line 71, in <module>
    ensemble_smoother_pipeline(dacycle, platform, dasystem, samples, statevector, obsoperator, optimizer)
  File "/store/empa/em05/parsenov/CTDAS/ctdas-cosmo/da/cosmo/pipeline.py", line 40, in ensemble_smoother_pipeline
    start_job(dacycle, dasystem, platform, statevector, samples, obsoperator)
  File "/store/empa/em05/parsenov/CTDAS/ctdas-cosmo/da/cosmo/pipeline.py", line 226, in start_job
    dacycle.setup()                              
  File "/store/empa/em05/parsenov/CTDAS/ctdas-cosmo/da/tools/initexit.py", line 324, in setup
    self.read_random_seed(False)
  File "/store/empa/em05/parsenov/CTDAS/ctdas-cosmo/da/tools/initexit.py", line 273, in read_random_seed
    f = open(filename, 'rb')
FileNotFoundError: [Errno 2] No such file or directory: '/scratch/snx3000/parsenov/synthetic/restart/randomseed_20190515.pickle'
