 [INFO   ] (2020-02-04 21:55:00) py-initexit             : -v flag specified on command line: extra verbose output
 [DEBUG  ] (2020-02-04 21:55:00) py-rc                   : reading rcfile wo_bg.rc ...
 [INFO   ] (2020-02-04 21:55:00) py-initexit             : DA Cycle rc-file (wo_bg.rc) loaded successfully
 [DEBUG  ] (2020-02-04 21:55:00) py-initexit             : DA Cycle settings have been validated succesfully
 [DEBUG  ] (2020-02-04 21:55:00) py-rc                   : reading rcfile da/rc/carbontracker_cosmo.rc ...
 [DEBUG  ] (2020-02-04 21:55:00) py-rc                   : Added rootdir to requested include: da/rc/NamingScheme.wp_Mar2011.rc
 [DEBUG  ] (2020-02-04 21:55:00) py-dasystem             : DA System Info rc-file (da/rc/carbontracker_cosmo.rc) loaded successfully
 [DEBUG  ] (2020-02-04 21:55:00) py-dasystem             : Data Assimilation System initialized: CarbonTracker CO2
 [INFO   ] (2020-02-04 21:55:00) py-observationoperator_cosmo : Observation Operator object initialized: ObservationOperator
 [INFO   ] (2020-02-04 21:55:00) py-obs                  : Observations object initialized: Observations baseclass
 [INFO   ] (2020-02-04 21:55:00) py-statevector_mean     : Statevector object initialized: Baseclass Statevector 
 [INFO   ] (2020-02-04 21:55:00) py-base_optimizer       : Optimizer object initialized: Optimizer baseclass
 [INFO   ] (2020-02-04 21:55:00) py-cosmo                : 

    ***************************************   Entering Pipeline     *************************************** 
  
 [INFO   ] (2020-02-04 21:55:00) py-pipeline             : 

    ***************************************   Initializing current cycle    *************************************** 
  
 [DEBUG  ] (2020-02-04 21:55:00) py-dasystem             : DA System Info settings have been validated succesfully
 [INFO   ] (2020-02-04 21:55:00) py-initexit             : First time step in filter sequence
 [INFO   ] (2020-02-04 21:55:00) py-general              : Creating new directory /scratch/snx3000/parsenov/wo_bg
 [INFO   ] (2020-02-04 21:55:00) py-general              : Creating new directory /scratch/snx3000/parsenov/wo_bg/exec
 [INFO   ] (2020-02-04 21:55:00) py-general              : Creating new directory /scratch/snx3000/parsenov/wo_bg/input
 [INFO   ] (2020-02-04 21:55:00) py-general              : Creating new directory /scratch/snx3000/parsenov/wo_bg/output/20190301
 [INFO   ] (2020-02-04 21:55:00) py-general              : Creating new directory /scratch/snx3000/parsenov/wo_bg/analysis
 [INFO   ] (2020-02-04 21:55:00) py-general              : Creating new directory /scratch/snx3000/parsenov/wo_bg/jobs
 [INFO   ] (2020-02-04 21:55:00) py-general              : Creating new directory /scratch/snx3000/parsenov/wo_bg/restart
 [INFO   ] (2020-02-04 21:55:00) py-initexit             : Succesfully created the file structure for the assimilation job
 [INFO   ] (2020-02-04 21:55:00) py-initexit             : Copied regions file to the analysis directory: /store/empa/em05/parsenov/CTDAS/ctdas-cosmo/da/analysis/cosmo_9_reg_mittel_4.nc
 [INFO   ] (2020-02-04 21:55:00) py-initexit             : Copied extended regions file to the analysis directory: /store/empa/em05/parsenov/CTDAS/ctdas-cosmo/da/analysis/cosmo_9_reg_mittel_4.nc
 [INFO   ] (2020-02-04 21:55:00) py-initexit             : ===============================================================
 [INFO   ] (2020-02-04 21:55:00) py-initexit             : DA Cycle start date is 2019-03-01 00:00
 [INFO   ] (2020-02-04 21:55:00) py-initexit             : DA Cycle end date is 2019-03-07 23:00
 [INFO   ] (2020-02-04 21:55:00) py-initexit             : DA Cycle final date is 2019-03-07 23:00
 [INFO   ] (2020-02-04 21:55:00) py-initexit             : DA Cycle cycle length is 7
 [INFO   ] (2020-02-04 21:55:00) py-initexit             : DA Cycle restart is False
 [INFO   ] (2020-02-04 21:55:00) py-initexit             : ===============================================================
 [DEBUG  ] (2020-02-04 21:55:00) py-statevector_mean     : A TransCom  map on 1x1 degree was read from file /store/empa/em05/parsenov/CTDAS/ctdas-cosmo/da/analysis/cosmo_9_reg_mittel_4.nc
 [DEBUG  ] (2020-02-04 21:55:00) py-statevector_mean     : A parameter map on 1x1 degree was read from file /store/empa/em05/parsenov/CTDAS/ctdas-cosmo/da/analysis/cosmo_9_reg_mittel_4.nc
 [DEBUG  ] (2020-02-04 21:55:00) py-statevector_mean     : A dictionary to map grids to states and vice versa was created
 [DEBUG  ] (2020-02-04 21:55:00) py-statevector_mean     : A matrix to map states to TransCom regions and vice versa was created
 [DEBUG  ] (2020-02-04 21:55:00) py-statevector_mean     : A species mask was created, only the following species are recognized in this system:
 [DEBUG  ] (2020-02-04 21:55:00) py-statevector_mean     :    ->    co2
 [INFO   ] (2020-02-04 21:55:00) py-pipeline             : 

    ***************************************   starting prepare_state    *************************************** 
  
 [DEBUG  ] (2020-02-04 21:55:00) py-statevector_mean     : Cholesky decomposition has succeeded 
 [INFO   ] (2020-02-04 21:55:00) py-statevector_mean     : Appr. degrees of freedom in covariance matrix is 3
 [DEBUG  ] (2020-02-04 21:55:00) py-statevector_mean     : 21 new ensemble members were added to the state vector # 1
 [DEBUG  ] (2020-02-04 21:55:00) py-statevector_mean     : Cholesky decomposition has succeeded 
 [INFO   ] (2020-02-04 21:55:00) py-statevector_mean     : Appr. degrees of freedom in covariance matrix is 3
 [DEBUG  ] (2020-02-04 21:55:00) py-statevector_mean     : 21 new ensemble members were added to the state vector # 2
 [DEBUG  ] (2020-02-04 21:55:00) py-statevector_mean     : Creating new StateVector output file (/scratch/snx3000/parsenov/wo_bg/restart/savestate_20190301.nc)
 [INFO   ] (2020-02-04 21:55:00) py-statevector_mean     : Successfully wrote the State Vector to file (/scratch/snx3000/parsenov/wo_bg/restart/savestate_20190301.nc) 
 [INFO   ] (2020-02-04 21:55:00) py-pipeline             : 

    ***************************************   starting sample_state    *************************************** 
  
 [INFO   ] (2020-02-04 21:55:00) py-pipeline             : Sampling model will be run over 2 cycles
 [INFO   ] (2020-02-04 21:55:00) py-pipeline             : 

    ***************************************   .....Ensemble Kalman Filter at lag 1
 [INFO   ] (2020-02-04 21:55:00) py-pipeline             : New simulation interval set : 
 [INFO   ] (2020-02-04 21:55:00) py-pipeline             :                   start date : 2019-03-01 00:00 
 [INFO   ] (2020-02-04 21:55:00) py-pipeline             :                   end   date : 2019-03-07 23:00 
 [INFO   ] (2020-02-04 21:55:00) py-pipeline             :                   file  stamp: 2019030100_2019030723 
 [DEBUG  ] (2020-02-04 21:55:02) py-observations_cosmo   : ObsPack dataset info read, proceeding with 22 netcdf files
 [DEBUG  ] (2020-02-04 21:55:02) py-observations_cosmo   : Added 7 observations from file (ALBS) to the Data list
 [DEBUG  ] (2020-02-04 21:55:02) py-observations_cosmo   : Added 7 observations from file (BNTG) to the Data list
 [DEBUG  ] (2020-02-04 21:55:02) py-observations_cosmo   : Added 7 observations from file (BRM) to the Data list
 [DEBUG  ] (2020-02-04 21:55:02) py-observations_cosmo   : Added 7 observations from file (CHRI) to the Data list
 [DEBUG  ] (2020-02-04 21:55:02) py-observations_cosmo   : Added 7 observations from file (DUE1) to the Data list
 [DEBUG  ] (2020-02-04 21:55:02) py-observations_cosmo   : Added 7 observations from file (ESMO) to the Data list
 [DEBUG  ] (2020-02-04 21:55:02) py-observations_cosmo   : Added 7 observations from file (FROB) to the Data list
 [DEBUG  ] (2020-02-04 21:55:02) py-observations_cosmo   : Added 7 observations from file (GIMM) to the Data list
 [DEBUG  ] (2020-02-04 21:55:02) py-observations_cosmo   : Added 7 observations from file (HAE) to the Data list
 [DEBUG  ] (2020-02-04 21:55:02) py-observations_cosmo   : Added 7 observations from file (LAEG) to the Data list
 [DEBUG  ] (2020-02-04 21:55:02) py-observations_cosmo   : Added 7 observations from file (MAGN) to the Data list
 [DEBUG  ] (2020-02-04 21:55:02) py-observations_cosmo   : Added 7 observations from file (PAYN) to the Data list
 [DEBUG  ] (2020-02-04 21:55:02) py-observations_cosmo   : Added 7 observations from file (RECK) to the Data list
 [DEBUG  ] (2020-02-04 21:55:02) py-observations_cosmo   : Added 7 observations from file (RIG) to the Data list
 [DEBUG  ] (2020-02-04 21:55:02) py-observations_cosmo   : Added 7 observations from file (SAVE) to the Data list
 [DEBUG  ] (2020-02-04 21:55:02) py-observations_cosmo   : Added 7 observations from file (SEMP) to the Data list
 [DEBUG  ] (2020-02-04 21:55:02) py-observations_cosmo   : Added 7 observations from file (SOTT) to the Data list
 [DEBUG  ] (2020-02-04 21:55:02) py-observations_cosmo   : Added 7 observations from file (SSAL) to the Data list
 [DEBUG  ] (2020-02-04 21:55:02) py-observations_cosmo   : Added 7 observations from file (TAEN) to the Data list
 [DEBUG  ] (2020-02-04 21:55:02) py-observations_cosmo   : Added 7 observations from file (ZHBR) to the Data list
 [DEBUG  ] (2020-02-04 21:55:02) py-observations_cosmo   : Added 7 observations from file (ZSCH) to the Data list
 [DEBUG  ] (2020-02-04 21:55:02) py-observations_cosmo   : Added 7 observations from file (ZUE) to the Data list
 [INFO   ] (2020-02-04 21:55:02) py-observations_cosmo   : Observations list now holds 154 values
 [DEBUG  ] (2020-02-04 21:55:02) py-rc                   : reading rcfile /store/empa/em05/parsenov/ch_obs/sites_weights_ctdas.rc ...
 [DEBUG  ] (2020-02-04 21:55:02) py-observations_cosmo   : Model-data mismatch rejection threshold: 3 
 [WARNING] (2020-02-04 21:55:02) py-observations_cosmo   : Model-data mismatch scaling factor     : 1.000000 
 [DEBUG  ] (2020-02-04 21:55:02) py-observations_cosmo   : Model-data mismatch site categories    : 8 
 [DEBUG  ] (2020-02-04 21:55:02) py-observations_cosmo   : Model-data mismatch active sites       : 22 
 [DEBUG  ] (2020-02-04 21:55:02) py-observations_cosmo   : Model-data mismatch moved sites        : 0 
 [DEBUG  ] (2020-02-04 21:55:02) py-observations_cosmo   : Creating new observations file for ObservationOperator (/scratch/snx3000/parsenov/wo_bg/input/sample_coordinates_2019030100_2019030723.nc)
 [DEBUG  ] (2020-02-04 21:55:02) py-observations_cosmo   : Successfully wrote data to obs file
 [INFO   ] (2020-02-04 21:55:02) py-observations_cosmo   : Sample input file for obs operator now in place [/scratch/snx3000/parsenov/wo_bg/input/sample_coordinates_2019030100_2019030723.nc]
 [DEBUG  ] (2020-02-04 21:55:02) py-observationoperator_cosmo : Creating new simulated observation file in ObservationOperator (/scratch/snx3000/parsenov/wo_bg/output/20190301/samples_simulated.2019030100_2019030723.nc)
 [INFO   ] (2020-02-04 21:55:02) py-observationoperator_cosmo : Starting COSMO
Starting chain for case wo_bg, using COSMO
Starting run with starttime 2019-03-01 00:00:00
Process "meteo" for chain "2019030100_0_168"
Process "icbc" for chain "2019030100_0_168"
Process "int2lm" for chain "2019030100_0_168"
Submitted batch job 19940096
Process "post_int2lm" for chain "2019030100_0_168"
Process "oae" for chain "2019030100_0_168"
Process "octe" for chain "2019030100_0_168"
Process "online_vprm" for chain "2019030100_0_168"
Process "cosmo" for chain "2019030100_0_168"
Submitted batch job 19942820
>>> finished chain for good or bad! <<<
 [INFO   ] (2020-02-05 02:18:59) py-observationoperator_cosmo : COSMO done!
 [INFO   ] (2020-02-05 02:19:10) py-observationoperator_cosmo : Starting parallel extraction \m/
IO Class CT_HDF not compiled, no HDF support!!!
IO Class CT_HDF not compiled, no HDF support!!!
 [INFO   ] (2020-02-05 02:25:50) py-observationoperator_cosmo : Written data for 1551398400.0
 [INFO   ] (2020-02-05 02:25:52) py-observationoperator_cosmo : Written data for 1551571200.0
 [INFO   ] (2020-02-05 02:25:53) py-observationoperator_cosmo : Written data for 1551744000.0
 [INFO   ] (2020-02-05 02:25:57) py-observationoperator_cosmo : Written data for 1551484800.0
 [INFO   ] (2020-02-05 02:25:58) py-observationoperator_cosmo : Written data for 1551916800.0
 [INFO   ] (2020-02-05 02:25:59) py-observationoperator_cosmo : Written data for 1551657600.0
 [INFO   ] (2020-02-05 02:26:00) py-observationoperator_cosmo : Written data for 1551830400.0
 [INFO   ] (2020-02-05 02:26:00) py-observationoperator_cosmo : Finished parallel extraction \m/
 [INFO   ] (2020-02-05 02:26:14) py-observationoperator_cosmo : ObservationOperator finished successfully, output file written (/scratch/snx3000/parsenov/wo_bg/output/20190301/samples_simulated.2019030100_2019030723.nc)
 [INFO   ] (2020-02-05 02:26:14) py-observations_cosmo   : Successfully read data from model sample file (/scratch/snx3000/parsenov/wo_bg/output/20190301/samples_simulated.2019030100_2019030723.nc)
 [DEBUG  ] (2020-02-05 02:26:14) py-observations_cosmo   : Added 154 simulated values to the Data list
 [DEBUG  ] (2020-02-05 02:26:14) py-pipeline             : Added samples from the observation operator to the assimilated obs list in the statevector
 [DEBUG  ] (2020-02-05 02:26:14) py-pipeline             : statevector now carries 154 samples
 [INFO   ] (2020-02-05 02:26:14) py-pipeline             : 

    ***************************************   .....Ensemble Kalman Filter at lag 2
 [INFO   ] (2020-02-05 02:26:14) py-pipeline             : New simulation interval set : 
 [INFO   ] (2020-02-05 02:26:14) py-pipeline             :                   start date : 2019-03-08 00:00 
 [INFO   ] (2020-02-05 02:26:14) py-pipeline             :                   end   date : 2019-03-14 23:00 
 [INFO   ] (2020-02-05 02:26:14) py-pipeline             :                   file  stamp: 2019030800_2019031423 
 [DEBUG  ] (2020-02-05 02:26:16) py-observations_cosmo   : ObsPack dataset info read, proceeding with 22 netcdf files
 [DEBUG  ] (2020-02-05 02:26:16) py-observations_cosmo   : Added 7 observations from file (ALBS) to the Data list
 [DEBUG  ] (2020-02-05 02:26:16) py-observations_cosmo   : Added 7 observations from file (BNTG) to the Data list
 [DEBUG  ] (2020-02-05 02:26:16) py-observations_cosmo   : Added 7 observations from file (BRM) to the Data list
 [DEBUG  ] (2020-02-05 02:26:16) py-observations_cosmo   : Added 7 observations from file (CHRI) to the Data list
 [DEBUG  ] (2020-02-05 02:26:16) py-observations_cosmo   : Added 7 observations from file (DUE1) to the Data list
 [DEBUG  ] (2020-02-05 02:26:16) py-observations_cosmo   : Added 7 observations from file (ESMO) to the Data list
 [DEBUG  ] (2020-02-05 02:26:16) py-observations_cosmo   : Added 7 observations from file (FROB) to the Data list
 [DEBUG  ] (2020-02-05 02:26:16) py-observations_cosmo   : Added 7 observations from file (GIMM) to the Data list
 [DEBUG  ] (2020-02-05 02:26:16) py-observations_cosmo   : Added 7 observations from file (HAE) to the Data list
 [DEBUG  ] (2020-02-05 02:26:16) py-observations_cosmo   : Added 7 observations from file (LAEG) to the Data list
 [DEBUG  ] (2020-02-05 02:26:16) py-observations_cosmo   : Added 7 observations from file (MAGN) to the Data list
 [DEBUG  ] (2020-02-05 02:26:16) py-observations_cosmo   : Added 7 observations from file (PAYN) to the Data list
 [DEBUG  ] (2020-02-05 02:26:16) py-observations_cosmo   : Added 7 observations from file (RECK) to the Data list
 [DEBUG  ] (2020-02-05 02:26:16) py-observations_cosmo   : Added 7 observations from file (RIG) to the Data list
 [DEBUG  ] (2020-02-05 02:26:16) py-observations_cosmo   : Added 7 observations from file (SAVE) to the Data list
 [DEBUG  ] (2020-02-05 02:26:16) py-observations_cosmo   : Added 7 observations from file (SEMP) to the Data list
 [DEBUG  ] (2020-02-05 02:26:16) py-observations_cosmo   : Added 7 observations from file (SOTT) to the Data list
 [DEBUG  ] (2020-02-05 02:26:16) py-observations_cosmo   : Added 7 observations from file (SSAL) to the Data list
 [DEBUG  ] (2020-02-05 02:26:16) py-observations_cosmo   : Added 7 observations from file (TAEN) to the Data list
 [DEBUG  ] (2020-02-05 02:26:16) py-observations_cosmo   : Added 7 observations from file (ZHBR) to the Data list
 [DEBUG  ] (2020-02-05 02:26:16) py-observations_cosmo   : Added 7 observations from file (ZSCH) to the Data list
 [DEBUG  ] (2020-02-05 02:26:16) py-observations_cosmo   : Added 7 observations from file (ZUE) to the Data list
 [INFO   ] (2020-02-05 02:26:16) py-observations_cosmo   : Observations list now holds 154 values
 [DEBUG  ] (2020-02-05 02:26:16) py-rc                   : reading rcfile /store/empa/em05/parsenov/ch_obs/sites_weights_ctdas.rc ...
 [DEBUG  ] (2020-02-05 02:26:16) py-observations_cosmo   : Model-data mismatch rejection threshold: 3 
 [WARNING] (2020-02-05 02:26:16) py-observations_cosmo   : Model-data mismatch scaling factor     : 1.000000 
 [DEBUG  ] (2020-02-05 02:26:16) py-observations_cosmo   : Model-data mismatch site categories    : 8 
 [DEBUG  ] (2020-02-05 02:26:16) py-observations_cosmo   : Model-data mismatch active sites       : 22 
 [DEBUG  ] (2020-02-05 02:26:16) py-observations_cosmo   : Model-data mismatch moved sites        : 0 
 [DEBUG  ] (2020-02-05 02:26:16) py-observations_cosmo   : Creating new observations file for ObservationOperator (/scratch/snx3000/parsenov/wo_bg/input/sample_coordinates_2019030800_2019031423.nc)
 [DEBUG  ] (2020-02-05 02:26:16) py-observations_cosmo   : Successfully wrote data to obs file
 [INFO   ] (2020-02-05 02:26:16) py-observations_cosmo   : Sample input file for obs operator now in place [/scratch/snx3000/parsenov/wo_bg/input/sample_coordinates_2019030800_2019031423.nc]
 [DEBUG  ] (2020-02-05 02:26:16) py-observationoperator_cosmo : Creating new simulated observation file in ObservationOperator (/scratch/snx3000/parsenov/wo_bg/output/20190301/samples_simulated.2019030800_2019031423.nc)
 [INFO   ] (2020-02-05 02:26:16) py-observationoperator_cosmo : Starting COSMO
Starting chain for case wo_bg, using COSMO
Starting run with starttime 2019-03-08 00:00:00
Process "meteo" for chain "2019030100_168_336"
Process "icbc" for chain "2019030100_168_336"
Process "int2lm" for chain "2019030100_168_336"
Submitted batch job 19947584
Process "post_int2lm" for chain "2019030100_168_336"
Process "oae" for chain "2019030100_168_336"
Process "octe" for chain "2019030100_168_336"
Process "online_vprm" for chain "2019030100_168_336"
Process "cosmo" for chain "2019030100_168_336"
Submitted batch job 19949930
>>> finished chain for good or bad! <<<
 [INFO   ] (2020-02-05 06:32:05) py-observationoperator_cosmo : COSMO done!
 [INFO   ] (2020-02-05 06:32:15) py-observationoperator_cosmo : Starting parallel extraction \m/
 [INFO   ] (2020-02-05 06:38:48) py-observationoperator_cosmo : Written data for 1552262400.0
 [INFO   ] (2020-02-05 06:38:49) py-observationoperator_cosmo : Written data for 1552521600.0
 [INFO   ] (2020-02-05 06:38:50) py-observationoperator_cosmo : Written data for 1552089600.0
 [INFO   ] (2020-02-05 06:38:56) py-observationoperator_cosmo : Written data for 1552176000.0
 [INFO   ] (2020-02-05 06:38:57) py-observationoperator_cosmo : Written data for 1552003200.0
 [INFO   ] (2020-02-05 06:38:57) py-observationoperator_cosmo : Written data for 1552348800.0
 [INFO   ] (2020-02-05 06:38:58) py-observationoperator_cosmo : Written data for 1552435200.0
 [INFO   ] (2020-02-05 06:38:58) py-observationoperator_cosmo : Finished parallel extraction \m/
 [INFO   ] (2020-02-05 06:39:12) py-observationoperator_cosmo : ObservationOperator finished successfully, output file written (/scratch/snx3000/parsenov/wo_bg/output/20190301/samples_simulated.2019030800_2019031423.nc)
 [INFO   ] (2020-02-05 06:39:12) py-observations_cosmo   : Successfully read data from model sample file (/scratch/snx3000/parsenov/wo_bg/output/20190301/samples_simulated.2019030800_2019031423.nc)
 [DEBUG  ] (2020-02-05 06:39:12) py-observations_cosmo   : Added 154 simulated values to the Data list
 [DEBUG  ] (2020-02-05 06:39:12) py-pipeline             : Added samples from the observation operator to the assimilated obs list in the statevector
 [DEBUG  ] (2020-02-05 06:39:12) py-pipeline             : statevector now carries 308 samples
 [INFO   ] (2020-02-05 06:39:12) py-pipeline             : 

    ***************************************   starting invert    *************************************** 
  
 [INFO   ] (2020-02-05 06:39:12) py-pipeline             : There was no minimum least squares algorithm specified in the DA System rc file (key : opt.algorithm)
 [INFO   ] (2020-02-05 06:39:12) py-pipeline             : ...using serial algorithm as default...
 [INFO   ] (2020-02-05 06:39:12) py-optimizer            : Current minimum least squares algorithm is set to Serial
 [DEBUG  ] (2020-02-05 06:39:12) py-base_optimizer       : Creating new diagnostics file for optimizer (/scratch/snx3000/parsenov/wo_bg/output/20190301/optimizer.20190301.nc)
 [DEBUG  ] (2020-02-05 06:39:12) py-base_optimizer       : Diagnostics file closed
 [INFO   ] (2020-02-05 06:39:12) py-optimizer            : Current localization option is set to None
 [DEBUG  ] (2020-02-05 06:39:12) py-base_optimizer       : BIAS observations - model = 2.109321
 [DEBUG  ] (2020-02-05 06:39:12) py-base_optimizer       : Proceeding to assimilate observation ALBS, 1396
 [DEBUG  ] (2020-02-05 06:39:12) py-base_optimizer       : Trying to localize observation ALBS, 1396
 [DEBUG  ] (2020-02-05 06:39:12) py-optimizer            : Not localized observation 1396
 [DEBUG  ] (2020-02-05 06:39:12) py-base_optimizer       : Skipping observation (ALBS,1397) because of flag value 2
 [DEBUG  ] (2020-02-05 06:39:12) py-base_optimizer       : Proceeding to assimilate observation ALBS, 1398
 [DEBUG  ] (2020-02-05 06:39:12) py-base_optimizer       : Trying to localize observation ALBS, 1398
 [DEBUG  ] (2020-02-05 06:39:12) py-optimizer            : Not localized observation 1398
 [DEBUG  ] (2020-02-05 06:39:12) py-base_optimizer       : Proceeding to assimilate observation ALBS, 1399
 [DEBUG  ] (2020-02-05 06:39:12) py-base_optimizer       : Trying to localize observation ALBS, 1399
 [DEBUG  ] (2020-02-05 06:39:12) py-optimizer            : Not localized observation 1399
 [DEBUG  ] (2020-02-05 06:39:12) py-base_optimizer       : Proceeding to assimilate observation ALBS, 1400
 [DEBUG  ] (2020-02-05 06:39:12) py-base_optimizer       : Trying to localize observation ALBS, 1400
 [DEBUG  ] (2020-02-05 06:39:12) py-optimizer            : Not localized observation 1400
 [DEBUG  ] (2020-02-05 06:39:12) py-base_optimizer       : Proceeding to assimilate observation ALBS, 1401
 [DEBUG  ] (2020-02-05 06:39:12) py-base_optimizer       : Trying to localize observation ALBS, 1401
 [DEBUG  ] (2020-02-05 06:39:12) py-optimizer            : Not localized observation 1401
 [DEBUG  ] (2020-02-05 06:39:12) py-base_optimizer       : Proceeding to assimilate observation ALBS, 1402
 [DEBUG  ] (2020-02-05 06:39:12) py-base_optimizer       : Trying to localize observation ALBS, 1402
 [DEBUG  ] (2020-02-05 06:39:12) py-optimizer            : Not localized observation 1402
 [DEBUG  ] (2020-02-05 06:39:12) py-base_optimizer       : Proceeding to assimilate observation BNTG, 3907
 [DEBUG  ] (2020-02-05 06:39:12) py-base_optimizer       : Trying to localize observation BNTG, 3907
 [DEBUG  ] (2020-02-05 06:39:12) py-optimizer            : Not localized observation 3907
 [DEBUG  ] (2020-02-05 06:39:12) py-base_optimizer       : Proceeding to assimilate observation BNTG, 3908
 [DEBUG  ] (2020-02-05 06:39:12) py-base_optimizer       : Trying to localize observation BNTG, 3908
 [DEBUG  ] (2020-02-05 06:39:12) py-optimizer            : Not localized observation 3908
 [DEBUG  ] (2020-02-05 06:39:12) py-base_optimizer       : Proceeding to assimilate observation BNTG, 3909
 [DEBUG  ] (2020-02-05 06:39:12) py-base_optimizer       : Trying to localize observation BNTG, 3909
 [DEBUG  ] (2020-02-05 06:39:12) py-optimizer            : Not localized observation 3909
 [DEBUG  ] (2020-02-05 06:39:12) py-base_optimizer       : Proceeding to assimilate observation BNTG, 3910
 [DEBUG  ] (2020-02-05 06:39:12) py-base_optimizer       : Trying to localize observation BNTG, 3910
 [DEBUG  ] (2020-02-05 06:39:12) py-optimizer            : Not localized observation 3910
 [DEBUG  ] (2020-02-05 06:39:12) py-base_optimizer       : Proceeding to assimilate observation BNTG, 3911
 [DEBUG  ] (2020-02-05 06:39:12) py-base_optimizer       : Trying to localize observation BNTG, 3911
 [DEBUG  ] (2020-02-05 06:39:12) py-optimizer            : Not localized observation 3911
 [DEBUG  ] (2020-02-05 06:39:12) py-base_optimizer       : Skipping observation (BNTG,3912) because of flag value 2
 [DEBUG  ] (2020-02-05 06:39:12) py-base_optimizer       : Proceeding to assimilate observation BNTG, 3913
 [DEBUG  ] (2020-02-05 06:39:12) py-base_optimizer       : Trying to localize observation BNTG, 3913
 [DEBUG  ] (2020-02-05 06:39:12) py-optimizer            : Not localized observation 3913
 [DEBUG  ] (2020-02-05 06:39:12) py-base_optimizer       : Skipping observation (BRM,4651) because of flag value 2
 [DEBUG  ] (2020-02-05 06:39:12) py-base_optimizer       : Proceeding to assimilate observation BRM, 4652
 [DEBUG  ] (2020-02-05 06:39:12) py-base_optimizer       : Not allowed to localize observation BRM, 4652
 [DEBUG  ] (2020-02-05 06:39:12) py-base_optimizer       : Proceeding to assimilate observation BRM, 4653
 [DEBUG  ] (2020-02-05 06:39:12) py-base_optimizer       : Not allowed to localize observation BRM, 4653
 [DEBUG  ] (2020-02-05 06:39:12) py-base_optimizer       : Proceeding to assimilate observation BRM, 4654
 [DEBUG  ] (2020-02-05 06:39:12) py-base_optimizer       : Not allowed to localize observation BRM, 4654
 [DEBUG  ] (2020-02-05 06:39:12) py-base_optimizer       : Proceeding to assimilate observation BRM, 4655
 [DEBUG  ] (2020-02-05 06:39:12) py-base_optimizer       : Not allowed to localize observation BRM, 4655
 [DEBUG  ] (2020-02-05 06:39:12) py-base_optimizer       : Skipping observation (BRM,4656) because of flag value 2
 [DEBUG  ] (2020-02-05 06:39:12) py-base_optimizer       : Skipping observation (BRM,4657) because of flag value 2
 [DEBUG  ] (2020-02-05 06:39:12) py-base_optimizer       : Proceeding to assimilate observation CHRI, 7255
 [DEBUG  ] (2020-02-05 06:39:12) py-base_optimizer       : Trying to localize observation CHRI, 7255
 [DEBUG  ] (2020-02-05 06:39:12) py-optimizer            : Not localized observation 7255
 [DEBUG  ] (2020-02-05 06:39:12) py-base_optimizer       : Proceeding to assimilate observation CHRI, 7256
 [DEBUG  ] (2020-02-05 06:39:12) py-base_optimizer       : Trying to localize observation CHRI, 7256
 [DEBUG  ] (2020-02-05 06:39:12) py-optimizer            : Not localized observation 7256
 [DEBUG  ] (2020-02-05 06:39:12) py-base_optimizer       : Proceeding to assimilate observation CHRI, 7257
 [DEBUG  ] (2020-02-05 06:39:12) py-base_optimizer       : Trying to localize observation CHRI, 7257
 [DEBUG  ] (2020-02-05 06:39:12) py-optimizer            : Not localized observation 7257
 [DEBUG  ] (2020-02-05 06:39:12) py-base_optimizer       : Proceeding to assimilate observation CHRI, 7258
 [DEBUG  ] (2020-02-05 06:39:12) py-base_optimizer       : Trying to localize observation CHRI, 7258
 [DEBUG  ] (2020-02-05 06:39:12) py-optimizer            : Not localized observation 7258
 [DEBUG  ] (2020-02-05 06:39:12) py-base_optimizer       : Proceeding to assimilate observation CHRI, 7259
 [DEBUG  ] (2020-02-05 06:39:12) py-base_optimizer       : Trying to localize observation CHRI, 7259
 [DEBUG  ] (2020-02-05 06:39:12) py-optimizer            : Not localized observation 7259
 [DEBUG  ] (2020-02-05 06:39:12) py-base_optimizer       : Proceeding to assimilate observation CHRI, 7260
 [DEBUG  ] (2020-02-05 06:39:12) py-base_optimizer       : Trying to localize observation CHRI, 7260
 [DEBUG  ] (2020-02-05 06:39:12) py-optimizer            : Not localized observation 7260
 [DEBUG  ] (2020-02-05 06:39:12) py-base_optimizer       : Proceeding to assimilate observation CHRI, 7261
 [DEBUG  ] (2020-02-05 06:39:12) py-base_optimizer       : Trying to localize observation CHRI, 7261
 [DEBUG  ] (2020-02-05 06:39:12) py-optimizer            : Not localized observation 7261
 [DEBUG  ] (2020-02-05 06:39:12) py-base_optimizer       : Proceeding to assimilate observation DUE1, 12277
 [DEBUG  ] (2020-02-05 06:39:12) py-base_optimizer       : Not allowed to localize observation DUE1, 12277
 [DEBUG  ] (2020-02-05 06:39:12) py-base_optimizer       : Skipping observation (DUE1,12278) because of flag value 2
 [DEBUG  ] (2020-02-05 06:39:12) py-base_optimizer       : Skipping observation (DUE1,12279) because of flag value 2
 [DEBUG  ] (2020-02-05 06:39:12) py-base_optimizer       : Proceeding to assimilate observation DUE1, 12280
 [DEBUG  ] (2020-02-05 06:39:12) py-base_optimizer       : Not allowed to localize observation DUE1, 12280
 [DEBUG  ] (2020-02-05 06:39:12) py-base_optimizer       : Proceeding to assimilate observation DUE1, 12281
 [DEBUG  ] (2020-02-05 06:39:12) py-base_optimizer       : Not allowed to localize observation DUE1, 12281
 [DEBUG  ] (2020-02-05 06:39:12) py-base_optimizer       : Proceeding to assimilate observation DUE1, 12282
 [DEBUG  ] (2020-02-05 06:39:12) py-base_optimizer       : Not allowed to localize observation DUE1, 12282
 [DEBUG  ] (2020-02-05 06:39:12) py-base_optimizer       : Proceeding to assimilate observation DUE1, 12283
 [DEBUG  ] (2020-02-05 06:39:12) py-base_optimizer       : Not allowed to localize observation DUE1, 12283
 [DEBUG  ] (2020-02-05 06:39:12) py-base_optimizer       : Proceeding to assimilate observation ESMO, 13765
 [DEBUG  ] (2020-02-05 06:39:12) py-base_optimizer       : Trying to localize observation ESMO, 13765
 [DEBUG  ] (2020-02-05 06:39:12) py-optimizer            : Not localized observation 13765
 [DEBUG  ] (2020-02-05 06:39:12) py-base_optimizer       : Skipping observation (ESMO,13766) because of flag value 2
 [DEBUG  ] (2020-02-05 06:39:12) py-base_optimizer       : Proceeding to assimilate observation ESMO, 13767
 [DEBUG  ] (2020-02-05 06:39:12) py-base_optimizer       : Trying to localize observation ESMO, 13767
 [DEBUG  ] (2020-02-05 06:39:12) py-optimizer            : Not localized observation 13767
 [DEBUG  ] (2020-02-05 06:39:12) py-base_optimizer       : Proceeding to assimilate observation ESMO, 13768
 [DEBUG  ] (2020-02-05 06:39:12) py-base_optimizer       : Trying to localize observation ESMO, 13768
 [DEBUG  ] (2020-02-05 06:39:12) py-optimizer            : Not localized observation 13768
 [DEBUG  ] (2020-02-05 06:39:12) py-base_optimizer       : Proceeding to assimilate observation ESMO, 13769
 [DEBUG  ] (2020-02-05 06:39:12) py-base_optimizer       : Trying to localize observation ESMO, 13769
 [DEBUG  ] (2020-02-05 06:39:12) py-optimizer            : Not localized observation 13769
 [DEBUG  ] (2020-02-05 06:39:12) py-base_optimizer       : Skipping observation (ESMO,13770) because of flag value 2
 [DEBUG  ] (2020-02-05 06:39:12) py-base_optimizer       : Proceeding to assimilate observation ESMO, 13771
 [DEBUG  ] (2020-02-05 06:39:12) py-base_optimizer       : Trying to localize observation ESMO, 13771
 [DEBUG  ] (2020-02-05 06:39:12) py-optimizer            : Not localized observation 13771
 [DEBUG  ] (2020-02-05 06:39:12) py-base_optimizer       : Proceeding to assimilate observation FROB, 14974
 [DEBUG  ] (2020-02-05 06:39:12) py-base_optimizer       : Trying to localize observation FROB, 14974
 [DEBUG  ] (2020-02-05 06:39:12) py-optimizer            : Not localized observation 14974
 [DEBUG  ] (2020-02-05 06:39:12) py-base_optimizer       : Skipping observation (FROB,14975) because of flag value 2
 [DEBUG  ] (2020-02-05 06:39:12) py-base_optimizer       : Proceeding to assimilate observation FROB, 14976
 [DEBUG  ] (2020-02-05 06:39:12) py-base_optimizer       : Trying to localize observation FROB, 14976
 [DEBUG  ] (2020-02-05 06:39:12) py-optimizer            : Not localized observation 14976
 [DEBUG  ] (2020-02-05 06:39:12) py-base_optimizer       : Proceeding to assimilate observation FROB, 14977
 [DEBUG  ] (2020-02-05 06:39:12) py-base_optimizer       : Trying to localize observation FROB, 14977
 [DEBUG  ] (2020-02-05 06:39:12) py-optimizer            : Not localized observation 14977
 [DEBUG  ] (2020-02-05 06:39:12) py-base_optimizer       : Proceeding to assimilate observation FROB, 14978
 [DEBUG  ] (2020-02-05 06:39:12) py-base_optimizer       : Trying to localize observation FROB, 14978
 [DEBUG  ] (2020-02-05 06:39:12) py-optimizer            : Not localized observation 14978
 [DEBUG  ] (2020-02-05 06:39:12) py-base_optimizer       : Proceeding to assimilate observation FROB, 14979
 [DEBUG  ] (2020-02-05 06:39:12) py-base_optimizer       : Trying to localize observation FROB, 14979
 [DEBUG  ] (2020-02-05 06:39:12) py-optimizer            : Not localized observation 14979
 [DEBUG  ] (2020-02-05 06:39:12) py-base_optimizer       : Proceeding to assimilate observation FROB, 14980
 [DEBUG  ] (2020-02-05 06:39:12) py-base_optimizer       : Trying to localize observation FROB, 14980
 [DEBUG  ] (2020-02-05 06:39:12) py-optimizer            : Not localized observation 14980
 [DEBUG  ] (2020-02-05 06:39:12) py-base_optimizer       : Proceeding to assimilate observation GIMM, 15718
 [DEBUG  ] (2020-02-05 06:39:12) py-base_optimizer       : Not allowed to localize observation GIMM, 15718
 [DEBUG  ] (2020-02-05 06:39:12) py-base_optimizer       : Proceeding to assimilate observation GIMM, 15719
 [DEBUG  ] (2020-02-05 06:39:12) py-base_optimizer       : Not allowed to localize observation GIMM, 15719
 [DEBUG  ] (2020-02-05 06:39:12) py-base_optimizer       : Proceeding to assimilate observation GIMM, 15720
 [DEBUG  ] (2020-02-05 06:39:12) py-base_optimizer       : Not allowed to localize observation GIMM, 15720
 [DEBUG  ] (2020-02-05 06:39:12) py-base_optimizer       : Proceeding to assimilate observation GIMM, 15721
 [DEBUG  ] (2020-02-05 06:39:12) py-base_optimizer       : Not allowed to localize observation GIMM, 15721
 [DEBUG  ] (2020-02-05 06:39:12) py-base_optimizer       : Proceeding to assimilate observation GIMM, 15722
 [DEBUG  ] (2020-02-05 06:39:12) py-base_optimizer       : Not allowed to localize observation GIMM, 15722
 [DEBUG  ] (2020-02-05 06:39:12) py-base_optimizer       : Skipping observation (GIMM,15723) because of flag value 2
 [DEBUG  ] (2020-02-05 06:39:12) py-base_optimizer       : Proceeding to assimilate observation GIMM, 15724
 [DEBUG  ] (2020-02-05 06:39:12) py-base_optimizer       : Not allowed to localize observation GIMM, 15724
 [DEBUG  ] (2020-02-05 06:39:12) py-base_optimizer       : Skipping observation (HAE,18136) because of flag value 2
 [DEBUG  ] (2020-02-05 06:39:12) py-base_optimizer       : Proceeding to assimilate observation HAE, 18137
 [DEBUG  ] (2020-02-05 06:39:12) py-base_optimizer       : Not allowed to localize observation HAE, 18137
 [DEBUG  ] (2020-02-05 06:39:12) py-base_optimizer       : Skipping observation (HAE,18138) because of flag value 2
 [DEBUG  ] (2020-02-05 06:39:12) py-base_optimizer       : Proceeding to assimilate observation HAE, 18139
 [DEBUG  ] (2020-02-05 06:39:12) py-base_optimizer       : Not allowed to localize observation HAE, 18139
 [DEBUG  ] (2020-02-05 06:39:12) py-base_optimizer       : Proceeding to assimilate observation HAE, 18140
 [DEBUG  ] (2020-02-05 06:39:12) py-base_optimizer       : Not allowed to localize observation HAE, 18140
 [DEBUG  ] (2020-02-05 06:39:12) py-base_optimizer       : Skipping observation (HAE,18141) because of flag value 2
 [DEBUG  ] (2020-02-05 06:39:12) py-base_optimizer       : Proceeding to assimilate observation HAE, 18142
 [DEBUG  ] (2020-02-05 06:39:12) py-base_optimizer       : Not allowed to localize observation HAE, 18142
 [DEBUG  ] (2020-02-05 06:39:12) py-base_optimizer       : Proceeding to assimilate observation LAEG, 21856
 [DEBUG  ] (2020-02-05 06:39:12) py-base_optimizer       : Not allowed to localize observation LAEG, 21856
 [DEBUG  ] (2020-02-05 06:39:12) py-base_optimizer       : Skipping observation (LAEG,21857) because of flag value 2
 [DEBUG  ] (2020-02-05 06:39:12) py-base_optimizer       : Proceeding to assimilate observation LAEG, 21858
 [DEBUG  ] (2020-02-05 06:39:12) py-base_optimizer       : Not allowed to localize observation LAEG, 21858
 [DEBUG  ] (2020-02-05 06:39:12) py-base_optimizer       : Skipping observation (LAEG,21859) because of flag value 2
 [DEBUG  ] (2020-02-05 06:39:12) py-base_optimizer       : Proceeding to assimilate observation LAEG, 21860
 [DEBUG  ] (2020-02-05 06:39:12) py-base_optimizer       : Not allowed to localize observation LAEG, 21860
 [DEBUG  ] (2020-02-05 06:39:12) py-base_optimizer       : Skipping observation (LAEG,21861) because of flag value 2
 [DEBUG  ] (2020-02-05 06:39:12) py-base_optimizer       : Proceeding to assimilate observation LAEG, 21862
 [DEBUG  ] (2020-02-05 06:39:12) py-base_optimizer       : Not allowed to localize observation LAEG, 21862
 [DEBUG  ] (2020-02-05 06:39:12) py-base_optimizer       : Proceeding to assimilate observation MAGN, 23716
 [DEBUG  ] (2020-02-05 06:39:12) py-base_optimizer       : Trying to localize observation MAGN, 23716
 [DEBUG  ] (2020-02-05 06:39:12) py-optimizer            : Not localized observation 23716
 [DEBUG  ] (2020-02-05 06:39:12) py-base_optimizer       : Proceeding to assimilate observation MAGN, 23717
 [DEBUG  ] (2020-02-05 06:39:12) py-base_optimizer       : Trying to localize observation MAGN, 23717
 [DEBUG  ] (2020-02-05 06:39:12) py-optimizer            : Not localized observation 23717
 [DEBUG  ] (2020-02-05 06:39:12) py-base_optimizer       : Proceeding to assimilate observation MAGN, 23718
 [DEBUG  ] (2020-02-05 06:39:12) py-base_optimizer       : Trying to localize observation MAGN, 23718
 [DEBUG  ] (2020-02-05 06:39:12) py-optimizer            : Not localized observation 23718
 [DEBUG  ] (2020-02-05 06:39:12) py-base_optimizer       : Skipping observation (MAGN,23719) because of flag value 2
 [DEBUG  ] (2020-02-05 06:39:12) py-base_optimizer       : Skipping observation (MAGN,23720) because of flag value 2
 [DEBUG  ] (2020-02-05 06:39:12) py-base_optimizer       : Proceeding to assimilate observation MAGN, 23721
 [DEBUG  ] (2020-02-05 06:39:12) py-base_optimizer       : Trying to localize observation MAGN, 23721
 [DEBUG  ] (2020-02-05 06:39:12) py-optimizer            : Not localized observation 23721
 [DEBUG  ] (2020-02-05 06:39:12) py-base_optimizer       : Proceeding to assimilate observation MAGN, 23722
 [DEBUG  ] (2020-02-05 06:39:12) py-base_optimizer       : Trying to localize observation MAGN, 23722
 [DEBUG  ] (2020-02-05 06:39:12) py-optimizer            : Not localized observation 23722
 [DEBUG  ] (2020-02-05 06:39:12) py-base_optimizer       : Skipping observation (PAYN,28831) because of flag value 2
 [DEBUG  ] (2020-02-05 06:39:12) py-base_optimizer       : Skipping observation (PAYN,28832) because of flag value 2
 [DEBUG  ] (2020-02-05 06:39:12) py-base_optimizer       : Skipping observation (PAYN,28833) because of flag value 2
 [DEBUG  ] (2020-02-05 06:39:12) py-base_optimizer       : Proceeding to assimilate observation PAYN, 28834
 [DEBUG  ] (2020-02-05 06:39:12) py-base_optimizer       : Not allowed to localize observation PAYN, 28834
 [DEBUG  ] (2020-02-05 06:39:12) py-base_optimizer       : Proceeding to assimilate observation PAYN, 28835
 [DEBUG  ] (2020-02-05 06:39:12) py-base_optimizer       : Not allowed to localize observation PAYN, 28835
 [DEBUG  ] (2020-02-05 06:39:12) py-base_optimizer       : Skipping observation (PAYN,28836) because of flag value 2
 [DEBUG  ] (2020-02-05 06:39:12) py-base_optimizer       : Proceeding to assimilate observation PAYN, 28837
 [DEBUG  ] (2020-02-05 06:39:12) py-base_optimizer       : Not allowed to localize observation PAYN, 28837
 [DEBUG  ] (2020-02-05 06:39:12) py-base_optimizer       : Proceeding to assimilate observation RECK, 30412
 [DEBUG  ] (2020-02-05 06:39:12) py-base_optimizer       : Trying to localize observation RECK, 30412
 [DEBUG  ] (2020-02-05 06:39:12) py-optimizer            : Not localized observation 30412
 [DEBUG  ] (2020-02-05 06:39:12) py-base_optimizer       : Skipping observation (RECK,30413) because of flag value 2
 [DEBUG  ] (2020-02-05 06:39:12) py-base_optimizer       : Proceeding to assimilate observation RECK, 30414
 [DEBUG  ] (2020-02-05 06:39:12) py-base_optimizer       : Trying to localize observation RECK, 30414
 [DEBUG  ] (2020-02-05 06:39:12) py-optimizer            : Not localized observation 30414
 [DEBUG  ] (2020-02-05 06:39:12) py-base_optimizer       : Proceeding to assimilate observation RECK, 30415
 [DEBUG  ] (2020-02-05 06:39:12) py-base_optimizer       : Trying to localize observation RECK, 30415
 [DEBUG  ] (2020-02-05 06:39:12) py-optimizer            : Not localized observation 30415
 [DEBUG  ] (2020-02-05 06:39:12) py-base_optimizer       : Proceeding to assimilate observation RECK, 30416
 [DEBUG  ] (2020-02-05 06:39:12) py-base_optimizer       : Trying to localize observation RECK, 30416
 [DEBUG  ] (2020-02-05 06:39:12) py-optimizer            : Not localized observation 30416
 [DEBUG  ] (2020-02-05 06:39:12) py-base_optimizer       : Skipping observation (RECK,30417) because of flag value 2
 [DEBUG  ] (2020-02-05 06:39:12) py-base_optimizer       : Proceeding to assimilate observation RECK, 30418
 [DEBUG  ] (2020-02-05 06:39:12) py-base_optimizer       : Trying to localize observation RECK, 30418
 [DEBUG  ] (2020-02-05 06:39:12) py-optimizer            : Not localized observation 30418
 [DEBUG  ] (2020-02-05 06:39:12) py-base_optimizer       : Proceeding to assimilate observation RIG, 30970
 [DEBUG  ] (2020-02-05 06:39:12) py-base_optimizer       : Not allowed to localize observation RIG, 30970
 [DEBUG  ] (2020-02-05 06:39:12) py-base_optimizer       : Skipping observation (RIG,30971) because of flag value 2
 [DEBUG  ] (2020-02-05 06:39:12) py-base_optimizer       : Proceeding to assimilate observation RIG, 30972
 [DEBUG  ] (2020-02-05 06:39:12) py-base_optimizer       : Not allowed to localize observation RIG, 30972
 [DEBUG  ] (2020-02-05 06:39:12) py-base_optimizer       : Proceeding to assimilate observation RIG, 30973
 [DEBUG  ] (2020-02-05 06:39:12) py-base_optimizer       : Not allowed to localize observation RIG, 30973
 [DEBUG  ] (2020-02-05 06:39:12) py-base_optimizer       : Proceeding to assimilate observation RIG, 30974
 [DEBUG  ] (2020-02-05 06:39:12) py-base_optimizer       : Not allowed to localize observation RIG, 30974
 [DEBUG  ] (2020-02-05 06:39:12) py-base_optimizer       : Proceeding to assimilate observation RIG, 30975
 [DEBUG  ] (2020-02-05 06:39:12) py-base_optimizer       : Not allowed to localize observation RIG, 30975
 [DEBUG  ] (2020-02-05 06:39:12) py-base_optimizer       : Proceeding to assimilate observation RIG, 30976
 [DEBUG  ] (2020-02-05 06:39:12) py-base_optimizer       : Not allowed to localize observation RIG, 30976
 [DEBUG  ] (2020-02-05 06:39:12) py-base_optimizer       : Proceeding to assimilate observation SAVE, 32086
 [DEBUG  ] (2020-02-05 06:39:12) py-base_optimizer       : Trying to localize observation SAVE, 32086
 [DEBUG  ] (2020-02-05 06:39:12) py-optimizer            : Not localized observation 32086
 [DEBUG  ] (2020-02-05 06:39:12) py-base_optimizer       : Skipping observation (SAVE,32087) because of flag value 2
 [DEBUG  ] (2020-02-05 06:39:12) py-base_optimizer       : Skipping observation (SAVE,32088) because of flag value 2
 [DEBUG  ] (2020-02-05 06:39:12) py-base_optimizer       : Proceeding to assimilate observation SAVE, 32089
 [DEBUG  ] (2020-02-05 06:39:12) py-base_optimizer       : Trying to localize observation SAVE, 32089
 [DEBUG  ] (2020-02-05 06:39:12) py-optimizer            : Not localized observation 32089
 [DEBUG  ] (2020-02-05 06:39:12) py-base_optimizer       : Proceeding to assimilate observation SAVE, 32090
 [DEBUG  ] (2020-02-05 06:39:12) py-base_optimizer       : Trying to localize observation SAVE, 32090
 [DEBUG  ] (2020-02-05 06:39:12) py-optimizer            : Not localized observation 32090
 [DEBUG  ] (2020-02-05 06:39:12) py-base_optimizer       : Skipping observation (SAVE,32091) because of flag value 2
 [DEBUG  ] (2020-02-05 06:39:12) py-base_optimizer       : Proceeding to assimilate observation SAVE, 32092
 [DEBUG  ] (2020-02-05 06:39:12) py-base_optimizer       : Trying to localize observation SAVE, 32092
 [DEBUG  ] (2020-02-05 06:39:12) py-optimizer            : Not localized observation 32092
 [DEBUG  ] (2020-02-05 06:39:12) py-base_optimizer       : Proceeding to assimilate observation SEMP, 32644
 [DEBUG  ] (2020-02-05 06:39:12) py-base_optimizer       : Trying to localize observation SEMP, 32644
 [DEBUG  ] (2020-02-05 06:39:12) py-optimizer            : Not localized observation 32644
 [DEBUG  ] (2020-02-05 06:39:12) py-base_optimizer       : Skipping observation (SEMP,32645) because of flag value 2
 [DEBUG  ] (2020-02-05 06:39:12) py-base_optimizer       : Skipping observation (SEMP,32646) because of flag value 2
 [DEBUG  ] (2020-02-05 06:39:12) py-base_optimizer       : Proceeding to assimilate observation SEMP, 32647
 [DEBUG  ] (2020-02-05 06:39:12) py-base_optimizer       : Trying to localize observation SEMP, 32647
 [DEBUG  ] (2020-02-05 06:39:12) py-optimizer            : Not localized observation 32647
 [DEBUG  ] (2020-02-05 06:39:12) py-base_optimizer       : Skipping observation (SEMP,32648) because of flag value 2
 [DEBUG  ] (2020-02-05 06:39:12) py-base_optimizer       : Skipping observation (SEMP,32649) because of flag value 2
 [DEBUG  ] (2020-02-05 06:39:12) py-base_optimizer       : Proceeding to assimilate observation SEMP, 32650
 [DEBUG  ] (2020-02-05 06:39:12) py-base_optimizer       : Trying to localize observation SEMP, 32650
 [DEBUG  ] (2020-02-05 06:39:12) py-optimizer            : Not localized observation 32650
 [DEBUG  ] (2020-02-05 06:39:12) py-base_optimizer       : Proceeding to assimilate observation SOTT, 34504
 [DEBUG  ] (2020-02-05 06:39:12) py-base_optimizer       : Trying to localize observation SOTT, 34504
 [DEBUG  ] (2020-02-05 06:39:12) py-optimizer            : Not localized observation 34504
 [DEBUG  ] (2020-02-05 06:39:12) py-base_optimizer       : Proceeding to assimilate observation SOTT, 34505
 [DEBUG  ] (2020-02-05 06:39:12) py-base_optimizer       : Trying to localize observation SOTT, 34505
 [DEBUG  ] (2020-02-05 06:39:12) py-optimizer            : Not localized observation 34505
 [DEBUG  ] (2020-02-05 06:39:12) py-base_optimizer       : Proceeding to assimilate observation SOTT, 34506
 [DEBUG  ] (2020-02-05 06:39:12) py-base_optimizer       : Trying to localize observation SOTT, 34506
 [DEBUG  ] (2020-02-05 06:39:12) py-optimizer            : Not localized observation 34506
 [DEBUG  ] (2020-02-05 06:39:12) py-base_optimizer       : Proceeding to assimilate observation SOTT, 34507
 [DEBUG  ] (2020-02-05 06:39:12) py-base_optimizer       : Trying to localize observation SOTT, 34507
 [DEBUG  ] (2020-02-05 06:39:12) py-optimizer            : Not localized observation 34507
 [DEBUG  ] (2020-02-05 06:39:12) py-base_optimizer       : Proceeding to assimilate observation SOTT, 34508
 [DEBUG  ] (2020-02-05 06:39:12) py-base_optimizer       : Trying to localize observation SOTT, 34508
 [DEBUG  ] (2020-02-05 06:39:12) py-optimizer            : Not localized observation 34508
 [DEBUG  ] (2020-02-05 06:39:12) py-base_optimizer       : Proceeding to assimilate observation SOTT, 34509
 [DEBUG  ] (2020-02-05 06:39:12) py-base_optimizer       : Trying to localize observation SOTT, 34509
 [DEBUG  ] (2020-02-05 06:39:12) py-optimizer            : Not localized observation 34509
 [DEBUG  ] (2020-02-05 06:39:12) py-base_optimizer       : Proceeding to assimilate observation SOTT, 34510
 [DEBUG  ] (2020-02-05 06:39:12) py-base_optimizer       : Trying to localize observation SOTT, 34510
 [DEBUG  ] (2020-02-05 06:39:12) py-optimizer            : Not localized observation 34510
 [DEBUG  ] (2020-02-05 06:39:12) py-base_optimizer       : Proceeding to assimilate observation SSAL, 34690
 [DEBUG  ] (2020-02-05 06:39:12) py-base_optimizer       : Trying to localize observation SSAL, 34690
 [DEBUG  ] (2020-02-05 06:39:12) py-optimizer            : Not localized observation 34690
 [DEBUG  ] (2020-02-05 06:39:12) py-base_optimizer       : Skipping observation (SSAL,34691) because of flag value 2
 [DEBUG  ] (2020-02-05 06:39:12) py-base_optimizer       : Skipping observation (SSAL,34692) because of flag value 2
 [DEBUG  ] (2020-02-05 06:39:12) py-base_optimizer       : Proceeding to assimilate observation SSAL, 34693
 [DEBUG  ] (2020-02-05 06:39:12) py-base_optimizer       : Trying to localize observation SSAL, 34693
 [DEBUG  ] (2020-02-05 06:39:12) py-optimizer            : Not localized observation 34693
 [DEBUG  ] (2020-02-05 06:39:12) py-base_optimizer       : Proceeding to assimilate observation SSAL, 34694
 [DEBUG  ] (2020-02-05 06:39:12) py-base_optimizer       : Trying to localize observation SSAL, 34694
 [DEBUG  ] (2020-02-05 06:39:12) py-optimizer            : Not localized observation 34694
 [DEBUG  ] (2020-02-05 06:39:12) py-base_optimizer       : Skipping observation (SSAL,34695) because of flag value 2
 [DEBUG  ] (2020-02-05 06:39:12) py-base_optimizer       : Skipping observation (SSAL,34696) because of flag value 2
 [DEBUG  ] (2020-02-05 06:39:12) py-base_optimizer       : Proceeding to assimilate observation TAEN, 35341
 [DEBUG  ] (2020-02-05 06:39:12) py-base_optimizer       : Trying to localize observation TAEN, 35341
 [DEBUG  ] (2020-02-05 06:39:12) py-optimizer            : Not localized observation 35341
 [DEBUG  ] (2020-02-05 06:39:12) py-base_optimizer       : Skipping observation (TAEN,35342) because of flag value 2
 [DEBUG  ] (2020-02-05 06:39:12) py-base_optimizer       : Proceeding to assimilate observation TAEN, 35343
 [DEBUG  ] (2020-02-05 06:39:12) py-base_optimizer       : Trying to localize observation TAEN, 35343
 [DEBUG  ] (2020-02-05 06:39:12) py-optimizer            : Not localized observation 35343
 [DEBUG  ] (2020-02-05 06:39:12) py-base_optimizer       : Proceeding to assimilate observation TAEN, 35344
 [DEBUG  ] (2020-02-05 06:39:12) py-base_optimizer       : Trying to localize observation TAEN, 35344
 [DEBUG  ] (2020-02-05 06:39:12) py-optimizer            : Not localized observation 35344
 [DEBUG  ] (2020-02-05 06:39:13) py-base_optimizer       : Proceeding to assimilate observation TAEN, 35345
 [DEBUG  ] (2020-02-05 06:39:13) py-base_optimizer       : Trying to localize observation TAEN, 35345
 [DEBUG  ] (2020-02-05 06:39:13) py-optimizer            : Not localized observation 35345
 [DEBUG  ] (2020-02-05 06:39:13) py-base_optimizer       : Skipping observation (TAEN,35346) because of flag value 2
 [DEBUG  ] (2020-02-05 06:39:13) py-base_optimizer       : Proceeding to assimilate observation TAEN, 35347
 [DEBUG  ] (2020-02-05 06:39:13) py-base_optimizer       : Trying to localize observation TAEN, 35347
 [DEBUG  ] (2020-02-05 06:39:13) py-optimizer            : Not localized observation 35347
 [DEBUG  ] (2020-02-05 06:39:13) py-base_optimizer       : Proceeding to assimilate observation ZHBR, 40177
 [DEBUG  ] (2020-02-05 06:39:13) py-base_optimizer       : Trying to localize observation ZHBR, 40177
 [DEBUG  ] (2020-02-05 06:39:13) py-optimizer            : Not localized observation 40177
 [DEBUG  ] (2020-02-05 06:39:13) py-base_optimizer       : Skipping observation (ZHBR,40178) because of flag value 2
 [DEBUG  ] (2020-02-05 06:39:13) py-base_optimizer       : Proceeding to assimilate observation ZHBR, 40179
 [DEBUG  ] (2020-02-05 06:39:13) py-base_optimizer       : Trying to localize observation ZHBR, 40179
 [DEBUG  ] (2020-02-05 06:39:13) py-optimizer            : Not localized observation 40179
 [DEBUG  ] (2020-02-05 06:39:13) py-base_optimizer       : Proceeding to assimilate observation ZHBR, 40180
 [DEBUG  ] (2020-02-05 06:39:13) py-base_optimizer       : Trying to localize observation ZHBR, 40180
 [DEBUG  ] (2020-02-05 06:39:13) py-optimizer            : Not localized observation 40180
 [DEBUG  ] (2020-02-05 06:39:13) py-base_optimizer       : Proceeding to assimilate observation ZHBR, 40181
 [DEBUG  ] (2020-02-05 06:39:13) py-base_optimizer       : Trying to localize observation ZHBR, 40181
 [DEBUG  ] (2020-02-05 06:39:13) py-optimizer            : Not localized observation 40181
 [DEBUG  ] (2020-02-05 06:39:13) py-base_optimizer       : Skipping observation (ZHBR,40182) because of flag value 2
 [DEBUG  ] (2020-02-05 06:39:13) py-base_optimizer       : Proceeding to assimilate observation ZHBR, 40183
 [DEBUG  ] (2020-02-05 06:39:13) py-base_optimizer       : Trying to localize observation ZHBR, 40183
 [DEBUG  ] (2020-02-05 06:39:13) py-optimizer            : Not localized observation 40183
 [DEBUG  ] (2020-02-05 06:39:13) py-base_optimizer       : Proceeding to assimilate observation ZSCH, 44083
 [DEBUG  ] (2020-02-05 06:39:13) py-base_optimizer       : Trying to localize observation ZSCH, 44083
 [DEBUG  ] (2020-02-05 06:39:13) py-optimizer            : Not localized observation 44083
 [DEBUG  ] (2020-02-05 06:39:13) py-base_optimizer       : Proceeding to assimilate observation ZSCH, 44084
 [DEBUG  ] (2020-02-05 06:39:13) py-base_optimizer       : Trying to localize observation ZSCH, 44084
 [DEBUG  ] (2020-02-05 06:39:13) py-optimizer            : Not localized observation 44084
 [DEBUG  ] (2020-02-05 06:39:13) py-base_optimizer       : Skipping observation (ZSCH,44085) because of flag value 2
 [DEBUG  ] (2020-02-05 06:39:13) py-base_optimizer       : Proceeding to assimilate observation ZSCH, 44086
 [DEBUG  ] (2020-02-05 06:39:13) py-base_optimizer       : Trying to localize observation ZSCH, 44086
 [DEBUG  ] (2020-02-05 06:39:13) py-optimizer            : Not localized observation 44086
 [DEBUG  ] (2020-02-05 06:39:13) py-base_optimizer       : Proceeding to assimilate observation ZSCH, 44087
 [DEBUG  ] (2020-02-05 06:39:13) py-base_optimizer       : Trying to localize observation ZSCH, 44087
 [DEBUG  ] (2020-02-05 06:39:13) py-optimizer            : Not localized observation 44087
 [DEBUG  ] (2020-02-05 06:39:13) py-base_optimizer       : Skipping observation (ZSCH,44088) because of flag value 2
 [DEBUG  ] (2020-02-05 06:39:13) py-base_optimizer       : Proceeding to assimilate observation ZSCH, 44089
 [DEBUG  ] (2020-02-05 06:39:13) py-base_optimizer       : Trying to localize observation ZSCH, 44089
 [DEBUG  ] (2020-02-05 06:39:13) py-optimizer            : Not localized observation 44089
 [DEBUG  ] (2020-02-05 06:39:13) py-base_optimizer       : Proceeding to assimilate observation ZUE, 44734
 [DEBUG  ] (2020-02-05 06:39:13) py-base_optimizer       : Trying to localize observation ZUE, 44734
 [DEBUG  ] (2020-02-05 06:39:13) py-optimizer            : Not localized observation 44734
 [DEBUG  ] (2020-02-05 06:39:13) py-base_optimizer       : Proceeding to assimilate observation ZUE, 44735
 [DEBUG  ] (2020-02-05 06:39:13) py-base_optimizer       : Trying to localize observation ZUE, 44735
 [DEBUG  ] (2020-02-05 06:39:13) py-optimizer            : Not localized observation 44735
 [DEBUG  ] (2020-02-05 06:39:13) py-base_optimizer       : Proceeding to assimilate observation ZUE, 44736
 [DEBUG  ] (2020-02-05 06:39:13) py-base_optimizer       : Trying to localize observation ZUE, 44736
 [DEBUG  ] (2020-02-05 06:39:13) py-optimizer            : Not localized observation 44736
 [DEBUG  ] (2020-02-05 06:39:13) py-base_optimizer       : Proceeding to assimilate observation ZUE, 44737
 [DEBUG  ] (2020-02-05 06:39:13) py-base_optimizer       : Trying to localize observation ZUE, 44737
 [DEBUG  ] (2020-02-05 06:39:13) py-optimizer            : Not localized observation 44737
 [DEBUG  ] (2020-02-05 06:39:13) py-base_optimizer       : Proceeding to assimilate observation ZUE, 44738
 [DEBUG  ] (2020-02-05 06:39:13) py-base_optimizer       : Trying to localize observation ZUE, 44738
 [DEBUG  ] (2020-02-05 06:39:13) py-optimizer            : Not localized observation 44738
 [DEBUG  ] (2020-02-05 06:39:13) py-base_optimizer       : Skipping observation (ZUE,44739) because of flag value 2
 [DEBUG  ] (2020-02-05 06:39:13) py-base_optimizer       : Proceeding to assimilate observation ZUE, 44740
 [DEBUG  ] (2020-02-05 06:39:13) py-base_optimizer       : Trying to localize observation ZUE, 44740
 [DEBUG  ] (2020-02-05 06:39:13) py-optimizer            : Not localized observation 44740
 [DEBUG  ] (2020-02-05 06:39:13) py-base_optimizer       : Proceeding to assimilate observation ALBS, 1403
 [DEBUG  ] (2020-02-05 06:39:13) py-base_optimizer       : Trying to localize observation ALBS, 1403
 [DEBUG  ] (2020-02-05 06:39:13) py-optimizer            : Not localized observation 1403
 [DEBUG  ] (2020-02-05 06:39:13) py-base_optimizer       : Proceeding to assimilate observation ALBS, 1404
 [DEBUG  ] (2020-02-05 06:39:13) py-base_optimizer       : Trying to localize observation ALBS, 1404
 [DEBUG  ] (2020-02-05 06:39:13) py-optimizer            : Not localized observation 1404
 [DEBUG  ] (2020-02-05 06:39:13) py-base_optimizer       : Proceeding to assimilate observation ALBS, 1405
 [DEBUG  ] (2020-02-05 06:39:13) py-base_optimizer       : Trying to localize observation ALBS, 1405
 [DEBUG  ] (2020-02-05 06:39:13) py-optimizer            : Not localized observation 1405
 [DEBUG  ] (2020-02-05 06:39:13) py-base_optimizer       : Proceeding to assimilate observation ALBS, 1406
 [DEBUG  ] (2020-02-05 06:39:13) py-base_optimizer       : Trying to localize observation ALBS, 1406
 [DEBUG  ] (2020-02-05 06:39:13) py-optimizer            : Not localized observation 1406
 [DEBUG  ] (2020-02-05 06:39:13) py-base_optimizer       : Proceeding to assimilate observation ALBS, 1407
 [DEBUG  ] (2020-02-05 06:39:13) py-base_optimizer       : Trying to localize observation ALBS, 1407
 [DEBUG  ] (2020-02-05 06:39:13) py-optimizer            : Not localized observation 1407
 [DEBUG  ] (2020-02-05 06:39:13) py-base_optimizer       : Proceeding to assimilate observation ALBS, 1408
 [DEBUG  ] (2020-02-05 06:39:13) py-base_optimizer       : Trying to localize observation ALBS, 1408
 [DEBUG  ] (2020-02-05 06:39:13) py-optimizer            : Not localized observation 1408
 [DEBUG  ] (2020-02-05 06:39:13) py-base_optimizer       : Proceeding to assimilate observation ALBS, 1409
 [DEBUG  ] (2020-02-05 06:39:13) py-base_optimizer       : Trying to localize observation ALBS, 1409
 [DEBUG  ] (2020-02-05 06:39:13) py-optimizer            : Not localized observation 1409
 [DEBUG  ] (2020-02-05 06:39:13) py-base_optimizer       : Proceeding to assimilate observation BNTG, 3914
 [DEBUG  ] (2020-02-05 06:39:13) py-base_optimizer       : Trying to localize observation BNTG, 3914
 [DEBUG  ] (2020-02-05 06:39:13) py-optimizer            : Not localized observation 3914
 [DEBUG  ] (2020-02-05 06:39:13) py-base_optimizer       : Proceeding to assimilate observation BNTG, 3915
 [DEBUG  ] (2020-02-05 06:39:13) py-base_optimizer       : Trying to localize observation BNTG, 3915
 [DEBUG  ] (2020-02-05 06:39:13) py-optimizer            : Not localized observation 3915
 [DEBUG  ] (2020-02-05 06:39:13) py-base_optimizer       : Proceeding to assimilate observation BNTG, 3916
 [DEBUG  ] (2020-02-05 06:39:13) py-base_optimizer       : Trying to localize observation BNTG, 3916
 [DEBUG  ] (2020-02-05 06:39:13) py-optimizer            : Not localized observation 3916
 [DEBUG  ] (2020-02-05 06:39:13) py-base_optimizer       : Proceeding to assimilate observation BNTG, 3917
 [DEBUG  ] (2020-02-05 06:39:13) py-base_optimizer       : Trying to localize observation BNTG, 3917
 [DEBUG  ] (2020-02-05 06:39:13) py-optimizer            : Not localized observation 3917
 [DEBUG  ] (2020-02-05 06:39:13) py-base_optimizer       : Proceeding to assimilate observation BNTG, 3918
 [DEBUG  ] (2020-02-05 06:39:13) py-base_optimizer       : Trying to localize observation BNTG, 3918
 [DEBUG  ] (2020-02-05 06:39:13) py-optimizer            : Not localized observation 3918
 [DEBUG  ] (2020-02-05 06:39:13) py-base_optimizer       : Proceeding to assimilate observation BNTG, 3919
 [DEBUG  ] (2020-02-05 06:39:13) py-base_optimizer       : Trying to localize observation BNTG, 3919
 [DEBUG  ] (2020-02-05 06:39:13) py-optimizer            : Not localized observation 3919
 [DEBUG  ] (2020-02-05 06:39:13) py-base_optimizer       : Proceeding to assimilate observation BNTG, 3920
 [DEBUG  ] (2020-02-05 06:39:13) py-base_optimizer       : Trying to localize observation BNTG, 3920
 [DEBUG  ] (2020-02-05 06:39:13) py-optimizer            : Not localized observation 3920
 [DEBUG  ] (2020-02-05 06:39:13) py-base_optimizer       : Proceeding to assimilate observation BRM, 4658
 [DEBUG  ] (2020-02-05 06:39:13) py-base_optimizer       : Not allowed to localize observation BRM, 4658
 [DEBUG  ] (2020-02-05 06:39:13) py-base_optimizer       : Skipping observation (BRM,4659) because of flag value 2
 [DEBUG  ] (2020-02-05 06:39:13) py-base_optimizer       : Proceeding to assimilate observation BRM, 4660
 [DEBUG  ] (2020-02-05 06:39:13) py-base_optimizer       : Not allowed to localize observation BRM, 4660
 [DEBUG  ] (2020-02-05 06:39:13) py-base_optimizer       : Proceeding to assimilate observation BRM, 4661
 [DEBUG  ] (2020-02-05 06:39:13) py-base_optimizer       : Not allowed to localize observation BRM, 4661
 [DEBUG  ] (2020-02-05 06:39:13) py-base_optimizer       : Skipping observation (BRM,4662) because of flag value 2
 [DEBUG  ] (2020-02-05 06:39:13) py-base_optimizer       : Proceeding to assimilate observation BRM, 4663
 [DEBUG  ] (2020-02-05 06:39:13) py-base_optimizer       : Not allowed to localize observation BRM, 4663
 [DEBUG  ] (2020-02-05 06:39:13) py-base_optimizer       : Proceeding to assimilate observation BRM, 4664
 [DEBUG  ] (2020-02-05 06:39:13) py-base_optimizer       : Not allowed to localize observation BRM, 4664
 [DEBUG  ] (2020-02-05 06:39:13) py-base_optimizer       : Proceeding to assimilate observation CHRI, 7262
 [DEBUG  ] (2020-02-05 06:39:13) py-base_optimizer       : Trying to localize observation CHRI, 7262
 [DEBUG  ] (2020-02-05 06:39:13) py-optimizer            : Not localized observation 7262
 [DEBUG  ] (2020-02-05 06:39:13) py-base_optimizer       : Proceeding to assimilate observation CHRI, 7263
 [DEBUG  ] (2020-02-05 06:39:13) py-base_optimizer       : Trying to localize observation CHRI, 7263
 [DEBUG  ] (2020-02-05 06:39:13) py-optimizer            : Not localized observation 7263
 [DEBUG  ] (2020-02-05 06:39:13) py-base_optimizer       : Proceeding to assimilate observation CHRI, 7264
 [DEBUG  ] (2020-02-05 06:39:13) py-base_optimizer       : Trying to localize observation CHRI, 7264
 [DEBUG  ] (2020-02-05 06:39:13) py-optimizer            : Not localized observation 7264
 [DEBUG  ] (2020-02-05 06:39:13) py-base_optimizer       : Proceeding to assimilate observation CHRI, 7265
 [DEBUG  ] (2020-02-05 06:39:13) py-base_optimizer       : Trying to localize observation CHRI, 7265
 [DEBUG  ] (2020-02-05 06:39:13) py-optimizer            : Not localized observation 7265
 [DEBUG  ] (2020-02-05 06:39:13) py-base_optimizer       : Proceeding to assimilate observation CHRI, 7266
 [DEBUG  ] (2020-02-05 06:39:13) py-base_optimizer       : Trying to localize observation CHRI, 7266
 [DEBUG  ] (2020-02-05 06:39:13) py-optimizer            : Not localized observation 7266
 [DEBUG  ] (2020-02-05 06:39:13) py-base_optimizer       : Proceeding to assimilate observation CHRI, 7267
 [DEBUG  ] (2020-02-05 06:39:13) py-base_optimizer       : Trying to localize observation CHRI, 7267
 [DEBUG  ] (2020-02-05 06:39:13) py-optimizer            : Not localized observation 7267
 [DEBUG  ] (2020-02-05 06:39:13) py-base_optimizer       : Proceeding to assimilate observation CHRI, 7268
 [DEBUG  ] (2020-02-05 06:39:13) py-base_optimizer       : Trying to localize observation CHRI, 7268
 [DEBUG  ] (2020-02-05 06:39:13) py-optimizer            : Not localized observation 7268
 [DEBUG  ] (2020-02-05 06:39:13) py-base_optimizer       : Proceeding to assimilate observation DUE1, 12284
 [DEBUG  ] (2020-02-05 06:39:13) py-base_optimizer       : Not allowed to localize observation DUE1, 12284
 [DEBUG  ] (2020-02-05 06:39:13) py-base_optimizer       : Proceeding to assimilate observation DUE1, 12285
 [DEBUG  ] (2020-02-05 06:39:13) py-base_optimizer       : Not allowed to localize observation DUE1, 12285
 [DEBUG  ] (2020-02-05 06:39:13) py-base_optimizer       : Proceeding to assimilate observation DUE1, 12286
 [DEBUG  ] (2020-02-05 06:39:13) py-base_optimizer       : Not allowed to localize observation DUE1, 12286
 [DEBUG  ] (2020-02-05 06:39:13) py-base_optimizer       : Skipping observation (DUE1,12287) because of flag value 2
 [DEBUG  ] (2020-02-05 06:39:13) py-base_optimizer       : Skipping observation (DUE1,12288) because of flag value 2
 [DEBUG  ] (2020-02-05 06:39:13) py-base_optimizer       : Proceeding to assimilate observation DUE1, 12289
 [DEBUG  ] (2020-02-05 06:39:13) py-base_optimizer       : Not allowed to localize observation DUE1, 12289
 [DEBUG  ] (2020-02-05 06:39:13) py-base_optimizer       : Skipping observation (DUE1,12290) because of flag value 2
 [DEBUG  ] (2020-02-05 06:39:13) py-base_optimizer       : Proceeding to assimilate observation ESMO, 13772
 [DEBUG  ] (2020-02-05 06:39:13) py-base_optimizer       : Trying to localize observation ESMO, 13772
 [DEBUG  ] (2020-02-05 06:39:13) py-optimizer            : Not localized observation 13772
 [DEBUG  ] (2020-02-05 06:39:13) py-base_optimizer       : Proceeding to assimilate observation ESMO, 13773
 [DEBUG  ] (2020-02-05 06:39:13) py-base_optimizer       : Trying to localize observation ESMO, 13773
 [DEBUG  ] (2020-02-05 06:39:13) py-optimizer            : Not localized observation 13773
 [DEBUG  ] (2020-02-05 06:39:13) py-base_optimizer       : Proceeding to assimilate observation ESMO, 13774
 [DEBUG  ] (2020-02-05 06:39:13) py-base_optimizer       : Trying to localize observation ESMO, 13774
 [DEBUG  ] (2020-02-05 06:39:13) py-optimizer            : Not localized observation 13774
 [DEBUG  ] (2020-02-05 06:39:13) py-base_optimizer       : Proceeding to assimilate observation ESMO, 13775
 [DEBUG  ] (2020-02-05 06:39:13) py-base_optimizer       : Trying to localize observation ESMO, 13775
 [DEBUG  ] (2020-02-05 06:39:13) py-optimizer            : Not localized observation 13775
 [DEBUG  ] (2020-02-05 06:39:13) py-base_optimizer       : Proceeding to assimilate observation ESMO, 13776
 [DEBUG  ] (2020-02-05 06:39:13) py-base_optimizer       : Trying to localize observation ESMO, 13776
 [DEBUG  ] (2020-02-05 06:39:13) py-optimizer            : Not localized observation 13776
 [DEBUG  ] (2020-02-05 06:39:13) py-base_optimizer       : Proceeding to assimilate observation ESMO, 13777
 [DEBUG  ] (2020-02-05 06:39:13) py-base_optimizer       : Trying to localize observation ESMO, 13777
 [DEBUG  ] (2020-02-05 06:39:13) py-optimizer            : Not localized observation 13777
 [DEBUG  ] (2020-02-05 06:39:13) py-base_optimizer       : Proceeding to assimilate observation ESMO, 13778
 [DEBUG  ] (2020-02-05 06:39:13) py-base_optimizer       : Trying to localize observation ESMO, 13778
 [DEBUG  ] (2020-02-05 06:39:13) py-optimizer            : Not localized observation 13778
 [DEBUG  ] (2020-02-05 06:39:13) py-base_optimizer       : Proceeding to assimilate observation FROB, 14981
 [DEBUG  ] (2020-02-05 06:39:13) py-base_optimizer       : Trying to localize observation FROB, 14981
 [DEBUG  ] (2020-02-05 06:39:13) py-optimizer            : Not localized observation 14981
 [DEBUG  ] (2020-02-05 06:39:13) py-base_optimizer       : Proceeding to assimilate observation FROB, 14982
 [DEBUG  ] (2020-02-05 06:39:13) py-base_optimizer       : Trying to localize observation FROB, 14982
 [DEBUG  ] (2020-02-05 06:39:13) py-optimizer            : Not localized observation 14982
 [DEBUG  ] (2020-02-05 06:39:13) py-base_optimizer       : Proceeding to assimilate observation FROB, 14983
 [DEBUG  ] (2020-02-05 06:39:13) py-base_optimizer       : Trying to localize observation FROB, 14983
 [DEBUG  ] (2020-02-05 06:39:13) py-optimizer            : Not localized observation 14983
 [DEBUG  ] (2020-02-05 06:39:13) py-base_optimizer       : Skipping observation (FROB,14984) because of flag value 2
 [DEBUG  ] (2020-02-05 06:39:13) py-base_optimizer       : Proceeding to assimilate observation FROB, 14985
 [DEBUG  ] (2020-02-05 06:39:13) py-base_optimizer       : Trying to localize observation FROB, 14985
 [DEBUG  ] (2020-02-05 06:39:13) py-optimizer            : Not localized observation 14985
 [DEBUG  ] (2020-02-05 06:39:13) py-base_optimizer       : Proceeding to assimilate observation FROB, 14986
 [DEBUG  ] (2020-02-05 06:39:13) py-base_optimizer       : Trying to localize observation FROB, 14986
 [DEBUG  ] (2020-02-05 06:39:13) py-optimizer            : Not localized observation 14986
 [DEBUG  ] (2020-02-05 06:39:13) py-base_optimizer       : Proceeding to assimilate observation FROB, 14987
 [DEBUG  ] (2020-02-05 06:39:13) py-base_optimizer       : Trying to localize observation FROB, 14987
 [DEBUG  ] (2020-02-05 06:39:13) py-optimizer            : Not localized observation 14987
 [DEBUG  ] (2020-02-05 06:39:13) py-base_optimizer       : Proceeding to assimilate observation GIMM, 15725
 [DEBUG  ] (2020-02-05 06:39:13) py-base_optimizer       : Not allowed to localize observation GIMM, 15725
 [DEBUG  ] (2020-02-05 06:39:13) py-base_optimizer       : Skipping observation (GIMM,15726) because of flag value 2
 [DEBUG  ] (2020-02-05 06:39:13) py-base_optimizer       : Proceeding to assimilate observation GIMM, 15727
 [DEBUG  ] (2020-02-05 06:39:13) py-base_optimizer       : Not allowed to localize observation GIMM, 15727
 [DEBUG  ] (2020-02-05 06:39:13) py-base_optimizer       : Proceeding to assimilate observation GIMM, 15728
 [DEBUG  ] (2020-02-05 06:39:13) py-base_optimizer       : Not allowed to localize observation GIMM, 15728
 [DEBUG  ] (2020-02-05 06:39:13) py-base_optimizer       : Proceeding to assimilate observation GIMM, 15729
 [DEBUG  ] (2020-02-05 06:39:13) py-base_optimizer       : Not allowed to localize observation GIMM, 15729
 [DEBUG  ] (2020-02-05 06:39:13) py-base_optimizer       : Proceeding to assimilate observation GIMM, 15730
 [DEBUG  ] (2020-02-05 06:39:13) py-base_optimizer       : Not allowed to localize observation GIMM, 15730
 [DEBUG  ] (2020-02-05 06:39:13) py-base_optimizer       : Proceeding to assimilate observation GIMM, 15731
 [DEBUG  ] (2020-02-05 06:39:13) py-base_optimizer       : Not allowed to localize observation GIMM, 15731
 [DEBUG  ] (2020-02-05 06:39:13) py-base_optimizer       : Proceeding to assimilate observation HAE, 18143
 [DEBUG  ] (2020-02-05 06:39:13) py-base_optimizer       : Not allowed to localize observation HAE, 18143
 [DEBUG  ] (2020-02-05 06:39:13) py-base_optimizer       : Skipping observation (HAE,18144) because of flag value 2
 [DEBUG  ] (2020-02-05 06:39:13) py-base_optimizer       : Proceeding to assimilate observation HAE, 18145
 [DEBUG  ] (2020-02-05 06:39:13) py-base_optimizer       : Not allowed to localize observation HAE, 18145
 [DEBUG  ] (2020-02-05 06:39:13) py-base_optimizer       : Proceeding to assimilate observation HAE, 18146
 [DEBUG  ] (2020-02-05 06:39:13) py-base_optimizer       : Not allowed to localize observation HAE, 18146
 [DEBUG  ] (2020-02-05 06:39:13) py-base_optimizer       : Skipping observation (HAE,18147) because of flag value 2
 [DEBUG  ] (2020-02-05 06:39:13) py-base_optimizer       : Proceeding to assimilate observation HAE, 18148
 [DEBUG  ] (2020-02-05 06:39:13) py-base_optimizer       : Not allowed to localize observation HAE, 18148
 [DEBUG  ] (2020-02-05 06:39:13) py-base_optimizer       : Proceeding to assimilate observation HAE, 18149
 [DEBUG  ] (2020-02-05 06:39:13) py-base_optimizer       : Not allowed to localize observation HAE, 18149
 [DEBUG  ] (2020-02-05 06:39:13) py-base_optimizer       : Proceeding to assimilate observation LAEG, 21863
 [DEBUG  ] (2020-02-05 06:39:13) py-base_optimizer       : Not allowed to localize observation LAEG, 21863
 [DEBUG  ] (2020-02-05 06:39:13) py-base_optimizer       : Proceeding to assimilate observation LAEG, 21864
 [DEBUG  ] (2020-02-05 06:39:13) py-base_optimizer       : Not allowed to localize observation LAEG, 21864
 [DEBUG  ] (2020-02-05 06:39:13) py-base_optimizer       : Proceeding to assimilate observation LAEG, 21865
 [DEBUG  ] (2020-02-05 06:39:13) py-base_optimizer       : Not allowed to localize observation LAEG, 21865
 [DEBUG  ] (2020-02-05 06:39:13) py-base_optimizer       : Proceeding to assimilate observation LAEG, 21866
 [DEBUG  ] (2020-02-05 06:39:13) py-base_optimizer       : Not allowed to localize observation LAEG, 21866
 [DEBUG  ] (2020-02-05 06:39:13) py-base_optimizer       : Skipping observation (LAEG,21867) because of flag value 2
 [DEBUG  ] (2020-02-05 06:39:13) py-base_optimizer       : Proceeding to assimilate observation LAEG, 21868
 [DEBUG  ] (2020-02-05 06:39:13) py-base_optimizer       : Not allowed to localize observation LAEG, 21868
 [DEBUG  ] (2020-02-05 06:39:13) py-base_optimizer       : Proceeding to assimilate observation LAEG, 21869
 [DEBUG  ] (2020-02-05 06:39:13) py-base_optimizer       : Not allowed to localize observation LAEG, 21869
 [DEBUG  ] (2020-02-05 06:39:13) py-base_optimizer       : Skipping observation (MAGN,23723) because of flag value 2
 [DEBUG  ] (2020-02-05 06:39:13) py-base_optimizer       : Proceeding to assimilate observation MAGN, 23724
 [DEBUG  ] (2020-02-05 06:39:13) py-base_optimizer       : Trying to localize observation MAGN, 23724
 [DEBUG  ] (2020-02-05 06:39:13) py-optimizer            : Not localized observation 23724
 [DEBUG  ] (2020-02-05 06:39:13) py-base_optimizer       : Proceeding to assimilate observation MAGN, 23725
 [DEBUG  ] (2020-02-05 06:39:13) py-base_optimizer       : Trying to localize observation MAGN, 23725
 [DEBUG  ] (2020-02-05 06:39:13) py-optimizer            : Not localized observation 23725
 [DEBUG  ] (2020-02-05 06:39:13) py-base_optimizer       : Skipping observation (MAGN,23726) because of flag value 2
 [DEBUG  ] (2020-02-05 06:39:13) py-base_optimizer       : Proceeding to assimilate observation MAGN, 23727
 [DEBUG  ] (2020-02-05 06:39:13) py-base_optimizer       : Trying to localize observation MAGN, 23727
 [DEBUG  ] (2020-02-05 06:39:13) py-optimizer            : Not localized observation 23727
 [DEBUG  ] (2020-02-05 06:39:13) py-base_optimizer       : Proceeding to assimilate observation MAGN, 23728
 [DEBUG  ] (2020-02-05 06:39:13) py-base_optimizer       : Trying to localize observation MAGN, 23728
 [DEBUG  ] (2020-02-05 06:39:13) py-optimizer            : Not localized observation 23728
 [DEBUG  ] (2020-02-05 06:39:13) py-base_optimizer       : Skipping observation (MAGN,23729) because of flag value 2
 [DEBUG  ] (2020-02-05 06:39:13) py-base_optimizer       : Proceeding to assimilate observation PAYN, 28838
 [DEBUG  ] (2020-02-05 06:39:13) py-base_optimizer       : Not allowed to localize observation PAYN, 28838
 [DEBUG  ] (2020-02-05 06:39:13) py-base_optimizer       : Proceeding to assimilate observation PAYN, 28839
 [DEBUG  ] (2020-02-05 06:39:13) py-base_optimizer       : Not allowed to localize observation PAYN, 28839
 [DEBUG  ] (2020-02-05 06:39:13) py-base_optimizer       : Proceeding to assimilate observation PAYN, 28840
 [DEBUG  ] (2020-02-05 06:39:13) py-base_optimizer       : Not allowed to localize observation PAYN, 28840
 [DEBUG  ] (2020-02-05 06:39:13) py-base_optimizer       : Skipping observation (PAYN,28841) because of flag value 2
 [DEBUG  ] (2020-02-05 06:39:13) py-base_optimizer       : Proceeding to assimilate observation PAYN, 28842
 [DEBUG  ] (2020-02-05 06:39:13) py-base_optimizer       : Not allowed to localize observation PAYN, 28842
 [DEBUG  ] (2020-02-05 06:39:13) py-base_optimizer       : Proceeding to assimilate observation PAYN, 28843
 [DEBUG  ] (2020-02-05 06:39:13) py-base_optimizer       : Not allowed to localize observation PAYN, 28843
 [DEBUG  ] (2020-02-05 06:39:13) py-base_optimizer       : Proceeding to assimilate observation PAYN, 28844
 [DEBUG  ] (2020-02-05 06:39:13) py-base_optimizer       : Not allowed to localize observation PAYN, 28844
 [DEBUG  ] (2020-02-05 06:39:13) py-base_optimizer       : Skipping observation (RECK,30419) because of flag value 2
 [DEBUG  ] (2020-02-05 06:39:13) py-base_optimizer       : Skipping observation (RECK,30420) because of flag value 2
 [DEBUG  ] (2020-02-05 06:39:13) py-base_optimizer       : Proceeding to assimilate observation RECK, 30421
 [DEBUG  ] (2020-02-05 06:39:13) py-base_optimizer       : Trying to localize observation RECK, 30421
 [DEBUG  ] (2020-02-05 06:39:13) py-optimizer            : Not localized observation 30421
 [DEBUG  ] (2020-02-05 06:39:13) py-base_optimizer       : Skipping observation (RECK,30422) because of flag value 2
 [DEBUG  ] (2020-02-05 06:39:13) py-base_optimizer       : Proceeding to assimilate observation RECK, 30423
 [DEBUG  ] (2020-02-05 06:39:13) py-base_optimizer       : Trying to localize observation RECK, 30423
 [DEBUG  ] (2020-02-05 06:39:13) py-optimizer            : Not localized observation 30423
 [DEBUG  ] (2020-02-05 06:39:13) py-base_optimizer       : Proceeding to assimilate observation RECK, 30424
 [DEBUG  ] (2020-02-05 06:39:13) py-base_optimizer       : Trying to localize observation RECK, 30424
 [DEBUG  ] (2020-02-05 06:39:13) py-optimizer            : Not localized observation 30424
 [DEBUG  ] (2020-02-05 06:39:13) py-base_optimizer       : Proceeding to assimilate observation RECK, 30425
 [DEBUG  ] (2020-02-05 06:39:13) py-base_optimizer       : Trying to localize observation RECK, 30425
 [DEBUG  ] (2020-02-05 06:39:13) py-optimizer            : Not localized observation 30425
 [DEBUG  ] (2020-02-05 06:39:13) py-base_optimizer       : Proceeding to assimilate observation RIG, 30977
 [DEBUG  ] (2020-02-05 06:39:13) py-base_optimizer       : Not allowed to localize observation RIG, 30977
 [DEBUG  ] (2020-02-05 06:39:13) py-base_optimizer       : Proceeding to assimilate observation RIG, 30978
 [DEBUG  ] (2020-02-05 06:39:13) py-base_optimizer       : Not allowed to localize observation RIG, 30978
 [DEBUG  ] (2020-02-05 06:39:13) py-base_optimizer       : Proceeding to assimilate observation RIG, 30979
 [DEBUG  ] (2020-02-05 06:39:13) py-base_optimizer       : Not allowed to localize observation RIG, 30979
 [DEBUG  ] (2020-02-05 06:39:13) py-base_optimizer       : Skipping observation (RIG,30980) because of flag value 2
 [DEBUG  ] (2020-02-05 06:39:13) py-base_optimizer       : Skipping observation (RIG,30981) because of flag value 2
 [DEBUG  ] (2020-02-05 06:39:13) py-base_optimizer       : Proceeding to assimilate observation RIG, 30982
 [DEBUG  ] (2020-02-05 06:39:13) py-base_optimizer       : Not allowed to localize observation RIG, 30982
 [DEBUG  ] (2020-02-05 06:39:13) py-base_optimizer       : Proceeding to assimilate observation RIG, 30983
 [DEBUG  ] (2020-02-05 06:39:13) py-base_optimizer       : Not allowed to localize observation RIG, 30983
 [DEBUG  ] (2020-02-05 06:39:13) py-base_optimizer       : Skipping observation (SAVE,32093) because of flag value 2
 [DEBUG  ] (2020-02-05 06:39:13) py-base_optimizer       : Skipping observation (SAVE,32094) because of flag value 2
 [DEBUG  ] (2020-02-05 06:39:13) py-base_optimizer       : Proceeding to assimilate observation SAVE, 32095
 [DEBUG  ] (2020-02-05 06:39:13) py-base_optimizer       : Trying to localize observation SAVE, 32095
 [DEBUG  ] (2020-02-05 06:39:13) py-optimizer            : Not localized observation 32095
 [DEBUG  ] (2020-02-05 06:39:13) py-base_optimizer       : Proceeding to assimilate observation SAVE, 32096
 [DEBUG  ] (2020-02-05 06:39:13) py-base_optimizer       : Trying to localize observation SAVE, 32096
 [DEBUG  ] (2020-02-05 06:39:13) py-optimizer            : Not localized observation 32096
 [DEBUG  ] (2020-02-05 06:39:13) py-base_optimizer       : Proceeding to assimilate observation SAVE, 32097
 [DEBUG  ] (2020-02-05 06:39:13) py-base_optimizer       : Trying to localize observation SAVE, 32097
 [DEBUG  ] (2020-02-05 06:39:13) py-optimizer            : Not localized observation 32097
 [DEBUG  ] (2020-02-05 06:39:13) py-base_optimizer       : Skipping observation (SAVE,32098) because of flag value 2
 [DEBUG  ] (2020-02-05 06:39:13) py-base_optimizer       : Proceeding to assimilate observation SAVE, 32099
 [DEBUG  ] (2020-02-05 06:39:13) py-base_optimizer       : Trying to localize observation SAVE, 32099
 [DEBUG  ] (2020-02-05 06:39:13) py-optimizer            : Not localized observation 32099
 [DEBUG  ] (2020-02-05 06:39:13) py-base_optimizer       : Proceeding to assimilate observation SEMP, 32651
 [DEBUG  ] (2020-02-05 06:39:13) py-base_optimizer       : Trying to localize observation SEMP, 32651
 [DEBUG  ] (2020-02-05 06:39:13) py-optimizer            : Not localized observation 32651
 [DEBUG  ] (2020-02-05 06:39:13) py-base_optimizer       : Skipping observation (SEMP,32652) because of flag value 2
 [DEBUG  ] (2020-02-05 06:39:13) py-base_optimizer       : Proceeding to assimilate observation SEMP, 32653
 [DEBUG  ] (2020-02-05 06:39:13) py-base_optimizer       : Trying to localize observation SEMP, 32653
 [DEBUG  ] (2020-02-05 06:39:13) py-optimizer            : Not localized observation 32653
 [DEBUG  ] (2020-02-05 06:39:13) py-base_optimizer       : Proceeding to assimilate observation SEMP, 32654
 [DEBUG  ] (2020-02-05 06:39:13) py-base_optimizer       : Trying to localize observation SEMP, 32654
 [DEBUG  ] (2020-02-05 06:39:13) py-optimizer            : Not localized observation 32654
 [DEBUG  ] (2020-02-05 06:39:13) py-base_optimizer       : Proceeding to assimilate observation SEMP, 32655
 [DEBUG  ] (2020-02-05 06:39:13) py-base_optimizer       : Trying to localize observation SEMP, 32655
 [DEBUG  ] (2020-02-05 06:39:13) py-optimizer            : Not localized observation 32655
 [DEBUG  ] (2020-02-05 06:39:13) py-base_optimizer       : Proceeding to assimilate observation SEMP, 32656
 [DEBUG  ] (2020-02-05 06:39:13) py-base_optimizer       : Trying to localize observation SEMP, 32656
 [DEBUG  ] (2020-02-05 06:39:13) py-optimizer            : Not localized observation 32656
 [DEBUG  ] (2020-02-05 06:39:13) py-base_optimizer       : Proceeding to assimilate observation SEMP, 32657
 [DEBUG  ] (2020-02-05 06:39:13) py-base_optimizer       : Trying to localize observation SEMP, 32657
 [DEBUG  ] (2020-02-05 06:39:13) py-optimizer            : Not localized observation 32657
 [DEBUG  ] (2020-02-05 06:39:13) py-base_optimizer       : Proceeding to assimilate observation SOTT, 34511
 [DEBUG  ] (2020-02-05 06:39:13) py-base_optimizer       : Trying to localize observation SOTT, 34511
 [DEBUG  ] (2020-02-05 06:39:13) py-optimizer            : Not localized observation 34511
 [DEBUG  ] (2020-02-05 06:39:13) py-base_optimizer       : Proceeding to assimilate observation SOTT, 34512
 [DEBUG  ] (2020-02-05 06:39:13) py-base_optimizer       : Trying to localize observation SOTT, 34512
 [DEBUG  ] (2020-02-05 06:39:13) py-optimizer            : Not localized observation 34512
 [DEBUG  ] (2020-02-05 06:39:13) py-base_optimizer       : Proceeding to assimilate observation SOTT, 34513
 [DEBUG  ] (2020-02-05 06:39:13) py-base_optimizer       : Trying to localize observation SOTT, 34513
 [DEBUG  ] (2020-02-05 06:39:13) py-optimizer            : Not localized observation 34513
 [DEBUG  ] (2020-02-05 06:39:13) py-base_optimizer       : Proceeding to assimilate observation SOTT, 34514
 [DEBUG  ] (2020-02-05 06:39:13) py-base_optimizer       : Trying to localize observation SOTT, 34514
 [DEBUG  ] (2020-02-05 06:39:13) py-optimizer            : Not localized observation 34514
 [DEBUG  ] (2020-02-05 06:39:13) py-base_optimizer       : Proceeding to assimilate observation SOTT, 34515
 [DEBUG  ] (2020-02-05 06:39:13) py-base_optimizer       : Trying to localize observation SOTT, 34515
 [DEBUG  ] (2020-02-05 06:39:13) py-optimizer            : Not localized observation 34515
 [DEBUG  ] (2020-02-05 06:39:13) py-base_optimizer       : Proceeding to assimilate observation SOTT, 34516
 [DEBUG  ] (2020-02-05 06:39:13) py-base_optimizer       : Trying to localize observation SOTT, 34516
 [DEBUG  ] (2020-02-05 06:39:13) py-optimizer            : Not localized observation 34516
 [DEBUG  ] (2020-02-05 06:39:13) py-base_optimizer       : Proceeding to assimilate observation SOTT, 34517
 [DEBUG  ] (2020-02-05 06:39:13) py-base_optimizer       : Trying to localize observation SOTT, 34517
 [DEBUG  ] (2020-02-05 06:39:13) py-optimizer            : Not localized observation 34517
 [DEBUG  ] (2020-02-05 06:39:13) py-base_optimizer       : Skipping observation (SSAL,34697) because of flag value 2
 [DEBUG  ] (2020-02-05 06:39:13) py-base_optimizer       : Proceeding to assimilate observation SSAL, 34698
 [DEBUG  ] (2020-02-05 06:39:13) py-base_optimizer       : Trying to localize observation SSAL, 34698
 [DEBUG  ] (2020-02-05 06:39:13) py-optimizer            : Not localized observation 34698
 [DEBUG  ] (2020-02-05 06:39:13) py-base_optimizer       : Skipping observation (SSAL,34699) because of flag value 2
 [DEBUG  ] (2020-02-05 06:39:13) py-base_optimizer       : Proceeding to assimilate observation SSAL, 34700
 [DEBUG  ] (2020-02-05 06:39:13) py-base_optimizer       : Trying to localize observation SSAL, 34700
 [DEBUG  ] (2020-02-05 06:39:13) py-optimizer            : Not localized observation 34700
 [DEBUG  ] (2020-02-05 06:39:13) py-base_optimizer       : Proceeding to assimilate observation SSAL, 34701
 [DEBUG  ] (2020-02-05 06:39:13) py-base_optimizer       : Trying to localize observation SSAL, 34701
 [DEBUG  ] (2020-02-05 06:39:13) py-optimizer            : Not localized observation 34701
 [DEBUG  ] (2020-02-05 06:39:13) py-base_optimizer       : Skipping observation (SSAL,34702) because of flag value 2
 [DEBUG  ] (2020-02-05 06:39:13) py-base_optimizer       : Skipping observation (SSAL,34703) because of flag value 2
 [DEBUG  ] (2020-02-05 06:39:13) py-base_optimizer       : Proceeding to assimilate observation TAEN, 35348
 [DEBUG  ] (2020-02-05 06:39:13) py-base_optimizer       : Trying to localize observation TAEN, 35348
 [DEBUG  ] (2020-02-05 06:39:13) py-optimizer            : Not localized observation 35348
 [DEBUG  ] (2020-02-05 06:39:13) py-base_optimizer       : Proceeding to assimilate observation TAEN, 35349
 [DEBUG  ] (2020-02-05 06:39:13) py-base_optimizer       : Trying to localize observation TAEN, 35349
 [DEBUG  ] (2020-02-05 06:39:13) py-optimizer            : Not localized observation 35349
 [DEBUG  ] (2020-02-05 06:39:13) py-base_optimizer       : Proceeding to assimilate observation TAEN, 35350
 [DEBUG  ] (2020-02-05 06:39:13) py-base_optimizer       : Trying to localize observation TAEN, 35350
 [DEBUG  ] (2020-02-05 06:39:13) py-optimizer            : Not localized observation 35350
 [DEBUG  ] (2020-02-05 06:39:13) py-base_optimizer       : Proceeding to assimilate observation TAEN, 35351
 [DEBUG  ] (2020-02-05 06:39:13) py-base_optimizer       : Trying to localize observation TAEN, 35351
 [DEBUG  ] (2020-02-05 06:39:13) py-optimizer            : Not localized observation 35351
 [DEBUG  ] (2020-02-05 06:39:13) py-base_optimizer       : Skipping observation (TAEN,35352) because of flag value 2
 [DEBUG  ] (2020-02-05 06:39:13) py-base_optimizer       : Proceeding to assimilate observation TAEN, 35353
 [DEBUG  ] (2020-02-05 06:39:13) py-base_optimizer       : Trying to localize observation TAEN, 35353
 [DEBUG  ] (2020-02-05 06:39:13) py-optimizer            : Not localized observation 35353
 [DEBUG  ] (2020-02-05 06:39:13) py-base_optimizer       : Proceeding to assimilate observation TAEN, 35354
 [DEBUG  ] (2020-02-05 06:39:13) py-base_optimizer       : Trying to localize observation TAEN, 35354
 [DEBUG  ] (2020-02-05 06:39:13) py-optimizer            : Not localized observation 35354
 [DEBUG  ] (2020-02-05 06:39:13) py-base_optimizer       : Proceeding to assimilate observation ZHBR, 40184
 [DEBUG  ] (2020-02-05 06:39:13) py-base_optimizer       : Trying to localize observation ZHBR, 40184
 [DEBUG  ] (2020-02-05 06:39:13) py-optimizer            : Not localized observation 40184
 [DEBUG  ] (2020-02-05 06:39:13) py-base_optimizer       : Proceeding to assimilate observation ZHBR, 40185
 [DEBUG  ] (2020-02-05 06:39:13) py-base_optimizer       : Trying to localize observation ZHBR, 40185
 [DEBUG  ] (2020-02-05 06:39:13) py-optimizer            : Not localized observation 40185
 [DEBUG  ] (2020-02-05 06:39:13) py-base_optimizer       : Proceeding to assimilate observation ZHBR, 40186
 [DEBUG  ] (2020-02-05 06:39:13) py-base_optimizer       : Trying to localize observation ZHBR, 40186
 [DEBUG  ] (2020-02-05 06:39:13) py-optimizer            : Not localized observation 40186
 [DEBUG  ] (2020-02-05 06:39:13) py-base_optimizer       : Skipping observation (ZHBR,40187) because of flag value 2
 [DEBUG  ] (2020-02-05 06:39:13) py-base_optimizer       : Skipping observation (ZHBR,40188) because of flag value 2
 [DEBUG  ] (2020-02-05 06:39:13) py-base_optimizer       : Proceeding to assimilate observation ZHBR, 40189
 [DEBUG  ] (2020-02-05 06:39:13) py-base_optimizer       : Trying to localize observation ZHBR, 40189
 [DEBUG  ] (2020-02-05 06:39:13) py-optimizer            : Not localized observation 40189
 [DEBUG  ] (2020-02-05 06:39:13) py-base_optimizer       : Skipping observation (ZHBR,40190) because of flag value 2
 [DEBUG  ] (2020-02-05 06:39:13) py-base_optimizer       : Proceeding to assimilate observation ZSCH, 44090
 [DEBUG  ] (2020-02-05 06:39:13) py-base_optimizer       : Trying to localize observation ZSCH, 44090
 [DEBUG  ] (2020-02-05 06:39:13) py-optimizer            : Not localized observation 44090
 [DEBUG  ] (2020-02-05 06:39:13) py-base_optimizer       : Proceeding to assimilate observation ZSCH, 44091
 [DEBUG  ] (2020-02-05 06:39:13) py-base_optimizer       : Trying to localize observation ZSCH, 44091
 [DEBUG  ] (2020-02-05 06:39:13) py-optimizer            : Not localized observation 44091
 [DEBUG  ] (2020-02-05 06:39:13) py-base_optimizer       : Proceeding to assimilate observation ZSCH, 44092
 [DEBUG  ] (2020-02-05 06:39:13) py-base_optimizer       : Trying to localize observation ZSCH, 44092
 [DEBUG  ] (2020-02-05 06:39:13) py-optimizer            : Not localized observation 44092
 [DEBUG  ] (2020-02-05 06:39:13) py-base_optimizer       : Proceeding to assimilate observation ZSCH, 44093
 [DEBUG  ] (2020-02-05 06:39:13) py-base_optimizer       : Trying to localize observation ZSCH, 44093
 [DEBUG  ] (2020-02-05 06:39:13) py-optimizer            : Not localized observation 44093
 [DEBUG  ] (2020-02-05 06:39:13) py-base_optimizer       : Skipping observation (ZSCH,44094) because of flag value 2
 [DEBUG  ] (2020-02-05 06:39:13) py-base_optimizer       : Skipping observation (ZSCH,44095) because of flag value 2
 [DEBUG  ] (2020-02-05 06:39:13) py-base_optimizer       : Proceeding to assimilate observation ZSCH, 44096
 [DEBUG  ] (2020-02-05 06:39:13) py-base_optimizer       : Trying to localize observation ZSCH, 44096
 [DEBUG  ] (2020-02-05 06:39:13) py-optimizer            : Not localized observation 44096
 [DEBUG  ] (2020-02-05 06:39:13) py-base_optimizer       : Proceeding to assimilate observation ZUE, 44741
 [DEBUG  ] (2020-02-05 06:39:13) py-base_optimizer       : Trying to localize observation ZUE, 44741
 [DEBUG  ] (2020-02-05 06:39:13) py-optimizer            : Not localized observation 44741
 [DEBUG  ] (2020-02-05 06:39:13) py-base_optimizer       : Proceeding to assimilate observation ZUE, 44742
 [DEBUG  ] (2020-02-05 06:39:13) py-base_optimizer       : Trying to localize observation ZUE, 44742
 [DEBUG  ] (2020-02-05 06:39:13) py-optimizer            : Not localized observation 44742
 [DEBUG  ] (2020-02-05 06:39:13) py-base_optimizer       : Proceeding to assimilate observation ZUE, 44743
 [DEBUG  ] (2020-02-05 06:39:13) py-base_optimizer       : Trying to localize observation ZUE, 44743
 [DEBUG  ] (2020-02-05 06:39:13) py-optimizer            : Not localized observation 44743
 [DEBUG  ] (2020-02-05 06:39:13) py-base_optimizer       : Proceeding to assimilate observation ZUE, 44744
 [DEBUG  ] (2020-02-05 06:39:13) py-base_optimizer       : Trying to localize observation ZUE, 44744
 [DEBUG  ] (2020-02-05 06:39:13) py-optimizer            : Not localized observation 44744
 [DEBUG  ] (2020-02-05 06:39:13) py-base_optimizer       : Proceeding to assimilate observation ZUE, 44745
 [DEBUG  ] (2020-02-05 06:39:13) py-base_optimizer       : Trying to localize observation ZUE, 44745
 [DEBUG  ] (2020-02-05 06:39:13) py-optimizer            : Not localized observation 44745
 [DEBUG  ] (2020-02-05 06:39:13) py-base_optimizer       : Proceeding to assimilate observation ZUE, 44746
 [DEBUG  ] (2020-02-05 06:39:13) py-base_optimizer       : Trying to localize observation ZUE, 44746
 [DEBUG  ] (2020-02-05 06:39:13) py-optimizer            : Not localized observation 44746
 [DEBUG  ] (2020-02-05 06:39:13) py-base_optimizer       : Proceeding to assimilate observation ZUE, 44747
 [DEBUG  ] (2020-02-05 06:39:13) py-base_optimizer       : Trying to localize observation ZUE, 44747
 [DEBUG  ] (2020-02-05 06:39:13) py-optimizer            : Not localized observation 44747
 [DEBUG  ] (2020-02-05 06:39:13) py-base_optimizer       : Returning optimized data to the StateVector, setting "StateVector.isOptimized = True" 
 [DEBUG  ] (2020-02-05 06:39:13) py-base_optimizer       : Opening existing diagnostics file for optimizer (/scratch/snx3000/parsenov/wo_bg/output/20190301/optimizer.20190301.nc)
 [DEBUG  ] (2020-02-05 06:39:13) py-base_optimizer       : Diagnostics file closed
chi2 4446.9928380901465
chi2 102.62962346951565
chi2 580.3600709338046
chi2 2160.9129151675716
chi2 463.25789527663886
chi2 1162.713650188425
chi2 2771.104784351366
chi2 355.42497565922463
chi2 5798.400237075035
chi2 42.063768754750704
chi2 1641.1880573664232
chi2 2733.2210106619864
chi2 754.1584478609153
chi2 2211.5471767734452
chi2 1355.794584171817
chi2 4357.017429524918
chi2 2610.65102341756
chi2 1434.741461231382
chi2 218.51637802403891
chi2 2599.1044231114847
chi2 1332.9844661742256
chi2 382.1015366784337
chi2 1113.3188528431378
chi2 8577.54531645698
chi2 546.6955328803665
chi2 2534.8418811255224
chi2 1750.7678461412845
chi2 58.89915249236555
chi2 1985.5345751376983
chi2 15535.043785663229
chi2 46.22600390178616
chi2 526.031025389119
chi2 325.65447344137766
chi2 1796.991716802528
chi2 6366.486193539993
chi2 1892.0833995800986
chi2 2057.3685747652585
chi2 1750.7979227358278
chi2 859.9416852007593
chi2 19664.773184147383
chi2 2140.5196386085804
chi2 48365.86484521128
chi2 1892.8584686183747
chi2 17199.141280212134
chi2 29671.116523254626
chi2 17732.954700489965
chi2 3945.9733382494114
chi2 606.6398637279751
chi2 187.37353956185044
chi2 15281.403857813139
chi2 0.9870921703587301
chi2 10280.45050456234
chi2 11043.25833110932
chi2 8691.878233089312
chi2 2300.0416056671847
chi2 1702.5359257704808
chi2 2135.763852090914
chi2 1295.518652269408
chi2 1.2088222045556678
chi2 6108.019718143118
chi2 14562.13400329315
chi2 1366.8326755412918
chi2 3495.24897909253
chi2 56.72937215797944
chi2 335.89775444584586
chi2 411.7069446819839
chi2 45035.358811585844
chi2 52910.07939984735
chi2 24358.69857680213
chi2 33357.43638644585
chi2 20560.444300169296
chi2 18909.880192097877
chi2 2199.403711615566
chi2 146.29492598265406
chi2 4659.481254425326
chi2 118.72069635252495
chi2 355.7566241090886
chi2 568.951369898233
chi2 59.729241259297204
chi2 6200.85763242312
chi2 4401.049357842397
chi2 16.781599725570864
chi2 3.4200385989356388
chi2 2237.8582657731677
chi2 18075.799793790426
chi2 6040.3906092509815
chi2 2360.4627936481384
chi2 621.4766628390706
chi2 4625.268304399442
chi2 4320.577734951233
chi2 2475.315196649662
chi2 895.809242301512
chi2 556.9010111514922
chi2 423.88314427472545
chi2 2272.9527518940013
chi2 815.3056520321579
chi2 1164.3269919939787
chi2 1709.8318788313147
chi2 516.278286784801
chi2 2222.0564500220917
chi2 1.5799287391669394
chi2 564.403245981963
chi2 1016.0174986978606
chi2 76.48889606531186
chi2 2017.9186157249228
chi2 14.50101026599126
chi2 1790.005011691039
chi2 574.6157098654644
chi2 1050.2162891183752
chi2 77.19162414541532
chi2 19736.40427617424
chi2 6978.06348424391
chi2 376.8840864039594
chi2 6844.302684998898
chi2 3533.1003359427004
chi2 6541.953810278442
chi2 4847.17289488647
chi2 3621.631544143464
chi2 1660.7406692797801
chi2 233.08668956561718
chi2 6331.248468443906
chi2 3519.5056170007424
chi2 5391.551329471924
chi2 4790.220873239404
chi2 1022.797065821145
chi2 3972.5188644901955
chi2 30375.867029332047
chi2 1154.425556440248
chi2 9672.325947827056
chi2 3692.93039913395
chi2 3011.886932244112
chi2 288.73269271649224
chi2 6883.031620271869
chi2 1980.3726274135001
chi2 1399.9164417123663
chi2 4011.9525551390684
chi2 36.72490335974017
chi2 1026.476640673299
chi2 452.03560656756366
chi2 9008.996018142181
chi2 291.4101746763485
chi2 282.21342048721004
chi2 2057.666681193737
chi2 6672.1422958356725
chi2 231.9361778831112
chi2 4679.627978529195
chi2 2334.728664705118
chi2 49.069905697707014
chi2 2003.6502819978582
chi2 2761.301710600093
chi2 1904.754846781448
chi2 3603.9110513227242
chi2 4180.205270520129
chi2 7810.4265263862335
chi2 7306.6147760914
chi2 36053.67985922092
chi2 9306.266661164374
chi2 28395.38751371574
chi2 17113.075901890472
chi2 28901.79542602609
chi2 10720.297745469245
chi2 16677.84888477632
chi2 2882.0836775421462
chi2 9489.134511333514
chi2 1046.6784242445037
chi2 2011.2734724024638
chi2 6635.024896124767
chi2 24872.5383642775
chi2 21081.268911661577
chi2 20371.421389779778
chi2 6427.808708995169
chi2 1379.860019125984
chi2 6799.993565163844
chi2 6175.677010735321
chi2 3727.6974656269604
chi2 8372.555887161314
chi2 27.983175258443886
chi2 11130.76853283355
chi2 13452.076272278326
chi2 14271.653183829787
chi2 17.178284399609122
chi2 579.4731759143415
chi2 2383.813819085478
chi2 1048.8812726054048
chi2 22604.52489477817
chi2 35902.37326480811
chi2 12166.018627281464
chi2 28029.92229711316
chi2 39469.01952271462
chi2 564.0073344020683
chi2 5606.416495822674
chi2 340.0810166446088
chi2 3749.8121710442183
chi2 3090.178477843615
chi2 3979.1146980578715
chi2 1.8913649832625006
chi2 2812.179961227233
chi2 206.97722336802332
chi2 3459.7457301341783
chi2 5112.890122081307
chi2 130.47717768497066
chi2 2037.3487708042728
chi2 3534.4270416845006
chi2 3335.271518713637
chi2 6447.22895360377
chi2 3151.744716528088
chi2 1061.6279809513749
chi2 6618.239007664112
chi2 4794.43367317064
chi2 2054.7441256730995
chi2 986.6486727251539
chi2 1632.564425674425
chi2 71.6727273880509
chi2 258.69065850480973
chi2 459.0164105443918
chi2 275.21512963615265
chi2 166.24883064974574
chi2 70.10316135193196
chi2 1116.6056897861138
chi2 5.372417278423445
chi2 584.165356983375
chi2 913.7147052198391
chi2 2850.6431271312176
chi2 3094.7283015089674
chi2 1.1254246653853661
chi2 373.33722398125104
chi2 640.3367489869333
chi2 3781.5462693636296
chi2 1017.5615718622922
chi2 378.1815673963542
chi2 3067.617897565865
