 [INFO   ] (2019-09-07 19:13:01) py-initexit             : -v flag specified on command line: extra verbose output
 [DEBUG  ] (2019-09-07 19:13:01) py-rc                   : reading rcfile config.rc ...
 [INFO   ] (2019-09-07 19:13:01) py-initexit             : DA Cycle rc-file (config.rc) loaded successfully
 [DEBUG  ] (2019-09-07 19:13:01) py-initexit             : DA Cycle settings have been validated succesfully
 [DEBUG  ] (2019-09-07 19:13:01) py-rc                   : reading rcfile da/rc/carbontracker_cosmo.rc ...
 [DEBUG  ] (2019-09-07 19:13:01) py-rc                   : Added rootdir to requested include: da/rc/NamingScheme.wp_Mar2011.rc
 [DEBUG  ] (2019-09-07 19:13:01) py-dasystem             : DA System Info rc-file (da/rc/carbontracker_cosmo.rc) loaded successfully
 [DEBUG  ] (2019-09-07 19:13:01) py-dasystem             : Data Assimilation System initialized: CarbonTracker CO2
 [INFO   ] (2019-09-07 19:13:01) py-observationoperator_cosmo : Observation Operator object initialized: ObservationOperator
 [INFO   ] (2019-09-07 19:13:01) py-obs                  : Observations object initialized: Observations baseclass
 [INFO   ] (2019-09-07 19:13:01) py-statevector_mean     : Statevector object initialized: Baseclass Statevector 
 [INFO   ] (2019-09-07 19:13:01) py-base_optimizer       : Optimizer object initialized: Optimizer baseclass
 [INFO   ] (2019-09-07 19:13:01) py-cosmo                : 

    ***************************************   Entering Pipeline     *************************************** 
  
 [INFO   ] (2019-09-07 19:13:01) py-pipeline             : 

    ***************************************   Initializing current cycle    *************************************** 
  
 [DEBUG  ] (2019-09-07 19:13:01) py-dasystem             : DA System Info settings have been validated succesfully
 [INFO   ] (2019-09-07 19:13:01) py-initexit             : Restarting filter from previous step
 [DEBUG  ] (2019-09-07 19:13:01) py-general              : Using existing directory /scratch/snx3000/parsenov/real
 [DEBUG  ] (2019-09-07 19:13:01) py-general              : Using existing directory /scratch/snx3000/parsenov/real/exec
 [DEBUG  ] (2019-09-07 19:13:01) py-general              : Using existing directory /scratch/snx3000/parsenov/real/input
 [DEBUG  ] (2019-09-07 19:13:01) py-general              : Using existing directory /scratch/snx3000/parsenov/real/output/20190308
 [DEBUG  ] (2019-09-07 19:13:01) py-general              : Using existing directory /scratch/snx3000/parsenov/real/analysis
 [DEBUG  ] (2019-09-07 19:13:01) py-general              : Using existing directory /scratch/snx3000/parsenov/real/jobs
 [DEBUG  ] (2019-09-07 19:13:01) py-general              : Using existing directory /scratch/snx3000/parsenov/real/restart
 [INFO   ] (2019-09-07 19:13:01) py-initexit             : Succesfully created the file structure for the assimilation job
 [INFO   ] (2019-09-07 19:13:01) py-initexit             : Retrieved the random seed generator values of last cycle from file
 [INFO   ] (2019-09-07 19:13:01) py-initexit             : ===============================================================
 [INFO   ] (2019-09-07 19:13:01) py-initexit             : DA Cycle start date is 2019-03-08 00:00
 [INFO   ] (2019-09-07 19:13:01) py-initexit             : DA Cycle end date is 2019-03-14 23:00
 [INFO   ] (2019-09-07 19:13:01) py-initexit             : DA Cycle final date is 2019-03-14 23:00
 [INFO   ] (2019-09-07 19:13:01) py-initexit             : DA Cycle cycle length is 7
 [INFO   ] (2019-09-07 19:13:01) py-initexit             : DA Cycle restart is True
 [INFO   ] (2019-09-07 19:13:01) py-initexit             : ===============================================================
 [DEBUG  ] (2019-09-07 19:13:02) py-statevector_mean     : A TransCom  map on 1x1 degree was read from file /store/empa/em05/parsenov/CTDAS/ctdas-cosmo/da/analysis/cosmo_9_reg_mittel_4.nc
 [DEBUG  ] (2019-09-07 19:13:02) py-statevector_mean     : A parameter map on 1x1 degree was read from file /store/empa/em05/parsenov/CTDAS/ctdas-cosmo/da/analysis/cosmo_9_reg_mittel_4.nc
 [DEBUG  ] (2019-09-07 19:13:02) py-statevector_mean     : A dictionary to map grids to states and vice versa was created
 [DEBUG  ] (2019-09-07 19:13:02) py-statevector_mean     : A matrix to map states to TransCom regions and vice versa was created
 [DEBUG  ] (2019-09-07 19:13:02) py-statevector_mean     : A species mask was created, only the following species are recognized in this system:
 [DEBUG  ] (2019-09-07 19:13:02) py-statevector_mean     :    ->    co2
 [INFO   ] (2019-09-07 19:13:02) py-pipeline             : 

    ***************************************   starting prepare_state    *************************************** 
  
 [INFO   ] (2019-09-07 19:13:02) py-statevector_mean     : Successfully read the State Vector from file (/scratch/snx3000/parsenov/real/restart/savestate_20190301.nc) 
 [DEBUG  ] (2019-09-07 19:13:02) py-statevector_mean     : Cholesky decomposition has succeeded 
 [INFO   ] (2019-09-07 19:13:02) py-statevector_mean     : Appr. degrees of freedom in covariance matrix is 3
 [DEBUG  ] (2019-09-07 19:13:02) py-statevector_mean     : 21 new ensemble members were added to the state vector # 2
 [INFO   ] (2019-09-07 19:13:02) py-statevector_mean     : The state vector has been propagated by one cycle
 [DEBUG  ] (2019-09-07 19:13:02) py-statevector_mean     : Creating new StateVector output file (/scratch/snx3000/parsenov/real/restart/savestate_20190308.nc)
 [INFO   ] (2019-09-07 19:13:02) py-statevector_mean     : Successfully wrote the State Vector to file (/scratch/snx3000/parsenov/real/restart/savestate_20190308.nc) 
 [INFO   ] (2019-09-07 19:13:02) py-pipeline             : 

    ***************************************   starting sample_state    *************************************** 
  
 [INFO   ] (2019-09-07 19:13:02) py-pipeline             : Sampling model will be run over 2 cycles
 [INFO   ] (2019-09-07 19:13:02) py-pipeline             : 

    ***************************************   .....Ensemble Kalman Filter at lag 1
 [INFO   ] (2019-09-07 19:13:02) py-pipeline             : New simulation interval set : 
 [INFO   ] (2019-09-07 19:13:02) py-pipeline             :                   start date : 2019-03-08 00:00 
 [INFO   ] (2019-09-07 19:13:02) py-pipeline             :                   end   date : 2019-03-14 23:00 
 [INFO   ] (2019-09-07 19:13:02) py-pipeline             :                   file  stamp: 2019030800_2019031423 
 [DEBUG  ] (2019-09-07 19:13:04) py-observations_cosmo   : ObsPack dataset info read, proceeding with 22 netcdf files
 [DEBUG  ] (2019-09-07 19:13:04) py-observations_cosmo   : Added 7 observations from file (ALBS) to the Data list
 [DEBUG  ] (2019-09-07 19:13:04) py-observations_cosmo   : Added 7 observations from file (BNTG) to the Data list
 [DEBUG  ] (2019-09-07 19:13:04) py-observations_cosmo   : Added 7 observations from file (BRM) to the Data list
 [DEBUG  ] (2019-09-07 19:13:04) py-observations_cosmo   : Added 7 observations from file (CHRI) to the Data list
 [DEBUG  ] (2019-09-07 19:13:04) py-observations_cosmo   : Added 7 observations from file (DUE1) to the Data list
 [DEBUG  ] (2019-09-07 19:13:04) py-observations_cosmo   : Added 7 observations from file (ESMO) to the Data list
 [DEBUG  ] (2019-09-07 19:13:04) py-observations_cosmo   : Added 7 observations from file (FROB) to the Data list
 [DEBUG  ] (2019-09-07 19:13:04) py-observations_cosmo   : Added 7 observations from file (GIMM) to the Data list
 [DEBUG  ] (2019-09-07 19:13:04) py-observations_cosmo   : Added 7 observations from file (HAE) to the Data list
 [DEBUG  ] (2019-09-07 19:13:04) py-observations_cosmo   : Added 7 observations from file (LAEG) to the Data list
 [DEBUG  ] (2019-09-07 19:13:04) py-observations_cosmo   : Added 7 observations from file (MAGN) to the Data list
 [DEBUG  ] (2019-09-07 19:13:04) py-observations_cosmo   : Added 7 observations from file (PAYN) to the Data list
 [DEBUG  ] (2019-09-07 19:13:04) py-observations_cosmo   : Added 7 observations from file (RECK) to the Data list
 [DEBUG  ] (2019-09-07 19:13:04) py-observations_cosmo   : Added 7 observations from file (RIG) to the Data list
 [DEBUG  ] (2019-09-07 19:13:04) py-observations_cosmo   : Added 7 observations from file (SAVE) to the Data list
 [DEBUG  ] (2019-09-07 19:13:04) py-observations_cosmo   : Added 7 observations from file (SEMP) to the Data list
 [DEBUG  ] (2019-09-07 19:13:04) py-observations_cosmo   : Added 7 observations from file (SOTT) to the Data list
 [DEBUG  ] (2019-09-07 19:13:04) py-observations_cosmo   : Added 7 observations from file (SSAL) to the Data list
 [DEBUG  ] (2019-09-07 19:13:04) py-observations_cosmo   : Added 7 observations from file (TAEN) to the Data list
 [DEBUG  ] (2019-09-07 19:13:04) py-observations_cosmo   : Added 7 observations from file (ZHBR) to the Data list
 [DEBUG  ] (2019-09-07 19:13:04) py-observations_cosmo   : Added 7 observations from file (ZSCH) to the Data list
 [DEBUG  ] (2019-09-07 19:13:04) py-observations_cosmo   : Added 7 observations from file (ZUE) to the Data list
 [INFO   ] (2019-09-07 19:13:04) py-observations_cosmo   : Observations list now holds 154 values
 [DEBUG  ] (2019-09-07 19:13:04) py-rc                   : reading rcfile /store/empa/em05/parsenov/ch_obs/sites_weights_ctdas.rc ...
 [DEBUG  ] (2019-09-07 19:13:04) py-observations_cosmo   : Model-data mismatch rejection threshold: 3 
 [WARNING] (2019-09-07 19:13:04) py-observations_cosmo   : Model-data mismatch scaling factor     : 1.000000 
 [DEBUG  ] (2019-09-07 19:13:04) py-observations_cosmo   : Model-data mismatch site categories    : 8 
 [DEBUG  ] (2019-09-07 19:13:04) py-observations_cosmo   : Model-data mismatch active sites       : 22 
 [DEBUG  ] (2019-09-07 19:13:04) py-observations_cosmo   : Model-data mismatch moved sites        : 0 
 [DEBUG  ] (2019-09-07 19:13:04) py-observations_cosmo   : Creating new observations file for ObservationOperator (/scratch/snx3000/parsenov/real/input/sample_coordinates_2019030800_2019031423.nc)
 [DEBUG  ] (2019-09-07 19:13:04) py-observations_cosmo   : Successfully wrote data to obs file
 [INFO   ] (2019-09-07 19:13:04) py-observations_cosmo   : Sample input file for obs operator now in place [/scratch/snx3000/parsenov/real/input/sample_coordinates_2019030800_2019031423.nc]
 [DEBUG  ] (2019-09-07 19:13:04) py-observationoperator_cosmo : Creating new simulated observation file in ObservationOperator (/scratch/snx3000/parsenov/real/output/20190308/samples_simulated.2019030800_2019031423.nc)
 [INFO   ] (2019-09-07 19:13:04) py-observationoperator_cosmo : Starting COSMO
Starting chain for case real, using COSMO
Starting run with starttime 2019-03-08 00:00:00
Process "meteo" for chain "2019030100_168_336"
Process "icbc" for chain "2019030100_168_336"
Process "int2lm" for chain "2019030100_168_336"
Submitted batch job 16652842
Process "post_int2lm" for chain "2019030100_168_336"
Process "oae" for chain "2019030100_168_336"
Process "octe" for chain "2019030100_168_336"
Lambda-values for bg:
 [1.0191932, 1.0194241, 1.0192133, 1.0186839, 1.0187721, 1.018843, 1.0187256, 1.0183908, 1.0188267, 1.0192751, 1.0198185, 1.0199087, 1.0186548, 1.0201432, 1.0185921, 1.0182536, 1.0191573, 1.0198114, 1.019435, 1.0184209, 1.0192064]
Process "online_vprm" for chain "2019030100_168_336"
Process "cosmo" for chain "2019030100_168_336"
Submitted batch job 16657048
>>> finished chain for good or bad! <<<
 [INFO   ] (2019-09-08 05:50:10) py-observationoperator_cosmo : COSMO done!
 [INFO   ] (2019-09-08 05:50:33) py-observationoperator_cosmo : Starting parallel extraction \m/
IO Class CT_HDF not compiled, no HDF support!!!
IO Class CT_HDF not compiled, no HDF support!!!
 [INFO   ] (2019-09-08 06:03:02) py-observationoperator_cosmo : Finished parallel extraction \m/
 [INFO   ] (2019-09-08 06:03:17) py-observationoperator_cosmo : ObservationOperator finished successfully, output file written (/scratch/snx3000/parsenov/real/output/20190308/samples_simulated.2019030800_2019031423.nc)
 [INFO   ] (2019-09-08 06:03:17) py-observations_cosmo   : Successfully read data from model sample file (/scratch/snx3000/parsenov/real/output/20190308/samples_simulated.2019030800_2019031423.nc)
 [DEBUG  ] (2019-09-08 06:03:17) py-observations_cosmo   : Added 154 simulated values to the Data list
 [DEBUG  ] (2019-09-08 06:03:17) py-pipeline             : statevector now carries 0 samples
 [INFO   ] (2019-09-08 06:03:17) py-pipeline             : 

    ***************************************   .....Ensemble Kalman Filter at lag 2
 [INFO   ] (2019-09-08 06:03:17) py-pipeline             : New simulation interval set : 
 [INFO   ] (2019-09-08 06:03:17) py-pipeline             :                   start date : 2019-03-15 00:00 
 [INFO   ] (2019-09-08 06:03:17) py-pipeline             :                   end   date : 2019-03-21 23:00 
 [INFO   ] (2019-09-08 06:03:17) py-pipeline             :                   file  stamp: 2019031500_2019032123 
 [DEBUG  ] (2019-09-08 06:03:19) py-observations_cosmo   : ObsPack dataset info read, proceeding with 22 netcdf files
 [DEBUG  ] (2019-09-08 06:03:19) py-observations_cosmo   : Added 7 observations from file (ALBS) to the Data list
 [DEBUG  ] (2019-09-08 06:03:19) py-observations_cosmo   : Added 7 observations from file (BNTG) to the Data list
 [DEBUG  ] (2019-09-08 06:03:19) py-observations_cosmo   : Added 7 observations from file (BRM) to the Data list
 [DEBUG  ] (2019-09-08 06:03:19) py-observations_cosmo   : Added 7 observations from file (CHRI) to the Data list
 [DEBUG  ] (2019-09-08 06:03:19) py-observations_cosmo   : Added 7 observations from file (DUE1) to the Data list
 [DEBUG  ] (2019-09-08 06:03:19) py-observations_cosmo   : Added 7 observations from file (ESMO) to the Data list
 [DEBUG  ] (2019-09-08 06:03:19) py-observations_cosmo   : Added 7 observations from file (FROB) to the Data list
 [DEBUG  ] (2019-09-08 06:03:19) py-observations_cosmo   : Added 7 observations from file (GIMM) to the Data list
 [DEBUG  ] (2019-09-08 06:03:19) py-observations_cosmo   : Added 7 observations from file (HAE) to the Data list
 [DEBUG  ] (2019-09-08 06:03:19) py-observations_cosmo   : Added 7 observations from file (LAEG) to the Data list
 [DEBUG  ] (2019-09-08 06:03:19) py-observations_cosmo   : Added 7 observations from file (MAGN) to the Data list
 [DEBUG  ] (2019-09-08 06:03:19) py-observations_cosmo   : Added 7 observations from file (PAYN) to the Data list
 [DEBUG  ] (2019-09-08 06:03:19) py-observations_cosmo   : Added 7 observations from file (RECK) to the Data list
 [DEBUG  ] (2019-09-08 06:03:19) py-observations_cosmo   : Added 7 observations from file (RIG) to the Data list
 [DEBUG  ] (2019-09-08 06:03:19) py-observations_cosmo   : Added 7 observations from file (SAVE) to the Data list
 [DEBUG  ] (2019-09-08 06:03:19) py-observations_cosmo   : Added 7 observations from file (SEMP) to the Data list
 [DEBUG  ] (2019-09-08 06:03:19) py-observations_cosmo   : Added 7 observations from file (SOTT) to the Data list
 [DEBUG  ] (2019-09-08 06:03:19) py-observations_cosmo   : Added 7 observations from file (SSAL) to the Data list
 [DEBUG  ] (2019-09-08 06:03:19) py-observations_cosmo   : Added 7 observations from file (TAEN) to the Data list
 [DEBUG  ] (2019-09-08 06:03:19) py-observations_cosmo   : Added 7 observations from file (ZHBR) to the Data list
 [DEBUG  ] (2019-09-08 06:03:19) py-observations_cosmo   : Added 7 observations from file (ZSCH) to the Data list
 [DEBUG  ] (2019-09-08 06:03:19) py-observations_cosmo   : Added 7 observations from file (ZUE) to the Data list
 [INFO   ] (2019-09-08 06:03:19) py-observations_cosmo   : Observations list now holds 154 values
 [DEBUG  ] (2019-09-08 06:03:19) py-rc                   : reading rcfile /store/empa/em05/parsenov/ch_obs/sites_weights_ctdas.rc ...
 [DEBUG  ] (2019-09-08 06:03:19) py-observations_cosmo   : Model-data mismatch rejection threshold: 3 
 [WARNING] (2019-09-08 06:03:19) py-observations_cosmo   : Model-data mismatch scaling factor     : 1.000000 
 [DEBUG  ] (2019-09-08 06:03:19) py-observations_cosmo   : Model-data mismatch site categories    : 8 
 [DEBUG  ] (2019-09-08 06:03:19) py-observations_cosmo   : Model-data mismatch active sites       : 22 
 [DEBUG  ] (2019-09-08 06:03:19) py-observations_cosmo   : Model-data mismatch moved sites        : 0 
 [DEBUG  ] (2019-09-08 06:03:19) py-observations_cosmo   : Creating new observations file for ObservationOperator (/scratch/snx3000/parsenov/real/input/sample_coordinates_2019031500_2019032123.nc)
 [DEBUG  ] (2019-09-08 06:03:19) py-observations_cosmo   : Successfully wrote data to obs file
 [INFO   ] (2019-09-08 06:03:19) py-observations_cosmo   : Sample input file for obs operator now in place [/scratch/snx3000/parsenov/real/input/sample_coordinates_2019031500_2019032123.nc]
 [DEBUG  ] (2019-09-08 06:03:19) py-observationoperator_cosmo : Creating new simulated observation file in ObservationOperator (/scratch/snx3000/parsenov/real/output/20190308/samples_simulated.2019031500_2019032123.nc)
 [INFO   ] (2019-09-08 06:03:19) py-observationoperator_cosmo : Starting COSMO
Starting chain for case real, using COSMO
Starting run with starttime 2019-03-15 00:00:00
Process "meteo" for chain "2019030100_336_504"
Process "icbc" for chain "2019030100_336_504"
Process "int2lm" for chain "2019030100_336_504"
Submitted batch job 16664868
Process "post_int2lm" for chain "2019030100_336_504"
Process "oae" for chain "2019030100_336_504"
Process "octe" for chain "2019030100_336_504"
Lambda-values for bg:
 [1.0191932, 1.0197059, 0.97184676, 1.0559602, 0.9947487, 1.0897144, 0.9757384, 1.0003893, 1.1238117, 1.0693518, 0.89770955, 1.0386797, 1.0051185, 1.1161683, 1.0369054, 1.0002942, 1.0594425, 0.94245774, 0.9878187, 1.0356506, 1.1241659]
Process "online_vprm" for chain "2019030100_336_504"
Process "cosmo" for chain "2019030100_336_504"
Submitted batch job 16665744
sbatch: error: Currently unable to load job state information, retrying: Socket timed out on send/recv operation
sbatch: error: Currently unable to load job state information, retrying: Socket timed out on send/recv operation
sbatch: error: Currently unable to load job state information, retrying: Socket timed out on send/recv operation
>>> finished chain for good or bad! <<<
 [INFO   ] (2019-09-08 15:49:15) py-observationoperator_cosmo : COSMO done!
 [INFO   ] (2019-09-08 15:49:39) py-observationoperator_cosmo : Starting parallel extraction \m/
 [INFO   ] (2019-09-08 16:02:15) py-observationoperator_cosmo : Finished parallel extraction \m/
 [INFO   ] (2019-09-08 16:02:31) py-observationoperator_cosmo : ObservationOperator finished successfully, output file written (/scratch/snx3000/parsenov/real/output/20190308/samples_simulated.2019031500_2019032123.nc)
 [INFO   ] (2019-09-08 16:02:31) py-observations_cosmo   : Successfully read data from model sample file (/scratch/snx3000/parsenov/real/output/20190308/samples_simulated.2019031500_2019032123.nc)
 [DEBUG  ] (2019-09-08 16:02:31) py-observations_cosmo   : Added 154 simulated values to the Data list
 [DEBUG  ] (2019-09-08 16:02:31) py-pipeline             : Added samples from the observation operator to the assimilated obs list in the statevector
 [DEBUG  ] (2019-09-08 16:02:31) py-pipeline             : statevector now carries 154 samples
 [INFO   ] (2019-09-08 16:02:31) py-pipeline             : 

    ***************************************   starting invert    *************************************** 
  
 [INFO   ] (2019-09-08 16:02:31) py-pipeline             : There was no minimum least squares algorithm specified in the DA System rc file (key : opt.algorithm)
 [INFO   ] (2019-09-08 16:02:31) py-pipeline             : ...using serial algorithm as default...
 [INFO   ] (2019-09-08 16:02:31) py-optimizer            : Current minimum least squares algorithm is set to Serial
 [DEBUG  ] (2019-09-08 16:02:31) py-base_optimizer       : Creating new diagnostics file for optimizer (/scratch/snx3000/parsenov/real/output/20190308/optimizer.20190308.nc)
 [DEBUG  ] (2019-09-08 16:02:31) py-base_optimizer       : Diagnostics file closed
 [INFO   ] (2019-09-08 16:02:31) py-optimizer            : Current localization option is set to None
 [DEBUG  ] (2019-09-08 16:02:31) py-base_optimizer       : BIAS observations - model = -2.018985
 [DEBUG  ] (2019-09-08 16:02:31) py-base_optimizer       : Proceeding to assimilate observation ALBS, 1410
 [DEBUG  ] (2019-09-08 16:02:31) py-base_optimizer       : Trying to localize observation ALBS, 1410
 [DEBUG  ] (2019-09-08 16:02:31) py-optimizer            : Not localized observation 1410
 [DEBUG  ] (2019-09-08 16:02:31) py-base_optimizer       : Proceeding to assimilate observation ALBS, 1411
 [DEBUG  ] (2019-09-08 16:02:31) py-base_optimizer       : Trying to localize observation ALBS, 1411
 [DEBUG  ] (2019-09-08 16:02:31) py-optimizer            : Not localized observation 1411
 [DEBUG  ] (2019-09-08 16:02:31) py-base_optimizer       : Proceeding to assimilate observation ALBS, 1412
 [DEBUG  ] (2019-09-08 16:02:31) py-base_optimizer       : Trying to localize observation ALBS, 1412
 [DEBUG  ] (2019-09-08 16:02:31) py-optimizer            : Not localized observation 1412
 [DEBUG  ] (2019-09-08 16:02:31) py-base_optimizer       : Proceeding to assimilate observation ALBS, 1413
 [DEBUG  ] (2019-09-08 16:02:31) py-base_optimizer       : Trying to localize observation ALBS, 1413
 [DEBUG  ] (2019-09-08 16:02:31) py-optimizer            : Not localized observation 1413
 [DEBUG  ] (2019-09-08 16:02:31) py-base_optimizer       : Proceeding to assimilate observation ALBS, 1414
 [DEBUG  ] (2019-09-08 16:02:31) py-base_optimizer       : Trying to localize observation ALBS, 1414
 [DEBUG  ] (2019-09-08 16:02:31) py-optimizer            : Not localized observation 1414
 [DEBUG  ] (2019-09-08 16:02:31) py-base_optimizer       : Skipping observation (ALBS,1415) because of flag value 2
 [DEBUG  ] (2019-09-08 16:02:31) py-base_optimizer       : Skipping observation (ALBS,1416) because of flag value 2
 [DEBUG  ] (2019-09-08 16:02:31) py-base_optimizer       : Proceeding to assimilate observation BNTG, 3921
 [DEBUG  ] (2019-09-08 16:02:31) py-base_optimizer       : Trying to localize observation BNTG, 3921
 [DEBUG  ] (2019-09-08 16:02:31) py-optimizer            : Not localized observation 3921
 [DEBUG  ] (2019-09-08 16:02:31) py-base_optimizer       : Proceeding to assimilate observation BNTG, 3922
 [DEBUG  ] (2019-09-08 16:02:31) py-base_optimizer       : Trying to localize observation BNTG, 3922
 [DEBUG  ] (2019-09-08 16:02:31) py-optimizer            : Not localized observation 3922
 [DEBUG  ] (2019-09-08 16:02:31) py-base_optimizer       : Proceeding to assimilate observation BNTG, 3923
 [DEBUG  ] (2019-09-08 16:02:31) py-base_optimizer       : Trying to localize observation BNTG, 3923
 [DEBUG  ] (2019-09-08 16:02:31) py-optimizer            : Not localized observation 3923
 [DEBUG  ] (2019-09-08 16:02:31) py-base_optimizer       : Proceeding to assimilate observation BNTG, 3924
 [DEBUG  ] (2019-09-08 16:02:31) py-base_optimizer       : Trying to localize observation BNTG, 3924
 [DEBUG  ] (2019-09-08 16:02:31) py-optimizer            : Not localized observation 3924
 [DEBUG  ] (2019-09-08 16:02:31) py-base_optimizer       : Proceeding to assimilate observation BNTG, 3925
 [DEBUG  ] (2019-09-08 16:02:31) py-base_optimizer       : Trying to localize observation BNTG, 3925
 [DEBUG  ] (2019-09-08 16:02:31) py-optimizer            : Not localized observation 3925
 [DEBUG  ] (2019-09-08 16:02:31) py-base_optimizer       : Proceeding to assimilate observation BNTG, 3926
 [DEBUG  ] (2019-09-08 16:02:31) py-base_optimizer       : Trying to localize observation BNTG, 3926
 [DEBUG  ] (2019-09-08 16:02:31) py-optimizer            : Not localized observation 3926
 [DEBUG  ] (2019-09-08 16:02:31) py-base_optimizer       : Proceeding to assimilate observation BNTG, 3927
 [DEBUG  ] (2019-09-08 16:02:31) py-base_optimizer       : Trying to localize observation BNTG, 3927
 [DEBUG  ] (2019-09-08 16:02:31) py-optimizer            : Not localized observation 3927
 [DEBUG  ] (2019-09-08 16:02:31) py-base_optimizer       : Proceeding to assimilate observation BRM, 4665
 [DEBUG  ] (2019-09-08 16:02:31) py-base_optimizer       : Not allowed to localize observation BRM, 4665
 [DEBUG  ] (2019-09-08 16:02:31) py-base_optimizer       : Proceeding to assimilate observation BRM, 4666
 [DEBUG  ] (2019-09-08 16:02:31) py-base_optimizer       : Not allowed to localize observation BRM, 4666
 [DEBUG  ] (2019-09-08 16:02:31) py-base_optimizer       : Proceeding to assimilate observation BRM, 4667
 [DEBUG  ] (2019-09-08 16:02:31) py-base_optimizer       : Not allowed to localize observation BRM, 4667
 [DEBUG  ] (2019-09-08 16:02:31) py-base_optimizer       : Proceeding to assimilate observation BRM, 4668
 [DEBUG  ] (2019-09-08 16:02:31) py-base_optimizer       : Not allowed to localize observation BRM, 4668
 [DEBUG  ] (2019-09-08 16:02:31) py-base_optimizer       : Proceeding to assimilate observation BRM, 4669
 [DEBUG  ] (2019-09-08 16:02:31) py-base_optimizer       : Not allowed to localize observation BRM, 4669
 [DEBUG  ] (2019-09-08 16:02:31) py-base_optimizer       : Proceeding to assimilate observation BRM, 4670
 [DEBUG  ] (2019-09-08 16:02:31) py-base_optimizer       : Not allowed to localize observation BRM, 4670
 [DEBUG  ] (2019-09-08 16:02:31) py-base_optimizer       : Skipping observation (BRM,4671) because of flag value 2
 [DEBUG  ] (2019-09-08 16:02:31) py-base_optimizer       : Proceeding to assimilate observation CHRI, 7269
 [DEBUG  ] (2019-09-08 16:02:31) py-base_optimizer       : Trying to localize observation CHRI, 7269
 [DEBUG  ] (2019-09-08 16:02:31) py-optimizer            : Not localized observation 7269
 [DEBUG  ] (2019-09-08 16:02:31) py-base_optimizer       : Proceeding to assimilate observation CHRI, 7270
 [DEBUG  ] (2019-09-08 16:02:31) py-base_optimizer       : Trying to localize observation CHRI, 7270
 [DEBUG  ] (2019-09-08 16:02:31) py-optimizer            : Not localized observation 7270
 [DEBUG  ] (2019-09-08 16:02:31) py-base_optimizer       : Proceeding to assimilate observation CHRI, 7271
 [DEBUG  ] (2019-09-08 16:02:31) py-base_optimizer       : Trying to localize observation CHRI, 7271
 [DEBUG  ] (2019-09-08 16:02:31) py-optimizer            : Not localized observation 7271
 [DEBUG  ] (2019-09-08 16:02:31) py-base_optimizer       : Proceeding to assimilate observation CHRI, 7272
 [DEBUG  ] (2019-09-08 16:02:31) py-base_optimizer       : Trying to localize observation CHRI, 7272
 [DEBUG  ] (2019-09-08 16:02:31) py-optimizer            : Not localized observation 7272
 [DEBUG  ] (2019-09-08 16:02:31) py-base_optimizer       : Proceeding to assimilate observation CHRI, 7273
 [DEBUG  ] (2019-09-08 16:02:31) py-base_optimizer       : Trying to localize observation CHRI, 7273
 [DEBUG  ] (2019-09-08 16:02:31) py-optimizer            : Not localized observation 7273
 [DEBUG  ] (2019-09-08 16:02:31) py-base_optimizer       : Proceeding to assimilate observation CHRI, 7274
 [DEBUG  ] (2019-09-08 16:02:31) py-base_optimizer       : Trying to localize observation CHRI, 7274
 [DEBUG  ] (2019-09-08 16:02:31) py-optimizer            : Not localized observation 7274
 [DEBUG  ] (2019-09-08 16:02:31) py-base_optimizer       : Skipping observation (CHRI,7275) because of flag value 2
 [DEBUG  ] (2019-09-08 16:02:31) py-base_optimizer       : Skipping observation (DUE1,12291) because of flag value 2
 [DEBUG  ] (2019-09-08 16:02:31) py-base_optimizer       : Skipping observation (DUE1,12292) because of flag value 2
 [DEBUG  ] (2019-09-08 16:02:31) py-base_optimizer       : Skipping observation (DUE1,12293) because of flag value 2
 [DEBUG  ] (2019-09-08 16:02:31) py-base_optimizer       : Skipping observation (DUE1,12294) because of flag value 2
 [DEBUG  ] (2019-09-08 16:02:31) py-base_optimizer       : Skipping observation (DUE1,12295) because of flag value 2
 [DEBUG  ] (2019-09-08 16:02:31) py-base_optimizer       : Skipping observation (DUE1,12296) because of flag value 2
 [DEBUG  ] (2019-09-08 16:02:31) py-base_optimizer       : Proceeding to assimilate observation DUE1, 12297
 [DEBUG  ] (2019-09-08 16:02:31) py-base_optimizer       : Not allowed to localize observation DUE1, 12297
 [DEBUG  ] (2019-09-08 16:02:31) py-base_optimizer       : Proceeding to assimilate observation ESMO, 13779
 [DEBUG  ] (2019-09-08 16:02:31) py-base_optimizer       : Trying to localize observation ESMO, 13779
 [DEBUG  ] (2019-09-08 16:02:31) py-optimizer            : Not localized observation 13779
 [DEBUG  ] (2019-09-08 16:02:31) py-base_optimizer       : Proceeding to assimilate observation ESMO, 13780
 [DEBUG  ] (2019-09-08 16:02:31) py-base_optimizer       : Trying to localize observation ESMO, 13780
 [DEBUG  ] (2019-09-08 16:02:31) py-optimizer            : Not localized observation 13780
 [DEBUG  ] (2019-09-08 16:02:31) py-base_optimizer       : Proceeding to assimilate observation ESMO, 13781
 [DEBUG  ] (2019-09-08 16:02:31) py-base_optimizer       : Trying to localize observation ESMO, 13781
 [DEBUG  ] (2019-09-08 16:02:31) py-optimizer            : Not localized observation 13781
 [DEBUG  ] (2019-09-08 16:02:31) py-base_optimizer       : Proceeding to assimilate observation ESMO, 13782
 [DEBUG  ] (2019-09-08 16:02:31) py-base_optimizer       : Trying to localize observation ESMO, 13782
 [DEBUG  ] (2019-09-08 16:02:31) py-optimizer            : Not localized observation 13782
 [DEBUG  ] (2019-09-08 16:02:31) py-base_optimizer       : Proceeding to assimilate observation ESMO, 13783
 [DEBUG  ] (2019-09-08 16:02:31) py-base_optimizer       : Trying to localize observation ESMO, 13783
 [DEBUG  ] (2019-09-08 16:02:31) py-optimizer            : Not localized observation 13783
 [DEBUG  ] (2019-09-08 16:02:31) py-base_optimizer       : Skipping observation (ESMO,13784) because of flag value 2
 [DEBUG  ] (2019-09-08 16:02:31) py-base_optimizer       : Skipping observation (ESMO,13785) because of flag value 2
 [DEBUG  ] (2019-09-08 16:02:31) py-base_optimizer       : Proceeding to assimilate observation FROB, 14988
 [DEBUG  ] (2019-09-08 16:02:31) py-base_optimizer       : Trying to localize observation FROB, 14988
 [DEBUG  ] (2019-09-08 16:02:31) py-optimizer            : Not localized observation 14988
 [DEBUG  ] (2019-09-08 16:02:31) py-base_optimizer       : Proceeding to assimilate observation FROB, 14989
 [DEBUG  ] (2019-09-08 16:02:31) py-base_optimizer       : Trying to localize observation FROB, 14989
 [DEBUG  ] (2019-09-08 16:02:31) py-optimizer            : Not localized observation 14989
 [DEBUG  ] (2019-09-08 16:02:31) py-base_optimizer       : Proceeding to assimilate observation FROB, 14990
 [DEBUG  ] (2019-09-08 16:02:31) py-base_optimizer       : Trying to localize observation FROB, 14990
 [DEBUG  ] (2019-09-08 16:02:31) py-optimizer            : Not localized observation 14990
 [DEBUG  ] (2019-09-08 16:02:31) py-base_optimizer       : Proceeding to assimilate observation FROB, 14991
 [DEBUG  ] (2019-09-08 16:02:31) py-base_optimizer       : Trying to localize observation FROB, 14991
 [DEBUG  ] (2019-09-08 16:02:31) py-optimizer            : Not localized observation 14991
 [DEBUG  ] (2019-09-08 16:02:31) py-base_optimizer       : Proceeding to assimilate observation FROB, 14992
 [DEBUG  ] (2019-09-08 16:02:31) py-base_optimizer       : Trying to localize observation FROB, 14992
 [DEBUG  ] (2019-09-08 16:02:31) py-optimizer            : Not localized observation 14992
 [DEBUG  ] (2019-09-08 16:02:31) py-base_optimizer       : Proceeding to assimilate observation FROB, 14993
 [DEBUG  ] (2019-09-08 16:02:31) py-base_optimizer       : Trying to localize observation FROB, 14993
 [DEBUG  ] (2019-09-08 16:02:31) py-optimizer            : Not localized observation 14993
 [DEBUG  ] (2019-09-08 16:02:31) py-base_optimizer       : Proceeding to assimilate observation FROB, 14994
 [DEBUG  ] (2019-09-08 16:02:31) py-base_optimizer       : Trying to localize observation FROB, 14994
 [DEBUG  ] (2019-09-08 16:02:31) py-optimizer            : Not localized observation 14994
 [DEBUG  ] (2019-09-08 16:02:31) py-base_optimizer       : Proceeding to assimilate observation GIMM, 15732
 [DEBUG  ] (2019-09-08 16:02:31) py-base_optimizer       : Not allowed to localize observation GIMM, 15732
 [DEBUG  ] (2019-09-08 16:02:31) py-base_optimizer       : Skipping observation (GIMM,15733) because of flag value 2
 [DEBUG  ] (2019-09-08 16:02:31) py-base_optimizer       : Proceeding to assimilate observation GIMM, 15734
 [DEBUG  ] (2019-09-08 16:02:31) py-base_optimizer       : Not allowed to localize observation GIMM, 15734
 [DEBUG  ] (2019-09-08 16:02:31) py-base_optimizer       : Proceeding to assimilate observation GIMM, 15735
 [DEBUG  ] (2019-09-08 16:02:31) py-base_optimizer       : Not allowed to localize observation GIMM, 15735
 [DEBUG  ] (2019-09-08 16:02:31) py-base_optimizer       : Proceeding to assimilate observation GIMM, 15736
 [DEBUG  ] (2019-09-08 16:02:31) py-base_optimizer       : Not allowed to localize observation GIMM, 15736
 [DEBUG  ] (2019-09-08 16:02:31) py-base_optimizer       : Skipping observation (GIMM,15737) because of flag value 2
 [DEBUG  ] (2019-09-08 16:02:31) py-base_optimizer       : Skipping observation (GIMM,15738) because of flag value 2
 [DEBUG  ] (2019-09-08 16:02:31) py-base_optimizer       : Skipping observation (HAE,18150) because of flag value 2
 [DEBUG  ] (2019-09-08 16:02:31) py-base_optimizer       : Skipping observation (HAE,18151) because of flag value 2
 [DEBUG  ] (2019-09-08 16:02:31) py-base_optimizer       : Skipping observation (HAE,18152) because of flag value 2
 [DEBUG  ] (2019-09-08 16:02:31) py-base_optimizer       : Skipping observation (HAE,18153) because of flag value 2
 [DEBUG  ] (2019-09-08 16:02:31) py-base_optimizer       : Skipping observation (HAE,18154) because of flag value 2
 [DEBUG  ] (2019-09-08 16:02:31) py-base_optimizer       : Proceeding to assimilate observation HAE, 18155
 [DEBUG  ] (2019-09-08 16:02:31) py-base_optimizer       : Not allowed to localize observation HAE, 18155
 [DEBUG  ] (2019-09-08 16:02:31) py-base_optimizer       : Skipping observation (HAE,18156) because of flag value 2
 [DEBUG  ] (2019-09-08 16:02:31) py-base_optimizer       : Proceeding to assimilate observation LAEG, 21870
 [DEBUG  ] (2019-09-08 16:02:31) py-base_optimizer       : Not allowed to localize observation LAEG, 21870
 [DEBUG  ] (2019-09-08 16:02:31) py-base_optimizer       : Skipping observation (LAEG,21871) because of flag value 2
 [DEBUG  ] (2019-09-08 16:02:31) py-base_optimizer       : Proceeding to assimilate observation LAEG, 21872
 [DEBUG  ] (2019-09-08 16:02:31) py-base_optimizer       : Not allowed to localize observation LAEG, 21872
 [DEBUG  ] (2019-09-08 16:02:31) py-base_optimizer       : Skipping observation (LAEG,21873) because of flag value 2
 [DEBUG  ] (2019-09-08 16:02:31) py-base_optimizer       : Proceeding to assimilate observation LAEG, 21874
 [DEBUG  ] (2019-09-08 16:02:31) py-base_optimizer       : Not allowed to localize observation LAEG, 21874
 [DEBUG  ] (2019-09-08 16:02:31) py-base_optimizer       : Proceeding to assimilate observation LAEG, 21875
 [DEBUG  ] (2019-09-08 16:02:31) py-base_optimizer       : Not allowed to localize observation LAEG, 21875
 [DEBUG  ] (2019-09-08 16:02:31) py-base_optimizer       : Skipping observation (LAEG,21876) because of flag value 2
 [DEBUG  ] (2019-09-08 16:02:31) py-base_optimizer       : Skipping observation (MAGN,23730) because of flag value 2
 [DEBUG  ] (2019-09-08 16:02:31) py-base_optimizer       : Skipping observation (MAGN,23731) because of flag value 2
 [DEBUG  ] (2019-09-08 16:02:31) py-base_optimizer       : Skipping observation (MAGN,23732) because of flag value 2
 [DEBUG  ] (2019-09-08 16:02:31) py-base_optimizer       : Skipping observation (MAGN,23733) because of flag value 2
 [DEBUG  ] (2019-09-08 16:02:31) py-base_optimizer       : Skipping observation (MAGN,23734) because of flag value 2
 [DEBUG  ] (2019-09-08 16:02:31) py-base_optimizer       : Skipping observation (MAGN,23735) because of flag value 2
 [DEBUG  ] (2019-09-08 16:02:31) py-base_optimizer       : Skipping observation (MAGN,23736) because of flag value 2
 [DEBUG  ] (2019-09-08 16:02:31) py-base_optimizer       : Skipping observation (PAYN,28845) because of flag value 2
 [DEBUG  ] (2019-09-08 16:02:31) py-base_optimizer       : Skipping observation (PAYN,28846) because of flag value 2
 [DEBUG  ] (2019-09-08 16:02:31) py-base_optimizer       : Skipping observation (PAYN,28847) because of flag value 2
 [DEBUG  ] (2019-09-08 16:02:31) py-base_optimizer       : Skipping observation (PAYN,28848) because of flag value 2
 [DEBUG  ] (2019-09-08 16:02:31) py-base_optimizer       : Skipping observation (PAYN,28849) because of flag value 2
 [DEBUG  ] (2019-09-08 16:02:31) py-base_optimizer       : Skipping observation (PAYN,28850) because of flag value 2
 [DEBUG  ] (2019-09-08 16:02:31) py-base_optimizer       : Skipping observation (PAYN,28851) because of flag value 2
 [DEBUG  ] (2019-09-08 16:02:31) py-base_optimizer       : Skipping observation (RECK,30426) because of flag value 2
 [DEBUG  ] (2019-09-08 16:02:31) py-base_optimizer       : Proceeding to assimilate observation RECK, 30427
 [DEBUG  ] (2019-09-08 16:02:31) py-base_optimizer       : Trying to localize observation RECK, 30427
 [DEBUG  ] (2019-09-08 16:02:31) py-optimizer            : Not localized observation 30427
 [DEBUG  ] (2019-09-08 16:02:31) py-base_optimizer       : Skipping observation (RECK,30428) because of flag value 2
 [DEBUG  ] (2019-09-08 16:02:31) py-base_optimizer       : Proceeding to assimilate observation RECK, 30429
 [DEBUG  ] (2019-09-08 16:02:31) py-base_optimizer       : Trying to localize observation RECK, 30429
 [DEBUG  ] (2019-09-08 16:02:31) py-optimizer            : Not localized observation 30429
 [DEBUG  ] (2019-09-08 16:02:31) py-base_optimizer       : Skipping observation (RECK,30430) because of flag value 2
 [DEBUG  ] (2019-09-08 16:02:31) py-base_optimizer       : Proceeding to assimilate observation RECK, 30431
 [DEBUG  ] (2019-09-08 16:02:31) py-base_optimizer       : Trying to localize observation RECK, 30431
 [DEBUG  ] (2019-09-08 16:02:31) py-optimizer            : Not localized observation 30431
 [DEBUG  ] (2019-09-08 16:02:31) py-base_optimizer       : Proceeding to assimilate observation RECK, 30432
 [DEBUG  ] (2019-09-08 16:02:31) py-base_optimizer       : Trying to localize observation RECK, 30432
 [DEBUG  ] (2019-09-08 16:02:31) py-optimizer            : Not localized observation 30432
 [DEBUG  ] (2019-09-08 16:02:31) py-base_optimizer       : Proceeding to assimilate observation RIG, 30984
 [DEBUG  ] (2019-09-08 16:02:31) py-base_optimizer       : Not allowed to localize observation RIG, 30984
 [DEBUG  ] (2019-09-08 16:02:31) py-base_optimizer       : Proceeding to assimilate observation RIG, 30985
 [DEBUG  ] (2019-09-08 16:02:31) py-base_optimizer       : Not allowed to localize observation RIG, 30985
 [DEBUG  ] (2019-09-08 16:02:31) py-base_optimizer       : Proceeding to assimilate observation RIG, 30986
 [DEBUG  ] (2019-09-08 16:02:31) py-base_optimizer       : Not allowed to localize observation RIG, 30986
 [DEBUG  ] (2019-09-08 16:02:31) py-base_optimizer       : Proceeding to assimilate observation RIG, 30987
 [DEBUG  ] (2019-09-08 16:02:31) py-base_optimizer       : Not allowed to localize observation RIG, 30987
 [DEBUG  ] (2019-09-08 16:02:31) py-base_optimizer       : Proceeding to assimilate observation RIG, 30988
 [DEBUG  ] (2019-09-08 16:02:31) py-base_optimizer       : Not allowed to localize observation RIG, 30988
 [DEBUG  ] (2019-09-08 16:02:31) py-base_optimizer       : Skipping observation (RIG,30989) because of flag value 2
 [DEBUG  ] (2019-09-08 16:02:31) py-base_optimizer       : Skipping observation (RIG,30990) because of flag value 2
 [DEBUG  ] (2019-09-08 16:02:31) py-base_optimizer       : Proceeding to assimilate observation SAVE, 32100
 [DEBUG  ] (2019-09-08 16:02:31) py-base_optimizer       : Trying to localize observation SAVE, 32100
 [DEBUG  ] (2019-09-08 16:02:31) py-optimizer            : Not localized observation 32100
 [DEBUG  ] (2019-09-08 16:02:31) py-base_optimizer       : Skipping observation (SAVE,32101) because of flag value 2
 [DEBUG  ] (2019-09-08 16:02:31) py-base_optimizer       : Skipping observation (SAVE,32102) because of flag value 2
 [DEBUG  ] (2019-09-08 16:02:31) py-base_optimizer       : Proceeding to assimilate observation SAVE, 32103
 [DEBUG  ] (2019-09-08 16:02:31) py-base_optimizer       : Trying to localize observation SAVE, 32103
 [DEBUG  ] (2019-09-08 16:02:31) py-optimizer            : Not localized observation 32103
 [DEBUG  ] (2019-09-08 16:02:31) py-base_optimizer       : Proceeding to assimilate observation SAVE, 32104
 [DEBUG  ] (2019-09-08 16:02:31) py-base_optimizer       : Trying to localize observation SAVE, 32104
 [DEBUG  ] (2019-09-08 16:02:31) py-optimizer            : Not localized observation 32104
 [DEBUG  ] (2019-09-08 16:02:31) py-base_optimizer       : Proceeding to assimilate observation SAVE, 32105
 [DEBUG  ] (2019-09-08 16:02:31) py-base_optimizer       : Trying to localize observation SAVE, 32105
 [DEBUG  ] (2019-09-08 16:02:31) py-optimizer            : Not localized observation 32105
 [DEBUG  ] (2019-09-08 16:02:31) py-base_optimizer       : Proceeding to assimilate observation SAVE, 32106
 [DEBUG  ] (2019-09-08 16:02:31) py-base_optimizer       : Trying to localize observation SAVE, 32106
 [DEBUG  ] (2019-09-08 16:02:31) py-optimizer            : Not localized observation 32106
 [DEBUG  ] (2019-09-08 16:02:31) py-base_optimizer       : Proceeding to assimilate observation SEMP, 32658
 [DEBUG  ] (2019-09-08 16:02:31) py-base_optimizer       : Trying to localize observation SEMP, 32658
 [DEBUG  ] (2019-09-08 16:02:31) py-optimizer            : Not localized observation 32658
 [DEBUG  ] (2019-09-08 16:02:31) py-base_optimizer       : Proceeding to assimilate observation SEMP, 32659
 [DEBUG  ] (2019-09-08 16:02:31) py-base_optimizer       : Trying to localize observation SEMP, 32659
 [DEBUG  ] (2019-09-08 16:02:31) py-optimizer            : Not localized observation 32659
 [DEBUG  ] (2019-09-08 16:02:31) py-base_optimizer       : Proceeding to assimilate observation SEMP, 32660
 [DEBUG  ] (2019-09-08 16:02:31) py-base_optimizer       : Trying to localize observation SEMP, 32660
 [DEBUG  ] (2019-09-08 16:02:31) py-optimizer            : Not localized observation 32660
 [DEBUG  ] (2019-09-08 16:02:31) py-base_optimizer       : Proceeding to assimilate observation SEMP, 32661
 [DEBUG  ] (2019-09-08 16:02:31) py-base_optimizer       : Trying to localize observation SEMP, 32661
 [DEBUG  ] (2019-09-08 16:02:31) py-optimizer            : Not localized observation 32661
 [DEBUG  ] (2019-09-08 16:02:31) py-base_optimizer       : Proceeding to assimilate observation SEMP, 32662
 [DEBUG  ] (2019-09-08 16:02:31) py-base_optimizer       : Trying to localize observation SEMP, 32662
 [DEBUG  ] (2019-09-08 16:02:31) py-optimizer            : Not localized observation 32662
 [DEBUG  ] (2019-09-08 16:02:31) py-base_optimizer       : Proceeding to assimilate observation SEMP, 32663
 [DEBUG  ] (2019-09-08 16:02:31) py-base_optimizer       : Trying to localize observation SEMP, 32663
 [DEBUG  ] (2019-09-08 16:02:31) py-optimizer            : Not localized observation 32663
 [DEBUG  ] (2019-09-08 16:02:31) py-base_optimizer       : Proceeding to assimilate observation SEMP, 32664
 [DEBUG  ] (2019-09-08 16:02:31) py-base_optimizer       : Trying to localize observation SEMP, 32664
 [DEBUG  ] (2019-09-08 16:02:31) py-optimizer            : Not localized observation 32664
 [DEBUG  ] (2019-09-08 16:02:31) py-base_optimizer       : Skipping observation (SOTT,34518) because of flag value 2
 [DEBUG  ] (2019-09-08 16:02:31) py-base_optimizer       : Skipping observation (SOTT,34519) because of flag value 2
 [DEBUG  ] (2019-09-08 16:02:31) py-base_optimizer       : Skipping observation (SOTT,34520) because of flag value 2
 [DEBUG  ] (2019-09-08 16:02:31) py-base_optimizer       : Skipping observation (SOTT,34521) because of flag value 2
 [DEBUG  ] (2019-09-08 16:02:31) py-base_optimizer       : Skipping observation (SOTT,34522) because of flag value 2
 [DEBUG  ] (2019-09-08 16:02:31) py-base_optimizer       : Skipping observation (SOTT,34523) because of flag value 2
 [DEBUG  ] (2019-09-08 16:02:31) py-base_optimizer       : Skipping observation (SOTT,34524) because of flag value 2
 [DEBUG  ] (2019-09-08 16:02:31) py-base_optimizer       : Skipping observation (SSAL,34704) because of flag value 2
 [DEBUG  ] (2019-09-08 16:02:31) py-base_optimizer       : Skipping observation (SSAL,34705) because of flag value 2
 [DEBUG  ] (2019-09-08 16:02:31) py-base_optimizer       : Skipping observation (SSAL,34706) because of flag value 2
 [DEBUG  ] (2019-09-08 16:02:31) py-base_optimizer       : Skipping observation (SSAL,34707) because of flag value 2
 [DEBUG  ] (2019-09-08 16:02:31) py-base_optimizer       : Skipping observation (SSAL,34708) because of flag value 2
 [DEBUG  ] (2019-09-08 16:02:31) py-base_optimizer       : Skipping observation (SSAL,34709) because of flag value 2
 [DEBUG  ] (2019-09-08 16:02:31) py-base_optimizer       : Skipping observation (SSAL,34710) because of flag value 2
 [DEBUG  ] (2019-09-08 16:02:31) py-base_optimizer       : Skipping observation (TAEN,35355) because of flag value 2
 [DEBUG  ] (2019-09-08 16:02:31) py-base_optimizer       : Proceeding to assimilate observation TAEN, 35356
 [DEBUG  ] (2019-09-08 16:02:31) py-base_optimizer       : Trying to localize observation TAEN, 35356
 [DEBUG  ] (2019-09-08 16:02:31) py-optimizer            : Not localized observation 35356
 [DEBUG  ] (2019-09-08 16:02:31) py-base_optimizer       : Skipping observation (TAEN,35357) because of flag value 2
 [DEBUG  ] (2019-09-08 16:02:31) py-base_optimizer       : Skipping observation (TAEN,35358) because of flag value 2
 [DEBUG  ] (2019-09-08 16:02:31) py-base_optimizer       : Skipping observation (TAEN,35359) because of flag value 2
 [DEBUG  ] (2019-09-08 16:02:31) py-base_optimizer       : Proceeding to assimilate observation TAEN, 35360
 [DEBUG  ] (2019-09-08 16:02:31) py-base_optimizer       : Trying to localize observation TAEN, 35360
 [DEBUG  ] (2019-09-08 16:02:31) py-optimizer            : Not localized observation 35360
 [DEBUG  ] (2019-09-08 16:02:31) py-base_optimizer       : Proceeding to assimilate observation TAEN, 35361
 [DEBUG  ] (2019-09-08 16:02:31) py-base_optimizer       : Trying to localize observation TAEN, 35361
 [DEBUG  ] (2019-09-08 16:02:31) py-optimizer            : Not localized observation 35361
 [DEBUG  ] (2019-09-08 16:02:31) py-base_optimizer       : Proceeding to assimilate observation ZHBR, 40191
 [DEBUG  ] (2019-09-08 16:02:31) py-base_optimizer       : Trying to localize observation ZHBR, 40191
 [DEBUG  ] (2019-09-08 16:02:31) py-optimizer            : Not localized observation 40191
 [DEBUG  ] (2019-09-08 16:02:31) py-base_optimizer       : Proceeding to assimilate observation ZHBR, 40192
 [DEBUG  ] (2019-09-08 16:02:31) py-base_optimizer       : Trying to localize observation ZHBR, 40192
 [DEBUG  ] (2019-09-08 16:02:31) py-optimizer            : Not localized observation 40192
 [DEBUG  ] (2019-09-08 16:02:31) py-base_optimizer       : Proceeding to assimilate observation ZHBR, 40193
 [DEBUG  ] (2019-09-08 16:02:31) py-base_optimizer       : Trying to localize observation ZHBR, 40193
 [DEBUG  ] (2019-09-08 16:02:31) py-optimizer            : Not localized observation 40193
 [DEBUG  ] (2019-09-08 16:02:31) py-base_optimizer       : Skipping observation (ZHBR,40194) because of flag value 2
 [DEBUG  ] (2019-09-08 16:02:31) py-base_optimizer       : Proceeding to assimilate observation ZHBR, 40195
 [DEBUG  ] (2019-09-08 16:02:31) py-base_optimizer       : Trying to localize observation ZHBR, 40195
 [DEBUG  ] (2019-09-08 16:02:31) py-optimizer            : Not localized observation 40195
 [DEBUG  ] (2019-09-08 16:02:31) py-base_optimizer       : Skipping observation (ZHBR,40196) because of flag value 2
 [DEBUG  ] (2019-09-08 16:02:31) py-base_optimizer       : Proceeding to assimilate observation ZHBR, 40197
 [DEBUG  ] (2019-09-08 16:02:31) py-base_optimizer       : Trying to localize observation ZHBR, 40197
 [DEBUG  ] (2019-09-08 16:02:31) py-optimizer            : Not localized observation 40197
 [DEBUG  ] (2019-09-08 16:02:31) py-base_optimizer       : Proceeding to assimilate observation ZSCH, 44097
 [DEBUG  ] (2019-09-08 16:02:31) py-base_optimizer       : Trying to localize observation ZSCH, 44097
 [DEBUG  ] (2019-09-08 16:02:31) py-optimizer            : Not localized observation 44097
 [DEBUG  ] (2019-09-08 16:02:31) py-base_optimizer       : Proceeding to assimilate observation ZSCH, 44098
 [DEBUG  ] (2019-09-08 16:02:31) py-base_optimizer       : Trying to localize observation ZSCH, 44098
 [DEBUG  ] (2019-09-08 16:02:31) py-optimizer            : Not localized observation 44098
 [DEBUG  ] (2019-09-08 16:02:31) py-base_optimizer       : Proceeding to assimilate observation ZSCH, 44099
 [DEBUG  ] (2019-09-08 16:02:31) py-base_optimizer       : Trying to localize observation ZSCH, 44099
 [DEBUG  ] (2019-09-08 16:02:31) py-optimizer            : Not localized observation 44099
 [DEBUG  ] (2019-09-08 16:02:31) py-base_optimizer       : Skipping observation (ZSCH,44100) because of flag value 2
 [DEBUG  ] (2019-09-08 16:02:31) py-base_optimizer       : Proceeding to assimilate observation ZSCH, 44101
 [DEBUG  ] (2019-09-08 16:02:31) py-base_optimizer       : Trying to localize observation ZSCH, 44101
 [DEBUG  ] (2019-09-08 16:02:31) py-optimizer            : Not localized observation 44101
 [DEBUG  ] (2019-09-08 16:02:31) py-base_optimizer       : Skipping observation (ZSCH,44102) because of flag value 2
 [DEBUG  ] (2019-09-08 16:02:31) py-base_optimizer       : Proceeding to assimilate observation ZSCH, 44103
 [DEBUG  ] (2019-09-08 16:02:31) py-base_optimizer       : Trying to localize observation ZSCH, 44103
 [DEBUG  ] (2019-09-08 16:02:31) py-optimizer            : Not localized observation 44103
 [DEBUG  ] (2019-09-08 16:02:31) py-base_optimizer       : Skipping observation (ZUE,44748) because of flag value 2
 [DEBUG  ] (2019-09-08 16:02:31) py-base_optimizer       : Proceeding to assimilate observation ZUE, 44749
 [DEBUG  ] (2019-09-08 16:02:31) py-base_optimizer       : Trying to localize observation ZUE, 44749
 [DEBUG  ] (2019-09-08 16:02:31) py-optimizer            : Not localized observation 44749
 [DEBUG  ] (2019-09-08 16:02:31) py-base_optimizer       : Skipping observation (ZUE,44750) because of flag value 2
 [DEBUG  ] (2019-09-08 16:02:31) py-base_optimizer       : Proceeding to assimilate observation ZUE, 44751
 [DEBUG  ] (2019-09-08 16:02:31) py-base_optimizer       : Trying to localize observation ZUE, 44751
 [DEBUG  ] (2019-09-08 16:02:31) py-optimizer            : Not localized observation 44751
 [DEBUG  ] (2019-09-08 16:02:31) py-base_optimizer       : Skipping observation (ZUE,44752) because of flag value 2
 [DEBUG  ] (2019-09-08 16:02:31) py-base_optimizer       : Skipping observation (ZUE,44753) because of flag value 2
 [DEBUG  ] (2019-09-08 16:02:31) py-base_optimizer       : Proceeding to assimilate observation ZUE, 44754
 [DEBUG  ] (2019-09-08 16:02:31) py-base_optimizer       : Trying to localize observation ZUE, 44754
 [DEBUG  ] (2019-09-08 16:02:31) py-optimizer            : Not localized observation 44754
 [DEBUG  ] (2019-09-08 16:02:31) py-base_optimizer       : Returning optimized data to the StateVector, setting "StateVector.isOptimized = True" 
 [DEBUG  ] (2019-09-08 16:02:31) py-base_optimizer       : Opening existing diagnostics file for optimizer (/scratch/snx3000/parsenov/real/output/20190308/optimizer.20190308.nc)
 [DEBUG  ] (2019-09-08 16:02:31) py-base_optimizer       : Diagnostics file closed
 [INFO   ] (2019-09-08 16:02:31) py-pipeline             : 

    ***************************************   starting advance    *************************************** 
  
 [INFO   ] (2019-09-08 16:02:31) py-pipeline             : Sampling model will be run over 1 cycle
 [INFO   ] (2019-09-08 16:02:31) py-pipeline             : New simulation interval set : 
 [INFO   ] (2019-09-08 16:02:31) py-pipeline             :                   start date : 2019-03-08 00:00 
 [INFO   ] (2019-09-08 16:02:31) py-pipeline             :                   end   date : 2019-03-14 23:00 
 [INFO   ] (2019-09-08 16:02:31) py-pipeline             :                   file  stamp: 2019030800_2019031423 
 [DEBUG  ] (2019-09-08 16:02:33) py-observations_cosmo   : ObsPack dataset info read, proceeding with 22 netcdf files
 [DEBUG  ] (2019-09-08 16:02:33) py-observations_cosmo   : Added 7 observations from file (ALBS) to the Data list
 [DEBUG  ] (2019-09-08 16:02:33) py-observations_cosmo   : Added 7 observations from file (BNTG) to the Data list
 [DEBUG  ] (2019-09-08 16:02:33) py-observations_cosmo   : Added 7 observations from file (BRM) to the Data list
 [DEBUG  ] (2019-09-08 16:02:33) py-observations_cosmo   : Added 7 observations from file (CHRI) to the Data list
 [DEBUG  ] (2019-09-08 16:02:33) py-observations_cosmo   : Added 7 observations from file (DUE1) to the Data list
 [DEBUG  ] (2019-09-08 16:02:33) py-observations_cosmo   : Added 7 observations from file (ESMO) to the Data list
 [DEBUG  ] (2019-09-08 16:02:33) py-observations_cosmo   : Added 7 observations from file (FROB) to the Data list
 [DEBUG  ] (2019-09-08 16:02:33) py-observations_cosmo   : Added 7 observations from file (GIMM) to the Data list
 [DEBUG  ] (2019-09-08 16:02:33) py-observations_cosmo   : Added 7 observations from file (HAE) to the Data list
 [DEBUG  ] (2019-09-08 16:02:33) py-observations_cosmo   : Added 7 observations from file (LAEG) to the Data list
 [DEBUG  ] (2019-09-08 16:02:33) py-observations_cosmo   : Added 7 observations from file (MAGN) to the Data list
 [DEBUG  ] (2019-09-08 16:02:33) py-observations_cosmo   : Added 7 observations from file (PAYN) to the Data list
 [DEBUG  ] (2019-09-08 16:02:33) py-observations_cosmo   : Added 7 observations from file (RECK) to the Data list
 [DEBUG  ] (2019-09-08 16:02:33) py-observations_cosmo   : Added 7 observations from file (RIG) to the Data list
 [DEBUG  ] (2019-09-08 16:02:33) py-observations_cosmo   : Added 7 observations from file (SAVE) to the Data list
 [DEBUG  ] (2019-09-08 16:02:33) py-observations_cosmo   : Added 7 observations from file (SEMP) to the Data list
 [DEBUG  ] (2019-09-08 16:02:33) py-observations_cosmo   : Added 7 observations from file (SOTT) to the Data list
 [DEBUG  ] (2019-09-08 16:02:33) py-observations_cosmo   : Added 7 observations from file (SSAL) to the Data list
 [DEBUG  ] (2019-09-08 16:02:33) py-observations_cosmo   : Added 7 observations from file (TAEN) to the Data list
 [DEBUG  ] (2019-09-08 16:02:33) py-observations_cosmo   : Added 7 observations from file (ZHBR) to the Data list
 [DEBUG  ] (2019-09-08 16:02:33) py-observations_cosmo   : Added 7 observations from file (ZSCH) to the Data list
 [DEBUG  ] (2019-09-08 16:02:33) py-observations_cosmo   : Added 7 observations from file (ZUE) to the Data list
 [INFO   ] (2019-09-08 16:02:33) py-observations_cosmo   : Observations list now holds 154 values
 [DEBUG  ] (2019-09-08 16:02:33) py-rc                   : reading rcfile /store/empa/em05/parsenov/ch_obs/sites_weights_ctdas.rc ...
 [DEBUG  ] (2019-09-08 16:02:33) py-observations_cosmo   : Model-data mismatch rejection threshold: 3 
 [WARNING] (2019-09-08 16:02:33) py-observations_cosmo   : Model-data mismatch scaling factor     : 1.000000 
 [DEBUG  ] (2019-09-08 16:02:33) py-observations_cosmo   : Model-data mismatch site categories    : 8 
 [DEBUG  ] (2019-09-08 16:02:33) py-observations_cosmo   : Model-data mismatch active sites       : 22 
 [DEBUG  ] (2019-09-08 16:02:33) py-observations_cosmo   : Model-data mismatch moved sites        : 0 
 [DEBUG  ] (2019-09-08 16:02:33) py-observations_cosmo   : Creating new observations file for ObservationOperator (/scratch/snx3000/parsenov/real/input/sample_coordinates_2019030800_2019031423.nc)
 [DEBUG  ] (2019-09-08 16:02:33) py-observations_cosmo   : Successfully wrote data to obs file
 [INFO   ] (2019-09-08 16:02:33) py-observations_cosmo   : Sample input file for obs operator now in place [/scratch/snx3000/parsenov/real/input/sample_coordinates_2019030800_2019031423.nc]
 [DEBUG  ] (2019-09-08 16:02:33) py-observationoperator_cosmo : Creating new simulated observation file in ObservationOperator (/scratch/snx3000/parsenov/real/output/20190308/samples_simulated.2019030800_2019031423.nc)
 [INFO   ] (2019-09-08 16:02:33) py-observationoperator_cosmo : Starting COSMO
Starting chain for case real, using COSMO
Starting run with starttime 2019-03-08 00:00:00
Process "meteo" for chain "2019030100_168_336"
Process "icbc" for chain "2019030100_168_336"
Process "int2lm" for chain "2019030100_168_336"
Submitted batch job 16673978
Process "post_int2lm" for chain "2019030100_168_336"
Process "oae" for chain "2019030100_168_336"
Process "octe" for chain "2019030100_168_336"
Lambda-values for bg:
 [1.0192575, 1.0195775, 1.0193352, 1.0188612, 1.0189091, 1.0190426, 1.0188501, 1.0185314, 1.0190487, 1.0194612, 1.0198916, 1.0200746, 1.0187986, 1.0203601, 1.0187569, 1.0183942, 1.0193369, 1.0199139, 1.0195675, 1.0185848, 1.0194286]
Process "online_vprm" for chain "2019030100_168_336"
Process "cosmo" for chain "2019030100_168_336"
Submitted batch job 16677766
sbatch: error: Currently unable to load job state information, retrying: Socket timed out on send/recv operation
sbatch: error: Currently unable to load job state information, retrying: Socket timed out on send/recv operation
sbatch: error: Currently unable to load job state information, retrying: Socket timed out on send/recv operation
sbatch: error: Currently unable to load job state information, retrying: Socket timed out on send/recv operation
sbatch: error: Currently unable to load job state information, retrying: Socket timed out on send/recv operation
sbatch: error: Currently unable to load job state information, retrying: Socket timed out on send/recv operation
sbatch: error: Currently unable to load job state information, retrying: Socket timed out on send/recv operation
sbatch: error: Currently unable to load job state information, retrying: Socket timed out on send/recv operation
sbatch: error: Currently unable to load job state information, retrying: Socket timed out on send/recv operation
sbatch: error: Currently unable to load job state information, retrying: Socket timed out on send/recv operation
sbatch: error: Currently unable to load job state information, retrying: Socket timed out on send/recv operation
>>> finished chain for good or bad! <<<
 [INFO   ] (2019-09-09 02:20:05) py-observationoperator_cosmo : COSMO done!
 [INFO   ] (2019-09-09 02:20:28) py-observationoperator_cosmo : Starting parallel extraction \m/
chi2 8.66571401912119e-06
chi2 0.5318139506962692
chi2 1.8941485288036919
chi2 0.21193432887584907
chi2 0.11900550753172988
chi2 0.02970598302273587
chi2 0.013305399871148456
chi2 0.5996884721515572
chi2 0.12286669614747998
chi2 0.05415517699322698
chi2 0.013016560972558986
chi2 0.024169253224473414
chi2 1.166403775354629
chi2 2.536491345907846
chi2 2.9475514550919963
chi2 1.8540144469378361
chi2 0.01946076700652844
chi2 4.794003078357224
chi2 0.6667882694901307
chi2 0.5924188445149298
chi2 0.010452938790481477
chi2 0.02159326195146304
chi2 0.033797389501718685
chi2 0.31139055353609724
chi2 0.6973888287937293
chi2 0.6634405326722391
chi2 3.1284830989988124
chi2 0.09388670931435728
chi2 1.538288706065534
chi2 0.04795037894728522
chi2 0.9167593177152124
chi2 0.8863515186479682
chi2 0.02456391104774567
chi2 0.2733125629369084
chi2 0.08589184160233884
chi2 0.9835740698756572
chi2 1.2178127150770401
chi2 2.5969451813271873
chi2 0.4114038201518348
chi2 0.020240771271918586
chi2 1.043696760720376
chi2 0.1916772159941775
chi2 2.0719687526198904
chi2 0.19444001095402513
chi2 0.22196946252104294
chi2 1.5827740021399215
chi2 11.57527322615109
chi2 11.226794608727946
chi2 0.2504604380760207
chi2 0.5641513041567421
chi2 0.21171105234489834
chi2 0.22997082379796854
chi2 3.1119007926174485
chi2 4.580130694298976
chi2 0.3633610943441684
chi2 2.613808286639086
chi2 2.8850125837436438
chi2 0.21136429122804098
chi2 3.033084468285967
chi2 3.9181948803941378
chi2 0.9334894068260062
chi2 0.1066282295156533
chi2 7.348630245548385
chi2 1.8615467732572268
chi2 1.6259354968885222
chi2 1.2902926674756983
chi2 2.5549151642470305
chi2 6.153747106873468
chi2 0.0020245634578125865
chi2 3.5675927885102654
chi2 1.9242642455217704
chi2 4.927193222983574
chi2 0.0005359514504923697
chi2 0.9384091702144441
chi2 2.674292222279099
chi2 0.6843712912141383
chi2 2.682608103802077
chi2 9.207019746547013
chi2 1.769997959259791
chi2 3.6427164572597657
chi2 4.7570938241585115
chi2 0.09433226687279411
chi2 0.6992669172066865
 [INFO   ] (2019-09-09 02:33:08) py-observationoperator_cosmo : Finished parallel extraction \m/
 [INFO   ] (2019-09-09 02:33:24) py-observationoperator_cosmo : ObservationOperator finished successfully, output file written (/scratch/snx3000/parsenov/real/output/20190308/samples_simulated.2019030800_2019031423.nc)
 [INFO   ] (2019-09-09 02:33:24) py-observations_cosmo   : Successfully read data from model sample file (/scratch/snx3000/parsenov/real/output/20190308/samples_simulated.2019030800_2019031423.nc)
 [DEBUG  ] (2019-09-09 02:33:24) py-observations_cosmo   : Added 154 simulated values to the Data list
 [DEBUG  ] (2019-09-09 02:33:24) py-pipeline             : Appended ObsOperator restart and output file lists to dacycle for collection 
 [DEBUG  ] (2019-09-09 02:33:24) py-pipeline             : Appended Observation filename to dacycle for collection: /scratch/snx3000/parsenov/real/input/sample_coordinates_2019030800_2019031423.nc
 [DEBUG  ] (2019-09-09 02:33:24) py-observations_cosmo   : Creating new auxiliary sample output file for postprocessing (/scratch/snx3000/parsenov/real/output/20190308/sample_auxiliary_2019030800_2019031423.nc)
 [DEBUG  ] (2019-09-09 02:33:24) py-observations_cosmo   : Successfully wrote data to auxiliary sample output file (/scratch/snx3000/parsenov/real/output/20190308/sample_auxiliary_2019030800_2019031423.nc)
 [INFO   ] (2019-09-09 02:33:24) py-pipeline             : 

    ***************************************   starting save_and_submit    *************************************** 
  
 [DEBUG  ] (2019-09-09 02:33:24) py-statevector_mean     : Opening existing StateVector output file (/scratch/snx3000/parsenov/real/restart/savestate_20190308.nc)
 [INFO   ] (2019-09-09 02:33:24) py-statevector_mean     : Successfully wrote the State Vector to file (/scratch/snx3000/parsenov/real/restart/savestate_20190308.nc) 
 [INFO   ] (2019-09-09 02:33:24) py-initexit             : Saved the random seed generator values to file
 [DEBUG  ] (2019-09-09 02:33:24) py-initexit             : Wrote new da_runtime.rc (/scratch/snx3000/parsenov/real/restart/da_runtime_20190315.rc) to restart dir
 [INFO   ] (2019-09-09 02:33:24) py-initexit             : Collecting the required restart data
 [DEBUG  ] (2019-09-09 02:33:24) py-initexit             :            to   directory: /scratch/snx3000/parsenov/real/restart 
 [DEBUG  ] (2019-09-09 02:33:24) py-general              : Using existing directory /scratch/snx3000/parsenov/real/output/20190308
 [INFO   ] (2019-09-09 02:33:24) py-initexit             : Collecting the required output data
 [DEBUG  ] (2019-09-09 02:33:24) py-initexit             :            to   directory: /scratch/snx3000/parsenov/real/output/20190308 
 [DEBUG  ] (2019-09-09 02:33:24) py-initexit             :            [copy] .... /scratch/snx3000/parsenov/real/restart/savestate_20190308.nc 
 [DEBUG  ] (2019-09-09 02:33:24) py-initexit             :            [copy] .... /scratch/snx3000/parsenov/real/input/sample_coordinates_2019030800_2019031423.nc 
 [INFO   ] (2019-09-09 02:33:24) py-initexit             : Final date reached, no new cycle started
 [INFO   ] (2019-09-09 02:33:24) py-pipeline             : Cycle finished...exiting pipeline
 [INFO   ] (2019-09-09 02:33:24) py-cosmo                : 

    ***************************************   All done. God bless    *************************************** 
  
