 [INFO   ] (2019-10-17 10:53:08) py-initexit             : -v flag specified on command line: extra verbose output
 [DEBUG  ] (2019-10-17 10:53:08) py-rc                   : reading rcfile config.rc ...
 [INFO   ] (2019-10-17 10:53:08) py-initexit             : DA Cycle rc-file (config.rc) loaded successfully
 [DEBUG  ] (2019-10-17 10:53:08) py-initexit             : DA Cycle settings have been validated succesfully
 [DEBUG  ] (2019-10-17 10:53:08) py-rc                   : reading rcfile da/rc/carbontracker_cosmo.rc ...
 [DEBUG  ] (2019-10-17 10:53:08) py-rc                   : Added rootdir to requested include: da/rc/NamingScheme.wp_Mar2011.rc
 [DEBUG  ] (2019-10-17 10:53:08) py-dasystem             : DA System Info rc-file (da/rc/carbontracker_cosmo.rc) loaded successfully
 [DEBUG  ] (2019-10-17 10:53:08) py-dasystem             : Data Assimilation System initialized: CarbonTracker CO2
 [INFO   ] (2019-10-17 10:53:08) py-observationoperator_cosmo : Observation Operator object initialized: ObservationOperator
 [INFO   ] (2019-10-17 10:53:08) py-obs                  : Observations object initialized: Observations baseclass
 [INFO   ] (2019-10-17 10:53:08) py-statevector_mean     : Statevector object initialized: Baseclass Statevector 
 [INFO   ] (2019-10-17 10:53:08) py-base_optimizer       : Optimizer object initialized: Optimizer baseclass
 [INFO   ] (2019-10-17 10:53:08) py-cosmo                : 

    ***************************************   Entering Pipeline     *************************************** 
  
 [INFO   ] (2019-10-17 10:53:08) py-pipeline             : 

    ***************************************   Initializing current cycle    *************************************** 
  
 [DEBUG  ] (2019-10-17 10:53:08) py-dasystem             : DA System Info settings have been validated succesfully
 [INFO   ] (2019-10-17 10:53:08) py-initexit             : Restarting filter from previous step
 [DEBUG  ] (2019-10-17 10:53:08) py-general              : Using existing directory /scratch/snx3000/parsenov/real
 [DEBUG  ] (2019-10-17 10:53:08) py-general              : Using existing directory /scratch/snx3000/parsenov/real/exec
 [DEBUG  ] (2019-10-17 10:53:08) py-general              : Using existing directory /scratch/snx3000/parsenov/real/input
 [INFO   ] (2019-10-17 10:53:08) py-general              : Creating new directory /scratch/snx3000/parsenov/real/output/20190315
 [DEBUG  ] (2019-10-17 10:53:08) py-general              : Using existing directory /scratch/snx3000/parsenov/real/analysis
 [DEBUG  ] (2019-10-17 10:53:08) py-general              : Using existing directory /scratch/snx3000/parsenov/real/jobs
 [DEBUG  ] (2019-10-17 10:53:08) py-general              : Using existing directory /scratch/snx3000/parsenov/real/restart
 [INFO   ] (2019-10-17 10:53:08) py-initexit             : Succesfully created the file structure for the assimilation job
 [INFO   ] (2019-10-17 10:53:08) py-initexit             : Retrieved the random seed generator values of last cycle from file
 [INFO   ] (2019-10-17 10:53:08) py-initexit             : ===============================================================
 [INFO   ] (2019-10-17 10:53:08) py-initexit             : DA Cycle start date is 2019-03-15 00:00
 [INFO   ] (2019-10-17 10:53:08) py-initexit             : DA Cycle end date is 2019-03-21 23:00
 [INFO   ] (2019-10-17 10:53:08) py-initexit             : DA Cycle final date is 2019-03-21 23:00
 [INFO   ] (2019-10-17 10:53:08) py-initexit             : DA Cycle cycle length is 7
 [INFO   ] (2019-10-17 10:53:08) py-initexit             : DA Cycle restart is True
 [INFO   ] (2019-10-17 10:53:08) py-initexit             : ===============================================================
 [DEBUG  ] (2019-10-17 10:53:09) py-statevector_mean     : A TransCom  map on 1x1 degree was read from file /store/empa/em05/parsenov/CTDAS/ctdas-cosmo/da/analysis/cosmo_9_reg_mittel_4.nc
 [DEBUG  ] (2019-10-17 10:53:09) py-statevector_mean     : A parameter map on 1x1 degree was read from file /store/empa/em05/parsenov/CTDAS/ctdas-cosmo/da/analysis/cosmo_9_reg_mittel_4.nc
 [DEBUG  ] (2019-10-17 10:53:09) py-statevector_mean     : A dictionary to map grids to states and vice versa was created
 [DEBUG  ] (2019-10-17 10:53:09) py-statevector_mean     : A matrix to map states to TransCom regions and vice versa was created
 [DEBUG  ] (2019-10-17 10:53:09) py-statevector_mean     : A species mask was created, only the following species are recognized in this system:
 [DEBUG  ] (2019-10-17 10:53:09) py-statevector_mean     :    ->    co2
 [INFO   ] (2019-10-17 10:53:09) py-pipeline             : 

    ***************************************   starting prepare_state    *************************************** 
  
 [INFO   ] (2019-10-17 10:53:09) py-statevector_mean     : Successfully read the State Vector from file (/scratch/snx3000/parsenov/real/restart/savestate_20190308.nc) 
 [DEBUG  ] (2019-10-17 10:53:09) py-statevector_mean     : Cholesky decomposition has succeeded 
 [INFO   ] (2019-10-17 10:53:09) py-statevector_mean     : Appr. degrees of freedom in covariance matrix is 3
 [DEBUG  ] (2019-10-17 10:53:09) py-statevector_mean     : 21 new ensemble members were added to the state vector # 2
 [INFO   ] (2019-10-17 10:53:09) py-statevector_mean     : The state vector has been propagated by one cycle
 [DEBUG  ] (2019-10-17 10:53:09) py-statevector_mean     : Creating new StateVector output file (/scratch/snx3000/parsenov/real/restart/savestate_20190315.nc)
 [INFO   ] (2019-10-17 10:53:09) py-statevector_mean     : Successfully wrote the State Vector to file (/scratch/snx3000/parsenov/real/restart/savestate_20190315.nc) 
 [INFO   ] (2019-10-17 10:53:09) py-pipeline             : 

    ***************************************   starting sample_state    *************************************** 
  
 [INFO   ] (2019-10-17 10:53:09) py-pipeline             : Sampling model will be run over 2 cycles
 [INFO   ] (2019-10-17 10:53:09) py-pipeline             : 

    ***************************************   .....Ensemble Kalman Filter at lag 1
 [INFO   ] (2019-10-17 10:53:09) py-pipeline             : New simulation interval set : 
 [INFO   ] (2019-10-17 10:53:09) py-pipeline             :                   start date : 2019-03-15 00:00 
 [INFO   ] (2019-10-17 10:53:09) py-pipeline             :                   end   date : 2019-03-21 23:00 
 [INFO   ] (2019-10-17 10:53:09) py-pipeline             :                   file  stamp: 2019031500_2019032123 
 [DEBUG  ] (2019-10-17 10:53:13) py-observations_cosmo   : ObsPack dataset info read, proceeding with 22 netcdf files
 [DEBUG  ] (2019-10-17 10:53:13) py-observations_cosmo   : Added 7 observations from file (ALBS) to the Data list
 [DEBUG  ] (2019-10-17 10:53:13) py-observations_cosmo   : Added 7 observations from file (BNTG) to the Data list
 [DEBUG  ] (2019-10-17 10:53:13) py-observations_cosmo   : Added 7 observations from file (BRM) to the Data list
 [DEBUG  ] (2019-10-17 10:53:13) py-observations_cosmo   : Added 7 observations from file (CHRI) to the Data list
 [DEBUG  ] (2019-10-17 10:53:13) py-observations_cosmo   : Added 7 observations from file (DUE1) to the Data list
 [DEBUG  ] (2019-10-17 10:53:13) py-observations_cosmo   : Added 7 observations from file (ESMO) to the Data list
 [DEBUG  ] (2019-10-17 10:53:13) py-observations_cosmo   : Added 7 observations from file (FROB) to the Data list
 [DEBUG  ] (2019-10-17 10:53:13) py-observations_cosmo   : Added 7 observations from file (GIMM) to the Data list
 [DEBUG  ] (2019-10-17 10:53:13) py-observations_cosmo   : Added 7 observations from file (HAE) to the Data list
 [DEBUG  ] (2019-10-17 10:53:13) py-observations_cosmo   : Added 7 observations from file (LAEG) to the Data list
 [DEBUG  ] (2019-10-17 10:53:13) py-observations_cosmo   : Added 7 observations from file (MAGN) to the Data list
 [DEBUG  ] (2019-10-17 10:53:13) py-observations_cosmo   : Added 7 observations from file (PAYN) to the Data list
 [DEBUG  ] (2019-10-17 10:53:13) py-observations_cosmo   : Added 7 observations from file (RECK) to the Data list
 [DEBUG  ] (2019-10-17 10:53:13) py-observations_cosmo   : Added 7 observations from file (RIG) to the Data list
 [DEBUG  ] (2019-10-17 10:53:13) py-observations_cosmo   : Added 7 observations from file (SAVE) to the Data list
 [DEBUG  ] (2019-10-17 10:53:13) py-observations_cosmo   : Added 7 observations from file (SEMP) to the Data list
 [DEBUG  ] (2019-10-17 10:53:13) py-observations_cosmo   : Added 7 observations from file (SOTT) to the Data list
 [DEBUG  ] (2019-10-17 10:53:13) py-observations_cosmo   : Added 7 observations from file (SSAL) to the Data list
 [DEBUG  ] (2019-10-17 10:53:13) py-observations_cosmo   : Added 7 observations from file (TAEN) to the Data list
 [DEBUG  ] (2019-10-17 10:53:13) py-observations_cosmo   : Added 7 observations from file (ZHBR) to the Data list
 [DEBUG  ] (2019-10-17 10:53:13) py-observations_cosmo   : Added 7 observations from file (ZSCH) to the Data list
 [DEBUG  ] (2019-10-17 10:53:13) py-observations_cosmo   : Added 7 observations from file (ZUE) to the Data list
 [INFO   ] (2019-10-17 10:53:13) py-observations_cosmo   : Observations list now holds 154 values
 [DEBUG  ] (2019-10-17 10:53:13) py-rc                   : reading rcfile /store/empa/em05/parsenov/ch_obs/sites_weights_ctdas.rc ...
 [DEBUG  ] (2019-10-17 10:53:13) py-observations_cosmo   : Model-data mismatch rejection threshold: 3 
 [WARNING] (2019-10-17 10:53:13) py-observations_cosmo   : Model-data mismatch scaling factor     : 1.000000 
 [DEBUG  ] (2019-10-17 10:53:13) py-observations_cosmo   : Model-data mismatch site categories    : 8 
 [DEBUG  ] (2019-10-17 10:53:13) py-observations_cosmo   : Model-data mismatch active sites       : 22 
 [DEBUG  ] (2019-10-17 10:53:13) py-observations_cosmo   : Model-data mismatch moved sites        : 0 
 [DEBUG  ] (2019-10-17 10:53:13) py-observations_cosmo   : Creating new observations file for ObservationOperator (/scratch/snx3000/parsenov/real/input/sample_coordinates_2019031500_2019032123.nc)
 [DEBUG  ] (2019-10-17 10:53:13) py-observations_cosmo   : Successfully wrote data to obs file
 [INFO   ] (2019-10-17 10:53:13) py-observations_cosmo   : Sample input file for obs operator now in place [/scratch/snx3000/parsenov/real/input/sample_coordinates_2019031500_2019032123.nc]
 [DEBUG  ] (2019-10-17 10:53:13) py-observationoperator_cosmo : Creating new simulated observation file in ObservationOperator (/scratch/snx3000/parsenov/real/output/20190315/samples_simulated.2019031500_2019032123.nc)
 [INFO   ] (2019-10-17 10:53:13) py-observationoperator_cosmo : Starting COSMO
Starting chain for case real, using COSMO
Starting run with starttime 2019-03-15 00:00:00
Process "meteo" for chain "2019030100_336_504"
Process "icbc" for chain "2019030100_336_504"
Process "int2lm" for chain "2019030100_336_504"
Submitted batch job 17525726
sbatch: error: Currently unable to load job state information, retrying: Socket timed out on send/recv operation
Process "post_int2lm" for chain "2019030100_336_504"
Process "oae" for chain "2019030100_336_504"
Process "octe" for chain "2019030100_336_504"
Lambda-values for bg:
 [0.9884363, 0.9882965, 0.98934364, 0.9894725, 0.98866147, 0.9886645, 0.9883482, 0.98825, 0.9883714, 0.9874, 0.9885654, 0.98863196, 0.9893863, 0.9880469, 0.9874945, 0.9883921, 0.98901397, 0.9895497, 0.9871416, 0.9887243, 0.9879293]
Process "online_vprm" for chain "2019030100_336_504"
Process "cosmo" for chain "2019030100_336_504"
Submitted batch job 17527228
sbatch: error: Currently unable to load job state information, retrying: Socket timed out on send/recv operation
>>> finished chain for good or bad! <<<
 [INFO   ] (2019-10-17 22:36:34) py-observationoperator_cosmo : COSMO done!
 [INFO   ] (2019-10-17 22:37:00) py-observationoperator_cosmo : Starting parallel extraction \m/
IO Class CT_HDF not compiled, no HDF support!!!
IO Class CT_HDF not compiled, no HDF support!!!
[1.05693805 0.99231478 0.99861993 1.03868059 1.00568557 1.07306453
 1.0807906  1.01675709 1.05829688 0.97500328 0.74296516 0.78652251
 0.80602058 0.79000801 0.77267636 0.72843134 0.76644048 0.80400932
 0.8469219  0.79708804 0.6928362  0.73224682 0.75640757 0.77281752
 0.73781942 0.66831424 0.71364258 0.76360924 0.78794073 0.73461094
 0.7281083  0.76972935 0.8292448  0.82907579 0.78916868 0.71470856
 0.76593069 0.81272903 0.83349113 0.76138657 0.79097751 0.88573092
 0.91626447 0.8821854  0.85140959 0.8247985  0.81502158 0.88835303
 0.94433212 0.81104791 0.86460268 0.95066472 0.93467003 0.96177133
 0.8996741  0.83347152 0.86546741 0.96367683 1.02164594 0.87956335
 0.75058807 0.82578258 0.84596765 0.8335499  0.80487542 0.76627513
 0.78783609 0.82108984 0.88502993 0.82197949 0.93671735 1.04028388
 1.05929053 0.97820461 0.94138875 0.89369998 1.00078571 0.98118317
 1.05673798 1.00030307 0.8403672  0.90789509 0.93522076 0.94051335
 0.88772519 0.82986677 0.853701   0.94222027 1.00810528 0.86336845
 1.12188311 1.04811116 1.07753209 1.06336852 1.08109061 1.09714897
 1.04466752 1.07179952 1.11811225 1.09161929 1.06301375 1.0678405
 1.09027851 1.17546825 1.0499107  1.1381613  1.13305175 1.19004055
 1.15162774 1.13082453 1.08315957 1.05862637 1.06554083 1.07416912
 1.02973346 1.05821009 1.06917441 1.1626991  1.10769753 1.05185994
 1.06199336 1.05316214 1.06930999 1.07124285 1.02423358 1.06958795
 1.04690989 1.13415146 1.08818956 1.07807088 0.98426809 0.97999495
 0.98912978 1.05713562 0.9709788  1.02079654 1.00514686 1.12369402
 1.06422019 1.00654093 1.02783453 0.99925794 1.01670285 1.04279566
 0.99719157 1.03715563 0.99519654 1.13636057 1.0261054  1.05527147
 1.01862522 1.03623152 1.02289422 1.12079219 1.00075646 1.09518961
 1.05973717 1.14132468 1.08247546 1.04974314 1.03773443 1.06319892
 1.02905822 1.11469257 1.03699362 1.11221691 1.1070046  1.16767478
 1.06833947 1.1200616  1.03077539 1.0065097  0.96714429 1.01729914
 1.00991348 1.05036068 1.00922831 1.11657735 0.99309125 1.05214846
 0.98843628]
 [INFO   ] (2019-10-17 22:50:20) py-observationoperator_cosmo : Finished parallel extraction \m/
 [INFO   ] (2019-10-17 22:50:37) py-observationoperator_cosmo : ObservationOperator finished successfully, output file written (/scratch/snx3000/parsenov/real/output/20190315/samples_simulated.2019031500_2019032123.nc)
 [INFO   ] (2019-10-17 22:50:37) py-observations_cosmo   : Successfully read data from model sample file (/scratch/snx3000/parsenov/real/output/20190315/samples_simulated.2019031500_2019032123.nc)
 [DEBUG  ] (2019-10-17 22:50:37) py-observations_cosmo   : Added 154 simulated values to the Data list
 [DEBUG  ] (2019-10-17 22:50:37) py-pipeline             : statevector now carries 0 samples
 [INFO   ] (2019-10-17 22:50:37) py-pipeline             : 

    ***************************************   .....Ensemble Kalman Filter at lag 2
 [INFO   ] (2019-10-17 22:50:37) py-pipeline             : New simulation interval set : 
 [INFO   ] (2019-10-17 22:50:37) py-pipeline             :                   start date : 2019-03-22 00:00 
 [INFO   ] (2019-10-17 22:50:37) py-pipeline             :                   end   date : 2019-03-28 23:00 
 [INFO   ] (2019-10-17 22:50:37) py-pipeline             :                   file  stamp: 2019032200_2019032823 
 [DEBUG  ] (2019-10-17 22:50:39) py-observations_cosmo   : ObsPack dataset info read, proceeding with 22 netcdf files
 [DEBUG  ] (2019-10-17 22:50:39) py-observations_cosmo   : Added 7 observations from file (ALBS) to the Data list
 [DEBUG  ] (2019-10-17 22:50:39) py-observations_cosmo   : Added 7 observations from file (BNTG) to the Data list
 [DEBUG  ] (2019-10-17 22:50:39) py-observations_cosmo   : Added 7 observations from file (BRM) to the Data list
 [DEBUG  ] (2019-10-17 22:50:39) py-observations_cosmo   : Added 7 observations from file (CHRI) to the Data list
 [DEBUG  ] (2019-10-17 22:50:39) py-observations_cosmo   : Added 7 observations from file (DUE1) to the Data list
 [DEBUG  ] (2019-10-17 22:50:39) py-observations_cosmo   : Added 7 observations from file (ESMO) to the Data list
 [DEBUG  ] (2019-10-17 22:50:39) py-observations_cosmo   : Added 7 observations from file (FROB) to the Data list
 [DEBUG  ] (2019-10-17 22:50:39) py-observations_cosmo   : Added 7 observations from file (GIMM) to the Data list
 [DEBUG  ] (2019-10-17 22:50:39) py-observations_cosmo   : Added 7 observations from file (HAE) to the Data list
 [DEBUG  ] (2019-10-17 22:50:39) py-observations_cosmo   : Added 7 observations from file (LAEG) to the Data list
 [DEBUG  ] (2019-10-17 22:50:39) py-observations_cosmo   : Added 7 observations from file (MAGN) to the Data list
 [DEBUG  ] (2019-10-17 22:50:39) py-observations_cosmo   : Added 7 observations from file (PAYN) to the Data list
 [DEBUG  ] (2019-10-17 22:50:39) py-observations_cosmo   : Added 7 observations from file (RECK) to the Data list
 [DEBUG  ] (2019-10-17 22:50:39) py-observations_cosmo   : Added 7 observations from file (RIG) to the Data list
 [DEBUG  ] (2019-10-17 22:50:39) py-observations_cosmo   : Added 7 observations from file (SAVE) to the Data list
 [DEBUG  ] (2019-10-17 22:50:39) py-observations_cosmo   : Added 7 observations from file (SEMP) to the Data list
 [DEBUG  ] (2019-10-17 22:50:39) py-observations_cosmo   : Added 7 observations from file (SOTT) to the Data list
 [DEBUG  ] (2019-10-17 22:50:39) py-observations_cosmo   : Added 7 observations from file (SSAL) to the Data list
 [DEBUG  ] (2019-10-17 22:50:40) py-observations_cosmo   : Added 7 observations from file (TAEN) to the Data list
 [DEBUG  ] (2019-10-17 22:50:40) py-observations_cosmo   : Added 7 observations from file (ZHBR) to the Data list
 [DEBUG  ] (2019-10-17 22:50:40) py-observations_cosmo   : Added 7 observations from file (ZSCH) to the Data list
 [DEBUG  ] (2019-10-17 22:50:40) py-observations_cosmo   : Added 7 observations from file (ZUE) to the Data list
 [INFO   ] (2019-10-17 22:50:40) py-observations_cosmo   : Observations list now holds 154 values
 [DEBUG  ] (2019-10-17 22:50:40) py-rc                   : reading rcfile /store/empa/em05/parsenov/ch_obs/sites_weights_ctdas.rc ...
 [DEBUG  ] (2019-10-17 22:50:40) py-observations_cosmo   : Model-data mismatch rejection threshold: 3 
 [WARNING] (2019-10-17 22:50:40) py-observations_cosmo   : Model-data mismatch scaling factor     : 1.000000 
 [DEBUG  ] (2019-10-17 22:50:40) py-observations_cosmo   : Model-data mismatch site categories    : 8 
 [DEBUG  ] (2019-10-17 22:50:40) py-observations_cosmo   : Model-data mismatch active sites       : 22 
 [DEBUG  ] (2019-10-17 22:50:40) py-observations_cosmo   : Model-data mismatch moved sites        : 0 
 [DEBUG  ] (2019-10-17 22:50:40) py-observations_cosmo   : Creating new observations file for ObservationOperator (/scratch/snx3000/parsenov/real/input/sample_coordinates_2019032200_2019032823.nc)
 [DEBUG  ] (2019-10-17 22:50:40) py-observations_cosmo   : Successfully wrote data to obs file
 [INFO   ] (2019-10-17 22:50:40) py-observations_cosmo   : Sample input file for obs operator now in place [/scratch/snx3000/parsenov/real/input/sample_coordinates_2019032200_2019032823.nc]
 [DEBUG  ] (2019-10-17 22:50:40) py-observationoperator_cosmo : Creating new simulated observation file in ObservationOperator (/scratch/snx3000/parsenov/real/output/20190315/samples_simulated.2019032200_2019032823.nc)
 [INFO   ] (2019-10-17 22:50:40) py-observationoperator_cosmo : Starting COSMO
Starting chain for case real, using COSMO
Starting run with starttime 2019-03-22 00:00:00
Process "meteo" for chain "2019030100_504_672"
Process "icbc" for chain "2019030100_504_672"
Process "int2lm" for chain "2019030100_504_672"
Submitted batch job 17533426
Process "post_int2lm" for chain "2019030100_504_672"
Process "oae" for chain "2019030100_504_672"
Process "octe" for chain "2019030100_504_672"
Lambda-values for bg:
 [0.9884363, 0.9454227, 0.9103791, 0.99931115, 1.0057154, 1.0680847, 0.9850389, 1.0271561, 0.9307883, 1.0362298, 0.9065339, 1.1059676, 0.94469887, 0.95347255, 0.9636699, 0.9290074, 0.9905631, 0.9530036, 0.96708584, 1.052397, 0.97928613]
Process "online_vprm" for chain "2019030100_504_672"
Process "cosmo" for chain "2019030100_504_672"
Submitted batch job 17534946
sbatch: error: Currently unable to load job state information, retrying: Socket timed out on send/recv operation
>>> finished chain for good or bad! <<<
 [INFO   ] (2019-10-18 17:13:21) py-observationoperator_cosmo : COSMO done!
 [INFO   ] (2019-10-18 17:13:51) py-observationoperator_cosmo : Starting parallel extraction \m/
 [INFO   ] (2019-10-18 17:27:31) py-observationoperator_cosmo : Finished parallel extraction \m/
 [INFO   ] (2019-10-18 17:27:46) py-observationoperator_cosmo : ObservationOperator finished successfully, output file written (/scratch/snx3000/parsenov/real/output/20190315/samples_simulated.2019032200_2019032823.nc)
 [INFO   ] (2019-10-18 17:27:46) py-observations_cosmo   : Successfully read data from model sample file (/scratch/snx3000/parsenov/real/output/20190315/samples_simulated.2019032200_2019032823.nc)
 [DEBUG  ] (2019-10-18 17:27:46) py-observations_cosmo   : Added 154 simulated values to the Data list
 [DEBUG  ] (2019-10-18 17:27:46) py-pipeline             : Added samples from the observation operator to the assimilated obs list in the statevector
 [DEBUG  ] (2019-10-18 17:27:46) py-pipeline             : statevector now carries 154 samples
 [INFO   ] (2019-10-18 17:27:46) py-pipeline             : 

    ***************************************   starting invert    *************************************** 
  
 [INFO   ] (2019-10-18 17:27:46) py-pipeline             : There was no minimum least squares algorithm specified in the DA System rc file (key : opt.algorithm)
 [INFO   ] (2019-10-18 17:27:46) py-pipeline             : ...using serial algorithm as default...
 [INFO   ] (2019-10-18 17:27:46) py-optimizer            : Current minimum least squares algorithm is set to Serial
 [DEBUG  ] (2019-10-18 17:27:46) py-base_optimizer       : Creating new diagnostics file for optimizer (/scratch/snx3000/parsenov/real/output/20190315/optimizer.20190315.nc)
 [DEBUG  ] (2019-10-18 17:27:46) py-base_optimizer       : Diagnostics file closed
 [INFO   ] (2019-10-18 17:27:46) py-optimizer            : Current localization option is set to None
 [DEBUG  ] (2019-10-18 17:27:46) py-base_optimizer       : BIAS observations - model = 6.242841
 [DEBUG  ] (2019-10-18 17:27:46) py-base_optimizer       : Proceeding to assimilate observation ALBS, 1417
 [DEBUG  ] (2019-10-18 17:27:46) py-base_optimizer       : Trying to localize observation ALBS, 1417
 [DEBUG  ] (2019-10-18 17:27:46) py-optimizer            : Not localized observation 1417
 [DEBUG  ] (2019-10-18 17:27:46) py-base_optimizer       : Proceeding to assimilate observation ALBS, 1418
 [DEBUG  ] (2019-10-18 17:27:46) py-base_optimizer       : Trying to localize observation ALBS, 1418
 [DEBUG  ] (2019-10-18 17:27:46) py-optimizer            : Not localized observation 1418
 [DEBUG  ] (2019-10-18 17:27:46) py-base_optimizer       : Proceeding to assimilate observation ALBS, 1419
 [DEBUG  ] (2019-10-18 17:27:46) py-base_optimizer       : Trying to localize observation ALBS, 1419
 [DEBUG  ] (2019-10-18 17:27:46) py-optimizer            : Not localized observation 1419
 [DEBUG  ] (2019-10-18 17:27:46) py-base_optimizer       : Proceeding to assimilate observation ALBS, 1420
 [DEBUG  ] (2019-10-18 17:27:46) py-base_optimizer       : Trying to localize observation ALBS, 1420
 [DEBUG  ] (2019-10-18 17:27:46) py-optimizer            : Not localized observation 1420
 [DEBUG  ] (2019-10-18 17:27:46) py-base_optimizer       : Proceeding to assimilate observation ALBS, 1421
 [DEBUG  ] (2019-10-18 17:27:46) py-base_optimizer       : Trying to localize observation ALBS, 1421
 [DEBUG  ] (2019-10-18 17:27:46) py-optimizer            : Not localized observation 1421
 [DEBUG  ] (2019-10-18 17:27:46) py-base_optimizer       : Proceeding to assimilate observation ALBS, 1422
 [DEBUG  ] (2019-10-18 17:27:46) py-base_optimizer       : Trying to localize observation ALBS, 1422
 [DEBUG  ] (2019-10-18 17:27:46) py-optimizer            : Not localized observation 1422
 [DEBUG  ] (2019-10-18 17:27:46) py-base_optimizer       : Proceeding to assimilate observation ALBS, 1423
 [DEBUG  ] (2019-10-18 17:27:46) py-base_optimizer       : Trying to localize observation ALBS, 1423
 [DEBUG  ] (2019-10-18 17:27:46) py-optimizer            : Not localized observation 1423
 [DEBUG  ] (2019-10-18 17:27:46) py-base_optimizer       : Proceeding to assimilate observation BNTG, 3928
 [DEBUG  ] (2019-10-18 17:27:46) py-base_optimizer       : Trying to localize observation BNTG, 3928
 [DEBUG  ] (2019-10-18 17:27:46) py-optimizer            : Not localized observation 3928
 [DEBUG  ] (2019-10-18 17:27:46) py-base_optimizer       : Proceeding to assimilate observation BNTG, 3929
 [DEBUG  ] (2019-10-18 17:27:46) py-base_optimizer       : Trying to localize observation BNTG, 3929
 [DEBUG  ] (2019-10-18 17:27:46) py-optimizer            : Not localized observation 3929
 [DEBUG  ] (2019-10-18 17:27:46) py-base_optimizer       : Proceeding to assimilate observation BNTG, 3930
 [DEBUG  ] (2019-10-18 17:27:46) py-base_optimizer       : Trying to localize observation BNTG, 3930
 [DEBUG  ] (2019-10-18 17:27:46) py-optimizer            : Not localized observation 3930
 [DEBUG  ] (2019-10-18 17:27:46) py-base_optimizer       : Proceeding to assimilate observation BNTG, 3931
 [DEBUG  ] (2019-10-18 17:27:46) py-base_optimizer       : Trying to localize observation BNTG, 3931
 [DEBUG  ] (2019-10-18 17:27:46) py-optimizer            : Not localized observation 3931
 [DEBUG  ] (2019-10-18 17:27:46) py-base_optimizer       : Proceeding to assimilate observation BNTG, 3932
 [DEBUG  ] (2019-10-18 17:27:46) py-base_optimizer       : Trying to localize observation BNTG, 3932
 [DEBUG  ] (2019-10-18 17:27:46) py-optimizer            : Not localized observation 3932
 [DEBUG  ] (2019-10-18 17:27:46) py-base_optimizer       : Proceeding to assimilate observation BNTG, 3933
 [DEBUG  ] (2019-10-18 17:27:46) py-base_optimizer       : Trying to localize observation BNTG, 3933
 [DEBUG  ] (2019-10-18 17:27:46) py-optimizer            : Not localized observation 3933
 [DEBUG  ] (2019-10-18 17:27:46) py-base_optimizer       : Proceeding to assimilate observation BNTG, 3934
 [DEBUG  ] (2019-10-18 17:27:46) py-base_optimizer       : Trying to localize observation BNTG, 3934
 [DEBUG  ] (2019-10-18 17:27:46) py-optimizer            : Not localized observation 3934
 [DEBUG  ] (2019-10-18 17:27:46) py-base_optimizer       : Proceeding to assimilate observation BRM, 4672
 [DEBUG  ] (2019-10-18 17:27:46) py-base_optimizer       : Not allowed to localize observation BRM, 4672
 [DEBUG  ] (2019-10-18 17:27:46) py-base_optimizer       : Skipping observation (BRM,4673) because of flag value 2
 [DEBUG  ] (2019-10-18 17:27:46) py-base_optimizer       : Skipping observation (BRM,4674) because of flag value 2
 [DEBUG  ] (2019-10-18 17:27:46) py-base_optimizer       : Skipping observation (BRM,4675) because of flag value 2
 [DEBUG  ] (2019-10-18 17:27:46) py-base_optimizer       : Skipping observation (BRM,4676) because of flag value 2
 [DEBUG  ] (2019-10-18 17:27:46) py-base_optimizer       : Skipping observation (BRM,4677) because of flag value 2
 [DEBUG  ] (2019-10-18 17:27:46) py-base_optimizer       : Proceeding to assimilate observation BRM, 4678
 [DEBUG  ] (2019-10-18 17:27:46) py-base_optimizer       : Not allowed to localize observation BRM, 4678
 [DEBUG  ] (2019-10-18 17:27:46) py-base_optimizer       : Proceeding to assimilate observation CHRI, 7276
 [DEBUG  ] (2019-10-18 17:27:46) py-base_optimizer       : Trying to localize observation CHRI, 7276
 [DEBUG  ] (2019-10-18 17:27:46) py-optimizer            : Not localized observation 7276
 [DEBUG  ] (2019-10-18 17:27:46) py-base_optimizer       : Proceeding to assimilate observation CHRI, 7277
 [DEBUG  ] (2019-10-18 17:27:46) py-base_optimizer       : Trying to localize observation CHRI, 7277
 [DEBUG  ] (2019-10-18 17:27:46) py-optimizer            : Not localized observation 7277
 [DEBUG  ] (2019-10-18 17:27:46) py-base_optimizer       : Proceeding to assimilate observation CHRI, 7278
 [DEBUG  ] (2019-10-18 17:27:46) py-base_optimizer       : Trying to localize observation CHRI, 7278
 [DEBUG  ] (2019-10-18 17:27:46) py-optimizer            : Not localized observation 7278
 [DEBUG  ] (2019-10-18 17:27:46) py-base_optimizer       : Skipping observation (CHRI,7279) because of flag value 2
 [DEBUG  ] (2019-10-18 17:27:46) py-base_optimizer       : Proceeding to assimilate observation CHRI, 7280
 [DEBUG  ] (2019-10-18 17:27:46) py-base_optimizer       : Trying to localize observation CHRI, 7280
 [DEBUG  ] (2019-10-18 17:27:46) py-optimizer            : Not localized observation 7280
 [DEBUG  ] (2019-10-18 17:27:46) py-base_optimizer       : Proceeding to assimilate observation CHRI, 7281
 [DEBUG  ] (2019-10-18 17:27:46) py-base_optimizer       : Trying to localize observation CHRI, 7281
 [DEBUG  ] (2019-10-18 17:27:46) py-optimizer            : Not localized observation 7281
 [DEBUG  ] (2019-10-18 17:27:46) py-base_optimizer       : Proceeding to assimilate observation CHRI, 7282
 [DEBUG  ] (2019-10-18 17:27:46) py-base_optimizer       : Trying to localize observation CHRI, 7282
 [DEBUG  ] (2019-10-18 17:27:46) py-optimizer            : Not localized observation 7282
 [DEBUG  ] (2019-10-18 17:27:46) py-base_optimizer       : Skipping observation (DUE1,12298) because of flag value 2
 [DEBUG  ] (2019-10-18 17:27:46) py-base_optimizer       : Skipping observation (DUE1,12299) because of flag value 2
 [DEBUG  ] (2019-10-18 17:27:46) py-base_optimizer       : Skipping observation (DUE1,12300) because of flag value 2
 [DEBUG  ] (2019-10-18 17:27:46) py-base_optimizer       : Skipping observation (DUE1,12301) because of flag value 2
 [DEBUG  ] (2019-10-18 17:27:46) py-base_optimizer       : Proceeding to assimilate observation DUE1, 12302
 [DEBUG  ] (2019-10-18 17:27:46) py-base_optimizer       : Not allowed to localize observation DUE1, 12302
 [DEBUG  ] (2019-10-18 17:27:46) py-base_optimizer       : Skipping observation (DUE1,12303) because of flag value 2
 [DEBUG  ] (2019-10-18 17:27:46) py-base_optimizer       : Proceeding to assimilate observation DUE1, 12304
 [DEBUG  ] (2019-10-18 17:27:46) py-base_optimizer       : Not allowed to localize observation DUE1, 12304
 [DEBUG  ] (2019-10-18 17:27:46) py-base_optimizer       : Proceeding to assimilate observation ESMO, 13786
 [DEBUG  ] (2019-10-18 17:27:46) py-base_optimizer       : Trying to localize observation ESMO, 13786
 [DEBUG  ] (2019-10-18 17:27:46) py-optimizer            : Not localized observation 13786
 [DEBUG  ] (2019-10-18 17:27:46) py-base_optimizer       : Proceeding to assimilate observation ESMO, 13787
 [DEBUG  ] (2019-10-18 17:27:46) py-base_optimizer       : Trying to localize observation ESMO, 13787
 [DEBUG  ] (2019-10-18 17:27:46) py-optimizer            : Not localized observation 13787
 [DEBUG  ] (2019-10-18 17:27:46) py-base_optimizer       : Proceeding to assimilate observation ESMO, 13788
 [DEBUG  ] (2019-10-18 17:27:46) py-base_optimizer       : Trying to localize observation ESMO, 13788
 [DEBUG  ] (2019-10-18 17:27:46) py-optimizer            : Not localized observation 13788
 [DEBUG  ] (2019-10-18 17:27:46) py-base_optimizer       : Skipping observation (ESMO,13789) because of flag value 2
 [DEBUG  ] (2019-10-18 17:27:46) py-base_optimizer       : Proceeding to assimilate observation ESMO, 13790
 [DEBUG  ] (2019-10-18 17:27:46) py-base_optimizer       : Trying to localize observation ESMO, 13790
 [DEBUG  ] (2019-10-18 17:27:46) py-optimizer            : Not localized observation 13790
 [DEBUG  ] (2019-10-18 17:27:46) py-base_optimizer       : Proceeding to assimilate observation ESMO, 13791
 [DEBUG  ] (2019-10-18 17:27:46) py-base_optimizer       : Trying to localize observation ESMO, 13791
 [DEBUG  ] (2019-10-18 17:27:46) py-optimizer            : Not localized observation 13791
 [DEBUG  ] (2019-10-18 17:27:46) py-base_optimizer       : Proceeding to assimilate observation ESMO, 13792
 [DEBUG  ] (2019-10-18 17:27:46) py-base_optimizer       : Trying to localize observation ESMO, 13792
 [DEBUG  ] (2019-10-18 17:27:46) py-optimizer            : Not localized observation 13792
 [DEBUG  ] (2019-10-18 17:27:46) py-base_optimizer       : Proceeding to assimilate observation FROB, 14995
 [DEBUG  ] (2019-10-18 17:27:46) py-base_optimizer       : Trying to localize observation FROB, 14995
 [DEBUG  ] (2019-10-18 17:27:46) py-optimizer            : Not localized observation 14995
 [DEBUG  ] (2019-10-18 17:27:46) py-base_optimizer       : Proceeding to assimilate observation FROB, 14996
 [DEBUG  ] (2019-10-18 17:27:46) py-base_optimizer       : Trying to localize observation FROB, 14996
 [DEBUG  ] (2019-10-18 17:27:46) py-optimizer            : Not localized observation 14996
 [DEBUG  ] (2019-10-18 17:27:46) py-base_optimizer       : Proceeding to assimilate observation FROB, 14997
 [DEBUG  ] (2019-10-18 17:27:46) py-base_optimizer       : Trying to localize observation FROB, 14997
 [DEBUG  ] (2019-10-18 17:27:46) py-optimizer            : Not localized observation 14997
 [DEBUG  ] (2019-10-18 17:27:46) py-base_optimizer       : Proceeding to assimilate observation FROB, 14998
 [DEBUG  ] (2019-10-18 17:27:46) py-base_optimizer       : Trying to localize observation FROB, 14998
 [DEBUG  ] (2019-10-18 17:27:46) py-optimizer            : Not localized observation 14998
 [DEBUG  ] (2019-10-18 17:27:46) py-base_optimizer       : Proceeding to assimilate observation FROB, 14999
 [DEBUG  ] (2019-10-18 17:27:46) py-base_optimizer       : Trying to localize observation FROB, 14999
 [DEBUG  ] (2019-10-18 17:27:46) py-optimizer            : Not localized observation 14999
 [DEBUG  ] (2019-10-18 17:27:46) py-base_optimizer       : Proceeding to assimilate observation FROB, 15000
 [DEBUG  ] (2019-10-18 17:27:46) py-base_optimizer       : Trying to localize observation FROB, 15000
 [DEBUG  ] (2019-10-18 17:27:46) py-optimizer            : Not localized observation 15000
 [DEBUG  ] (2019-10-18 17:27:46) py-base_optimizer       : Proceeding to assimilate observation FROB, 15001
 [DEBUG  ] (2019-10-18 17:27:46) py-base_optimizer       : Trying to localize observation FROB, 15001
 [DEBUG  ] (2019-10-18 17:27:46) py-optimizer            : Not localized observation 15001
 [DEBUG  ] (2019-10-18 17:27:46) py-base_optimizer       : Skipping observation (GIMM,15739) because of flag value 2
 [DEBUG  ] (2019-10-18 17:27:46) py-base_optimizer       : Skipping observation (GIMM,15740) because of flag value 2
 [DEBUG  ] (2019-10-18 17:27:46) py-base_optimizer       : Proceeding to assimilate observation GIMM, 15741
 [DEBUG  ] (2019-10-18 17:27:46) py-base_optimizer       : Not allowed to localize observation GIMM, 15741
 [DEBUG  ] (2019-10-18 17:27:46) py-base_optimizer       : Skipping observation (GIMM,15742) because of flag value 2
 [DEBUG  ] (2019-10-18 17:27:46) py-base_optimizer       : Proceeding to assimilate observation GIMM, 15743
 [DEBUG  ] (2019-10-18 17:27:46) py-base_optimizer       : Not allowed to localize observation GIMM, 15743
 [DEBUG  ] (2019-10-18 17:27:46) py-base_optimizer       : Skipping observation (GIMM,15744) because of flag value 2
 [DEBUG  ] (2019-10-18 17:27:46) py-base_optimizer       : Proceeding to assimilate observation GIMM, 15745
 [DEBUG  ] (2019-10-18 17:27:46) py-base_optimizer       : Not allowed to localize observation GIMM, 15745
 [DEBUG  ] (2019-10-18 17:27:46) py-base_optimizer       : Skipping observation (HAE,18157) because of flag value 2
 [DEBUG  ] (2019-10-18 17:27:46) py-base_optimizer       : Skipping observation (HAE,18158) because of flag value 2
 [DEBUG  ] (2019-10-18 17:27:46) py-base_optimizer       : Skipping observation (HAE,18159) because of flag value 2
 [DEBUG  ] (2019-10-18 17:27:46) py-base_optimizer       : Skipping observation (HAE,18160) because of flag value 2
 [DEBUG  ] (2019-10-18 17:27:46) py-base_optimizer       : Skipping observation (HAE,18161) because of flag value 2
 [DEBUG  ] (2019-10-18 17:27:46) py-base_optimizer       : Skipping observation (HAE,18162) because of flag value 2
 [DEBUG  ] (2019-10-18 17:27:46) py-base_optimizer       : Skipping observation (HAE,18163) because of flag value 2
 [DEBUG  ] (2019-10-18 17:27:46) py-base_optimizer       : Proceeding to assimilate observation LAEG, 21877
 [DEBUG  ] (2019-10-18 17:27:46) py-base_optimizer       : Not allowed to localize observation LAEG, 21877
 [DEBUG  ] (2019-10-18 17:27:46) py-base_optimizer       : Skipping observation (LAEG,21878) because of flag value 2
 [DEBUG  ] (2019-10-18 17:27:46) py-base_optimizer       : Proceeding to assimilate observation LAEG, 21879
 [DEBUG  ] (2019-10-18 17:27:46) py-base_optimizer       : Not allowed to localize observation LAEG, 21879
 [DEBUG  ] (2019-10-18 17:27:46) py-base_optimizer       : Skipping observation (LAEG,21880) because of flag value 2
 [DEBUG  ] (2019-10-18 17:27:46) py-base_optimizer       : Skipping observation (LAEG,21881) because of flag value 2
 [DEBUG  ] (2019-10-18 17:27:46) py-base_optimizer       : Skipping observation (LAEG,21882) because of flag value 2
 [DEBUG  ] (2019-10-18 17:27:46) py-base_optimizer       : Proceeding to assimilate observation LAEG, 21883
 [DEBUG  ] (2019-10-18 17:27:46) py-base_optimizer       : Not allowed to localize observation LAEG, 21883
 [DEBUG  ] (2019-10-18 17:27:46) py-base_optimizer       : Proceeding to assimilate observation MAGN, 23737
 [DEBUG  ] (2019-10-18 17:27:46) py-base_optimizer       : Trying to localize observation MAGN, 23737
 [DEBUG  ] (2019-10-18 17:27:46) py-optimizer            : Not localized observation 23737
 [DEBUG  ] (2019-10-18 17:27:46) py-base_optimizer       : Proceeding to assimilate observation MAGN, 23738
 [DEBUG  ] (2019-10-18 17:27:46) py-base_optimizer       : Trying to localize observation MAGN, 23738
 [DEBUG  ] (2019-10-18 17:27:46) py-optimizer            : Not localized observation 23738
 [DEBUG  ] (2019-10-18 17:27:46) py-base_optimizer       : Proceeding to assimilate observation MAGN, 23739
 [DEBUG  ] (2019-10-18 17:27:46) py-base_optimizer       : Trying to localize observation MAGN, 23739
 [DEBUG  ] (2019-10-18 17:27:46) py-optimizer            : Not localized observation 23739
 [DEBUG  ] (2019-10-18 17:27:46) py-base_optimizer       : Proceeding to assimilate observation MAGN, 23740
 [DEBUG  ] (2019-10-18 17:27:46) py-base_optimizer       : Trying to localize observation MAGN, 23740
 [DEBUG  ] (2019-10-18 17:27:46) py-optimizer            : Not localized observation 23740
 [DEBUG  ] (2019-10-18 17:27:46) py-base_optimizer       : Proceeding to assimilate observation MAGN, 23741
 [DEBUG  ] (2019-10-18 17:27:46) py-base_optimizer       : Trying to localize observation MAGN, 23741
 [DEBUG  ] (2019-10-18 17:27:46) py-optimizer            : Not localized observation 23741
 [DEBUG  ] (2019-10-18 17:27:46) py-base_optimizer       : Proceeding to assimilate observation MAGN, 23742
 [DEBUG  ] (2019-10-18 17:27:46) py-base_optimizer       : Trying to localize observation MAGN, 23742
 [DEBUG  ] (2019-10-18 17:27:46) py-optimizer            : Not localized observation 23742
 [DEBUG  ] (2019-10-18 17:27:46) py-base_optimizer       : Proceeding to assimilate observation MAGN, 23743
 [DEBUG  ] (2019-10-18 17:27:46) py-base_optimizer       : Trying to localize observation MAGN, 23743
 [DEBUG  ] (2019-10-18 17:27:46) py-optimizer            : Not localized observation 23743
 [DEBUG  ] (2019-10-18 17:27:46) py-base_optimizer       : Proceeding to assimilate observation PAYN, 28852
 [DEBUG  ] (2019-10-18 17:27:46) py-base_optimizer       : Not allowed to localize observation PAYN, 28852
 [DEBUG  ] (2019-10-18 17:27:46) py-base_optimizer       : Proceeding to assimilate observation PAYN, 28853
 [DEBUG  ] (2019-10-18 17:27:46) py-base_optimizer       : Not allowed to localize observation PAYN, 28853
 [DEBUG  ] (2019-10-18 17:27:46) py-base_optimizer       : Proceeding to assimilate observation PAYN, 28854
 [DEBUG  ] (2019-10-18 17:27:46) py-base_optimizer       : Not allowed to localize observation PAYN, 28854
 [DEBUG  ] (2019-10-18 17:27:46) py-base_optimizer       : Skipping observation (PAYN,28855) because of flag value 2
 [DEBUG  ] (2019-10-18 17:27:46) py-base_optimizer       : Skipping observation (PAYN,28856) because of flag value 2
 [DEBUG  ] (2019-10-18 17:27:46) py-base_optimizer       : Skipping observation (PAYN,28857) because of flag value 2
 [DEBUG  ] (2019-10-18 17:27:46) py-base_optimizer       : Proceeding to assimilate observation PAYN, 28858
 [DEBUG  ] (2019-10-18 17:27:46) py-base_optimizer       : Not allowed to localize observation PAYN, 28858
 [DEBUG  ] (2019-10-18 17:27:46) py-base_optimizer       : Skipping observation (RECK,30433) because of flag value 2
 [DEBUG  ] (2019-10-18 17:27:46) py-base_optimizer       : Skipping observation (RECK,30434) because of flag value 2
 [DEBUG  ] (2019-10-18 17:27:46) py-base_optimizer       : Skipping observation (RECK,30435) because of flag value 2
 [DEBUG  ] (2019-10-18 17:27:46) py-base_optimizer       : Skipping observation (RECK,30436) because of flag value 2
 [DEBUG  ] (2019-10-18 17:27:46) py-base_optimizer       : Proceeding to assimilate observation RECK, 30437
 [DEBUG  ] (2019-10-18 17:27:46) py-base_optimizer       : Trying to localize observation RECK, 30437
 [DEBUG  ] (2019-10-18 17:27:46) py-optimizer            : Not localized observation 30437
 [DEBUG  ] (2019-10-18 17:27:46) py-base_optimizer       : Proceeding to assimilate observation RECK, 30438
 [DEBUG  ] (2019-10-18 17:27:46) py-base_optimizer       : Trying to localize observation RECK, 30438
 [DEBUG  ] (2019-10-18 17:27:46) py-optimizer            : Not localized observation 30438
 [DEBUG  ] (2019-10-18 17:27:46) py-base_optimizer       : Proceeding to assimilate observation RECK, 30439
 [DEBUG  ] (2019-10-18 17:27:46) py-base_optimizer       : Trying to localize observation RECK, 30439
 [DEBUG  ] (2019-10-18 17:27:46) py-optimizer            : Not localized observation 30439
 [DEBUG  ] (2019-10-18 17:27:46) py-base_optimizer       : Proceeding to assimilate observation RIG, 30991
 [DEBUG  ] (2019-10-18 17:27:46) py-base_optimizer       : Not allowed to localize observation RIG, 30991
 [DEBUG  ] (2019-10-18 17:27:46) py-base_optimizer       : Proceeding to assimilate observation RIG, 30992
 [DEBUG  ] (2019-10-18 17:27:46) py-base_optimizer       : Not allowed to localize observation RIG, 30992
 [DEBUG  ] (2019-10-18 17:27:46) py-base_optimizer       : Skipping observation (RIG,30993) because of flag value 2
 [DEBUG  ] (2019-10-18 17:27:46) py-base_optimizer       : Skipping observation (RIG,30994) because of flag value 2
 [DEBUG  ] (2019-10-18 17:27:46) py-base_optimizer       : Proceeding to assimilate observation RIG, 30995
 [DEBUG  ] (2019-10-18 17:27:46) py-base_optimizer       : Not allowed to localize observation RIG, 30995
 [DEBUG  ] (2019-10-18 17:27:46) py-base_optimizer       : Skipping observation (RIG,30996) because of flag value 2
 [DEBUG  ] (2019-10-18 17:27:46) py-base_optimizer       : Proceeding to assimilate observation RIG, 30997
 [DEBUG  ] (2019-10-18 17:27:46) py-base_optimizer       : Not allowed to localize observation RIG, 30997
 [DEBUG  ] (2019-10-18 17:27:46) py-base_optimizer       : Proceeding to assimilate observation SAVE, 32107
 [DEBUG  ] (2019-10-18 17:27:46) py-base_optimizer       : Trying to localize observation SAVE, 32107
 [DEBUG  ] (2019-10-18 17:27:46) py-optimizer            : Not localized observation 32107
 [DEBUG  ] (2019-10-18 17:27:46) py-base_optimizer       : Proceeding to assimilate observation SAVE, 32108
 [DEBUG  ] (2019-10-18 17:27:46) py-base_optimizer       : Trying to localize observation SAVE, 32108
 [DEBUG  ] (2019-10-18 17:27:46) py-optimizer            : Not localized observation 32108
 [DEBUG  ] (2019-10-18 17:27:46) py-base_optimizer       : Proceeding to assimilate observation SAVE, 32109
 [DEBUG  ] (2019-10-18 17:27:46) py-base_optimizer       : Trying to localize observation SAVE, 32109
 [DEBUG  ] (2019-10-18 17:27:46) py-optimizer            : Not localized observation 32109
 [DEBUG  ] (2019-10-18 17:27:46) py-base_optimizer       : Proceeding to assimilate observation SAVE, 32110
 [DEBUG  ] (2019-10-18 17:27:46) py-base_optimizer       : Trying to localize observation SAVE, 32110
 [DEBUG  ] (2019-10-18 17:27:46) py-optimizer            : Not localized observation 32110
 [DEBUG  ] (2019-10-18 17:27:46) py-base_optimizer       : Proceeding to assimilate observation SAVE, 32111
 [DEBUG  ] (2019-10-18 17:27:46) py-base_optimizer       : Trying to localize observation SAVE, 32111
 [DEBUG  ] (2019-10-18 17:27:46) py-optimizer            : Not localized observation 32111
 [DEBUG  ] (2019-10-18 17:27:46) py-base_optimizer       : Proceeding to assimilate observation SAVE, 32112
 [DEBUG  ] (2019-10-18 17:27:46) py-base_optimizer       : Trying to localize observation SAVE, 32112
 [DEBUG  ] (2019-10-18 17:27:46) py-optimizer            : Not localized observation 32112
 [DEBUG  ] (2019-10-18 17:27:46) py-base_optimizer       : Proceeding to assimilate observation SAVE, 32113
 [DEBUG  ] (2019-10-18 17:27:46) py-base_optimizer       : Trying to localize observation SAVE, 32113
 [DEBUG  ] (2019-10-18 17:27:46) py-optimizer            : Not localized observation 32113
 [DEBUG  ] (2019-10-18 17:27:46) py-base_optimizer       : Proceeding to assimilate observation SEMP, 32665
 [DEBUG  ] (2019-10-18 17:27:46) py-base_optimizer       : Trying to localize observation SEMP, 32665
 [DEBUG  ] (2019-10-18 17:27:46) py-optimizer            : Not localized observation 32665
 [DEBUG  ] (2019-10-18 17:27:46) py-base_optimizer       : Proceeding to assimilate observation SEMP, 32666
 [DEBUG  ] (2019-10-18 17:27:46) py-base_optimizer       : Trying to localize observation SEMP, 32666
 [DEBUG  ] (2019-10-18 17:27:46) py-optimizer            : Not localized observation 32666
 [DEBUG  ] (2019-10-18 17:27:46) py-base_optimizer       : Proceeding to assimilate observation SEMP, 32667
 [DEBUG  ] (2019-10-18 17:27:46) py-base_optimizer       : Trying to localize observation SEMP, 32667
 [DEBUG  ] (2019-10-18 17:27:46) py-optimizer            : Not localized observation 32667
 [DEBUG  ] (2019-10-18 17:27:46) py-base_optimizer       : Proceeding to assimilate observation SEMP, 32668
 [DEBUG  ] (2019-10-18 17:27:46) py-base_optimizer       : Trying to localize observation SEMP, 32668
 [DEBUG  ] (2019-10-18 17:27:46) py-optimizer            : Not localized observation 32668
 [DEBUG  ] (2019-10-18 17:27:46) py-base_optimizer       : Proceeding to assimilate observation SEMP, 32669
 [DEBUG  ] (2019-10-18 17:27:46) py-base_optimizer       : Trying to localize observation SEMP, 32669
 [DEBUG  ] (2019-10-18 17:27:46) py-optimizer            : Not localized observation 32669
 [DEBUG  ] (2019-10-18 17:27:46) py-base_optimizer       : Skipping observation (SEMP,32670) because of flag value 2
 [DEBUG  ] (2019-10-18 17:27:46) py-base_optimizer       : Proceeding to assimilate observation SEMP, 32671
 [DEBUG  ] (2019-10-18 17:27:46) py-base_optimizer       : Trying to localize observation SEMP, 32671
 [DEBUG  ] (2019-10-18 17:27:46) py-optimizer            : Not localized observation 32671
 [DEBUG  ] (2019-10-18 17:27:46) py-base_optimizer       : Skipping observation (SOTT,34525) because of flag value 2
 [DEBUG  ] (2019-10-18 17:27:46) py-base_optimizer       : Skipping observation (SOTT,34526) because of flag value 2
 [DEBUG  ] (2019-10-18 17:27:46) py-base_optimizer       : Skipping observation (SOTT,34527) because of flag value 2
 [DEBUG  ] (2019-10-18 17:27:46) py-base_optimizer       : Skipping observation (SOTT,34528) because of flag value 2
 [DEBUG  ] (2019-10-18 17:27:46) py-base_optimizer       : Skipping observation (SOTT,34529) because of flag value 2
 [DEBUG  ] (2019-10-18 17:27:46) py-base_optimizer       : Skipping observation (SOTT,34530) because of flag value 2
 [DEBUG  ] (2019-10-18 17:27:46) py-base_optimizer       : Skipping observation (SOTT,34531) because of flag value 2
 [DEBUG  ] (2019-10-18 17:27:46) py-base_optimizer       : Skipping observation (SSAL,34711) because of flag value 2
 [DEBUG  ] (2019-10-18 17:27:46) py-base_optimizer       : Skipping observation (SSAL,34712) because of flag value 2
 [DEBUG  ] (2019-10-18 17:27:46) py-base_optimizer       : Skipping observation (SSAL,34713) because of flag value 2
 [DEBUG  ] (2019-10-18 17:27:46) py-base_optimizer       : Skipping observation (SSAL,34714) because of flag value 2
 [DEBUG  ] (2019-10-18 17:27:46) py-base_optimizer       : Skipping observation (SSAL,34715) because of flag value 2
 [DEBUG  ] (2019-10-18 17:27:46) py-base_optimizer       : Skipping observation (SSAL,34716) because of flag value 2
 [DEBUG  ] (2019-10-18 17:27:46) py-base_optimizer       : Skipping observation (SSAL,34717) because of flag value 2
 [DEBUG  ] (2019-10-18 17:27:46) py-base_optimizer       : Proceeding to assimilate observation TAEN, 35362
 [DEBUG  ] (2019-10-18 17:27:46) py-base_optimizer       : Trying to localize observation TAEN, 35362
 [DEBUG  ] (2019-10-18 17:27:46) py-optimizer            : Not localized observation 35362
 [DEBUG  ] (2019-10-18 17:27:46) py-base_optimizer       : Proceeding to assimilate observation TAEN, 35363
 [DEBUG  ] (2019-10-18 17:27:46) py-base_optimizer       : Trying to localize observation TAEN, 35363
 [DEBUG  ] (2019-10-18 17:27:46) py-optimizer            : Not localized observation 35363
 [DEBUG  ] (2019-10-18 17:27:46) py-base_optimizer       : Proceeding to assimilate observation TAEN, 35364
 [DEBUG  ] (2019-10-18 17:27:46) py-base_optimizer       : Trying to localize observation TAEN, 35364
 [DEBUG  ] (2019-10-18 17:27:46) py-optimizer            : Not localized observation 35364
 [DEBUG  ] (2019-10-18 17:27:46) py-base_optimizer       : Proceeding to assimilate observation TAEN, 35365
 [DEBUG  ] (2019-10-18 17:27:46) py-base_optimizer       : Trying to localize observation TAEN, 35365
 [DEBUG  ] (2019-10-18 17:27:46) py-optimizer            : Not localized observation 35365
 [DEBUG  ] (2019-10-18 17:27:46) py-base_optimizer       : Proceeding to assimilate observation TAEN, 35366
 [DEBUG  ] (2019-10-18 17:27:46) py-base_optimizer       : Trying to localize observation TAEN, 35366
 [DEBUG  ] (2019-10-18 17:27:46) py-optimizer            : Not localized observation 35366
 [DEBUG  ] (2019-10-18 17:27:46) py-base_optimizer       : Proceeding to assimilate observation TAEN, 35367
 [DEBUG  ] (2019-10-18 17:27:46) py-base_optimizer       : Trying to localize observation TAEN, 35367
 [DEBUG  ] (2019-10-18 17:27:46) py-optimizer            : Not localized observation 35367
 [DEBUG  ] (2019-10-18 17:27:46) py-base_optimizer       : Proceeding to assimilate observation TAEN, 35368
 [DEBUG  ] (2019-10-18 17:27:46) py-base_optimizer       : Trying to localize observation TAEN, 35368
 [DEBUG  ] (2019-10-18 17:27:46) py-optimizer            : Not localized observation 35368
 [DEBUG  ] (2019-10-18 17:27:46) py-base_optimizer       : Skipping observation (ZHBR,40198) because of flag value 2
 [DEBUG  ] (2019-10-18 17:27:46) py-base_optimizer       : Proceeding to assimilate observation ZHBR, 40199
 [DEBUG  ] (2019-10-18 17:27:46) py-base_optimizer       : Trying to localize observation ZHBR, 40199
 [DEBUG  ] (2019-10-18 17:27:46) py-optimizer            : Not localized observation 40199
 [DEBUG  ] (2019-10-18 17:27:46) py-base_optimizer       : Skipping observation (ZHBR,40200) because of flag value 2
 [DEBUG  ] (2019-10-18 17:27:46) py-base_optimizer       : Skipping observation (ZHBR,40201) because of flag value 2
 [DEBUG  ] (2019-10-18 17:27:46) py-base_optimizer       : Proceeding to assimilate observation ZHBR, 40202
 [DEBUG  ] (2019-10-18 17:27:46) py-base_optimizer       : Trying to localize observation ZHBR, 40202
 [DEBUG  ] (2019-10-18 17:27:46) py-optimizer            : Not localized observation 40202
 [DEBUG  ] (2019-10-18 17:27:46) py-base_optimizer       : Proceeding to assimilate observation ZHBR, 40203
 [DEBUG  ] (2019-10-18 17:27:46) py-base_optimizer       : Trying to localize observation ZHBR, 40203
 [DEBUG  ] (2019-10-18 17:27:46) py-optimizer            : Not localized observation 40203
 [DEBUG  ] (2019-10-18 17:27:46) py-base_optimizer       : Proceeding to assimilate observation ZHBR, 40204
 [DEBUG  ] (2019-10-18 17:27:46) py-base_optimizer       : Trying to localize observation ZHBR, 40204
 [DEBUG  ] (2019-10-18 17:27:46) py-optimizer            : Not localized observation 40204
 [DEBUG  ] (2019-10-18 17:27:46) py-base_optimizer       : Proceeding to assimilate observation ZSCH, 44104
 [DEBUG  ] (2019-10-18 17:27:46) py-base_optimizer       : Trying to localize observation ZSCH, 44104
 [DEBUG  ] (2019-10-18 17:27:46) py-optimizer            : Not localized observation 44104
 [DEBUG  ] (2019-10-18 17:27:46) py-base_optimizer       : Skipping observation (ZSCH,44105) because of flag value 2
 [DEBUG  ] (2019-10-18 17:27:46) py-base_optimizer       : Skipping observation (ZSCH,44106) because of flag value 2
 [DEBUG  ] (2019-10-18 17:27:46) py-base_optimizer       : Skipping observation (ZSCH,44107) because of flag value 2
 [DEBUG  ] (2019-10-18 17:27:46) py-base_optimizer       : Proceeding to assimilate observation ZSCH, 44108
 [DEBUG  ] (2019-10-18 17:27:46) py-base_optimizer       : Trying to localize observation ZSCH, 44108
 [DEBUG  ] (2019-10-18 17:27:46) py-optimizer            : Not localized observation 44108
 [DEBUG  ] (2019-10-18 17:27:46) py-base_optimizer       : Proceeding to assimilate observation ZSCH, 44109
 [DEBUG  ] (2019-10-18 17:27:46) py-base_optimizer       : Trying to localize observation ZSCH, 44109
 [DEBUG  ] (2019-10-18 17:27:46) py-optimizer            : Not localized observation 44109
 [DEBUG  ] (2019-10-18 17:27:46) py-base_optimizer       : Proceeding to assimilate observation ZSCH, 44110
 [DEBUG  ] (2019-10-18 17:27:46) py-base_optimizer       : Trying to localize observation ZSCH, 44110
 [DEBUG  ] (2019-10-18 17:27:46) py-optimizer            : Not localized observation 44110
 [DEBUG  ] (2019-10-18 17:27:46) py-base_optimizer       : Skipping observation (ZUE,44755) because of flag value 2
 [DEBUG  ] (2019-10-18 17:27:46) py-base_optimizer       : Proceeding to assimilate observation ZUE, 44756
 [DEBUG  ] (2019-10-18 17:27:46) py-base_optimizer       : Trying to localize observation ZUE, 44756
 [DEBUG  ] (2019-10-18 17:27:46) py-optimizer            : Not localized observation 44756
 [DEBUG  ] (2019-10-18 17:27:46) py-base_optimizer       : Proceeding to assimilate observation ZUE, 44757
 [DEBUG  ] (2019-10-18 17:27:46) py-base_optimizer       : Trying to localize observation ZUE, 44757
 [DEBUG  ] (2019-10-18 17:27:46) py-optimizer            : Not localized observation 44757
 [DEBUG  ] (2019-10-18 17:27:46) py-base_optimizer       : Skipping observation (ZUE,44758) because of flag value 2
 [DEBUG  ] (2019-10-18 17:27:46) py-base_optimizer       : Proceeding to assimilate observation ZUE, 44759
 [DEBUG  ] (2019-10-18 17:27:46) py-base_optimizer       : Trying to localize observation ZUE, 44759
 [DEBUG  ] (2019-10-18 17:27:46) py-optimizer            : Not localized observation 44759
 [DEBUG  ] (2019-10-18 17:27:46) py-base_optimizer       : Proceeding to assimilate observation ZUE, 44760
 [DEBUG  ] (2019-10-18 17:27:46) py-base_optimizer       : Trying to localize observation ZUE, 44760
 [DEBUG  ] (2019-10-18 17:27:46) py-optimizer            : Not localized observation 44760
 [DEBUG  ] (2019-10-18 17:27:46) py-base_optimizer       : Proceeding to assimilate observation ZUE, 44761
 [DEBUG  ] (2019-10-18 17:27:46) py-base_optimizer       : Trying to localize observation ZUE, 44761
 [DEBUG  ] (2019-10-18 17:27:46) py-optimizer            : Not localized observation 44761
 [DEBUG  ] (2019-10-18 17:27:46) py-base_optimizer       : Returning optimized data to the StateVector, setting "StateVector.isOptimized = True" 
 [DEBUG  ] (2019-10-18 17:27:46) py-base_optimizer       : Opening existing diagnostics file for optimizer (/scratch/snx3000/parsenov/real/output/20190315/optimizer.20190315.nc)
 [DEBUG  ] (2019-10-18 17:27:46) py-base_optimizer       : Diagnostics file closed
 [INFO   ] (2019-10-18 17:27:46) py-pipeline             : 

    ***************************************   starting advance    *************************************** 
  
 [INFO   ] (2019-10-18 17:27:46) py-pipeline             : Sampling model will be run over 1 cycle
 [INFO   ] (2019-10-18 17:27:46) py-pipeline             : New simulation interval set : 
 [INFO   ] (2019-10-18 17:27:46) py-pipeline             :                   start date : 2019-03-15 00:00 
 [INFO   ] (2019-10-18 17:27:46) py-pipeline             :                   end   date : 2019-03-21 23:00 
 [INFO   ] (2019-10-18 17:27:46) py-pipeline             :                   file  stamp: 2019031500_2019032123 
 [DEBUG  ] (2019-10-18 17:27:48) py-observations_cosmo   : ObsPack dataset info read, proceeding with 22 netcdf files
 [DEBUG  ] (2019-10-18 17:27:48) py-observations_cosmo   : Added 7 observations from file (ALBS) to the Data list
 [DEBUG  ] (2019-10-18 17:27:48) py-observations_cosmo   : Added 7 observations from file (BNTG) to the Data list
 [DEBUG  ] (2019-10-18 17:27:48) py-observations_cosmo   : Added 7 observations from file (BRM) to the Data list
 [DEBUG  ] (2019-10-18 17:27:48) py-observations_cosmo   : Added 7 observations from file (CHRI) to the Data list
 [DEBUG  ] (2019-10-18 17:27:48) py-observations_cosmo   : Added 7 observations from file (DUE1) to the Data list
 [DEBUG  ] (2019-10-18 17:27:48) py-observations_cosmo   : Added 7 observations from file (ESMO) to the Data list
 [DEBUG  ] (2019-10-18 17:27:48) py-observations_cosmo   : Added 7 observations from file (FROB) to the Data list
 [DEBUG  ] (2019-10-18 17:27:48) py-observations_cosmo   : Added 7 observations from file (GIMM) to the Data list
 [DEBUG  ] (2019-10-18 17:27:48) py-observations_cosmo   : Added 7 observations from file (HAE) to the Data list
 [DEBUG  ] (2019-10-18 17:27:48) py-observations_cosmo   : Added 7 observations from file (LAEG) to the Data list
 [DEBUG  ] (2019-10-18 17:27:48) py-observations_cosmo   : Added 7 observations from file (MAGN) to the Data list
 [DEBUG  ] (2019-10-18 17:27:48) py-observations_cosmo   : Added 7 observations from file (PAYN) to the Data list
 [DEBUG  ] (2019-10-18 17:27:48) py-observations_cosmo   : Added 7 observations from file (RECK) to the Data list
 [DEBUG  ] (2019-10-18 17:27:48) py-observations_cosmo   : Added 7 observations from file (RIG) to the Data list
 [DEBUG  ] (2019-10-18 17:27:48) py-observations_cosmo   : Added 7 observations from file (SAVE) to the Data list
 [DEBUG  ] (2019-10-18 17:27:49) py-observations_cosmo   : Added 7 observations from file (SEMP) to the Data list
 [DEBUG  ] (2019-10-18 17:27:49) py-observations_cosmo   : Added 7 observations from file (SOTT) to the Data list
 [DEBUG  ] (2019-10-18 17:27:49) py-observations_cosmo   : Added 7 observations from file (SSAL) to the Data list
 [DEBUG  ] (2019-10-18 17:27:49) py-observations_cosmo   : Added 7 observations from file (TAEN) to the Data list
 [DEBUG  ] (2019-10-18 17:27:49) py-observations_cosmo   : Added 7 observations from file (ZHBR) to the Data list
 [DEBUG  ] (2019-10-18 17:27:49) py-observations_cosmo   : Added 7 observations from file (ZSCH) to the Data list
 [DEBUG  ] (2019-10-18 17:27:49) py-observations_cosmo   : Added 7 observations from file (ZUE) to the Data list
 [INFO   ] (2019-10-18 17:27:49) py-observations_cosmo   : Observations list now holds 154 values
 [DEBUG  ] (2019-10-18 17:27:49) py-rc                   : reading rcfile /store/empa/em05/parsenov/ch_obs/sites_weights_ctdas.rc ...
 [DEBUG  ] (2019-10-18 17:27:49) py-observations_cosmo   : Model-data mismatch rejection threshold: 3 
 [WARNING] (2019-10-18 17:27:49) py-observations_cosmo   : Model-data mismatch scaling factor     : 1.000000 
 [DEBUG  ] (2019-10-18 17:27:49) py-observations_cosmo   : Model-data mismatch site categories    : 8 
 [DEBUG  ] (2019-10-18 17:27:49) py-observations_cosmo   : Model-data mismatch active sites       : 22 
 [DEBUG  ] (2019-10-18 17:27:49) py-observations_cosmo   : Model-data mismatch moved sites        : 0 
 [DEBUG  ] (2019-10-18 17:27:49) py-observations_cosmo   : Creating new observations file for ObservationOperator (/scratch/snx3000/parsenov/real/input/sample_coordinates_2019031500_2019032123.nc)
 [DEBUG  ] (2019-10-18 17:27:49) py-observations_cosmo   : Successfully wrote data to obs file
 [INFO   ] (2019-10-18 17:27:49) py-observations_cosmo   : Sample input file for obs operator now in place [/scratch/snx3000/parsenov/real/input/sample_coordinates_2019031500_2019032123.nc]
 [DEBUG  ] (2019-10-18 17:27:49) py-observationoperator_cosmo : Creating new simulated observation file in ObservationOperator (/scratch/snx3000/parsenov/real/output/20190315/samples_simulated.2019031500_2019032123.nc)
 [INFO   ] (2019-10-18 17:27:49) py-observationoperator_cosmo : Starting COSMO
Starting chain for case real, using COSMO
Starting run with starttime 2019-03-15 00:00:00
Process "meteo" for chain "2019030100_336_504"
Process "icbc" for chain "2019030100_336_504"
Process "int2lm" for chain "2019030100_336_504"
Submitted batch job 17548320
Process "post_int2lm" for chain "2019030100_336_504"
Process "oae" for chain "2019030100_336_504"
Process "octe" for chain "2019030100_336_504"
Lambda-values for bg:
 [0.99027884, 0.9901759, 0.9909106, 0.99133915, 0.9905112, 0.99056685, 0.99011946, 0.9901649, 0.9901702, 0.98931, 0.99027145, 0.990589, 0.9911, 0.98984313, 0.98916537, 0.99021935, 0.9907865, 0.99114984, 0.9891115, 0.99059707, 0.98976713]
Process "online_vprm" for chain "2019030100_336_504"
Process "cosmo" for chain "2019030100_336_504"
Submitted batch job 17549302
>>> finished chain for good or bad! <<<
 [INFO   ] (2019-10-19 14:23:09) py-observationoperator_cosmo : COSMO done!
 [INFO   ] (2019-10-19 14:23:32) py-observationoperator_cosmo : Starting parallel extraction \m/
chi2 1.692184452108526
chi2 0.01703824728384907
chi2 0.7936006355013289
chi2 0.2539399409476685
chi2 2.1727522556301033
chi2 2.5839167359144777
chi2 0.5249950409842404
chi2 0.3397375024557467
chi2 0.7584965455054081
chi2 1.9318826986594728
chi2 0.0044250538548981835
chi2 0.7970488111599126
chi2 2.9744261760960478
chi2 0.10052311395931472
chi2 13.933475647138202
chi2 2.5014266171525694
chi2 6.78028688047941
chi2 0.00039850477973599527
chi2 2.6660200983615856
chi2 1.641108419533668
chi2 1.6093670659843982
chi2 0.10511897749375679
chi2 0.00902048635861785
chi2 1.5068986759379217
chi2 1.0298193056278868
chi2 13.395864966273887
chi2 10.862945257448557
chi2 0.4172175032988323
chi2 0.8638445489227919
chi2 0.006237749106939484
chi2 0.990954358947988
chi2 8.373716417147346
chi2 0.0012599389220946092
chi2 6.676327153212101
chi2 0.05492716967815131
chi2 0.8900104334033057
chi2 0.044360614819557845
chi2 14.04123858720681
chi2 0.06674682622812242
chi2 0.25931842735870414
chi2 2.250101206792523
chi2 15.945966037864384
chi2 0.4431860480760222
chi2 1.4055861434607049
chi2 2.252503272666868
chi2 1.3683814770198248
chi2 4.536392975976224e-08
chi2 0.650542305393325
chi2 1.2779605710008162
chi2 1.631513429302067
chi2 5.000771136476172
chi2 21.69597643973107
chi2 9.715029849717146
chi2 4.283084552858978
chi2 0.6689381868277668
chi2 2.203284438633317
chi2 0.0899814943524911
chi2 12.899901052846001
chi2 0.08518778899483653
chi2 0.6687433543628357
chi2 0.04026660265753354
chi2 4.009420027683579
chi2 2.556258132304296
chi2 0.9658569364333538
chi2 1.356309917862863
chi2 0.24481040740282328
chi2 0.005313154262931304
chi2 1.0956641840367398
chi2 0.12798410682446149
chi2 0.027076549114034624
chi2 3.0907859099248505
chi2 0.1330146619060199
chi2 1.446695130900372
chi2 0.5123369570823687
chi2 4.2582841157827795
chi2 0.6870593360061621
chi2 1.1525974672523516
chi2 3.436775564481013
chi2 0.5021041159991093
chi2 2.372729864407895
chi2 0.42345652793252775
chi2 13.286309058880681
chi2 0.013938236418536323
chi2 4.84884387802058
chi2 0.08096719184687248
chi2 1.1792634406927822
chi2 5.363095142849965
chi2 1.663133052030207
chi2 6.59537947364226
chi2 11.15583826481065
chi2 1.9953151661682156
chi2 0.036200009169932386
chi2 1.4753902801835614
chi2 0.213167976516203
 [INFO   ] (2019-10-19 14:36:31) py-observationoperator_cosmo : Finished parallel extraction \m/
 [INFO   ] (2019-10-19 14:36:47) py-observationoperator_cosmo : ObservationOperator finished successfully, output file written (/scratch/snx3000/parsenov/real/output/20190315/samples_simulated.2019031500_2019032123.nc)
 [INFO   ] (2019-10-19 14:36:47) py-observations_cosmo   : Successfully read data from model sample file (/scratch/snx3000/parsenov/real/output/20190315/samples_simulated.2019031500_2019032123.nc)
 [DEBUG  ] (2019-10-19 14:36:47) py-observations_cosmo   : Added 154 simulated values to the Data list
 [DEBUG  ] (2019-10-19 14:36:47) py-pipeline             : Appended ObsOperator restart and output file lists to dacycle for collection 
 [DEBUG  ] (2019-10-19 14:36:47) py-pipeline             : Appended Observation filename to dacycle for collection: /scratch/snx3000/parsenov/real/input/sample_coordinates_2019031500_2019032123.nc
 [DEBUG  ] (2019-10-19 14:36:47) py-observations_cosmo   : Creating new auxiliary sample output file for postprocessing (/scratch/snx3000/parsenov/real/output/20190315/sample_auxiliary_2019031500_2019032123.nc)
 [DEBUG  ] (2019-10-19 14:36:47) py-observations_cosmo   : Successfully wrote data to auxiliary sample output file (/scratch/snx3000/parsenov/real/output/20190315/sample_auxiliary_2019031500_2019032123.nc)
 [INFO   ] (2019-10-19 14:36:47) py-pipeline             : 

    ***************************************   starting save_and_submit    *************************************** 
  
 [DEBUG  ] (2019-10-19 14:36:47) py-statevector_mean     : Opening existing StateVector output file (/scratch/snx3000/parsenov/real/restart/savestate_20190315.nc)
 [INFO   ] (2019-10-19 14:36:47) py-statevector_mean     : Successfully wrote the State Vector to file (/scratch/snx3000/parsenov/real/restart/savestate_20190315.nc) 
 [INFO   ] (2019-10-19 14:36:47) py-initexit             : Saved the random seed generator values to file
 [DEBUG  ] (2019-10-19 14:36:47) py-initexit             : Wrote new da_runtime.rc (/scratch/snx3000/parsenov/real/restart/da_runtime_20190322.rc) to restart dir
 [INFO   ] (2019-10-19 14:36:47) py-initexit             : Collecting the required restart data
 [DEBUG  ] (2019-10-19 14:36:47) py-initexit             :            to   directory: /scratch/snx3000/parsenov/real/restart 
 [DEBUG  ] (2019-10-19 14:36:47) py-general              : Using existing directory /scratch/snx3000/parsenov/real/output/20190315
 [INFO   ] (2019-10-19 14:36:47) py-initexit             : Collecting the required output data
 [DEBUG  ] (2019-10-19 14:36:47) py-initexit             :            to   directory: /scratch/snx3000/parsenov/real/output/20190315 
 [DEBUG  ] (2019-10-19 14:36:47) py-initexit             :            [copy] .... /scratch/snx3000/parsenov/real/input/sample_coordinates_2019031500_2019032123.nc 
 [DEBUG  ] (2019-10-19 14:36:47) py-initexit             :            [copy] .... /scratch/snx3000/parsenov/real/restart/savestate_20190315.nc 
 [INFO   ] (2019-10-19 14:36:47) py-initexit             : Final date reached, no new cycle started
 [INFO   ] (2019-10-19 14:36:47) py-pipeline             : Cycle finished...exiting pipeline
 [INFO   ] (2019-10-19 14:36:47) py-cosmo                : 

    ***************************************   All done. God bless    *************************************** 
  
